<?xml version="1.0" encoding="UTF-8"?>
<testsuite name="groovy.plugins.JacocoPluginTest" time="18.016" tests="1" errors="1" skipped="0" failures="0">
  <properties>
    <property name="java.runtime.name" value="Java(TM) SE Runtime Environment"/>
    <property name="sun.boot.library.path" value="/Library/Java/JavaVirtualMachines/jdk1.8.0_60.jdk/Contents/Home/jre/lib"/>
    <property name="java.vm.version" value="25.60-b23"/>
    <property name="gopherProxySet" value="false"/>
    <property name="java.vm.vendor" value="Oracle Corporation"/>
    <property name="maven.multiModuleProjectDirectory" value="/Users/abduljewel/Documents/c/spiderqa/sample-test-projects/acceptance-test-harness"/>
    <property name="java.vendor.url" value="http://java.oracle.com/"/>
    <property name="path.separator" value=":"/>
    <property name="guice.disable.misplaced.annotation.check" value="true"/>
    <property name="java.vm.name" value="Java HotSpot(TM) 64-Bit Server VM"/>
    <property name="file.encoding.pkg" value="sun.io"/>
    <property name="user.country" value="US"/>
    <property name="sun.java.launcher" value="SUN_STANDARD"/>
    <property name="sun.os.patch.level" value="unknown"/>
    <property name="java.vm.specification.name" value="Java Virtual Machine Specification"/>
    <property name="user.dir" value="/Users/abduljewel/Documents/c/spiderqa/sample-test-projects/acceptance-test-harness"/>
    <property name="java.runtime.version" value="1.8.0_60-b27"/>
    <property name="java.awt.graphicsenv" value="sun.awt.CGraphicsEnvironment"/>
    <property name="java.endorsed.dirs" value="/Library/Java/JavaVirtualMachines/jdk1.8.0_60.jdk/Contents/Home/jre/lib/endorsed"/>
    <property name="os.arch" value="x86_64"/>
    <property name="java.io.tmpdir" value="/var/folders/lk/l859yg616c9cbtgfnt9szgjc0000gn/T/"/>
    <property name="line.separator" value="&#10;"/>
    <property name="java.vm.specification.vendor" value="Oracle Corporation"/>
    <property name="os.name" value="Mac OS X"/>
    <property name="classworlds.conf" value="/usr/local/Cellar/maven/3.3.3/libexec/bin/m2.conf"/>
    <property name="sun.jnu.encoding" value="UTF-8"/>
    <property name="java.library.path" value="/Users/abduljewel/Library/Java/Extensions:/Library/Java/Extensions:/Network/Library/Java/Extensions:/System/Library/Java/Extensions:/usr/lib/java:."/>
    <property name="java.specification.name" value="Java Platform API Specification"/>
    <property name="java.class.version" value="52.0"/>
    <property name="sun.management.compiler" value="HotSpot 64-Bit Tiered Compilers"/>
    <property name="os.version" value="10.10.5"/>
    <property name="http.nonProxyHosts" value="local|*.local|169.254/16|*.169.254/16"/>
    <property name="user.home" value="/Users/abduljewel"/>
    <property name="user.timezone" value="America/New_York"/>
    <property name="java.awt.printerjob" value="sun.lwawt.macosx.CPrinterJob"/>
    <property name="java.specification.version" value="1.8"/>
    <property name="file.encoding" value="UTF-8"/>
    <property name="user.name" value="abduljewel"/>
    <property name="java.class.path" value="/usr/local/Cellar/maven/3.3.3/libexec/boot/plexus-classworlds-2.5.2.jar"/>
    <property name="java.vm.specification.version" value="1.8"/>
    <property name="sun.arch.data.model" value="64"/>
    <property name="java.home" value="/Library/Java/JavaVirtualMachines/jdk1.8.0_60.jdk/Contents/Home/jre"/>
    <property name="sun.java.command" value="org.codehaus.plexus.classworlds.launcher.Launcher clean test"/>
    <property name="java.specification.vendor" value="Oracle Corporation"/>
    <property name="user.language" value="en"/>
    <property name="awt.toolkit" value="sun.lwawt.macosx.LWCToolkit"/>
    <property name="java.vm.info" value="mixed mode"/>
    <property name="java.version" value="1.8.0_60"/>
    <property name="java.ext.dirs" value="/Users/abduljewel/Library/Java/Extensions:/Library/Java/JavaVirtualMachines/jdk1.8.0_60.jdk/Contents/Home/jre/lib/ext:/Library/Java/Extensions:/Network/Library/Java/Extensions:/System/Library/Java/Extensions:/usr/lib/java"/>
    <property name="sun.boot.class.path" value="/Library/Java/JavaVirtualMachines/jdk1.8.0_60.jdk/Contents/Home/jre/lib/resources.jar:/Library/Java/JavaVirtualMachines/jdk1.8.0_60.jdk/Contents/Home/jre/lib/rt.jar:/Library/Java/JavaVirtualMachines/jdk1.8.0_60.jdk/Contents/Home/jre/lib/sunrsasign.jar:/Library/Java/JavaVirtualMachines/jdk1.8.0_60.jdk/Contents/Home/jre/lib/jsse.jar:/Library/Java/JavaVirtualMachines/jdk1.8.0_60.jdk/Contents/Home/jre/lib/jce.jar:/Library/Java/JavaVirtualMachines/jdk1.8.0_60.jdk/Contents/Home/jre/lib/charsets.jar:/Library/Java/JavaVirtualMachines/jdk1.8.0_60.jdk/Contents/Home/jre/lib/jfr.jar:/Library/Java/JavaVirtualMachines/jdk1.8.0_60.jdk/Contents/Home/jre/classes"/>
    <property name="java.vendor" value="Oracle Corporation"/>
    <property name="maven.home" value="/usr/local/Cellar/maven/3.3.3/libexec"/>
    <property name="file.separator" value="/"/>
    <property name="java.vendor.url.bug" value="http://bugreport.sun.com/bugreport/"/>
    <property name="sun.cpu.endian" value="little"/>
    <property name="sun.io.unicode.encoding" value="UnicodeBig"/>
    <property name="socksNonProxyHosts" value="local|*.local|169.254/16|*.169.254/16"/>
    <property name="ftp.nonProxyHosts" value="local|*.local|169.254/16|*.169.254/16"/>
    <property name="sun.cpu.isalist" value=""/>
  </properties>
  <testcase name="Check successfully execution and summary" classname="groovy.plugins.JacocoPluginTest" time="18.016">
    <error message="org.apache.http.entity.ContentType.create(Ljava/lang/String;[Lorg/apache/http/NameValuePair;)Lorg/apache/http/entity/ContentType;" type="java.lang.NoSuchMethodError">java.lang.NoSuchMethodError: org.apache.http.entity.ContentType.create(Ljava/lang/String;[Lorg/apache/http/NameValuePair;)Lorg/apache/http/entity/ContentType;
	at org.apache.http.entity.mime.MultipartEntityBuilder.buildEntity(MultipartEntityBuilder.java:209)
	at org.apache.http.entity.mime.MultipartEntityBuilder.build(MultipartEntityBuilder.java:230)
	at org.jenkinsci.test.acceptance.update_center.PluginMetadata.uploadTo(PluginMetadata.java:65)
	at org.jenkinsci.test.acceptance.po.PluginManager.installPlugins(PluginManager.java:173)
	at org.jenkinsci.test.acceptance.junit.WithPlugins$RuleImpl$1.doInstall(WithPlugins.java:139)
	at org.jenkinsci.test.acceptance.junit.WithPlugins$RuleImpl$1.installPlugins(WithPlugins.java:119)
	at org.jenkinsci.test.acceptance.junit.WithPlugins$RuleImpl$1.evaluate(WithPlugins.java:92)
	at org.jenkinsci.test.acceptance.junit.JenkinsAcceptanceTestRule$1$2$1.evaluate(JenkinsAcceptanceTestRule.java:129)
	at org.jenkinsci.test.acceptance.junit.FilterRule$1.evaluate(FilterRule.java:62)
	at org.jenkinsci.test.acceptance.junit.JenkinsAcceptanceTestRule$1.evaluate(JenkinsAcceptanceTestRule.java:55)
	at org.spockframework.runtime.extension.builtin.MethodRuleInterceptor.intercept(MethodRuleInterceptor.java:40)
	at org.spockframework.runtime.extension.MethodInvocation.proceed(MethodInvocation.java:84)
	at org.spockframework.util.ReflectionUtil.invokeMethod(ReflectionUtil.java:138)
	at org.spockframework.util.ReflectionUtil.invokeMethod(ReflectionUtil.java:138)
	at org.spockframework.util.ReflectionUtil.invokeMethod(ReflectionUtil.java:138)
	at org.apache.maven.surefire.junit4.JUnit4Provider.execute(JUnit4Provider.java:264)
	at org.apache.maven.surefire.junit4.JUnit4Provider.executeTestSet(JUnit4Provider.java:153)
	at org.apache.maven.surefire.junit4.JUnit4Provider.invoke(JUnit4Provider.java:124)
	at org.apache.maven.surefire.booter.ForkedBooter.invokeProviderInSameClassLoader(ForkedBooter.java:200)
	at org.apache.maven.surefire.booter.ForkedBooter.runSuitesInProcess(ForkedBooter.java:153)
	at org.apache.maven.surefire.booter.ForkedBooter.main(ForkedBooter.java:103)
</error>
    <system-out><![CDATA[testCaseResult=ru.yandex.qatools.allure.model.TestCaseResult@143e3f37[
  name=Create, update and delete user
  title=<null>
  description=<null>
  failure=<null>
  start=1445037152629
  stop=1445037183010
  status=PASSED
  severity=<null>
  steps=[]
  attachments=[]
  labels=[ru.yandex.qatools.allure.model.Label@2bd78e6b, ru.yandex.qatools.allure.model.Label@18e22b37]
  parameters=<null>
]
testCaseResult={
   "start" : 1445037152629,
   "stop" : 1445037183010,
   "status" : "passed",
   "name" : "Create, update and delete user",
   "steps" : {
      "step" : [ ]
   },
   "attachments" : {
      "attachment" : [ ]
   },
   "labels" : {
      "label" : [ {
         "name" : "host",
         "value" : "MacBook-Pro-2.home"
      }, {
         "name" : "thread",
         "value" : "1771@MacBook-Pro-2.home.main(1)"
      } ]
   }
}
testCase=ru.yandex.qatools.allure.model.TestCase@3670ec18[
  _id=a6f8a87a-1740-4434-8e24-1f0fefb8cd93
  executionId=7a8626ac-7b8d-4761-8bff-776519219d78
  threadName=thread_15005794375463
  name=Create, update and delete user
  title=<null>
  description=<null>
  failure=<null>
  start=1445037152629
  stop=1445037183010
  status=PASSED
  severity=<null>
  steps=[]
  attachments=[]
  labels=[ru.yandex.qatools.allure.model.Label@2bd78e6b, ru.yandex.qatools.allure.model.Label@18e22b37]
  parameters=<null>
]
testCase={
   "start" : 1445037152629,
   "stop" : 1445037183010,
   "status" : "passed",
   "_id" : "a6f8a87a-1740-4434-8e24-1f0fefb8cd93",
   "executionId" : "7a8626ac-7b8d-4761-8bff-776519219d78",
   "threadName" : "thread_15005794375463",
   "name" : "Create, update and delete user",
   "steps" : {
      "step" : [ ]
   },
   "attachments" : {
      "attachment" : [ ]
   },
   "labels" : {
      "label" : [ {
         "name" : "host",
         "value" : "MacBook-Pro-2.home"
      }, {
         "name" : "thread",
         "value" : "1771@MacBook-Pro-2.home.main(1)"
      } ]
   }
}
>>>REQUEST: /testaspect/TestCase/a6f8a87a-1740-4434-8e24-1f0fefb8cd93
<<<RESPONSE (201 Created): /testaspect/TestCase/a6f8a87a-1740-4434-8e24-1f0fefb8cd93
running with given plugins: []
=== Starting Check successfully execution and summary(groovy.plugins.JacocoPluginTest)
Starting Jenkins: JAVA_HOME=/Library/Java/JavaVirtualMachines/jdk1.8.0_60.jdk/Contents/Home JENKINS_HOME=/Users/abduljewel/Documents/c/spiderqa/sample-test-projects/acceptance-test-harness/target/jenkins6369063983746153414home /Library/Java/JavaVirtualMachines/jdk1.8.0_60.jdk/Contents/Home/bin/java -Duser.language=en -jar ./jenkins.war --ajp13Port=-1 --httpPort=61627
master61627|Running from: /Users/abduljewel/Documents/c/spiderqa/sample-test-projects/acceptance-test-harness/jenkins.war
master61627|webroot: EnvVars.masterEnvVars.get("JENKINS_HOME")
master61627|Oct 16, 2015 7:13:03 PM winstone.Logger logInternal
master61627|INFO: Beginning extraction from war file
master61627|Oct 16, 2015 7:13:04 PM org.eclipse.jetty.util.log.JavaUtilLog info
master61627|INFO: jetty-winstone-2.8
master61627|Oct 16, 2015 7:13:05 PM org.eclipse.jetty.util.log.JavaUtilLog info
master61627|INFO: NO JSP Support for , did not find org.apache.jasper.servlet.JspServlet
master61627|Jenkins home directory: /Users/abduljewel/Documents/c/spiderqa/sample-test-projects/acceptance-test-harness/target/jenkins6369063983746153414home found at: EnvVars.masterEnvVars.get("JENKINS_HOME")
master61627|Oct 16, 2015 7:13:06 PM org.eclipse.jetty.util.log.JavaUtilLog info
master61627|INFO: Started SelectChannelConnector@0.0.0.0:61627
master61627|Oct 16, 2015 7:13:06 PM winstone.Logger logInternal
master61627|INFO: Winstone Servlet Engine v2.0 running: controlPort=disabled
master61627|Oct 16, 2015 7:13:06 PM jenkins.InitReactorRunner$1 onAttained
master61627|INFO: Started initialization
master61627|Oct 16, 2015 7:13:15 PM jenkins.InitReactorRunner$1 onAttained
master61627|INFO: Listed all plugins
master61627|Oct 16, 2015 7:13:15 PM jenkins.InitReactorRunner$1 onAttained
master61627|INFO: Prepared all plugins
master61627|Oct 16, 2015 7:13:15 PM jenkins.InitReactorRunner$1 onAttained
master61627|INFO: Started all plugins
master61627|Oct 16, 2015 7:13:15 PM jenkins.InitReactorRunner$1 onAttained
master61627|INFO: Augmented all extensions
master61627|Oct 16, 2015 7:13:17 PM jenkins.InitReactorRunner$1 onAttained
master61627|INFO: Loaded all jobs
master61627|Oct 16, 2015 7:13:18 PM hudson.model.AsyncPeriodicWork$1 run
master61627|INFO: Started Download metadata
master61627|Oct 16, 2015 7:13:18 PM org.jenkinsci.main.modules.sshd.SSHD start
master61627|INFO: Started SSHD at port 55044
master61627|Oct 16, 2015 7:13:18 PM jenkins.InitReactorRunner$1 onAttained
master61627|INFO: Completed initialization
master61627|Oct 16, 2015 7:13:18 PM hudson.UDPBroadcastThread run
master61627|WARNING: UDP handling problem
master61627|java.net.SocketException: Can't assign requested address
master61627|	at java.net.PlainDatagramSocketImpl.join(Native Method)
master61627|	at java.net.AbstractPlainDatagramSocketImpl.join(AbstractPlainDatagramSocketImpl.java:179)
master61627|	at java.net.MulticastSocket.joinGroup(MulticastSocket.java:323)
master61627|	at hudson.UDPBroadcastThread.run(UDPBroadcastThread.java:77)
master61627|
master61627|Oct 16, 2015 7:13:18 PM hudson.WebAppMain$3 run
master61627|INFO: Jenkins is fully up and running
master61627|Oct 16, 2015 7:13:19 PM hudson.model.UpdateSite updateData
master61627|INFO: Obtained the latest update center data file for UpdateSource default
master61627|Oct 16, 2015 7:13:20 PM hudson.model.DownloadService$Downloadable load
master61627|INFO: Obtained the updated data file for hudson.tasks.Maven.MavenInstaller
master61627|Oct 16, 2015 7:13:20 PM hudson.model.DownloadService$Downloadable load
master61627|INFO: Obtained the updated data file for hudson.tasks.Ant.AntInstaller
Jenkins is stopped
]]></system-out>
    <system-err><![CDATA[Oct 16, 2015 7:13:03 PM org.jenkinsci.test.acceptance.controller.LocalController startNow
INFO: Waiting for Jenkins to become running in http://127.0.0.1:61627/
Oct 16, 2015 7:13:18 PM org.jenkinsci.test.acceptance.controller.LocalController startNow
INFO: Jenkins is running in http://127.0.0.1:61627/
Oct 16, 2015 7:13:18 PM org.openqa.selenium.phantomjs.PhantomJSDriverService <init>
INFO: executable: /usr/local/bin/phantomjs
Oct 16, 2015 7:13:18 PM org.openqa.selenium.phantomjs.PhantomJSDriverService <init>
INFO: port: 33949
Oct 16, 2015 7:13:18 PM org.openqa.selenium.phantomjs.PhantomJSDriverService <init>
INFO: arguments: [--webdriver=33949, --webdriver-logfile=/Users/abduljewel/Documents/c/spiderqa/sample-test-projects/acceptance-test-harness/phantomjsdriver.log]
Oct 16, 2015 7:13:18 PM org.openqa.selenium.phantomjs.PhantomJSDriverService <init>
INFO: environment: {}
[INFO  - 2015-10-16T23:13:19.016Z] GhostDriver - Main - running on port 33949
[INFO  - 2015-10-16T23:13:19.253Z] Session [7cfd5010-745b-11e5-b4f9-21738d90b158] - page.settings - {"XSSAuditingEnabled":false,"javascriptCanCloseWindows":true,"javascriptCanOpenWindows":true,"javascriptEnabled":true,"loadImages":true,"localToRemoteUrlAccessEnabled":false,"userAgent":"Mozilla/5.0 (Macintosh; Intel Mac OS X) AppleWebKit/538.1 (KHTML, like Gecko) PhantomJS/2.0.0 Safari/538.1","webSecurityEnabled":true}
[INFO  - 2015-10-16T23:13:19.253Z] Session [7cfd5010-745b-11e5-b4f9-21738d90b158] - page.customHeaders:  - {"Accept-Language":"en"}
[INFO  - 2015-10-16T23:13:19.253Z] Session [7cfd5010-745b-11e5-b4f9-21738d90b158] - Session.negotiatedCapabilities - {"browserName":"phantomjs","version":"2.0.0","driverName":"ghostdriver","driverVersion":"1.2.0","platform":"mac-10.9 (Mavericks)-64bit","javascriptEnabled":true,"takesScreenshot":true,"handlesAlerts":false,"databaseEnabled":false,"locationContextEnabled":false,"applicationCacheEnabled":false,"browserConnectionEnabled":false,"cssSelectorsEnabled":true,"webStorageEnabled":false,"rotatable":false,"acceptSslCerts":false,"nativeEvents":true,"proxy":{"proxyType":"direct"},"phantomjs.page.customHeaders.Accept-Language":"en"}
[INFO  - 2015-10-16T23:13:19.253Z] SessionManagerReqHand - _postNewSessionCommand - New Session Created: 7cfd5010-745b-11e5-b4f9-21738d90b158
Oct 16, 2015 7:13:20 PM org.jenkinsci.test.acceptance.po.PluginManager installationStatus
INFO: jacoco is not installed
Oct 16, 2015 7:13:20 PM org.jenkinsci.test.acceptance.po.PluginManager installationStatus
INFO: jacoco is not installed
Oct 16, 2015 7:13:20 PM org.jenkinsci.test.acceptance.po.PluginManager installationStatus
INFO: jacoco@1.0.19 is not installed
[INFO  - 2015-10-16T23:13:20.364Z] ShutdownReqHand - _handle - About to shutdown
]]></system-err>
  </testcase>
</testsuite>