<?xml version="1.0" encoding="UTF-8"?>
<testsuite name="plugins.ScriptlerPluginTest" time="164.154" tests="9" errors="9" skipped="0" failures="0">
  <properties>
    <property name="java.runtime.name" value="Java(TM) SE Runtime Environment"/>
    <property name="sun.boot.library.path" value="/Library/Java/JavaVirtualMachines/jdk1.8.0_60.jdk/Contents/Home/jre/lib"/>
    <property name="java.vm.version" value="25.60-b23"/>
    <property name="gopherProxySet" value="false"/>
    <property name="java.vm.vendor" value="Oracle Corporation"/>
    <property name="maven.multiModuleProjectDirectory" value="/Users/abduljewel/Documents/c/spiderqa/sample-test-projects/acceptance-test-harness"/>
    <property name="java.vendor.url" value="http://java.oracle.com/"/>
    <property name="path.separator" value=":"/>
    <property name="guice.disable.misplaced.annotation.check" value="true"/>
    <property name="java.vm.name" value="Java HotSpot(TM) 64-Bit Server VM"/>
    <property name="file.encoding.pkg" value="sun.io"/>
    <property name="user.country" value="US"/>
    <property name="sun.java.launcher" value="SUN_STANDARD"/>
    <property name="sun.os.patch.level" value="unknown"/>
    <property name="java.vm.specification.name" value="Java Virtual Machine Specification"/>
    <property name="user.dir" value="/Users/abduljewel/Documents/c/spiderqa/sample-test-projects/acceptance-test-harness"/>
    <property name="java.runtime.version" value="1.8.0_60-b27"/>
    <property name="java.awt.graphicsenv" value="sun.awt.CGraphicsEnvironment"/>
    <property name="java.endorsed.dirs" value="/Library/Java/JavaVirtualMachines/jdk1.8.0_60.jdk/Contents/Home/jre/lib/endorsed"/>
    <property name="os.arch" value="x86_64"/>
    <property name="java.io.tmpdir" value="/var/folders/lk/l859yg616c9cbtgfnt9szgjc0000gn/T/"/>
    <property name="line.separator" value="&#10;"/>
    <property name="java.vm.specification.vendor" value="Oracle Corporation"/>
    <property name="os.name" value="Mac OS X"/>
    <property name="classworlds.conf" value="/usr/local/Cellar/maven/3.3.3/libexec/bin/m2.conf"/>
    <property name="sun.jnu.encoding" value="UTF-8"/>
    <property name="java.library.path" value="/Users/abduljewel/Library/Java/Extensions:/Library/Java/Extensions:/Network/Library/Java/Extensions:/System/Library/Java/Extensions:/usr/lib/java:."/>
    <property name="java.specification.name" value="Java Platform API Specification"/>
    <property name="java.class.version" value="52.0"/>
    <property name="sun.management.compiler" value="HotSpot 64-Bit Tiered Compilers"/>
    <property name="os.version" value="10.10.5"/>
    <property name="http.nonProxyHosts" value="local|*.local|169.254/16|*.169.254/16"/>
    <property name="user.home" value="/Users/abduljewel"/>
    <property name="user.timezone" value="America/New_York"/>
    <property name="java.awt.printerjob" value="sun.lwawt.macosx.CPrinterJob"/>
    <property name="java.specification.version" value="1.8"/>
    <property name="file.encoding" value="UTF-8"/>
    <property name="user.name" value="abduljewel"/>
    <property name="java.class.path" value="/usr/local/Cellar/maven/3.3.3/libexec/boot/plexus-classworlds-2.5.2.jar"/>
    <property name="java.vm.specification.version" value="1.8"/>
    <property name="sun.arch.data.model" value="64"/>
    <property name="java.home" value="/Library/Java/JavaVirtualMachines/jdk1.8.0_60.jdk/Contents/Home/jre"/>
    <property name="sun.java.command" value="org.codehaus.plexus.classworlds.launcher.Launcher clean test"/>
    <property name="java.specification.vendor" value="Oracle Corporation"/>
    <property name="user.language" value="en"/>
    <property name="awt.toolkit" value="sun.lwawt.macosx.LWCToolkit"/>
    <property name="java.vm.info" value="mixed mode"/>
    <property name="java.version" value="1.8.0_60"/>
    <property name="java.ext.dirs" value="/Users/abduljewel/Library/Java/Extensions:/Library/Java/JavaVirtualMachines/jdk1.8.0_60.jdk/Contents/Home/jre/lib/ext:/Library/Java/Extensions:/Network/Library/Java/Extensions:/System/Library/Java/Extensions:/usr/lib/java"/>
    <property name="sun.boot.class.path" value="/Library/Java/JavaVirtualMachines/jdk1.8.0_60.jdk/Contents/Home/jre/lib/resources.jar:/Library/Java/JavaVirtualMachines/jdk1.8.0_60.jdk/Contents/Home/jre/lib/rt.jar:/Library/Java/JavaVirtualMachines/jdk1.8.0_60.jdk/Contents/Home/jre/lib/sunrsasign.jar:/Library/Java/JavaVirtualMachines/jdk1.8.0_60.jdk/Contents/Home/jre/lib/jsse.jar:/Library/Java/JavaVirtualMachines/jdk1.8.0_60.jdk/Contents/Home/jre/lib/jce.jar:/Library/Java/JavaVirtualMachines/jdk1.8.0_60.jdk/Contents/Home/jre/lib/charsets.jar:/Library/Java/JavaVirtualMachines/jdk1.8.0_60.jdk/Contents/Home/jre/lib/jfr.jar:/Library/Java/JavaVirtualMachines/jdk1.8.0_60.jdk/Contents/Home/jre/classes"/>
    <property name="java.vendor" value="Oracle Corporation"/>
    <property name="maven.home" value="/usr/local/Cellar/maven/3.3.3/libexec"/>
    <property name="file.separator" value="/"/>
    <property name="java.vendor.url.bug" value="http://bugreport.sun.com/bugreport/"/>
    <property name="sun.cpu.endian" value="little"/>
    <property name="sun.io.unicode.encoding" value="UnicodeBig"/>
    <property name="socksNonProxyHosts" value="local|*.local|169.254/16|*.169.254/16"/>
    <property name="ftp.nonProxyHosts" value="local|*.local|169.254/16|*.169.254/16"/>
    <property name="sun.cpu.isalist" value=""/>
  </properties>
  <testcase name="run_on_master" classname="plugins.ScriptlerPluginTest" time="18.203">
    <error message="org.apache.http.entity.ContentType.create(Ljava/lang/String;[Lorg/apache/http/NameValuePair;)Lorg/apache/http/entity/ContentType;" type="java.lang.NoSuchMethodError">java.lang.NoSuchMethodError: org.apache.http.entity.ContentType.create(Ljava/lang/String;[Lorg/apache/http/NameValuePair;)Lorg/apache/http/entity/ContentType;
	at org.apache.http.entity.mime.MultipartEntityBuilder.buildEntity(MultipartEntityBuilder.java:209)
	at org.apache.http.entity.mime.MultipartEntityBuilder.build(MultipartEntityBuilder.java:230)
	at org.jenkinsci.test.acceptance.update_center.PluginMetadata.uploadTo(PluginMetadata.java:65)
	at org.jenkinsci.test.acceptance.po.PluginManager.installPlugins(PluginManager.java:173)
	at org.jenkinsci.test.acceptance.junit.WithPlugins$RuleImpl$1.doInstall(WithPlugins.java:139)
	at org.jenkinsci.test.acceptance.junit.WithPlugins$RuleImpl$1.installPlugins(WithPlugins.java:119)
	at org.jenkinsci.test.acceptance.junit.WithPlugins$RuleImpl$1.evaluate(WithPlugins.java:92)
	at org.jenkinsci.test.acceptance.junit.JenkinsAcceptanceTestRule$1$2$1.evaluate(JenkinsAcceptanceTestRule.java:129)
	at org.jenkinsci.test.acceptance.junit.FilterRule$1.evaluate(FilterRule.java:62)
	at org.jenkinsci.test.acceptance.junit.JenkinsAcceptanceTestRule$1.evaluate(JenkinsAcceptanceTestRule.java:55)
	at org.junit.runners.ParentRunner.runLeaf(ParentRunner.java:271)
	at org.junit.runners.BlockJUnit4ClassRunner.runChild(BlockJUnit4ClassRunner.java:70)
	at org.junit.runners.BlockJUnit4ClassRunner.runChild(BlockJUnit4ClassRunner.java:50)
	at org.junit.runners.ParentRunner$3.run(ParentRunner.java:238)
	at org.junit.runners.ParentRunner$1.schedule(ParentRunner.java:63)
	at org.junit.runners.ParentRunner.runChildren(ParentRunner.java:236)
	at org.junit.runners.ParentRunner.access$000(ParentRunner.java:53)
	at org.junit.runners.ParentRunner$2.evaluate(ParentRunner.java:229)
	at org.junit.runners.ParentRunner.run(ParentRunner.java:309)
	at org.apache.maven.surefire.junit4.JUnit4Provider.execute(JUnit4Provider.java:264)
	at org.apache.maven.surefire.junit4.JUnit4Provider.executeTestSet(JUnit4Provider.java:153)
	at org.apache.maven.surefire.junit4.JUnit4Provider.invoke(JUnit4Provider.java:124)
	at org.apache.maven.surefire.booter.ForkedBooter.invokeProviderInSameClassLoader(ForkedBooter.java:200)
	at org.apache.maven.surefire.booter.ForkedBooter.runSuitesInProcess(ForkedBooter.java:153)
	at org.apache.maven.surefire.booter.ForkedBooter.main(ForkedBooter.java:103)
</error>
    <system-out><![CDATA[testCaseResult=ru.yandex.qatools.allure.model.TestCaseResult@772841a9[
  name=configure_job_with_scp_key_publishing
  title=<null>
  description=<null>
  failure=ru.yandex.qatools.allure.model.Failure@2d2a9bba
  start=1445040889443
  stop=1445040889454
  status=CANCELED
  severity=<null>
  steps=[]
  attachments=[]
  labels=[ru.yandex.qatools.allure.model.Label@5aebbd00, ru.yandex.qatools.allure.model.Label@52ed6d4d]
  parameters=<null>
]
testCaseResult={
   "start" : 1445040889443,
   "stop" : 1445040889454,
   "status" : "canceled",
   "name" : "configure_job_with_scp_key_publishing",
   "failure" : {
      "message" : "AssumptionViolatedException: Docker is needed for the test",
      "stack-trace" : "org.junit.internal.AssumptionViolatedException: Docker is needed for the test\n\tat org.jenkinsci.test.acceptance.junit.WithDocker$RuleImpl$1.hasDocker(WithDocker.java:49)\n\tat org.jenkinsci.test.acceptance.junit.WithDocker$RuleImpl$1.evaluate(WithDocker.java:40)\n\tat org.jenkinsci.test.acceptance.junit.JenkinsAcceptanceTestRule$1.evaluate(JenkinsAcceptanceTestRule.java:55)\n\tat org.junit.runners.ParentRunner.runLeaf(ParentRunner.java:271)\n\tat org.junit.runners.BlockJUnit4ClassRunner.runChild(BlockJUnit4ClassRunner.java:70)\n\tat org.junit.runners.BlockJUnit4ClassRunner.runChild(BlockJUnit4ClassRunner.java:50)\n\tat org.junit.runners.ParentRunner$3.run(ParentRunner.java:238)\n\tat org.junit.runners.ParentRunner$1.schedule(ParentRunner.java:63)\n\tat org.junit.runners.ParentRunner.runChildren(ParentRunner.java:236)\n\tat org.junit.runners.ParentRunner.access$000(ParentRunner.java:53)\n\tat org.junit.runners.ParentRunner$2.evaluate(ParentRunner.java:229)\n\tat org.junit.runners.ParentRunner.run(ParentRunner.java:309)\n\tat org.apache.maven.surefire.junit4.JUnit4Provider.execute(JUnit4Provider.java:264)\n\tat org.apache.maven.surefire.junit4.JUnit4Provider.executeTestSet(JUnit4Provider.java:153)\n\tat org.apache.maven.surefire.junit4.JUnit4Provider.invoke(JUnit4Provider.java:124)\n\tat org.apache.maven.surefire.booter.ForkedBooter.invokeProviderInSameClassLoader(ForkedBooter.java:200)\n\tat org.apache.maven.surefire.booter.ForkedBooter.runSuitesInProcess(ForkedBooter.java:153)\n\tat org.apache.maven.surefire.booter.ForkedBooter.main(ForkedBooter.java:103)\n"
   },
   "steps" : {
      "step" : [ ]
   },
   "attachments" : {
      "attachment" : [ ]
   },
   "labels" : {
      "label" : [ {
         "name" : "host",
         "value" : "MacBook-Pro-2.home"
      }, {
         "name" : "thread",
         "value" : "1771@MacBook-Pro-2.home.main(1)"
      } ]
   }
}
testCase=ru.yandex.qatools.allure.model.TestCase@67fd4bb0[
  _id=d6fa21f8-7840-4b8e-9124-deb00439d56a
  executionId=7a8626ac-7b8d-4761-8bff-776519219d78
  threadName=thread_15005794375463
  name=configure_job_with_scp_key_publishing
  title=<null>
  description=<null>
  failure=ru.yandex.qatools.allure.model.Failure@2d2a9bba
  start=1445040889443
  stop=1445040889454
  status=CANCELED
  severity=<null>
  steps=[]
  attachments=[]
  labels=[ru.yandex.qatools.allure.model.Label@5aebbd00, ru.yandex.qatools.allure.model.Label@52ed6d4d]
  parameters=<null>
]
testCase={
   "start" : 1445040889443,
   "stop" : 1445040889454,
   "status" : "canceled",
   "_id" : "d6fa21f8-7840-4b8e-9124-deb00439d56a",
   "executionId" : "7a8626ac-7b8d-4761-8bff-776519219d78",
   "threadName" : "thread_15005794375463",
   "name" : "configure_job_with_scp_key_publishing",
   "failure" : {
      "message" : "AssumptionViolatedException: Docker is needed for the test",
      "stack-trace" : "org.junit.internal.AssumptionViolatedException: Docker is needed for the test\n\tat org.jenkinsci.test.acceptance.junit.WithDocker$RuleImpl$1.hasDocker(WithDocker.java:49)\n\tat org.jenkinsci.test.acceptance.junit.WithDocker$RuleImpl$1.evaluate(WithDocker.java:40)\n\tat org.jenkinsci.test.acceptance.junit.JenkinsAcceptanceTestRule$1.evaluate(JenkinsAcceptanceTestRule.java:55)\n\tat org.junit.runners.ParentRunner.runLeaf(ParentRunner.java:271)\n\tat org.junit.runners.BlockJUnit4ClassRunner.runChild(BlockJUnit4ClassRunner.java:70)\n\tat org.junit.runners.BlockJUnit4ClassRunner.runChild(BlockJUnit4ClassRunner.java:50)\n\tat org.junit.runners.ParentRunner$3.run(ParentRunner.java:238)\n\tat org.junit.runners.ParentRunner$1.schedule(ParentRunner.java:63)\n\tat org.junit.runners.ParentRunner.runChildren(ParentRunner.java:236)\n\tat org.junit.runners.ParentRunner.access$000(ParentRunner.java:53)\n\tat org.junit.runners.ParentRunner$2.evaluate(ParentRunner.java:229)\n\tat org.junit.runners.ParentRunner.run(ParentRunner.java:309)\n\tat org.apache.maven.surefire.junit4.JUnit4Provider.execute(JUnit4Provider.java:264)\n\tat org.apache.maven.surefire.junit4.JUnit4Provider.executeTestSet(JUnit4Provider.java:153)\n\tat org.apache.maven.surefire.junit4.JUnit4Provider.invoke(JUnit4Provider.java:124)\n\tat org.apache.maven.surefire.booter.ForkedBooter.invokeProviderInSameClassLoader(ForkedBooter.java:200)\n\tat org.apache.maven.surefire.booter.ForkedBooter.runSuitesInProcess(ForkedBooter.java:153)\n\tat org.apache.maven.surefire.booter.ForkedBooter.main(ForkedBooter.java:103)\n"
   },
   "steps" : {
      "step" : [ ]
   },
   "attachments" : {
      "attachment" : [ ]
   },
   "labels" : {
      "label" : [ {
         "name" : "host",
         "value" : "MacBook-Pro-2.home"
      }, {
         "name" : "thread",
         "value" : "1771@MacBook-Pro-2.home.main(1)"
      } ]
   }
}
>>>REQUEST: /testaspect/TestCase/d6fa21f8-7840-4b8e-9124-deb00439d56a
<<<RESPONSE (201 Created): /testaspect/TestCase/d6fa21f8-7840-4b8e-9124-deb00439d56a
running with given plugins: []
=== Starting run_on_master(plugins.ScriptlerPluginTest)
Starting Jenkins: JAVA_HOME=/Library/Java/JavaVirtualMachines/jdk1.8.0_60.jdk/Contents/Home JENKINS_HOME=/Users/abduljewel/Documents/c/spiderqa/sample-test-projects/acceptance-test-harness/target/jenkins4243198996430681722home /Library/Java/JavaVirtualMachines/jdk1.8.0_60.jdk/Contents/Home/bin/java -Duser.language=en -jar ./jenkins.war --ajp13Port=-1 --httpPort=57168
master57168|Running from: /Users/abduljewel/Documents/c/spiderqa/sample-test-projects/acceptance-test-harness/jenkins.war
master57168|webroot: EnvVars.masterEnvVars.get("JENKINS_HOME")
master57168|Oct 16, 2015 8:14:49 PM winstone.Logger logInternal
master57168|INFO: Beginning extraction from war file
master57168|Oct 16, 2015 8:14:50 PM org.eclipse.jetty.util.log.JavaUtilLog info
master57168|INFO: jetty-winstone-2.8
master57168|Oct 16, 2015 8:14:51 PM org.eclipse.jetty.util.log.JavaUtilLog info
master57168|INFO: NO JSP Support for , did not find org.apache.jasper.servlet.JspServlet
master57168|Jenkins home directory: /Users/abduljewel/Documents/c/spiderqa/sample-test-projects/acceptance-test-harness/target/jenkins4243198996430681722home found at: EnvVars.masterEnvVars.get("JENKINS_HOME")
master57168|Oct 16, 2015 8:14:52 PM org.eclipse.jetty.util.log.JavaUtilLog info
master57168|INFO: Started SelectChannelConnector@0.0.0.0:57168
master57168|Oct 16, 2015 8:14:52 PM winstone.Logger logInternal
master57168|INFO: Winstone Servlet Engine v2.0 running: controlPort=disabled
master57168|Oct 16, 2015 8:14:52 PM jenkins.InitReactorRunner$1 onAttained
master57168|INFO: Started initialization
master57168|Oct 16, 2015 8:15:02 PM jenkins.InitReactorRunner$1 onAttained
master57168|INFO: Listed all plugins
master57168|Oct 16, 2015 8:15:02 PM jenkins.InitReactorRunner$1 onAttained
master57168|INFO: Prepared all plugins
master57168|Oct 16, 2015 8:15:02 PM jenkins.InitReactorRunner$1 onAttained
master57168|INFO: Started all plugins
master57168|Oct 16, 2015 8:15:02 PM jenkins.InitReactorRunner$1 onAttained
master57168|INFO: Augmented all extensions
master57168|Oct 16, 2015 8:15:03 PM jenkins.InitReactorRunner$1 onAttained
master57168|INFO: Loaded all jobs
master57168|Oct 16, 2015 8:15:04 PM hudson.model.AsyncPeriodicWork$1 run
master57168|INFO: Started Download metadata
master57168|Oct 16, 2015 8:15:04 PM org.jenkinsci.main.modules.sshd.SSHD start
master57168|INFO: Started SSHD at port 59914
master57168|Oct 16, 2015 8:15:04 PM jenkins.InitReactorRunner$1 onAttained
master57168|INFO: Completed initialization
master57168|Oct 16, 2015 8:15:04 PM hudson.UDPBroadcastThread run
master57168|WARNING: UDP handling problem
master57168|java.net.SocketException: Can't assign requested address
master57168|	at java.net.PlainDatagramSocketImpl.join(Native Method)
master57168|	at java.net.AbstractPlainDatagramSocketImpl.join(AbstractPlainDatagramSocketImpl.java:179)
master57168|	at java.net.MulticastSocket.joinGroup(MulticastSocket.java:323)
master57168|	at hudson.UDPBroadcastThread.run(UDPBroadcastThread.java:77)
master57168|
master57168|Oct 16, 2015 8:15:04 PM hudson.WebAppMain$3 run
master57168|INFO: Jenkins is fully up and running
master57168|Oct 16, 2015 8:15:05 PM hudson.model.UpdateSite updateData
master57168|INFO: Obtained the latest update center data file for UpdateSource default
master57168|Oct 16, 2015 8:15:06 PM hudson.model.DownloadService$Downloadable load
master57168|INFO: Obtained the updated data file for hudson.tasks.Maven.MavenInstaller
master57168|Oct 16, 2015 8:15:06 PM hudson.model.DownloadService$Downloadable load
master57168|INFO: Obtained the updated data file for hudson.tasks.Ant.AntInstaller
master57168|Oct 16, 2015 8:15:07 PM hudson.model.DownloadService$Downloadable load
master57168|INFO: Obtained the updated data file for hudson.tools.JDKInstaller
master57168|Oct 16, 2015 8:15:07 PM hudson.model.AsyncPeriodicWork$1 run
master57168|INFO: Finished Download metadata. 2,689 ms
Jenkins is stopped
]]></system-out>
    <system-err><![CDATA[Oct 16, 2015 8:14:49 PM org.jenkinsci.test.acceptance.controller.LocalController startNow
INFO: Waiting for Jenkins to become running in http://127.0.0.1:57168/
Oct 16, 2015 8:15:04 PM org.jenkinsci.test.acceptance.controller.LocalController startNow
INFO: Jenkins is running in http://127.0.0.1:57168/
Oct 16, 2015 8:15:04 PM org.openqa.selenium.phantomjs.PhantomJSDriverService <init>
INFO: executable: /usr/local/bin/phantomjs
Oct 16, 2015 8:15:04 PM org.openqa.selenium.phantomjs.PhantomJSDriverService <init>
INFO: port: 37462
Oct 16, 2015 8:15:04 PM org.openqa.selenium.phantomjs.PhantomJSDriverService <init>
INFO: arguments: [--webdriver=37462, --webdriver-logfile=/Users/abduljewel/Documents/c/spiderqa/sample-test-projects/acceptance-test-harness/phantomjsdriver.log]
Oct 16, 2015 8:15:04 PM org.openqa.selenium.phantomjs.PhantomJSDriverService <init>
INFO: environment: {}
[INFO  - 2015-10-17T00:15:05.038Z] GhostDriver - Main - running on port 37462
[INFO  - 2015-10-17T00:15:05.300Z] Session [1df6e6e0-7464-11e5-bc89-ff6bc2e9908c] - page.settings - {"XSSAuditingEnabled":false,"javascriptCanCloseWindows":true,"javascriptCanOpenWindows":true,"javascriptEnabled":true,"loadImages":true,"localToRemoteUrlAccessEnabled":false,"userAgent":"Mozilla/5.0 (Macintosh; Intel Mac OS X) AppleWebKit/538.1 (KHTML, like Gecko) PhantomJS/2.0.0 Safari/538.1","webSecurityEnabled":true}
[INFO  - 2015-10-17T00:15:05.300Z] Session [1df6e6e0-7464-11e5-bc89-ff6bc2e9908c] - page.customHeaders:  - {"Accept-Language":"en"}
[INFO  - 2015-10-17T00:15:05.300Z] Session [1df6e6e0-7464-11e5-bc89-ff6bc2e9908c] - Session.negotiatedCapabilities - {"browserName":"phantomjs","version":"2.0.0","driverName":"ghostdriver","driverVersion":"1.2.0","platform":"mac-10.9 (Mavericks)-64bit","javascriptEnabled":true,"takesScreenshot":true,"handlesAlerts":false,"databaseEnabled":false,"locationContextEnabled":false,"applicationCacheEnabled":false,"browserConnectionEnabled":false,"cssSelectorsEnabled":true,"webStorageEnabled":false,"rotatable":false,"acceptSslCerts":false,"nativeEvents":true,"proxy":{"proxyType":"direct"},"phantomjs.page.customHeaders.Accept-Language":"en"}
[INFO  - 2015-10-17T00:15:05.300Z] SessionManagerReqHand - _postNewSessionCommand - New Session Created: 1df6e6e0-7464-11e5-bc89-ff6bc2e9908c
Oct 16, 2015 8:15:06 PM org.jenkinsci.test.acceptance.po.PluginManager installationStatus
INFO: scriptler is not installed
Oct 16, 2015 8:15:06 PM org.jenkinsci.test.acceptance.po.PluginManager installationStatus
INFO: scriptler is not installed
Oct 16, 2015 8:15:06 PM org.jenkinsci.test.acceptance.po.PluginManager installationStatus
INFO: credentials has version 1.18 but 1.24 was requested
[INFO  - 2015-10-17T00:15:07.000Z] ShutdownReqHand - _handle - About to shutdown
]]></system-err>
  </testcase>
  <testcase name="run_new_parameterized_script" classname="plugins.ScriptlerPluginTest" time="17.691">
    <error message="org.apache.http.entity.ContentType.create(Ljava/lang/String;[Lorg/apache/http/NameValuePair;)Lorg/apache/http/entity/ContentType;" type="java.lang.NoSuchMethodError">java.lang.NoSuchMethodError: org.apache.http.entity.ContentType.create(Ljava/lang/String;[Lorg/apache/http/NameValuePair;)Lorg/apache/http/entity/ContentType;
	at org.apache.http.entity.mime.MultipartEntityBuilder.buildEntity(MultipartEntityBuilder.java:209)
	at org.apache.http.entity.mime.MultipartEntityBuilder.build(MultipartEntityBuilder.java:230)
	at org.jenkinsci.test.acceptance.update_center.PluginMetadata.uploadTo(PluginMetadata.java:65)
	at org.jenkinsci.test.acceptance.po.PluginManager.installPlugins(PluginManager.java:173)
	at org.jenkinsci.test.acceptance.junit.WithPlugins$RuleImpl$1.doInstall(WithPlugins.java:139)
	at org.jenkinsci.test.acceptance.junit.WithPlugins$RuleImpl$1.installPlugins(WithPlugins.java:119)
	at org.jenkinsci.test.acceptance.junit.WithPlugins$RuleImpl$1.evaluate(WithPlugins.java:92)
	at org.jenkinsci.test.acceptance.junit.JenkinsAcceptanceTestRule$1$2$1.evaluate(JenkinsAcceptanceTestRule.java:129)
	at org.jenkinsci.test.acceptance.junit.FilterRule$1.evaluate(FilterRule.java:62)
	at org.jenkinsci.test.acceptance.junit.JenkinsAcceptanceTestRule$1.evaluate(JenkinsAcceptanceTestRule.java:55)
	at org.junit.runners.ParentRunner.runLeaf(ParentRunner.java:271)
	at org.junit.runners.BlockJUnit4ClassRunner.runChild(BlockJUnit4ClassRunner.java:70)
	at org.junit.runners.BlockJUnit4ClassRunner.runChild(BlockJUnit4ClassRunner.java:50)
	at org.junit.runners.ParentRunner$3.run(ParentRunner.java:238)
	at org.junit.runners.ParentRunner$1.schedule(ParentRunner.java:63)
	at org.junit.runners.ParentRunner.runChildren(ParentRunner.java:236)
	at org.junit.runners.ParentRunner.access$000(ParentRunner.java:53)
	at org.junit.runners.ParentRunner$2.evaluate(ParentRunner.java:229)
	at org.junit.runners.ParentRunner.run(ParentRunner.java:309)
	at org.apache.maven.surefire.junit4.JUnit4Provider.execute(JUnit4Provider.java:264)
	at org.apache.maven.surefire.junit4.JUnit4Provider.executeTestSet(JUnit4Provider.java:153)
	at org.apache.maven.surefire.junit4.JUnit4Provider.invoke(JUnit4Provider.java:124)
	at org.apache.maven.surefire.booter.ForkedBooter.invokeProviderInSameClassLoader(ForkedBooter.java:200)
	at org.apache.maven.surefire.booter.ForkedBooter.runSuitesInProcess(ForkedBooter.java:153)
	at org.apache.maven.surefire.booter.ForkedBooter.main(ForkedBooter.java:103)
</error>
    <system-out><![CDATA[testCaseResult=ru.yandex.qatools.allure.model.TestCaseResult@1ed1957c[
  name=run_on_master
  title=<null>
  description=<null>
  failure=ru.yandex.qatools.allure.model.Failure@3e9cf334
  start=1445040889456
  stop=1445040907686
  status=BROKEN
  severity=<null>
  steps=[]
  attachments=[]
  labels=[ru.yandex.qatools.allure.model.Label@352c26c9, ru.yandex.qatools.allure.model.Label@21662dc4]
  parameters=<null>
]
testCaseResult={
   "start" : 1445040889456,
   "stop" : 1445040907686,
   "status" : "broken",
   "name" : "run_on_master",
   "failure" : {
      "message" : "NoSuchMethodError: org.apache.http.entity.ContentType.create(Ljava/lang/String;[Lorg/apache/http/NameValuePair;)Lorg/apache/http/entity/ContentType;",
      "stack-trace" : "java.lang.NoSuchMethodError: org.apache.http.entity.ContentType.create(Ljava/lang/String;[Lorg/apache/http/NameValuePair;)Lorg/apache/http/entity/ContentType;\n\tat org.apache.http.entity.mime.MultipartEntityBuilder.buildEntity(MultipartEntityBuilder.java:209)\n\tat org.apache.http.entity.mime.MultipartEntityBuilder.build(MultipartEntityBuilder.java:230)\n\tat org.jenkinsci.test.acceptance.update_center.PluginMetadata.uploadTo(PluginMetadata.java:65)\n\tat org.jenkinsci.test.acceptance.po.PluginManager.installPlugins(PluginManager.java:173)\n\tat org.jenkinsci.test.acceptance.junit.WithPlugins$RuleImpl$1.doInstall(WithPlugins.java:139)\n\tat org.jenkinsci.test.acceptance.junit.WithPlugins$RuleImpl$1.installPlugins(WithPlugins.java:119)\n\tat org.jenkinsci.test.acceptance.junit.WithPlugins$RuleImpl$1.evaluate(WithPlugins.java:92)\n\tat org.jenkinsci.test.acceptance.junit.JenkinsAcceptanceTestRule$1$2$1.evaluate(JenkinsAcceptanceTestRule.java:129)\n\tat org.jenkinsci.test.acceptance.junit.FilterRule$1.evaluate(FilterRule.java:62)\n\tat org.jenkinsci.test.acceptance.junit.JenkinsAcceptanceTestRule$1.evaluate(JenkinsAcceptanceTestRule.java:55)\n\tat org.junit.runners.ParentRunner.runLeaf(ParentRunner.java:271)\n\tat org.junit.runners.BlockJUnit4ClassRunner.runChild(BlockJUnit4ClassRunner.java:70)\n\tat org.junit.runners.BlockJUnit4ClassRunner.runChild(BlockJUnit4ClassRunner.java:50)\n\tat org.junit.runners.ParentRunner$3.run(ParentRunner.java:238)\n\tat org.junit.runners.ParentRunner$1.schedule(ParentRunner.java:63)\n\tat org.junit.runners.ParentRunner.runChildren(ParentRunner.java:236)\n\tat org.junit.runners.ParentRunner.access$000(ParentRunner.java:53)\n\tat org.junit.runners.ParentRunner$2.evaluate(ParentRunner.java:229)\n\tat org.junit.runners.ParentRunner.run(ParentRunner.java:309)\n\tat org.apache.maven.surefire.junit4.JUnit4Provider.execute(JUnit4Provider.java:264)\n\tat org.apache.maven.surefire.junit4.JUnit4Provider.executeTestSet(JUnit4Provider.java:153)\n\tat org.apache.maven.surefire.junit4.JUnit4Provider.invoke(JUnit4Provider.java:124)\n\tat org.apache.maven.surefire.booter.ForkedBooter.invokeProviderInSameClassLoader(ForkedBooter.java:200)\n\tat org.apache.maven.surefire.booter.ForkedBooter.runSuitesInProcess(ForkedBooter.java:153)\n\tat org.apache.maven.surefire.booter.ForkedBooter.main(ForkedBooter.java:103)\n"
   },
   "steps" : {
      "step" : [ ]
   },
   "attachments" : {
      "attachment" : [ ]
   },
   "labels" : {
      "label" : [ {
         "name" : "host",
         "value" : "MacBook-Pro-2.home"
      }, {
         "name" : "thread",
         "value" : "1771@MacBook-Pro-2.home.main(1)"
      } ]
   }
}
testCase=ru.yandex.qatools.allure.model.TestCase@338e26e1[
  _id=617a9bc0-e18e-4257-9a34-c9466e56e31f
  executionId=7a8626ac-7b8d-4761-8bff-776519219d78
  threadName=thread_15005794375463
  name=run_on_master
  title=<null>
  description=<null>
  failure=ru.yandex.qatools.allure.model.Failure@3e9cf334
  start=1445040889456
  stop=1445040907686
  status=BROKEN
  severity=<null>
  steps=[]
  attachments=[]
  labels=[ru.yandex.qatools.allure.model.Label@352c26c9, ru.yandex.qatools.allure.model.Label@21662dc4]
  parameters=<null>
]
testCase={
   "start" : 1445040889456,
   "stop" : 1445040907686,
   "status" : "broken",
   "_id" : "617a9bc0-e18e-4257-9a34-c9466e56e31f",
   "executionId" : "7a8626ac-7b8d-4761-8bff-776519219d78",
   "threadName" : "thread_15005794375463",
   "name" : "run_on_master",
   "failure" : {
      "message" : "NoSuchMethodError: org.apache.http.entity.ContentType.create(Ljava/lang/String;[Lorg/apache/http/NameValuePair;)Lorg/apache/http/entity/ContentType;",
      "stack-trace" : "java.lang.NoSuchMethodError: org.apache.http.entity.ContentType.create(Ljava/lang/String;[Lorg/apache/http/NameValuePair;)Lorg/apache/http/entity/ContentType;\n\tat org.apache.http.entity.mime.MultipartEntityBuilder.buildEntity(MultipartEntityBuilder.java:209)\n\tat org.apache.http.entity.mime.MultipartEntityBuilder.build(MultipartEntityBuilder.java:230)\n\tat org.jenkinsci.test.acceptance.update_center.PluginMetadata.uploadTo(PluginMetadata.java:65)\n\tat org.jenkinsci.test.acceptance.po.PluginManager.installPlugins(PluginManager.java:173)\n\tat org.jenkinsci.test.acceptance.junit.WithPlugins$RuleImpl$1.doInstall(WithPlugins.java:139)\n\tat org.jenkinsci.test.acceptance.junit.WithPlugins$RuleImpl$1.installPlugins(WithPlugins.java:119)\n\tat org.jenkinsci.test.acceptance.junit.WithPlugins$RuleImpl$1.evaluate(WithPlugins.java:92)\n\tat org.jenkinsci.test.acceptance.junit.JenkinsAcceptanceTestRule$1$2$1.evaluate(JenkinsAcceptanceTestRule.java:129)\n\tat org.jenkinsci.test.acceptance.junit.FilterRule$1.evaluate(FilterRule.java:62)\n\tat org.jenkinsci.test.acceptance.junit.JenkinsAcceptanceTestRule$1.evaluate(JenkinsAcceptanceTestRule.java:55)\n\tat org.junit.runners.ParentRunner.runLeaf(ParentRunner.java:271)\n\tat org.junit.runners.BlockJUnit4ClassRunner.runChild(BlockJUnit4ClassRunner.java:70)\n\tat org.junit.runners.BlockJUnit4ClassRunner.runChild(BlockJUnit4ClassRunner.java:50)\n\tat org.junit.runners.ParentRunner$3.run(ParentRunner.java:238)\n\tat org.junit.runners.ParentRunner$1.schedule(ParentRunner.java:63)\n\tat org.junit.runners.ParentRunner.runChildren(ParentRunner.java:236)\n\tat org.junit.runners.ParentRunner.access$000(ParentRunner.java:53)\n\tat org.junit.runners.ParentRunner$2.evaluate(ParentRunner.java:229)\n\tat org.junit.runners.ParentRunner.run(ParentRunner.java:309)\n\tat org.apache.maven.surefire.junit4.JUnit4Provider.execute(JUnit4Provider.java:264)\n\tat org.apache.maven.surefire.junit4.JUnit4Provider.executeTestSet(JUnit4Provider.java:153)\n\tat org.apache.maven.surefire.junit4.JUnit4Provider.invoke(JUnit4Provider.java:124)\n\tat org.apache.maven.surefire.booter.ForkedBooter.invokeProviderInSameClassLoader(ForkedBooter.java:200)\n\tat org.apache.maven.surefire.booter.ForkedBooter.runSuitesInProcess(ForkedBooter.java:153)\n\tat org.apache.maven.surefire.booter.ForkedBooter.main(ForkedBooter.java:103)\n"
   },
   "steps" : {
      "step" : [ ]
   },
   "attachments" : {
      "attachment" : [ ]
   },
   "labels" : {
      "label" : [ {
         "name" : "host",
         "value" : "MacBook-Pro-2.home"
      }, {
         "name" : "thread",
         "value" : "1771@MacBook-Pro-2.home.main(1)"
      } ]
   }
}
>>>REQUEST: /testaspect/TestCase/617a9bc0-e18e-4257-9a34-c9466e56e31f
<<<RESPONSE (201 Created): /testaspect/TestCase/617a9bc0-e18e-4257-9a34-c9466e56e31f
running with given plugins: []
=== Starting run_new_parameterized_script(plugins.ScriptlerPluginTest)
Starting Jenkins: JAVA_HOME=/Library/Java/JavaVirtualMachines/jdk1.8.0_60.jdk/Contents/Home JENKINS_HOME=/Users/abduljewel/Documents/c/spiderqa/sample-test-projects/acceptance-test-harness/target/jenkins4745604908961043840home /Library/Java/JavaVirtualMachines/jdk1.8.0_60.jdk/Contents/Home/bin/java -Duser.language=en -jar ./jenkins.war --ajp13Port=-1 --httpPort=51009
master51009|Running from: /Users/abduljewel/Documents/c/spiderqa/sample-test-projects/acceptance-test-harness/jenkins.war
master51009|webroot: EnvVars.masterEnvVars.get("JENKINS_HOME")
master51009|Oct 16, 2015 8:15:07 PM winstone.Logger logInternal
master51009|INFO: Beginning extraction from war file
master51009|Oct 16, 2015 8:15:08 PM org.eclipse.jetty.util.log.JavaUtilLog info
master51009|INFO: jetty-winstone-2.8
master51009|Oct 16, 2015 8:15:10 PM org.eclipse.jetty.util.log.JavaUtilLog info
master51009|INFO: NO JSP Support for , did not find org.apache.jasper.servlet.JspServlet
master51009|Jenkins home directory: /Users/abduljewel/Documents/c/spiderqa/sample-test-projects/acceptance-test-harness/target/jenkins4745604908961043840home found at: EnvVars.masterEnvVars.get("JENKINS_HOME")
master51009|Oct 16, 2015 8:15:10 PM org.eclipse.jetty.util.log.JavaUtilLog info
master51009|INFO: Started SelectChannelConnector@0.0.0.0:51009
master51009|Oct 16, 2015 8:15:10 PM winstone.Logger logInternal
master51009|INFO: Winstone Servlet Engine v2.0 running: controlPort=disabled
master51009|Oct 16, 2015 8:15:11 PM jenkins.InitReactorRunner$1 onAttained
master51009|INFO: Started initialization
master51009|Oct 16, 2015 8:15:20 PM jenkins.InitReactorRunner$1 onAttained
master51009|INFO: Listed all plugins
master51009|Oct 16, 2015 8:15:20 PM jenkins.InitReactorRunner$1 onAttained
master51009|INFO: Prepared all plugins
master51009|Oct 16, 2015 8:15:20 PM jenkins.InitReactorRunner$1 onAttained
master51009|INFO: Started all plugins
master51009|Oct 16, 2015 8:15:20 PM jenkins.InitReactorRunner$1 onAttained
master51009|INFO: Augmented all extensions
master51009|Oct 16, 2015 8:15:21 PM jenkins.InitReactorRunner$1 onAttained
master51009|INFO: Loaded all jobs
master51009|Oct 16, 2015 8:15:22 PM hudson.model.AsyncPeriodicWork$1 run
master51009|INFO: Started Download metadata
master51009|Oct 16, 2015 8:15:23 PM org.jenkinsci.main.modules.sshd.SSHD start
master51009|INFO: Started SSHD at port 59935
master51009|Oct 16, 2015 8:15:23 PM jenkins.InitReactorRunner$1 onAttained
master51009|INFO: Completed initialization
master51009|Oct 16, 2015 8:15:23 PM hudson.UDPBroadcastThread run
master51009|WARNING: UDP handling problem
master51009|java.net.SocketException: Can't assign requested address
master51009|	at java.net.PlainDatagramSocketImpl.join(Native Method)
master51009|	at java.net.AbstractPlainDatagramSocketImpl.join(AbstractPlainDatagramSocketImpl.java:179)
master51009|	at java.net.MulticastSocket.joinGroup(MulticastSocket.java:323)
master51009|	at hudson.UDPBroadcastThread.run(UDPBroadcastThread.java:77)
master51009|
master51009|Oct 16, 2015 8:15:23 PM hudson.WebAppMain$3 run
master51009|INFO: Jenkins is fully up and running
master51009|Oct 16, 2015 8:15:25 PM hudson.model.UpdateSite updateData
master51009|INFO: Obtained the latest update center data file for UpdateSource default
Jenkins is stopped
]]></system-out>
    <system-err><![CDATA[Oct 16, 2015 8:15:07 PM org.jenkinsci.test.acceptance.controller.LocalController startNow
INFO: Waiting for Jenkins to become running in http://127.0.0.1:51009/
Oct 16, 2015 8:15:23 PM org.jenkinsci.test.acceptance.controller.LocalController startNow
INFO: Jenkins is running in http://127.0.0.1:51009/
Oct 16, 2015 8:15:23 PM org.openqa.selenium.phantomjs.PhantomJSDriverService <init>
INFO: executable: /usr/local/bin/phantomjs
Oct 16, 2015 8:15:23 PM org.openqa.selenium.phantomjs.PhantomJSDriverService <init>
INFO: port: 40326
Oct 16, 2015 8:15:23 PM org.openqa.selenium.phantomjs.PhantomJSDriverService <init>
INFO: arguments: [--webdriver=40326, --webdriver-logfile=/Users/abduljewel/Documents/c/spiderqa/sample-test-projects/acceptance-test-harness/phantomjsdriver.log]
Oct 16, 2015 8:15:23 PM org.openqa.selenium.phantomjs.PhantomJSDriverService <init>
INFO: environment: {}
[INFO  - 2015-10-17T00:15:23.270Z] GhostDriver - Main - running on port 40326
[INFO  - 2015-10-17T00:15:23.553Z] Session [28d864d0-7464-11e5-a149-eb34017d961c] - page.settings - {"XSSAuditingEnabled":false,"javascriptCanCloseWindows":true,"javascriptCanOpenWindows":true,"javascriptEnabled":true,"loadImages":true,"localToRemoteUrlAccessEnabled":false,"userAgent":"Mozilla/5.0 (Macintosh; Intel Mac OS X) AppleWebKit/538.1 (KHTML, like Gecko) PhantomJS/2.0.0 Safari/538.1","webSecurityEnabled":true}
[INFO  - 2015-10-17T00:15:23.553Z] Session [28d864d0-7464-11e5-a149-eb34017d961c] - page.customHeaders:  - {"Accept-Language":"en"}
[INFO  - 2015-10-17T00:15:23.553Z] Session [28d864d0-7464-11e5-a149-eb34017d961c] - Session.negotiatedCapabilities - {"browserName":"phantomjs","version":"2.0.0","driverName":"ghostdriver","driverVersion":"1.2.0","platform":"mac-10.9 (Mavericks)-64bit","javascriptEnabled":true,"takesScreenshot":true,"handlesAlerts":false,"databaseEnabled":false,"locationContextEnabled":false,"applicationCacheEnabled":false,"browserConnectionEnabled":false,"cssSelectorsEnabled":true,"webStorageEnabled":false,"rotatable":false,"acceptSslCerts":false,"nativeEvents":true,"proxy":{"proxyType":"direct"},"phantomjs.page.customHeaders.Accept-Language":"en"}
[INFO  - 2015-10-17T00:15:23.553Z] SessionManagerReqHand - _postNewSessionCommand - New Session Created: 28d864d0-7464-11e5-a149-eb34017d961c
Oct 16, 2015 8:15:24 PM org.jenkinsci.test.acceptance.po.PluginManager installationStatus
INFO: scriptler is not installed
Oct 16, 2015 8:15:24 PM org.jenkinsci.test.acceptance.po.PluginManager installationStatus
INFO: scriptler is not installed
Oct 16, 2015 8:15:24 PM org.jenkinsci.test.acceptance.po.PluginManager installationStatus
INFO: credentials has version 1.18 but 1.24 was requested
[INFO  - 2015-10-17T00:15:24.701Z] ShutdownReqHand - _handle - About to shutdown
]]></system-err>
  </testcase>
  <testcase name="run_on_all_slaves" classname="plugins.ScriptlerPluginTest" time="18.378">
    <error message="org.apache.http.entity.ContentType.create(Ljava/lang/String;[Lorg/apache/http/NameValuePair;)Lorg/apache/http/entity/ContentType;" type="java.lang.NoSuchMethodError">java.lang.NoSuchMethodError: org.apache.http.entity.ContentType.create(Ljava/lang/String;[Lorg/apache/http/NameValuePair;)Lorg/apache/http/entity/ContentType;
	at org.apache.http.entity.mime.MultipartEntityBuilder.buildEntity(MultipartEntityBuilder.java:209)
	at org.apache.http.entity.mime.MultipartEntityBuilder.build(MultipartEntityBuilder.java:230)
	at org.jenkinsci.test.acceptance.update_center.PluginMetadata.uploadTo(PluginMetadata.java:65)
	at org.jenkinsci.test.acceptance.po.PluginManager.installPlugins(PluginManager.java:173)
	at org.jenkinsci.test.acceptance.junit.WithPlugins$RuleImpl$1.doInstall(WithPlugins.java:139)
	at org.jenkinsci.test.acceptance.junit.WithPlugins$RuleImpl$1.installPlugins(WithPlugins.java:119)
	at org.jenkinsci.test.acceptance.junit.WithPlugins$RuleImpl$1.evaluate(WithPlugins.java:92)
	at org.jenkinsci.test.acceptance.junit.JenkinsAcceptanceTestRule$1$2$1.evaluate(JenkinsAcceptanceTestRule.java:129)
	at org.jenkinsci.test.acceptance.junit.FilterRule$1.evaluate(FilterRule.java:62)
	at org.jenkinsci.test.acceptance.junit.JenkinsAcceptanceTestRule$1.evaluate(JenkinsAcceptanceTestRule.java:55)
	at org.junit.runners.ParentRunner.runLeaf(ParentRunner.java:271)
	at org.junit.runners.BlockJUnit4ClassRunner.runChild(BlockJUnit4ClassRunner.java:70)
	at org.junit.runners.BlockJUnit4ClassRunner.runChild(BlockJUnit4ClassRunner.java:50)
	at org.junit.runners.ParentRunner$3.run(ParentRunner.java:238)
	at org.junit.runners.ParentRunner$1.schedule(ParentRunner.java:63)
	at org.junit.runners.ParentRunner.runChildren(ParentRunner.java:236)
	at org.junit.runners.ParentRunner.access$000(ParentRunner.java:53)
	at org.junit.runners.ParentRunner$2.evaluate(ParentRunner.java:229)
	at org.junit.runners.ParentRunner.run(ParentRunner.java:309)
	at org.apache.maven.surefire.junit4.JUnit4Provider.execute(JUnit4Provider.java:264)
	at org.apache.maven.surefire.junit4.JUnit4Provider.executeTestSet(JUnit4Provider.java:153)
	at org.apache.maven.surefire.junit4.JUnit4Provider.invoke(JUnit4Provider.java:124)
	at org.apache.maven.surefire.booter.ForkedBooter.invokeProviderInSameClassLoader(ForkedBooter.java:200)
	at org.apache.maven.surefire.booter.ForkedBooter.runSuitesInProcess(ForkedBooter.java:153)
	at org.apache.maven.surefire.booter.ForkedBooter.main(ForkedBooter.java:103)
</error>
    <system-out><![CDATA[testCaseResult=ru.yandex.qatools.allure.model.TestCaseResult@45b713cd[
  name=run_new_parameterized_script
  title=<null>
  description=<null>
  failure=ru.yandex.qatools.allure.model.Failure@76b7dbee
  start=1445040907687
  stop=1445040925378
  status=BROKEN
  severity=<null>
  steps=[]
  attachments=[]
  labels=[ru.yandex.qatools.allure.model.Label@4919f14, ru.yandex.qatools.allure.model.Label@238d1119]
  parameters=<null>
]
testCaseResult={
   "start" : 1445040907687,
   "stop" : 1445040925378,
   "status" : "broken",
   "name" : "run_new_parameterized_script",
   "failure" : {
      "message" : "NoSuchMethodError: org.apache.http.entity.ContentType.create(Ljava/lang/String;[Lorg/apache/http/NameValuePair;)Lorg/apache/http/entity/ContentType;",
      "stack-trace" : "java.lang.NoSuchMethodError: org.apache.http.entity.ContentType.create(Ljava/lang/String;[Lorg/apache/http/NameValuePair;)Lorg/apache/http/entity/ContentType;\n\tat org.apache.http.entity.mime.MultipartEntityBuilder.buildEntity(MultipartEntityBuilder.java:209)\n\tat org.apache.http.entity.mime.MultipartEntityBuilder.build(MultipartEntityBuilder.java:230)\n\tat org.jenkinsci.test.acceptance.update_center.PluginMetadata.uploadTo(PluginMetadata.java:65)\n\tat org.jenkinsci.test.acceptance.po.PluginManager.installPlugins(PluginManager.java:173)\n\tat org.jenkinsci.test.acceptance.junit.WithPlugins$RuleImpl$1.doInstall(WithPlugins.java:139)\n\tat org.jenkinsci.test.acceptance.junit.WithPlugins$RuleImpl$1.installPlugins(WithPlugins.java:119)\n\tat org.jenkinsci.test.acceptance.junit.WithPlugins$RuleImpl$1.evaluate(WithPlugins.java:92)\n\tat org.jenkinsci.test.acceptance.junit.JenkinsAcceptanceTestRule$1$2$1.evaluate(JenkinsAcceptanceTestRule.java:129)\n\tat org.jenkinsci.test.acceptance.junit.FilterRule$1.evaluate(FilterRule.java:62)\n\tat org.jenkinsci.test.acceptance.junit.JenkinsAcceptanceTestRule$1.evaluate(JenkinsAcceptanceTestRule.java:55)\n\tat org.junit.runners.ParentRunner.runLeaf(ParentRunner.java:271)\n\tat org.junit.runners.BlockJUnit4ClassRunner.runChild(BlockJUnit4ClassRunner.java:70)\n\tat org.junit.runners.BlockJUnit4ClassRunner.runChild(BlockJUnit4ClassRunner.java:50)\n\tat org.junit.runners.ParentRunner$3.run(ParentRunner.java:238)\n\tat org.junit.runners.ParentRunner$1.schedule(ParentRunner.java:63)\n\tat org.junit.runners.ParentRunner.runChildren(ParentRunner.java:236)\n\tat org.junit.runners.ParentRunner.access$000(ParentRunner.java:53)\n\tat org.junit.runners.ParentRunner$2.evaluate(ParentRunner.java:229)\n\tat org.junit.runners.ParentRunner.run(ParentRunner.java:309)\n\tat org.apache.maven.surefire.junit4.JUnit4Provider.execute(JUnit4Provider.java:264)\n\tat org.apache.maven.surefire.junit4.JUnit4Provider.executeTestSet(JUnit4Provider.java:153)\n\tat org.apache.maven.surefire.junit4.JUnit4Provider.invoke(JUnit4Provider.java:124)\n\tat org.apache.maven.surefire.booter.ForkedBooter.invokeProviderInSameClassLoader(ForkedBooter.java:200)\n\tat org.apache.maven.surefire.booter.ForkedBooter.runSuitesInProcess(ForkedBooter.java:153)\n\tat org.apache.maven.surefire.booter.ForkedBooter.main(ForkedBooter.java:103)\n"
   },
   "steps" : {
      "step" : [ ]
   },
   "attachments" : {
      "attachment" : [ ]
   },
   "labels" : {
      "label" : [ {
         "name" : "host",
         "value" : "MacBook-Pro-2.home"
      }, {
         "name" : "thread",
         "value" : "1771@MacBook-Pro-2.home.main(1)"
      } ]
   }
}
testCase=ru.yandex.qatools.allure.model.TestCase@5ed957de[
  _id=1cb43844-d7b4-41f8-acb4-10761db99c29
  executionId=7a8626ac-7b8d-4761-8bff-776519219d78
  threadName=thread_15005794375463
  name=run_new_parameterized_script
  title=<null>
  description=<null>
  failure=ru.yandex.qatools.allure.model.Failure@76b7dbee
  start=1445040907687
  stop=1445040925378
  status=BROKEN
  severity=<null>
  steps=[]
  attachments=[]
  labels=[ru.yandex.qatools.allure.model.Label@4919f14, ru.yandex.qatools.allure.model.Label@238d1119]
  parameters=<null>
]
testCase={
   "start" : 1445040907687,
   "stop" : 1445040925378,
   "status" : "broken",
   "_id" : "1cb43844-d7b4-41f8-acb4-10761db99c29",
   "executionId" : "7a8626ac-7b8d-4761-8bff-776519219d78",
   "threadName" : "thread_15005794375463",
   "name" : "run_new_parameterized_script",
   "failure" : {
      "message" : "NoSuchMethodError: org.apache.http.entity.ContentType.create(Ljava/lang/String;[Lorg/apache/http/NameValuePair;)Lorg/apache/http/entity/ContentType;",
      "stack-trace" : "java.lang.NoSuchMethodError: org.apache.http.entity.ContentType.create(Ljava/lang/String;[Lorg/apache/http/NameValuePair;)Lorg/apache/http/entity/ContentType;\n\tat org.apache.http.entity.mime.MultipartEntityBuilder.buildEntity(MultipartEntityBuilder.java:209)\n\tat org.apache.http.entity.mime.MultipartEntityBuilder.build(MultipartEntityBuilder.java:230)\n\tat org.jenkinsci.test.acceptance.update_center.PluginMetadata.uploadTo(PluginMetadata.java:65)\n\tat org.jenkinsci.test.acceptance.po.PluginManager.installPlugins(PluginManager.java:173)\n\tat org.jenkinsci.test.acceptance.junit.WithPlugins$RuleImpl$1.doInstall(WithPlugins.java:139)\n\tat org.jenkinsci.test.acceptance.junit.WithPlugins$RuleImpl$1.installPlugins(WithPlugins.java:119)\n\tat org.jenkinsci.test.acceptance.junit.WithPlugins$RuleImpl$1.evaluate(WithPlugins.java:92)\n\tat org.jenkinsci.test.acceptance.junit.JenkinsAcceptanceTestRule$1$2$1.evaluate(JenkinsAcceptanceTestRule.java:129)\n\tat org.jenkinsci.test.acceptance.junit.FilterRule$1.evaluate(FilterRule.java:62)\n\tat org.jenkinsci.test.acceptance.junit.JenkinsAcceptanceTestRule$1.evaluate(JenkinsAcceptanceTestRule.java:55)\n\tat org.junit.runners.ParentRunner.runLeaf(ParentRunner.java:271)\n\tat org.junit.runners.BlockJUnit4ClassRunner.runChild(BlockJUnit4ClassRunner.java:70)\n\tat org.junit.runners.BlockJUnit4ClassRunner.runChild(BlockJUnit4ClassRunner.java:50)\n\tat org.junit.runners.ParentRunner$3.run(ParentRunner.java:238)\n\tat org.junit.runners.ParentRunner$1.schedule(ParentRunner.java:63)\n\tat org.junit.runners.ParentRunner.runChildren(ParentRunner.java:236)\n\tat org.junit.runners.ParentRunner.access$000(ParentRunner.java:53)\n\tat org.junit.runners.ParentRunner$2.evaluate(ParentRunner.java:229)\n\tat org.junit.runners.ParentRunner.run(ParentRunner.java:309)\n\tat org.apache.maven.surefire.junit4.JUnit4Provider.execute(JUnit4Provider.java:264)\n\tat org.apache.maven.surefire.junit4.JUnit4Provider.executeTestSet(JUnit4Provider.java:153)\n\tat org.apache.maven.surefire.junit4.JUnit4Provider.invoke(JUnit4Provider.java:124)\n\tat org.apache.maven.surefire.booter.ForkedBooter.invokeProviderInSameClassLoader(ForkedBooter.java:200)\n\tat org.apache.maven.surefire.booter.ForkedBooter.runSuitesInProcess(ForkedBooter.java:153)\n\tat org.apache.maven.surefire.booter.ForkedBooter.main(ForkedBooter.java:103)\n"
   },
   "steps" : {
      "step" : [ ]
   },
   "attachments" : {
      "attachment" : [ ]
   },
   "labels" : {
      "label" : [ {
         "name" : "host",
         "value" : "MacBook-Pro-2.home"
      }, {
         "name" : "thread",
         "value" : "1771@MacBook-Pro-2.home.main(1)"
      } ]
   }
}
>>>REQUEST: /testaspect/TestCase/1cb43844-d7b4-41f8-acb4-10761db99c29
running with given plugins: []
<<<RESPONSE (201 Created): /testaspect/TestCase/1cb43844-d7b4-41f8-acb4-10761db99c29
=== Starting run_on_all_slaves(plugins.ScriptlerPluginTest)
Starting Jenkins: JAVA_HOME=/Library/Java/JavaVirtualMachines/jdk1.8.0_60.jdk/Contents/Home JENKINS_HOME=/Users/abduljewel/Documents/c/spiderqa/sample-test-projects/acceptance-test-harness/target/jenkins5400316983182846266home /Library/Java/JavaVirtualMachines/jdk1.8.0_60.jdk/Contents/Home/bin/java -Duser.language=en -jar ./jenkins.war --ajp13Port=-1 --httpPort=63152
master63152|Running from: /Users/abduljewel/Documents/c/spiderqa/sample-test-projects/acceptance-test-harness/jenkins.war
master63152|webroot: EnvVars.masterEnvVars.get("JENKINS_HOME")
master63152|Oct 16, 2015 8:15:25 PM winstone.Logger logInternal
master63152|INFO: Beginning extraction from war file
master63152|Oct 16, 2015 8:15:26 PM org.eclipse.jetty.util.log.JavaUtilLog info
master63152|INFO: jetty-winstone-2.8
master63152|Oct 16, 2015 8:15:27 PM org.eclipse.jetty.util.log.JavaUtilLog info
master63152|INFO: NO JSP Support for , did not find org.apache.jasper.servlet.JspServlet
master63152|Jenkins home directory: /Users/abduljewel/Documents/c/spiderqa/sample-test-projects/acceptance-test-harness/target/jenkins5400316983182846266home found at: EnvVars.masterEnvVars.get("JENKINS_HOME")
master63152|Oct 16, 2015 8:15:28 PM org.eclipse.jetty.util.log.JavaUtilLog info
master63152|INFO: Started SelectChannelConnector@0.0.0.0:63152
master63152|Oct 16, 2015 8:15:28 PM winstone.Logger logInternal
master63152|INFO: Winstone Servlet Engine v2.0 running: controlPort=disabled
master63152|Oct 16, 2015 8:15:28 PM jenkins.InitReactorRunner$1 onAttained
master63152|INFO: Started initialization
master63152|Oct 16, 2015 8:15:38 PM jenkins.InitReactorRunner$1 onAttained
master63152|INFO: Listed all plugins
master63152|Oct 16, 2015 8:15:38 PM jenkins.InitReactorRunner$1 onAttained
master63152|INFO: Prepared all plugins
master63152|Oct 16, 2015 8:15:38 PM jenkins.InitReactorRunner$1 onAttained
master63152|INFO: Started all plugins
master63152|Oct 16, 2015 8:15:38 PM jenkins.InitReactorRunner$1 onAttained
master63152|INFO: Augmented all extensions
master63152|Oct 16, 2015 8:15:39 PM jenkins.InitReactorRunner$1 onAttained
master63152|INFO: Loaded all jobs
master63152|Oct 16, 2015 8:15:41 PM hudson.model.AsyncPeriodicWork$1 run
master63152|INFO: Started Download metadata
master63152|Oct 16, 2015 8:15:41 PM org.jenkinsci.main.modules.sshd.SSHD start
master63152|INFO: Started SSHD at port 59953
master63152|Oct 16, 2015 8:15:41 PM jenkins.InitReactorRunner$1 onAttained
master63152|INFO: Completed initialization
master63152|Oct 16, 2015 8:15:41 PM hudson.UDPBroadcastThread run
master63152|WARNING: UDP handling problem
master63152|java.net.SocketException: Can't assign requested address
master63152|	at java.net.PlainDatagramSocketImpl.join(Native Method)
master63152|	at java.net.AbstractPlainDatagramSocketImpl.join(AbstractPlainDatagramSocketImpl.java:179)
master63152|	at java.net.MulticastSocket.joinGroup(MulticastSocket.java:323)
master63152|	at hudson.UDPBroadcastThread.run(UDPBroadcastThread.java:77)
master63152|
master63152|Oct 16, 2015 8:15:41 PM hudson.WebAppMain$3 run
master63152|INFO: Jenkins is fully up and running
master63152|Oct 16, 2015 8:15:43 PM hudson.model.UpdateSite updateData
master63152|INFO: Obtained the latest update center data file for UpdateSource default
master63152|Oct 16, 2015 8:15:43 PM hudson.model.DownloadService$Downloadable load
master63152|INFO: Obtained the updated data file for hudson.tasks.Maven.MavenInstaller
Jenkins is stopped
]]></system-out>
    <system-err><![CDATA[Oct 16, 2015 8:15:25 PM org.jenkinsci.test.acceptance.controller.LocalController startNow
INFO: Waiting for Jenkins to become running in http://127.0.0.1:63152/
Oct 16, 2015 8:15:41 PM org.jenkinsci.test.acceptance.controller.LocalController startNow
INFO: Jenkins is running in http://127.0.0.1:63152/
Oct 16, 2015 8:15:41 PM org.openqa.selenium.phantomjs.PhantomJSDriverService <init>
INFO: executable: /usr/local/bin/phantomjs
Oct 16, 2015 8:15:41 PM org.openqa.selenium.phantomjs.PhantomJSDriverService <init>
INFO: port: 42800
Oct 16, 2015 8:15:41 PM org.openqa.selenium.phantomjs.PhantomJSDriverService <init>
INFO: arguments: [--webdriver=42800, --webdriver-logfile=/Users/abduljewel/Documents/c/spiderqa/sample-test-projects/acceptance-test-harness/phantomjsdriver.log]
Oct 16, 2015 8:15:41 PM org.openqa.selenium.phantomjs.PhantomJSDriverService <init>
INFO: environment: {}
[INFO  - 2015-10-17T00:15:41.571Z] GhostDriver - Main - running on port 42800
[INFO  - 2015-10-17T00:15:41.856Z] Session [33c135c0-7464-11e5-98ba-51bc7f1ddf55] - page.settings - {"XSSAuditingEnabled":false,"javascriptCanCloseWindows":true,"javascriptCanOpenWindows":true,"javascriptEnabled":true,"loadImages":true,"localToRemoteUrlAccessEnabled":false,"userAgent":"Mozilla/5.0 (Macintosh; Intel Mac OS X) AppleWebKit/538.1 (KHTML, like Gecko) PhantomJS/2.0.0 Safari/538.1","webSecurityEnabled":true}
[INFO  - 2015-10-17T00:15:41.856Z] Session [33c135c0-7464-11e5-98ba-51bc7f1ddf55] - page.customHeaders:  - {"Accept-Language":"en"}
[INFO  - 2015-10-17T00:15:41.856Z] Session [33c135c0-7464-11e5-98ba-51bc7f1ddf55] - Session.negotiatedCapabilities - {"browserName":"phantomjs","version":"2.0.0","driverName":"ghostdriver","driverVersion":"1.2.0","platform":"mac-10.9 (Mavericks)-64bit","javascriptEnabled":true,"takesScreenshot":true,"handlesAlerts":false,"databaseEnabled":false,"locationContextEnabled":false,"applicationCacheEnabled":false,"browserConnectionEnabled":false,"cssSelectorsEnabled":true,"webStorageEnabled":false,"rotatable":false,"acceptSslCerts":false,"nativeEvents":true,"proxy":{"proxyType":"direct"},"phantomjs.page.customHeaders.Accept-Language":"en"}
[INFO  - 2015-10-17T00:15:41.856Z] SessionManagerReqHand - _postNewSessionCommand - New Session Created: 33c135c0-7464-11e5-98ba-51bc7f1ddf55
Oct 16, 2015 8:15:43 PM org.jenkinsci.test.acceptance.po.PluginManager installationStatus
INFO: scriptler is not installed
Oct 16, 2015 8:15:43 PM org.jenkinsci.test.acceptance.po.PluginManager installationStatus
INFO: scriptler is not installed
Oct 16, 2015 8:15:43 PM org.jenkinsci.test.acceptance.po.PluginManager installationStatus
INFO: credentials has version 1.18 but 1.24 was requested
[INFO  - 2015-10-17T00:15:43.083Z] ShutdownReqHand - _handle - About to shutdown
]]></system-err>
  </testcase>
  <testcase name="run_on_slave" classname="plugins.ScriptlerPluginTest" time="19.258">
    <error message="org.apache.http.entity.ContentType.create(Ljava/lang/String;[Lorg/apache/http/NameValuePair;)Lorg/apache/http/entity/ContentType;" type="java.lang.NoSuchMethodError">java.lang.NoSuchMethodError: org.apache.http.entity.ContentType.create(Ljava/lang/String;[Lorg/apache/http/NameValuePair;)Lorg/apache/http/entity/ContentType;
	at org.apache.http.entity.mime.MultipartEntityBuilder.buildEntity(MultipartEntityBuilder.java:209)
	at org.apache.http.entity.mime.MultipartEntityBuilder.build(MultipartEntityBuilder.java:230)
	at org.jenkinsci.test.acceptance.update_center.PluginMetadata.uploadTo(PluginMetadata.java:65)
	at org.jenkinsci.test.acceptance.po.PluginManager.installPlugins(PluginManager.java:173)
	at org.jenkinsci.test.acceptance.junit.WithPlugins$RuleImpl$1.doInstall(WithPlugins.java:139)
	at org.jenkinsci.test.acceptance.junit.WithPlugins$RuleImpl$1.installPlugins(WithPlugins.java:119)
	at org.jenkinsci.test.acceptance.junit.WithPlugins$RuleImpl$1.evaluate(WithPlugins.java:92)
	at org.jenkinsci.test.acceptance.junit.JenkinsAcceptanceTestRule$1$2$1.evaluate(JenkinsAcceptanceTestRule.java:129)
	at org.jenkinsci.test.acceptance.junit.FilterRule$1.evaluate(FilterRule.java:62)
	at org.jenkinsci.test.acceptance.junit.JenkinsAcceptanceTestRule$1.evaluate(JenkinsAcceptanceTestRule.java:55)
	at org.junit.runners.ParentRunner.runLeaf(ParentRunner.java:271)
	at org.junit.runners.BlockJUnit4ClassRunner.runChild(BlockJUnit4ClassRunner.java:70)
	at org.junit.runners.BlockJUnit4ClassRunner.runChild(BlockJUnit4ClassRunner.java:50)
	at org.junit.runners.ParentRunner$3.run(ParentRunner.java:238)
	at org.junit.runners.ParentRunner$1.schedule(ParentRunner.java:63)
	at org.junit.runners.ParentRunner.runChildren(ParentRunner.java:236)
	at org.junit.runners.ParentRunner.access$000(ParentRunner.java:53)
	at org.junit.runners.ParentRunner$2.evaluate(ParentRunner.java:229)
	at org.junit.runners.ParentRunner.run(ParentRunner.java:309)
	at org.apache.maven.surefire.junit4.JUnit4Provider.execute(JUnit4Provider.java:264)
	at org.apache.maven.surefire.junit4.JUnit4Provider.executeTestSet(JUnit4Provider.java:153)
	at org.apache.maven.surefire.junit4.JUnit4Provider.invoke(JUnit4Provider.java:124)
	at org.apache.maven.surefire.booter.ForkedBooter.invokeProviderInSameClassLoader(ForkedBooter.java:200)
	at org.apache.maven.surefire.booter.ForkedBooter.runSuitesInProcess(ForkedBooter.java:153)
	at org.apache.maven.surefire.booter.ForkedBooter.main(ForkedBooter.java:103)
</error>
    <system-out><![CDATA[testCaseResult=ru.yandex.qatools.allure.model.TestCaseResult@5909e0b3[
  name=run_on_all_slaves
  title=<null>
  description=<null>
  failure=ru.yandex.qatools.allure.model.Failure@13c583e2
  start=1445040925379
  stop=1445040943757
  status=BROKEN
  severity=<null>
  steps=[]
  attachments=[]
  labels=[ru.yandex.qatools.allure.model.Label@4c0f0108, ru.yandex.qatools.allure.model.Label@728b4997]
  parameters=<null>
]
testCaseResult={
   "start" : 1445040925379,
   "stop" : 1445040943757,
   "status" : "broken",
   "name" : "run_on_all_slaves",
   "failure" : {
      "message" : "NoSuchMethodError: org.apache.http.entity.ContentType.create(Ljava/lang/String;[Lorg/apache/http/NameValuePair;)Lorg/apache/http/entity/ContentType;",
      "stack-trace" : "java.lang.NoSuchMethodError: org.apache.http.entity.ContentType.create(Ljava/lang/String;[Lorg/apache/http/NameValuePair;)Lorg/apache/http/entity/ContentType;\n\tat org.apache.http.entity.mime.MultipartEntityBuilder.buildEntity(MultipartEntityBuilder.java:209)\n\tat org.apache.http.entity.mime.MultipartEntityBuilder.build(MultipartEntityBuilder.java:230)\n\tat org.jenkinsci.test.acceptance.update_center.PluginMetadata.uploadTo(PluginMetadata.java:65)\n\tat org.jenkinsci.test.acceptance.po.PluginManager.installPlugins(PluginManager.java:173)\n\tat org.jenkinsci.test.acceptance.junit.WithPlugins$RuleImpl$1.doInstall(WithPlugins.java:139)\n\tat org.jenkinsci.test.acceptance.junit.WithPlugins$RuleImpl$1.installPlugins(WithPlugins.java:119)\n\tat org.jenkinsci.test.acceptance.junit.WithPlugins$RuleImpl$1.evaluate(WithPlugins.java:92)\n\tat org.jenkinsci.test.acceptance.junit.JenkinsAcceptanceTestRule$1$2$1.evaluate(JenkinsAcceptanceTestRule.java:129)\n\tat org.jenkinsci.test.acceptance.junit.FilterRule$1.evaluate(FilterRule.java:62)\n\tat org.jenkinsci.test.acceptance.junit.JenkinsAcceptanceTestRule$1.evaluate(JenkinsAcceptanceTestRule.java:55)\n\tat org.junit.runners.ParentRunner.runLeaf(ParentRunner.java:271)\n\tat org.junit.runners.BlockJUnit4ClassRunner.runChild(BlockJUnit4ClassRunner.java:70)\n\tat org.junit.runners.BlockJUnit4ClassRunner.runChild(BlockJUnit4ClassRunner.java:50)\n\tat org.junit.runners.ParentRunner$3.run(ParentRunner.java:238)\n\tat org.junit.runners.ParentRunner$1.schedule(ParentRunner.java:63)\n\tat org.junit.runners.ParentRunner.runChildren(ParentRunner.java:236)\n\tat org.junit.runners.ParentRunner.access$000(ParentRunner.java:53)\n\tat org.junit.runners.ParentRunner$2.evaluate(ParentRunner.java:229)\n\tat org.junit.runners.ParentRunner.run(ParentRunner.java:309)\n\tat org.apache.maven.surefire.junit4.JUnit4Provider.execute(JUnit4Provider.java:264)\n\tat org.apache.maven.surefire.junit4.JUnit4Provider.executeTestSet(JUnit4Provider.java:153)\n\tat org.apache.maven.surefire.junit4.JUnit4Provider.invoke(JUnit4Provider.java:124)\n\tat org.apache.maven.surefire.booter.ForkedBooter.invokeProviderInSameClassLoader(ForkedBooter.java:200)\n\tat org.apache.maven.surefire.booter.ForkedBooter.runSuitesInProcess(ForkedBooter.java:153)\n\tat org.apache.maven.surefire.booter.ForkedBooter.main(ForkedBooter.java:103)\n"
   },
   "steps" : {
      "step" : [ ]
   },
   "attachments" : {
      "attachment" : [ ]
   },
   "labels" : {
      "label" : [ {
         "name" : "host",
         "value" : "MacBook-Pro-2.home"
      }, {
         "name" : "thread",
         "value" : "1771@MacBook-Pro-2.home.main(1)"
      } ]
   }
}
testCase=ru.yandex.qatools.allure.model.TestCase@6491230d[
  _id=5975c76f-1e95-4ca9-b782-247fac13bca6
  executionId=7a8626ac-7b8d-4761-8bff-776519219d78
  threadName=thread_15005794375463
  name=run_on_all_slaves
  title=<null>
  description=<null>
  failure=ru.yandex.qatools.allure.model.Failure@13c583e2
  start=1445040925379
  stop=1445040943757
  status=BROKEN
  severity=<null>
  steps=[]
  attachments=[]
  labels=[ru.yandex.qatools.allure.model.Label@4c0f0108, ru.yandex.qatools.allure.model.Label@728b4997]
  parameters=<null>
]
testCase={
   "start" : 1445040925379,
   "stop" : 1445040943757,
   "status" : "broken",
   "_id" : "5975c76f-1e95-4ca9-b782-247fac13bca6",
   "executionId" : "7a8626ac-7b8d-4761-8bff-776519219d78",
   "threadName" : "thread_15005794375463",
   "name" : "run_on_all_slaves",
   "failure" : {
      "message" : "NoSuchMethodError: org.apache.http.entity.ContentType.create(Ljava/lang/String;[Lorg/apache/http/NameValuePair;)Lorg/apache/http/entity/ContentType;",
      "stack-trace" : "java.lang.NoSuchMethodError: org.apache.http.entity.ContentType.create(Ljava/lang/String;[Lorg/apache/http/NameValuePair;)Lorg/apache/http/entity/ContentType;\n\tat org.apache.http.entity.mime.MultipartEntityBuilder.buildEntity(MultipartEntityBuilder.java:209)\n\tat org.apache.http.entity.mime.MultipartEntityBuilder.build(MultipartEntityBuilder.java:230)\n\tat org.jenkinsci.test.acceptance.update_center.PluginMetadata.uploadTo(PluginMetadata.java:65)\n\tat org.jenkinsci.test.acceptance.po.PluginManager.installPlugins(PluginManager.java:173)\n\tat org.jenkinsci.test.acceptance.junit.WithPlugins$RuleImpl$1.doInstall(WithPlugins.java:139)\n\tat org.jenkinsci.test.acceptance.junit.WithPlugins$RuleImpl$1.installPlugins(WithPlugins.java:119)\n\tat org.jenkinsci.test.acceptance.junit.WithPlugins$RuleImpl$1.evaluate(WithPlugins.java:92)\n\tat org.jenkinsci.test.acceptance.junit.JenkinsAcceptanceTestRule$1$2$1.evaluate(JenkinsAcceptanceTestRule.java:129)\n\tat org.jenkinsci.test.acceptance.junit.FilterRule$1.evaluate(FilterRule.java:62)\n\tat org.jenkinsci.test.acceptance.junit.JenkinsAcceptanceTestRule$1.evaluate(JenkinsAcceptanceTestRule.java:55)\n\tat org.junit.runners.ParentRunner.runLeaf(ParentRunner.java:271)\n\tat org.junit.runners.BlockJUnit4ClassRunner.runChild(BlockJUnit4ClassRunner.java:70)\n\tat org.junit.runners.BlockJUnit4ClassRunner.runChild(BlockJUnit4ClassRunner.java:50)\n\tat org.junit.runners.ParentRunner$3.run(ParentRunner.java:238)\n\tat org.junit.runners.ParentRunner$1.schedule(ParentRunner.java:63)\n\tat org.junit.runners.ParentRunner.runChildren(ParentRunner.java:236)\n\tat org.junit.runners.ParentRunner.access$000(ParentRunner.java:53)\n\tat org.junit.runners.ParentRunner$2.evaluate(ParentRunner.java:229)\n\tat org.junit.runners.ParentRunner.run(ParentRunner.java:309)\n\tat org.apache.maven.surefire.junit4.JUnit4Provider.execute(JUnit4Provider.java:264)\n\tat org.apache.maven.surefire.junit4.JUnit4Provider.executeTestSet(JUnit4Provider.java:153)\n\tat org.apache.maven.surefire.junit4.JUnit4Provider.invoke(JUnit4Provider.java:124)\n\tat org.apache.maven.surefire.booter.ForkedBooter.invokeProviderInSameClassLoader(ForkedBooter.java:200)\n\tat org.apache.maven.surefire.booter.ForkedBooter.runSuitesInProcess(ForkedBooter.java:153)\n\tat org.apache.maven.surefire.booter.ForkedBooter.main(ForkedBooter.java:103)\n"
   },
   "steps" : {
      "step" : [ ]
   },
   "attachments" : {
      "attachment" : [ ]
   },
   "labels" : {
      "label" : [ {
         "name" : "host",
         "value" : "MacBook-Pro-2.home"
      }, {
         "name" : "thread",
         "value" : "1771@MacBook-Pro-2.home.main(1)"
      } ]
   }
}
>>>REQUEST: /testaspect/TestCase/5975c76f-1e95-4ca9-b782-247fac13bca6
running with given plugins: []
<<<RESPONSE (201 Created): /testaspect/TestCase/5975c76f-1e95-4ca9-b782-247fac13bca6
=== Starting run_on_slave(plugins.ScriptlerPluginTest)
Starting Jenkins: JAVA_HOME=/Library/Java/JavaVirtualMachines/jdk1.8.0_60.jdk/Contents/Home JENKINS_HOME=/Users/abduljewel/Documents/c/spiderqa/sample-test-projects/acceptance-test-harness/target/jenkins1005714753163485640home /Library/Java/JavaVirtualMachines/jdk1.8.0_60.jdk/Contents/Home/bin/java -Duser.language=en -jar ./jenkins.war --ajp13Port=-1 --httpPort=53271
master53271|Running from: /Users/abduljewel/Documents/c/spiderqa/sample-test-projects/acceptance-test-harness/jenkins.war
master53271|webroot: EnvVars.masterEnvVars.get("JENKINS_HOME")
master53271|Oct 16, 2015 8:15:44 PM winstone.Logger logInternal
master53271|INFO: Beginning extraction from war file
master53271|Oct 16, 2015 8:15:45 PM org.eclipse.jetty.util.log.JavaUtilLog info
master53271|INFO: jetty-winstone-2.8
master53271|Oct 16, 2015 8:15:46 PM org.eclipse.jetty.util.log.JavaUtilLog info
master53271|INFO: NO JSP Support for , did not find org.apache.jasper.servlet.JspServlet
master53271|Jenkins home directory: /Users/abduljewel/Documents/c/spiderqa/sample-test-projects/acceptance-test-harness/target/jenkins1005714753163485640home found at: EnvVars.masterEnvVars.get("JENKINS_HOME")
master53271|Oct 16, 2015 8:15:47 PM org.eclipse.jetty.util.log.JavaUtilLog info
master53271|INFO: Started SelectChannelConnector@0.0.0.0:53271
master53271|Oct 16, 2015 8:15:47 PM winstone.Logger logInternal
master53271|INFO: Winstone Servlet Engine v2.0 running: controlPort=disabled
master53271|Oct 16, 2015 8:15:47 PM jenkins.InitReactorRunner$1 onAttained
master53271|INFO: Started initialization
master53271|Oct 16, 2015 8:15:56 PM jenkins.InitReactorRunner$1 onAttained
master53271|INFO: Listed all plugins
master53271|Oct 16, 2015 8:15:56 PM jenkins.InitReactorRunner$1 onAttained
master53271|INFO: Prepared all plugins
master53271|Oct 16, 2015 8:15:56 PM jenkins.InitReactorRunner$1 onAttained
master53271|INFO: Started all plugins
master53271|Oct 16, 2015 8:15:56 PM jenkins.InitReactorRunner$1 onAttained
master53271|INFO: Augmented all extensions
master53271|Oct 16, 2015 8:15:57 PM jenkins.InitReactorRunner$1 onAttained
master53271|INFO: Loaded all jobs
master53271|Oct 16, 2015 8:15:58 PM hudson.model.AsyncPeriodicWork$1 run
master53271|INFO: Started Download metadata
master53271|Oct 16, 2015 8:15:59 PM org.jenkinsci.main.modules.sshd.SSHD start
master53271|INFO: Started SSHD at port 59974
master53271|Oct 16, 2015 8:15:59 PM jenkins.InitReactorRunner$1 onAttained
master53271|INFO: Completed initialization
master53271|Oct 16, 2015 8:15:59 PM hudson.UDPBroadcastThread run
master53271|WARNING: UDP handling problem
master53271|java.net.SocketException: Can't assign requested address
master53271|	at java.net.PlainDatagramSocketImpl.join(Native Method)
master53271|	at java.net.AbstractPlainDatagramSocketImpl.join(AbstractPlainDatagramSocketImpl.java:179)
master53271|	at java.net.MulticastSocket.joinGroup(MulticastSocket.java:323)
master53271|	at hudson.UDPBroadcastThread.run(UDPBroadcastThread.java:77)
master53271|
master53271|Oct 16, 2015 8:15:59 PM hudson.WebAppMain$3 run
master53271|INFO: Jenkins is fully up and running
master53271|Oct 16, 2015 8:16:00 PM hudson.model.UpdateSite updateData
master53271|INFO: Obtained the latest update center data file for UpdateSource default
master53271|Oct 16, 2015 8:16:00 PM hudson.model.DownloadService$Downloadable load
master53271|INFO: Obtained the updated data file for hudson.tasks.Maven.MavenInstaller
master53271|Oct 16, 2015 8:16:00 PM hudson.model.DownloadService$Downloadable load
master53271|INFO: Obtained the updated data file for hudson.tasks.Ant.AntInstaller
master53271|Oct 16, 2015 8:16:01 PM hudson.model.DownloadService$Downloadable load
master53271|INFO: Obtained the updated data file for hudson.tools.JDKInstaller
master53271|Oct 16, 2015 8:16:01 PM hudson.model.AsyncPeriodicWork$1 run
master53271|INFO: Finished Download metadata. 2,700 ms
Jenkins is stopped
]]></system-out>
    <system-err><![CDATA[Oct 16, 2015 8:15:43 PM org.jenkinsci.test.acceptance.controller.LocalController startNow
INFO: Waiting for Jenkins to become running in http://127.0.0.1:53271/
Oct 16, 2015 8:15:59 PM org.jenkinsci.test.acceptance.controller.LocalController startNow
INFO: Jenkins is running in http://127.0.0.1:53271/
Oct 16, 2015 8:15:59 PM org.openqa.selenium.phantomjs.PhantomJSDriverService <init>
INFO: executable: /usr/local/bin/phantomjs
Oct 16, 2015 8:15:59 PM org.openqa.selenium.phantomjs.PhantomJSDriverService <init>
INFO: port: 40775
Oct 16, 2015 8:15:59 PM org.openqa.selenium.phantomjs.PhantomJSDriverService <init>
INFO: arguments: [--webdriver=40775, --webdriver-logfile=/Users/abduljewel/Documents/c/spiderqa/sample-test-projects/acceptance-test-harness/phantomjsdriver.log]
Oct 16, 2015 8:15:59 PM org.openqa.selenium.phantomjs.PhantomJSDriverService <init>
INFO: environment: {}
[INFO  - 2015-10-17T00:15:59.320Z] GhostDriver - Main - running on port 40775
[INFO  - 2015-10-17T00:15:59.610Z] Session [3e561a50-7464-11e5-aee7-216520d2bcbf] - page.settings - {"XSSAuditingEnabled":false,"javascriptCanCloseWindows":true,"javascriptCanOpenWindows":true,"javascriptEnabled":true,"loadImages":true,"localToRemoteUrlAccessEnabled":false,"userAgent":"Mozilla/5.0 (Macintosh; Intel Mac OS X) AppleWebKit/538.1 (KHTML, like Gecko) PhantomJS/2.0.0 Safari/538.1","webSecurityEnabled":true}
[INFO  - 2015-10-17T00:15:59.610Z] Session [3e561a50-7464-11e5-aee7-216520d2bcbf] - page.customHeaders:  - {"Accept-Language":"en"}
[INFO  - 2015-10-17T00:15:59.610Z] Session [3e561a50-7464-11e5-aee7-216520d2bcbf] - Session.negotiatedCapabilities - {"browserName":"phantomjs","version":"2.0.0","driverName":"ghostdriver","driverVersion":"1.2.0","platform":"mac-10.9 (Mavericks)-64bit","javascriptEnabled":true,"takesScreenshot":true,"handlesAlerts":false,"databaseEnabled":false,"locationContextEnabled":false,"applicationCacheEnabled":false,"browserConnectionEnabled":false,"cssSelectorsEnabled":true,"webStorageEnabled":false,"rotatable":false,"acceptSslCerts":false,"nativeEvents":true,"proxy":{"proxyType":"direct"},"phantomjs.page.customHeaders.Accept-Language":"en"}
[INFO  - 2015-10-17T00:15:59.610Z] SessionManagerReqHand - _postNewSessionCommand - New Session Created: 3e561a50-7464-11e5-aee7-216520d2bcbf
Oct 16, 2015 8:16:00 PM org.jenkinsci.test.acceptance.po.PluginManager installationStatus
INFO: scriptler is not installed
Oct 16, 2015 8:16:00 PM org.jenkinsci.test.acceptance.po.PluginManager installationStatus
INFO: scriptler is not installed
Oct 16, 2015 8:16:01 PM org.jenkinsci.test.acceptance.po.PluginManager installationStatus
INFO: credentials has version 1.18 but 1.24 was requested
[INFO  - 2015-10-17T00:16:01.327Z] ShutdownReqHand - _handle - About to shutdown
]]></system-err>
  </testcase>
  <testcase name="delete_script" classname="plugins.ScriptlerPluginTest" time="17.471">
    <error message="org.apache.http.entity.ContentType.create(Ljava/lang/String;[Lorg/apache/http/NameValuePair;)Lorg/apache/http/entity/ContentType;" type="java.lang.NoSuchMethodError">java.lang.NoSuchMethodError: org.apache.http.entity.ContentType.create(Ljava/lang/String;[Lorg/apache/http/NameValuePair;)Lorg/apache/http/entity/ContentType;
	at org.apache.http.entity.mime.MultipartEntityBuilder.buildEntity(MultipartEntityBuilder.java:209)
	at org.apache.http.entity.mime.MultipartEntityBuilder.build(MultipartEntityBuilder.java:230)
	at org.jenkinsci.test.acceptance.update_center.PluginMetadata.uploadTo(PluginMetadata.java:65)
	at org.jenkinsci.test.acceptance.po.PluginManager.installPlugins(PluginManager.java:173)
	at org.jenkinsci.test.acceptance.junit.WithPlugins$RuleImpl$1.doInstall(WithPlugins.java:139)
	at org.jenkinsci.test.acceptance.junit.WithPlugins$RuleImpl$1.installPlugins(WithPlugins.java:119)
	at org.jenkinsci.test.acceptance.junit.WithPlugins$RuleImpl$1.evaluate(WithPlugins.java:92)
	at org.jenkinsci.test.acceptance.junit.JenkinsAcceptanceTestRule$1$2$1.evaluate(JenkinsAcceptanceTestRule.java:129)
	at org.jenkinsci.test.acceptance.junit.FilterRule$1.evaluate(FilterRule.java:62)
	at org.jenkinsci.test.acceptance.junit.JenkinsAcceptanceTestRule$1.evaluate(JenkinsAcceptanceTestRule.java:55)
	at org.junit.runners.ParentRunner.runLeaf(ParentRunner.java:271)
	at org.junit.runners.BlockJUnit4ClassRunner.runChild(BlockJUnit4ClassRunner.java:70)
	at org.junit.runners.BlockJUnit4ClassRunner.runChild(BlockJUnit4ClassRunner.java:50)
	at org.junit.runners.ParentRunner$3.run(ParentRunner.java:238)
	at org.junit.runners.ParentRunner$1.schedule(ParentRunner.java:63)
	at org.junit.runners.ParentRunner.runChildren(ParentRunner.java:236)
	at org.junit.runners.ParentRunner.access$000(ParentRunner.java:53)
	at org.junit.runners.ParentRunner$2.evaluate(ParentRunner.java:229)
	at org.junit.runners.ParentRunner.run(ParentRunner.java:309)
	at org.apache.maven.surefire.junit4.JUnit4Provider.execute(JUnit4Provider.java:264)
	at org.apache.maven.surefire.junit4.JUnit4Provider.executeTestSet(JUnit4Provider.java:153)
	at org.apache.maven.surefire.junit4.JUnit4Provider.invoke(JUnit4Provider.java:124)
	at org.apache.maven.surefire.booter.ForkedBooter.invokeProviderInSameClassLoader(ForkedBooter.java:200)
	at org.apache.maven.surefire.booter.ForkedBooter.runSuitesInProcess(ForkedBooter.java:153)
	at org.apache.maven.surefire.booter.ForkedBooter.main(ForkedBooter.java:103)
</error>
    <system-out><![CDATA[testCaseResult=ru.yandex.qatools.allure.model.TestCaseResult@2b843f9b[
  name=run_on_slave
  title=<null>
  description=<null>
  failure=ru.yandex.qatools.allure.model.Failure@5cde83d5
  start=1445040943759
  stop=1445040963017
  status=BROKEN
  severity=<null>
  steps=[]
  attachments=[]
  labels=[ru.yandex.qatools.allure.model.Label@9d1d7ad, ru.yandex.qatools.allure.model.Label@5ad3d4b8]
  parameters=<null>
]
testCaseResult={
   "start" : 1445040943759,
   "stop" : 1445040963017,
   "status" : "broken",
   "name" : "run_on_slave",
   "failure" : {
      "message" : "NoSuchMethodError: org.apache.http.entity.ContentType.create(Ljava/lang/String;[Lorg/apache/http/NameValuePair;)Lorg/apache/http/entity/ContentType;",
      "stack-trace" : "java.lang.NoSuchMethodError: org.apache.http.entity.ContentType.create(Ljava/lang/String;[Lorg/apache/http/NameValuePair;)Lorg/apache/http/entity/ContentType;\n\tat org.apache.http.entity.mime.MultipartEntityBuilder.buildEntity(MultipartEntityBuilder.java:209)\n\tat org.apache.http.entity.mime.MultipartEntityBuilder.build(MultipartEntityBuilder.java:230)\n\tat org.jenkinsci.test.acceptance.update_center.PluginMetadata.uploadTo(PluginMetadata.java:65)\n\tat org.jenkinsci.test.acceptance.po.PluginManager.installPlugins(PluginManager.java:173)\n\tat org.jenkinsci.test.acceptance.junit.WithPlugins$RuleImpl$1.doInstall(WithPlugins.java:139)\n\tat org.jenkinsci.test.acceptance.junit.WithPlugins$RuleImpl$1.installPlugins(WithPlugins.java:119)\n\tat org.jenkinsci.test.acceptance.junit.WithPlugins$RuleImpl$1.evaluate(WithPlugins.java:92)\n\tat org.jenkinsci.test.acceptance.junit.JenkinsAcceptanceTestRule$1$2$1.evaluate(JenkinsAcceptanceTestRule.java:129)\n\tat org.jenkinsci.test.acceptance.junit.FilterRule$1.evaluate(FilterRule.java:62)\n\tat org.jenkinsci.test.acceptance.junit.JenkinsAcceptanceTestRule$1.evaluate(JenkinsAcceptanceTestRule.java:55)\n\tat org.junit.runners.ParentRunner.runLeaf(ParentRunner.java:271)\n\tat org.junit.runners.BlockJUnit4ClassRunner.runChild(BlockJUnit4ClassRunner.java:70)\n\tat org.junit.runners.BlockJUnit4ClassRunner.runChild(BlockJUnit4ClassRunner.java:50)\n\tat org.junit.runners.ParentRunner$3.run(ParentRunner.java:238)\n\tat org.junit.runners.ParentRunner$1.schedule(ParentRunner.java:63)\n\tat org.junit.runners.ParentRunner.runChildren(ParentRunner.java:236)\n\tat org.junit.runners.ParentRunner.access$000(ParentRunner.java:53)\n\tat org.junit.runners.ParentRunner$2.evaluate(ParentRunner.java:229)\n\tat org.junit.runners.ParentRunner.run(ParentRunner.java:309)\n\tat org.apache.maven.surefire.junit4.JUnit4Provider.execute(JUnit4Provider.java:264)\n\tat org.apache.maven.surefire.junit4.JUnit4Provider.executeTestSet(JUnit4Provider.java:153)\n\tat org.apache.maven.surefire.junit4.JUnit4Provider.invoke(JUnit4Provider.java:124)\n\tat org.apache.maven.surefire.booter.ForkedBooter.invokeProviderInSameClassLoader(ForkedBooter.java:200)\n\tat org.apache.maven.surefire.booter.ForkedBooter.runSuitesInProcess(ForkedBooter.java:153)\n\tat org.apache.maven.surefire.booter.ForkedBooter.main(ForkedBooter.java:103)\n"
   },
   "steps" : {
      "step" : [ ]
   },
   "attachments" : {
      "attachment" : [ ]
   },
   "labels" : {
      "label" : [ {
         "name" : "host",
         "value" : "MacBook-Pro-2.home"
      }, {
         "name" : "thread",
         "value" : "1771@MacBook-Pro-2.home.main(1)"
      } ]
   }
}
testCase=ru.yandex.qatools.allure.model.TestCase@50a1509e[
  _id=fd771306-ad9b-4b53-911f-d87947aaf6f1
  executionId=7a8626ac-7b8d-4761-8bff-776519219d78
  threadName=thread_15005794375463
  name=run_on_slave
  title=<null>
  description=<null>
  failure=ru.yandex.qatools.allure.model.Failure@5cde83d5
  start=1445040943759
  stop=1445040963017
  status=BROKEN
  severity=<null>
  steps=[]
  attachments=[]
  labels=[ru.yandex.qatools.allure.model.Label@9d1d7ad, ru.yandex.qatools.allure.model.Label@5ad3d4b8]
  parameters=<null>
]
testCase={
   "start" : 1445040943759,
   "stop" : 1445040963017,
   "status" : "broken",
   "_id" : "fd771306-ad9b-4b53-911f-d87947aaf6f1",
   "executionId" : "7a8626ac-7b8d-4761-8bff-776519219d78",
   "threadName" : "thread_15005794375463",
   "name" : "run_on_slave",
   "failure" : {
      "message" : "NoSuchMethodError: org.apache.http.entity.ContentType.create(Ljava/lang/String;[Lorg/apache/http/NameValuePair;)Lorg/apache/http/entity/ContentType;",
      "stack-trace" : "java.lang.NoSuchMethodError: org.apache.http.entity.ContentType.create(Ljava/lang/String;[Lorg/apache/http/NameValuePair;)Lorg/apache/http/entity/ContentType;\n\tat org.apache.http.entity.mime.MultipartEntityBuilder.buildEntity(MultipartEntityBuilder.java:209)\n\tat org.apache.http.entity.mime.MultipartEntityBuilder.build(MultipartEntityBuilder.java:230)\n\tat org.jenkinsci.test.acceptance.update_center.PluginMetadata.uploadTo(PluginMetadata.java:65)\n\tat org.jenkinsci.test.acceptance.po.PluginManager.installPlugins(PluginManager.java:173)\n\tat org.jenkinsci.test.acceptance.junit.WithPlugins$RuleImpl$1.doInstall(WithPlugins.java:139)\n\tat org.jenkinsci.test.acceptance.junit.WithPlugins$RuleImpl$1.installPlugins(WithPlugins.java:119)\n\tat org.jenkinsci.test.acceptance.junit.WithPlugins$RuleImpl$1.evaluate(WithPlugins.java:92)\n\tat org.jenkinsci.test.acceptance.junit.JenkinsAcceptanceTestRule$1$2$1.evaluate(JenkinsAcceptanceTestRule.java:129)\n\tat org.jenkinsci.test.acceptance.junit.FilterRule$1.evaluate(FilterRule.java:62)\n\tat org.jenkinsci.test.acceptance.junit.JenkinsAcceptanceTestRule$1.evaluate(JenkinsAcceptanceTestRule.java:55)\n\tat org.junit.runners.ParentRunner.runLeaf(ParentRunner.java:271)\n\tat org.junit.runners.BlockJUnit4ClassRunner.runChild(BlockJUnit4ClassRunner.java:70)\n\tat org.junit.runners.BlockJUnit4ClassRunner.runChild(BlockJUnit4ClassRunner.java:50)\n\tat org.junit.runners.ParentRunner$3.run(ParentRunner.java:238)\n\tat org.junit.runners.ParentRunner$1.schedule(ParentRunner.java:63)\n\tat org.junit.runners.ParentRunner.runChildren(ParentRunner.java:236)\n\tat org.junit.runners.ParentRunner.access$000(ParentRunner.java:53)\n\tat org.junit.runners.ParentRunner$2.evaluate(ParentRunner.java:229)\n\tat org.junit.runners.ParentRunner.run(ParentRunner.java:309)\n\tat org.apache.maven.surefire.junit4.JUnit4Provider.execute(JUnit4Provider.java:264)\n\tat org.apache.maven.surefire.junit4.JUnit4Provider.executeTestSet(JUnit4Provider.java:153)\n\tat org.apache.maven.surefire.junit4.JUnit4Provider.invoke(JUnit4Provider.java:124)\n\tat org.apache.maven.surefire.booter.ForkedBooter.invokeProviderInSameClassLoader(ForkedBooter.java:200)\n\tat org.apache.maven.surefire.booter.ForkedBooter.runSuitesInProcess(ForkedBooter.java:153)\n\tat org.apache.maven.surefire.booter.ForkedBooter.main(ForkedBooter.java:103)\n"
   },
   "steps" : {
      "step" : [ ]
   },
   "attachments" : {
      "attachment" : [ ]
   },
   "labels" : {
      "label" : [ {
         "name" : "host",
         "value" : "MacBook-Pro-2.home"
      }, {
         "name" : "thread",
         "value" : "1771@MacBook-Pro-2.home.main(1)"
      } ]
   }
}
>>>REQUEST: /testaspect/TestCase/fd771306-ad9b-4b53-911f-d87947aaf6f1
running with given plugins: []
<<<RESPONSE (201 Created): /testaspect/TestCase/fd771306-ad9b-4b53-911f-d87947aaf6f1
=== Starting delete_script(plugins.ScriptlerPluginTest)
Starting Jenkins: JAVA_HOME=/Library/Java/JavaVirtualMachines/jdk1.8.0_60.jdk/Contents/Home JENKINS_HOME=/Users/abduljewel/Documents/c/spiderqa/sample-test-projects/acceptance-test-harness/target/jenkins19393698964558346home /Library/Java/JavaVirtualMachines/jdk1.8.0_60.jdk/Contents/Home/bin/java -Duser.language=en -jar ./jenkins.war --ajp13Port=-1 --httpPort=52674
master52674|Running from: /Users/abduljewel/Documents/c/spiderqa/sample-test-projects/acceptance-test-harness/jenkins.war
master52674|webroot: EnvVars.masterEnvVars.get("JENKINS_HOME")
master52674|Oct 16, 2015 8:16:03 PM winstone.Logger logInternal
master52674|INFO: Beginning extraction from war file
master52674|Oct 16, 2015 8:16:04 PM org.eclipse.jetty.util.log.JavaUtilLog info
master52674|INFO: jetty-winstone-2.8
master52674|Oct 16, 2015 8:16:05 PM org.eclipse.jetty.util.log.JavaUtilLog info
master52674|INFO: NO JSP Support for , did not find org.apache.jasper.servlet.JspServlet
master52674|Jenkins home directory: /Users/abduljewel/Documents/c/spiderqa/sample-test-projects/acceptance-test-harness/target/jenkins19393698964558346home found at: EnvVars.masterEnvVars.get("JENKINS_HOME")
master52674|Oct 16, 2015 8:16:06 PM org.eclipse.jetty.util.log.JavaUtilLog info
master52674|INFO: Started SelectChannelConnector@0.0.0.0:52674
master52674|Oct 16, 2015 8:16:06 PM winstone.Logger logInternal
master52674|INFO: Winstone Servlet Engine v2.0 running: controlPort=disabled
master52674|Oct 16, 2015 8:16:06 PM jenkins.InitReactorRunner$1 onAttained
master52674|INFO: Started initialization
master52674|Oct 16, 2015 8:16:15 PM jenkins.InitReactorRunner$1 onAttained
master52674|INFO: Listed all plugins
master52674|Oct 16, 2015 8:16:15 PM jenkins.InitReactorRunner$1 onAttained
master52674|INFO: Prepared all plugins
master52674|Oct 16, 2015 8:16:15 PM jenkins.InitReactorRunner$1 onAttained
master52674|INFO: Started all plugins
master52674|Oct 16, 2015 8:16:15 PM jenkins.InitReactorRunner$1 onAttained
master52674|INFO: Augmented all extensions
master52674|Oct 16, 2015 8:16:17 PM jenkins.InitReactorRunner$1 onAttained
master52674|INFO: Loaded all jobs
master52674|Oct 16, 2015 8:16:18 PM hudson.model.AsyncPeriodicWork$1 run
master52674|INFO: Started Download metadata
master52674|Oct 16, 2015 8:16:18 PM org.jenkinsci.main.modules.sshd.SSHD start
master52674|INFO: Started SSHD at port 59995
master52674|Oct 16, 2015 8:16:18 PM jenkins.InitReactorRunner$1 onAttained
master52674|INFO: Completed initialization
master52674|Oct 16, 2015 8:16:18 PM hudson.UDPBroadcastThread run
master52674|WARNING: UDP handling problem
master52674|java.net.SocketException: Can't assign requested address
master52674|	at java.net.PlainDatagramSocketImpl.join(Native Method)
master52674|	at java.net.AbstractPlainDatagramSocketImpl.join(AbstractPlainDatagramSocketImpl.java:179)
master52674|	at java.net.MulticastSocket.joinGroup(MulticastSocket.java:323)
master52674|	at hudson.UDPBroadcastThread.run(UDPBroadcastThread.java:77)
master52674|
master52674|Oct 16, 2015 8:16:18 PM hudson.WebAppMain$3 run
master52674|INFO: Jenkins is fully up and running
Jenkins is stopped
]]></system-out>
    <system-err><![CDATA[Oct 16, 2015 8:16:03 PM org.jenkinsci.test.acceptance.controller.LocalController startNow
INFO: Waiting for Jenkins to become running in http://127.0.0.1:52674/
Oct 16, 2015 8:16:18 PM org.jenkinsci.test.acceptance.controller.LocalController startNow
INFO: Jenkins is running in http://127.0.0.1:52674/
Oct 16, 2015 8:16:18 PM org.openqa.selenium.phantomjs.PhantomJSDriverService <init>
INFO: executable: /usr/local/bin/phantomjs
Oct 16, 2015 8:16:18 PM org.openqa.selenium.phantomjs.PhantomJSDriverService <init>
INFO: port: 12156
Oct 16, 2015 8:16:18 PM org.openqa.selenium.phantomjs.PhantomJSDriverService <init>
INFO: arguments: [--webdriver=12156, --webdriver-logfile=/Users/abduljewel/Documents/c/spiderqa/sample-test-projects/acceptance-test-harness/phantomjsdriver.log]
Oct 16, 2015 8:16:18 PM org.openqa.selenium.phantomjs.PhantomJSDriverService <init>
INFO: environment: {}
[INFO  - 2015-10-17T00:16:18.610Z] GhostDriver - Main - running on port 12156
[INFO  - 2015-10-17T00:16:18.873Z] Session [49d18e50-7464-11e5-9036-8b69a43acb21] - page.settings - {"XSSAuditingEnabled":false,"javascriptCanCloseWindows":true,"javascriptCanOpenWindows":true,"javascriptEnabled":true,"loadImages":true,"localToRemoteUrlAccessEnabled":false,"userAgent":"Mozilla/5.0 (Macintosh; Intel Mac OS X) AppleWebKit/538.1 (KHTML, like Gecko) PhantomJS/2.0.0 Safari/538.1","webSecurityEnabled":true}
[INFO  - 2015-10-17T00:16:18.873Z] Session [49d18e50-7464-11e5-9036-8b69a43acb21] - page.customHeaders:  - {"Accept-Language":"en"}
[INFO  - 2015-10-17T00:16:18.873Z] Session [49d18e50-7464-11e5-9036-8b69a43acb21] - Session.negotiatedCapabilities - {"browserName":"phantomjs","version":"2.0.0","driverName":"ghostdriver","driverVersion":"1.2.0","platform":"mac-10.9 (Mavericks)-64bit","javascriptEnabled":true,"takesScreenshot":true,"handlesAlerts":false,"databaseEnabled":false,"locationContextEnabled":false,"applicationCacheEnabled":false,"browserConnectionEnabled":false,"cssSelectorsEnabled":true,"webStorageEnabled":false,"rotatable":false,"acceptSslCerts":false,"nativeEvents":true,"proxy":{"proxyType":"direct"},"phantomjs.page.customHeaders.Accept-Language":"en"}
[INFO  - 2015-10-17T00:16:18.873Z] SessionManagerReqHand - _postNewSessionCommand - New Session Created: 49d18e50-7464-11e5-9036-8b69a43acb21
Oct 16, 2015 8:16:19 PM org.jenkinsci.test.acceptance.po.PluginManager installationStatus
INFO: scriptler is not installed
Oct 16, 2015 8:16:19 PM org.jenkinsci.test.acceptance.po.PluginManager installationStatus
INFO: scriptler is not installed
Oct 16, 2015 8:16:19 PM org.jenkinsci.test.acceptance.po.PluginManager installationStatus
INFO: credentials has version 1.18 but 1.24 was requested
[INFO  - 2015-10-17T00:16:19.781Z] ShutdownReqHand - _handle - About to shutdown
]]></system-err>
  </testcase>
  <testcase name="run_on_all_nodes" classname="plugins.ScriptlerPluginTest" time="19.099">
    <error message="org.apache.http.entity.ContentType.create(Ljava/lang/String;[Lorg/apache/http/NameValuePair;)Lorg/apache/http/entity/ContentType;" type="java.lang.NoSuchMethodError">java.lang.NoSuchMethodError: org.apache.http.entity.ContentType.create(Ljava/lang/String;[Lorg/apache/http/NameValuePair;)Lorg/apache/http/entity/ContentType;
	at org.apache.http.entity.mime.MultipartEntityBuilder.buildEntity(MultipartEntityBuilder.java:209)
	at org.apache.http.entity.mime.MultipartEntityBuilder.build(MultipartEntityBuilder.java:230)
	at org.jenkinsci.test.acceptance.update_center.PluginMetadata.uploadTo(PluginMetadata.java:65)
	at org.jenkinsci.test.acceptance.po.PluginManager.installPlugins(PluginManager.java:173)
	at org.jenkinsci.test.acceptance.junit.WithPlugins$RuleImpl$1.doInstall(WithPlugins.java:139)
	at org.jenkinsci.test.acceptance.junit.WithPlugins$RuleImpl$1.installPlugins(WithPlugins.java:119)
	at org.jenkinsci.test.acceptance.junit.WithPlugins$RuleImpl$1.evaluate(WithPlugins.java:92)
	at org.jenkinsci.test.acceptance.junit.JenkinsAcceptanceTestRule$1$2$1.evaluate(JenkinsAcceptanceTestRule.java:129)
	at org.jenkinsci.test.acceptance.junit.FilterRule$1.evaluate(FilterRule.java:62)
	at org.jenkinsci.test.acceptance.junit.JenkinsAcceptanceTestRule$1.evaluate(JenkinsAcceptanceTestRule.java:55)
	at org.junit.runners.ParentRunner.runLeaf(ParentRunner.java:271)
	at org.junit.runners.BlockJUnit4ClassRunner.runChild(BlockJUnit4ClassRunner.java:70)
	at org.junit.runners.BlockJUnit4ClassRunner.runChild(BlockJUnit4ClassRunner.java:50)
	at org.junit.runners.ParentRunner$3.run(ParentRunner.java:238)
	at org.junit.runners.ParentRunner$1.schedule(ParentRunner.java:63)
	at org.junit.runners.ParentRunner.runChildren(ParentRunner.java:236)
	at org.junit.runners.ParentRunner.access$000(ParentRunner.java:53)
	at org.junit.runners.ParentRunner$2.evaluate(ParentRunner.java:229)
	at org.junit.runners.ParentRunner.run(ParentRunner.java:309)
	at org.apache.maven.surefire.junit4.JUnit4Provider.execute(JUnit4Provider.java:264)
	at org.apache.maven.surefire.junit4.JUnit4Provider.executeTestSet(JUnit4Provider.java:153)
	at org.apache.maven.surefire.junit4.JUnit4Provider.invoke(JUnit4Provider.java:124)
	at org.apache.maven.surefire.booter.ForkedBooter.invokeProviderInSameClassLoader(ForkedBooter.java:200)
	at org.apache.maven.surefire.booter.ForkedBooter.runSuitesInProcess(ForkedBooter.java:153)
	at org.apache.maven.surefire.booter.ForkedBooter.main(ForkedBooter.java:103)
</error>
    <system-out><![CDATA[testCaseResult=ru.yandex.qatools.allure.model.TestCaseResult@6b6eb8b2[
  name=delete_script
  title=<null>
  description=<null>
  failure=ru.yandex.qatools.allure.model.Failure@2c70b317
  start=1445040963019
  stop=1445040980488
  status=BROKEN
  severity=<null>
  steps=[]
  attachments=[]
  labels=[ru.yandex.qatools.allure.model.Label@60fa3681, ru.yandex.qatools.allure.model.Label@7cf9a498]
  parameters=<null>
]
testCaseResult={
   "start" : 1445040963019,
   "stop" : 1445040980488,
   "status" : "broken",
   "name" : "delete_script",
   "failure" : {
      "message" : "NoSuchMethodError: org.apache.http.entity.ContentType.create(Ljava/lang/String;[Lorg/apache/http/NameValuePair;)Lorg/apache/http/entity/ContentType;",
      "stack-trace" : "java.lang.NoSuchMethodError: org.apache.http.entity.ContentType.create(Ljava/lang/String;[Lorg/apache/http/NameValuePair;)Lorg/apache/http/entity/ContentType;\n\tat org.apache.http.entity.mime.MultipartEntityBuilder.buildEntity(MultipartEntityBuilder.java:209)\n\tat org.apache.http.entity.mime.MultipartEntityBuilder.build(MultipartEntityBuilder.java:230)\n\tat org.jenkinsci.test.acceptance.update_center.PluginMetadata.uploadTo(PluginMetadata.java:65)\n\tat org.jenkinsci.test.acceptance.po.PluginManager.installPlugins(PluginManager.java:173)\n\tat org.jenkinsci.test.acceptance.junit.WithPlugins$RuleImpl$1.doInstall(WithPlugins.java:139)\n\tat org.jenkinsci.test.acceptance.junit.WithPlugins$RuleImpl$1.installPlugins(WithPlugins.java:119)\n\tat org.jenkinsci.test.acceptance.junit.WithPlugins$RuleImpl$1.evaluate(WithPlugins.java:92)\n\tat org.jenkinsci.test.acceptance.junit.JenkinsAcceptanceTestRule$1$2$1.evaluate(JenkinsAcceptanceTestRule.java:129)\n\tat org.jenkinsci.test.acceptance.junit.FilterRule$1.evaluate(FilterRule.java:62)\n\tat org.jenkinsci.test.acceptance.junit.JenkinsAcceptanceTestRule$1.evaluate(JenkinsAcceptanceTestRule.java:55)\n\tat org.junit.runners.ParentRunner.runLeaf(ParentRunner.java:271)\n\tat org.junit.runners.BlockJUnit4ClassRunner.runChild(BlockJUnit4ClassRunner.java:70)\n\tat org.junit.runners.BlockJUnit4ClassRunner.runChild(BlockJUnit4ClassRunner.java:50)\n\tat org.junit.runners.ParentRunner$3.run(ParentRunner.java:238)\n\tat org.junit.runners.ParentRunner$1.schedule(ParentRunner.java:63)\n\tat org.junit.runners.ParentRunner.runChildren(ParentRunner.java:236)\n\tat org.junit.runners.ParentRunner.access$000(ParentRunner.java:53)\n\tat org.junit.runners.ParentRunner$2.evaluate(ParentRunner.java:229)\n\tat org.junit.runners.ParentRunner.run(ParentRunner.java:309)\n\tat org.apache.maven.surefire.junit4.JUnit4Provider.execute(JUnit4Provider.java:264)\n\tat org.apache.maven.surefire.junit4.JUnit4Provider.executeTestSet(JUnit4Provider.java:153)\n\tat org.apache.maven.surefire.junit4.JUnit4Provider.invoke(JUnit4Provider.java:124)\n\tat org.apache.maven.surefire.booter.ForkedBooter.invokeProviderInSameClassLoader(ForkedBooter.java:200)\n\tat org.apache.maven.surefire.booter.ForkedBooter.runSuitesInProcess(ForkedBooter.java:153)\n\tat org.apache.maven.surefire.booter.ForkedBooter.main(ForkedBooter.java:103)\n"
   },
   "steps" : {
      "step" : [ ]
   },
   "attachments" : {
      "attachment" : [ ]
   },
   "labels" : {
      "label" : [ {
         "name" : "host",
         "value" : "MacBook-Pro-2.home"
      }, {
         "name" : "thread",
         "value" : "1771@MacBook-Pro-2.home.main(1)"
      } ]
   }
}
testCase=ru.yandex.qatools.allure.model.TestCase@62cc289d[
  _id=a964d9b0-450a-4375-adf0-a1889b6d012d
  executionId=7a8626ac-7b8d-4761-8bff-776519219d78
  threadName=thread_15005794375463
  name=delete_script
  title=<null>
  description=<null>
  failure=ru.yandex.qatools.allure.model.Failure@2c70b317
  start=1445040963019
  stop=1445040980488
  status=BROKEN
  severity=<null>
  steps=[]
  attachments=[]
  labels=[ru.yandex.qatools.allure.model.Label@60fa3681, ru.yandex.qatools.allure.model.Label@7cf9a498]
  parameters=<null>
]
testCase={
   "start" : 1445040963019,
   "stop" : 1445040980488,
   "status" : "broken",
   "_id" : "a964d9b0-450a-4375-adf0-a1889b6d012d",
   "executionId" : "7a8626ac-7b8d-4761-8bff-776519219d78",
   "threadName" : "thread_15005794375463",
   "name" : "delete_script",
   "failure" : {
      "message" : "NoSuchMethodError: org.apache.http.entity.ContentType.create(Ljava/lang/String;[Lorg/apache/http/NameValuePair;)Lorg/apache/http/entity/ContentType;",
      "stack-trace" : "java.lang.NoSuchMethodError: org.apache.http.entity.ContentType.create(Ljava/lang/String;[Lorg/apache/http/NameValuePair;)Lorg/apache/http/entity/ContentType;\n\tat org.apache.http.entity.mime.MultipartEntityBuilder.buildEntity(MultipartEntityBuilder.java:209)\n\tat org.apache.http.entity.mime.MultipartEntityBuilder.build(MultipartEntityBuilder.java:230)\n\tat org.jenkinsci.test.acceptance.update_center.PluginMetadata.uploadTo(PluginMetadata.java:65)\n\tat org.jenkinsci.test.acceptance.po.PluginManager.installPlugins(PluginManager.java:173)\n\tat org.jenkinsci.test.acceptance.junit.WithPlugins$RuleImpl$1.doInstall(WithPlugins.java:139)\n\tat org.jenkinsci.test.acceptance.junit.WithPlugins$RuleImpl$1.installPlugins(WithPlugins.java:119)\n\tat org.jenkinsci.test.acceptance.junit.WithPlugins$RuleImpl$1.evaluate(WithPlugins.java:92)\n\tat org.jenkinsci.test.acceptance.junit.JenkinsAcceptanceTestRule$1$2$1.evaluate(JenkinsAcceptanceTestRule.java:129)\n\tat org.jenkinsci.test.acceptance.junit.FilterRule$1.evaluate(FilterRule.java:62)\n\tat org.jenkinsci.test.acceptance.junit.JenkinsAcceptanceTestRule$1.evaluate(JenkinsAcceptanceTestRule.java:55)\n\tat org.junit.runners.ParentRunner.runLeaf(ParentRunner.java:271)\n\tat org.junit.runners.BlockJUnit4ClassRunner.runChild(BlockJUnit4ClassRunner.java:70)\n\tat org.junit.runners.BlockJUnit4ClassRunner.runChild(BlockJUnit4ClassRunner.java:50)\n\tat org.junit.runners.ParentRunner$3.run(ParentRunner.java:238)\n\tat org.junit.runners.ParentRunner$1.schedule(ParentRunner.java:63)\n\tat org.junit.runners.ParentRunner.runChildren(ParentRunner.java:236)\n\tat org.junit.runners.ParentRunner.access$000(ParentRunner.java:53)\n\tat org.junit.runners.ParentRunner$2.evaluate(ParentRunner.java:229)\n\tat org.junit.runners.ParentRunner.run(ParentRunner.java:309)\n\tat org.apache.maven.surefire.junit4.JUnit4Provider.execute(JUnit4Provider.java:264)\n\tat org.apache.maven.surefire.junit4.JUnit4Provider.executeTestSet(JUnit4Provider.java:153)\n\tat org.apache.maven.surefire.junit4.JUnit4Provider.invoke(JUnit4Provider.java:124)\n\tat org.apache.maven.surefire.booter.ForkedBooter.invokeProviderInSameClassLoader(ForkedBooter.java:200)\n\tat org.apache.maven.surefire.booter.ForkedBooter.runSuitesInProcess(ForkedBooter.java:153)\n\tat org.apache.maven.surefire.booter.ForkedBooter.main(ForkedBooter.java:103)\n"
   },
   "steps" : {
      "step" : [ ]
   },
   "attachments" : {
      "attachment" : [ ]
   },
   "labels" : {
      "label" : [ {
         "name" : "host",
         "value" : "MacBook-Pro-2.home"
      }, {
         "name" : "thread",
         "value" : "1771@MacBook-Pro-2.home.main(1)"
      } ]
   }
}
>>>REQUEST: /testaspect/TestCase/a964d9b0-450a-4375-adf0-a1889b6d012d
running with given plugins: []
=== Starting run_on_all_nodes(plugins.ScriptlerPluginTest)
<<<RESPONSE (201 Created): /testaspect/TestCase/a964d9b0-450a-4375-adf0-a1889b6d012d
Starting Jenkins: JAVA_HOME=/Library/Java/JavaVirtualMachines/jdk1.8.0_60.jdk/Contents/Home JENKINS_HOME=/Users/abduljewel/Documents/c/spiderqa/sample-test-projects/acceptance-test-harness/target/jenkins1411926095575933114home /Library/Java/JavaVirtualMachines/jdk1.8.0_60.jdk/Contents/Home/bin/java -Duser.language=en -jar ./jenkins.war --ajp13Port=-1 --httpPort=54143
master54143|Running from: /Users/abduljewel/Documents/c/spiderqa/sample-test-projects/acceptance-test-harness/jenkins.war
master54143|webroot: EnvVars.masterEnvVars.get("JENKINS_HOME")
master54143|Oct 16, 2015 8:16:20 PM winstone.Logger logInternal
master54143|INFO: Beginning extraction from war file
master54143|Oct 16, 2015 8:16:21 PM org.eclipse.jetty.util.log.JavaUtilLog info
master54143|INFO: jetty-winstone-2.8
master54143|Oct 16, 2015 8:16:22 PM org.eclipse.jetty.util.log.JavaUtilLog info
master54143|INFO: NO JSP Support for , did not find org.apache.jasper.servlet.JspServlet
master54143|Jenkins home directory: /Users/abduljewel/Documents/c/spiderqa/sample-test-projects/acceptance-test-harness/target/jenkins1411926095575933114home found at: EnvVars.masterEnvVars.get("JENKINS_HOME")
master54143|Oct 16, 2015 8:16:23 PM org.eclipse.jetty.util.log.JavaUtilLog info
master54143|INFO: Started SelectChannelConnector@0.0.0.0:54143
master54143|Oct 16, 2015 8:16:23 PM winstone.Logger logInternal
master54143|INFO: Winstone Servlet Engine v2.0 running: controlPort=disabled
master54143|Oct 16, 2015 8:16:23 PM jenkins.InitReactorRunner$1 onAttained
master54143|INFO: Started initialization
master54143|Oct 16, 2015 8:16:33 PM jenkins.InitReactorRunner$1 onAttained
master54143|INFO: Listed all plugins
master54143|Oct 16, 2015 8:16:33 PM jenkins.InitReactorRunner$1 onAttained
master54143|INFO: Prepared all plugins
master54143|Oct 16, 2015 8:16:33 PM jenkins.InitReactorRunner$1 onAttained
master54143|INFO: Started all plugins
master54143|Oct 16, 2015 8:16:33 PM jenkins.InitReactorRunner$1 onAttained
master54143|INFO: Augmented all extensions
master54143|Oct 16, 2015 8:16:34 PM jenkins.InitReactorRunner$1 onAttained
master54143|INFO: Loaded all jobs
master54143|Oct 16, 2015 8:16:36 PM hudson.model.AsyncPeriodicWork$1 run
master54143|INFO: Started Download metadata
master54143|Oct 16, 2015 8:16:36 PM org.jenkinsci.main.modules.sshd.SSHD start
master54143|INFO: Started SSHD at port 60012
master54143|Oct 16, 2015 8:16:36 PM jenkins.InitReactorRunner$1 onAttained
master54143|INFO: Completed initialization
master54143|Oct 16, 2015 8:16:36 PM hudson.UDPBroadcastThread run
master54143|WARNING: UDP handling problem
master54143|java.net.SocketException: Can't assign requested address
master54143|	at java.net.PlainDatagramSocketImpl.join(Native Method)
master54143|	at java.net.AbstractPlainDatagramSocketImpl.join(AbstractPlainDatagramSocketImpl.java:179)
master54143|	at java.net.MulticastSocket.joinGroup(MulticastSocket.java:323)
master54143|	at hudson.UDPBroadcastThread.run(UDPBroadcastThread.java:77)
master54143|
master54143|Oct 16, 2015 8:16:36 PM hudson.WebAppMain$3 run
master54143|INFO: Jenkins is fully up and running
master54143|Oct 16, 2015 8:16:38 PM hudson.model.UpdateSite updateData
master54143|INFO: Obtained the latest update center data file for UpdateSource default
Jenkins is stopped
]]></system-out>
    <system-err><![CDATA[Oct 16, 2015 8:16:20 PM org.jenkinsci.test.acceptance.controller.LocalController startNow
INFO: Waiting for Jenkins to become running in http://127.0.0.1:54143/
Oct 16, 2015 8:16:36 PM org.jenkinsci.test.acceptance.controller.LocalController startNow
INFO: Jenkins is running in http://127.0.0.1:54143/
Oct 16, 2015 8:16:36 PM org.openqa.selenium.phantomjs.PhantomJSDriverService <init>
INFO: executable: /usr/local/bin/phantomjs
Oct 16, 2015 8:16:36 PM org.openqa.selenium.phantomjs.PhantomJSDriverService <init>
INFO: port: 32295
Oct 16, 2015 8:16:36 PM org.openqa.selenium.phantomjs.PhantomJSDriverService <init>
INFO: arguments: [--webdriver=32295, --webdriver-logfile=/Users/abduljewel/Documents/c/spiderqa/sample-test-projects/acceptance-test-harness/phantomjsdriver.log]
Oct 16, 2015 8:16:36 PM org.openqa.selenium.phantomjs.PhantomJSDriverService <init>
INFO: environment: {}
[INFO  - 2015-10-17T00:16:36.531Z] GhostDriver - Main - running on port 32295
[INFO  - 2015-10-17T00:16:36.815Z] Session [548349b0-7464-11e5-9931-d15fc5525ae8] - page.settings - {"XSSAuditingEnabled":false,"javascriptCanCloseWindows":true,"javascriptCanOpenWindows":true,"javascriptEnabled":true,"loadImages":true,"localToRemoteUrlAccessEnabled":false,"userAgent":"Mozilla/5.0 (Macintosh; Intel Mac OS X) AppleWebKit/538.1 (KHTML, like Gecko) PhantomJS/2.0.0 Safari/538.1","webSecurityEnabled":true}
[INFO  - 2015-10-17T00:16:36.815Z] Session [548349b0-7464-11e5-9931-d15fc5525ae8] - page.customHeaders:  - {"Accept-Language":"en"}
[INFO  - 2015-10-17T00:16:36.815Z] Session [548349b0-7464-11e5-9931-d15fc5525ae8] - Session.negotiatedCapabilities - {"browserName":"phantomjs","version":"2.0.0","driverName":"ghostdriver","driverVersion":"1.2.0","platform":"mac-10.9 (Mavericks)-64bit","javascriptEnabled":true,"takesScreenshot":true,"handlesAlerts":false,"databaseEnabled":false,"locationContextEnabled":false,"applicationCacheEnabled":false,"browserConnectionEnabled":false,"cssSelectorsEnabled":true,"webStorageEnabled":false,"rotatable":false,"acceptSslCerts":false,"nativeEvents":true,"proxy":{"proxyType":"direct"},"phantomjs.page.customHeaders.Accept-Language":"en"}
[INFO  - 2015-10-17T00:16:36.815Z] SessionManagerReqHand - _postNewSessionCommand - New Session Created: 548349b0-7464-11e5-9931-d15fc5525ae8
Oct 16, 2015 8:16:37 PM org.jenkinsci.test.acceptance.po.PluginManager installationStatus
INFO: scriptler is not installed
Oct 16, 2015 8:16:37 PM org.jenkinsci.test.acceptance.po.PluginManager installationStatus
INFO: scriptler is not installed
Oct 16, 2015 8:16:37 PM org.jenkinsci.test.acceptance.po.PluginManager installationStatus
INFO: credentials has version 1.18 but 1.24 was requested
[INFO  - 2015-10-17T00:16:37.912Z] ShutdownReqHand - _handle - About to shutdown
]]></system-err>
  </testcase>
  <testcase name="override_default_parameters" classname="plugins.ScriptlerPluginTest" time="18.538">
    <error message="org.apache.http.entity.ContentType.create(Ljava/lang/String;[Lorg/apache/http/NameValuePair;)Lorg/apache/http/entity/ContentType;" type="java.lang.NoSuchMethodError">java.lang.NoSuchMethodError: org.apache.http.entity.ContentType.create(Ljava/lang/String;[Lorg/apache/http/NameValuePair;)Lorg/apache/http/entity/ContentType;
	at org.apache.http.entity.mime.MultipartEntityBuilder.buildEntity(MultipartEntityBuilder.java:209)
	at org.apache.http.entity.mime.MultipartEntityBuilder.build(MultipartEntityBuilder.java:230)
	at org.jenkinsci.test.acceptance.update_center.PluginMetadata.uploadTo(PluginMetadata.java:65)
	at org.jenkinsci.test.acceptance.po.PluginManager.installPlugins(PluginManager.java:173)
	at org.jenkinsci.test.acceptance.junit.WithPlugins$RuleImpl$1.doInstall(WithPlugins.java:139)
	at org.jenkinsci.test.acceptance.junit.WithPlugins$RuleImpl$1.installPlugins(WithPlugins.java:119)
	at org.jenkinsci.test.acceptance.junit.WithPlugins$RuleImpl$1.evaluate(WithPlugins.java:92)
	at org.jenkinsci.test.acceptance.junit.JenkinsAcceptanceTestRule$1$2$1.evaluate(JenkinsAcceptanceTestRule.java:129)
	at org.jenkinsci.test.acceptance.junit.FilterRule$1.evaluate(FilterRule.java:62)
	at org.jenkinsci.test.acceptance.junit.JenkinsAcceptanceTestRule$1.evaluate(JenkinsAcceptanceTestRule.java:55)
	at org.junit.runners.ParentRunner.runLeaf(ParentRunner.java:271)
	at org.junit.runners.BlockJUnit4ClassRunner.runChild(BlockJUnit4ClassRunner.java:70)
	at org.junit.runners.BlockJUnit4ClassRunner.runChild(BlockJUnit4ClassRunner.java:50)
	at org.junit.runners.ParentRunner$3.run(ParentRunner.java:238)
	at org.junit.runners.ParentRunner$1.schedule(ParentRunner.java:63)
	at org.junit.runners.ParentRunner.runChildren(ParentRunner.java:236)
	at org.junit.runners.ParentRunner.access$000(ParentRunner.java:53)
	at org.junit.runners.ParentRunner$2.evaluate(ParentRunner.java:229)
	at org.junit.runners.ParentRunner.run(ParentRunner.java:309)
	at org.apache.maven.surefire.junit4.JUnit4Provider.execute(JUnit4Provider.java:264)
	at org.apache.maven.surefire.junit4.JUnit4Provider.executeTestSet(JUnit4Provider.java:153)
	at org.apache.maven.surefire.junit4.JUnit4Provider.invoke(JUnit4Provider.java:124)
	at org.apache.maven.surefire.booter.ForkedBooter.invokeProviderInSameClassLoader(ForkedBooter.java:200)
	at org.apache.maven.surefire.booter.ForkedBooter.runSuitesInProcess(ForkedBooter.java:153)
	at org.apache.maven.surefire.booter.ForkedBooter.main(ForkedBooter.java:103)
</error>
    <system-out><![CDATA[testCaseResult=ru.yandex.qatools.allure.model.TestCaseResult@279273da[
  name=run_on_all_nodes
  title=<null>
  description=<null>
  failure=ru.yandex.qatools.allure.model.Failure@22e80ade
  start=1445040980491
  stop=1445040999590
  status=BROKEN
  severity=<null>
  steps=[]
  attachments=[]
  labels=[ru.yandex.qatools.allure.model.Label@30121240, ru.yandex.qatools.allure.model.Label@28ffeb57]
  parameters=<null>
]
testCaseResult={
   "start" : 1445040980491,
   "stop" : 1445040999590,
   "status" : "broken",
   "name" : "run_on_all_nodes",
   "failure" : {
      "message" : "NoSuchMethodError: org.apache.http.entity.ContentType.create(Ljava/lang/String;[Lorg/apache/http/NameValuePair;)Lorg/apache/http/entity/ContentType;",
      "stack-trace" : "java.lang.NoSuchMethodError: org.apache.http.entity.ContentType.create(Ljava/lang/String;[Lorg/apache/http/NameValuePair;)Lorg/apache/http/entity/ContentType;\n\tat org.apache.http.entity.mime.MultipartEntityBuilder.buildEntity(MultipartEntityBuilder.java:209)\n\tat org.apache.http.entity.mime.MultipartEntityBuilder.build(MultipartEntityBuilder.java:230)\n\tat org.jenkinsci.test.acceptance.update_center.PluginMetadata.uploadTo(PluginMetadata.java:65)\n\tat org.jenkinsci.test.acceptance.po.PluginManager.installPlugins(PluginManager.java:173)\n\tat org.jenkinsci.test.acceptance.junit.WithPlugins$RuleImpl$1.doInstall(WithPlugins.java:139)\n\tat org.jenkinsci.test.acceptance.junit.WithPlugins$RuleImpl$1.installPlugins(WithPlugins.java:119)\n\tat org.jenkinsci.test.acceptance.junit.WithPlugins$RuleImpl$1.evaluate(WithPlugins.java:92)\n\tat org.jenkinsci.test.acceptance.junit.JenkinsAcceptanceTestRule$1$2$1.evaluate(JenkinsAcceptanceTestRule.java:129)\n\tat org.jenkinsci.test.acceptance.junit.FilterRule$1.evaluate(FilterRule.java:62)\n\tat org.jenkinsci.test.acceptance.junit.JenkinsAcceptanceTestRule$1.evaluate(JenkinsAcceptanceTestRule.java:55)\n\tat org.junit.runners.ParentRunner.runLeaf(ParentRunner.java:271)\n\tat org.junit.runners.BlockJUnit4ClassRunner.runChild(BlockJUnit4ClassRunner.java:70)\n\tat org.junit.runners.BlockJUnit4ClassRunner.runChild(BlockJUnit4ClassRunner.java:50)\n\tat org.junit.runners.ParentRunner$3.run(ParentRunner.java:238)\n\tat org.junit.runners.ParentRunner$1.schedule(ParentRunner.java:63)\n\tat org.junit.runners.ParentRunner.runChildren(ParentRunner.java:236)\n\tat org.junit.runners.ParentRunner.access$000(ParentRunner.java:53)\n\tat org.junit.runners.ParentRunner$2.evaluate(ParentRunner.java:229)\n\tat org.junit.runners.ParentRunner.run(ParentRunner.java:309)\n\tat org.apache.maven.surefire.junit4.JUnit4Provider.execute(JUnit4Provider.java:264)\n\tat org.apache.maven.surefire.junit4.JUnit4Provider.executeTestSet(JUnit4Provider.java:153)\n\tat org.apache.maven.surefire.junit4.JUnit4Provider.invoke(JUnit4Provider.java:124)\n\tat org.apache.maven.surefire.booter.ForkedBooter.invokeProviderInSameClassLoader(ForkedBooter.java:200)\n\tat org.apache.maven.surefire.booter.ForkedBooter.runSuitesInProcess(ForkedBooter.java:153)\n\tat org.apache.maven.surefire.booter.ForkedBooter.main(ForkedBooter.java:103)\n"
   },
   "steps" : {
      "step" : [ ]
   },
   "attachments" : {
      "attachment" : [ ]
   },
   "labels" : {
      "label" : [ {
         "name" : "host",
         "value" : "MacBook-Pro-2.home"
      }, {
         "name" : "thread",
         "value" : "1771@MacBook-Pro-2.home.main(1)"
      } ]
   }
}
testCase=ru.yandex.qatools.allure.model.TestCase@1cc75131[
  _id=a825ca24-320f-40fd-9ae6-982394223893
  executionId=7a8626ac-7b8d-4761-8bff-776519219d78
  threadName=thread_15005794375463
  name=run_on_all_nodes
  title=<null>
  description=<null>
  failure=ru.yandex.qatools.allure.model.Failure@22e80ade
  start=1445040980491
  stop=1445040999590
  status=BROKEN
  severity=<null>
  steps=[]
  attachments=[]
  labels=[ru.yandex.qatools.allure.model.Label@30121240, ru.yandex.qatools.allure.model.Label@28ffeb57]
  parameters=<null>
]
testCase={
   "start" : 1445040980491,
   "stop" : 1445040999590,
   "status" : "broken",
   "_id" : "a825ca24-320f-40fd-9ae6-982394223893",
   "executionId" : "7a8626ac-7b8d-4761-8bff-776519219d78",
   "threadName" : "thread_15005794375463",
   "name" : "run_on_all_nodes",
   "failure" : {
      "message" : "NoSuchMethodError: org.apache.http.entity.ContentType.create(Ljava/lang/String;[Lorg/apache/http/NameValuePair;)Lorg/apache/http/entity/ContentType;",
      "stack-trace" : "java.lang.NoSuchMethodError: org.apache.http.entity.ContentType.create(Ljava/lang/String;[Lorg/apache/http/NameValuePair;)Lorg/apache/http/entity/ContentType;\n\tat org.apache.http.entity.mime.MultipartEntityBuilder.buildEntity(MultipartEntityBuilder.java:209)\n\tat org.apache.http.entity.mime.MultipartEntityBuilder.build(MultipartEntityBuilder.java:230)\n\tat org.jenkinsci.test.acceptance.update_center.PluginMetadata.uploadTo(PluginMetadata.java:65)\n\tat org.jenkinsci.test.acceptance.po.PluginManager.installPlugins(PluginManager.java:173)\n\tat org.jenkinsci.test.acceptance.junit.WithPlugins$RuleImpl$1.doInstall(WithPlugins.java:139)\n\tat org.jenkinsci.test.acceptance.junit.WithPlugins$RuleImpl$1.installPlugins(WithPlugins.java:119)\n\tat org.jenkinsci.test.acceptance.junit.WithPlugins$RuleImpl$1.evaluate(WithPlugins.java:92)\n\tat org.jenkinsci.test.acceptance.junit.JenkinsAcceptanceTestRule$1$2$1.evaluate(JenkinsAcceptanceTestRule.java:129)\n\tat org.jenkinsci.test.acceptance.junit.FilterRule$1.evaluate(FilterRule.java:62)\n\tat org.jenkinsci.test.acceptance.junit.JenkinsAcceptanceTestRule$1.evaluate(JenkinsAcceptanceTestRule.java:55)\n\tat org.junit.runners.ParentRunner.runLeaf(ParentRunner.java:271)\n\tat org.junit.runners.BlockJUnit4ClassRunner.runChild(BlockJUnit4ClassRunner.java:70)\n\tat org.junit.runners.BlockJUnit4ClassRunner.runChild(BlockJUnit4ClassRunner.java:50)\n\tat org.junit.runners.ParentRunner$3.run(ParentRunner.java:238)\n\tat org.junit.runners.ParentRunner$1.schedule(ParentRunner.java:63)\n\tat org.junit.runners.ParentRunner.runChildren(ParentRunner.java:236)\n\tat org.junit.runners.ParentRunner.access$000(ParentRunner.java:53)\n\tat org.junit.runners.ParentRunner$2.evaluate(ParentRunner.java:229)\n\tat org.junit.runners.ParentRunner.run(ParentRunner.java:309)\n\tat org.apache.maven.surefire.junit4.JUnit4Provider.execute(JUnit4Provider.java:264)\n\tat org.apache.maven.surefire.junit4.JUnit4Provider.executeTestSet(JUnit4Provider.java:153)\n\tat org.apache.maven.surefire.junit4.JUnit4Provider.invoke(JUnit4Provider.java:124)\n\tat org.apache.maven.surefire.booter.ForkedBooter.invokeProviderInSameClassLoader(ForkedBooter.java:200)\n\tat org.apache.maven.surefire.booter.ForkedBooter.runSuitesInProcess(ForkedBooter.java:153)\n\tat org.apache.maven.surefire.booter.ForkedBooter.main(ForkedBooter.java:103)\n"
   },
   "steps" : {
      "step" : [ ]
   },
   "attachments" : {
      "attachment" : [ ]
   },
   "labels" : {
      "label" : [ {
         "name" : "host",
         "value" : "MacBook-Pro-2.home"
      }, {
         "name" : "thread",
         "value" : "1771@MacBook-Pro-2.home.main(1)"
      } ]
   }
}
>>>REQUEST: /testaspect/TestCase/a825ca24-320f-40fd-9ae6-982394223893
running with given plugins: []
<<<RESPONSE (201 Created): /testaspect/TestCase/a825ca24-320f-40fd-9ae6-982394223893
=== Starting override_default_parameters(plugins.ScriptlerPluginTest)
Starting Jenkins: JAVA_HOME=/Library/Java/JavaVirtualMachines/jdk1.8.0_60.jdk/Contents/Home JENKINS_HOME=/Users/abduljewel/Documents/c/spiderqa/sample-test-projects/acceptance-test-harness/target/jenkins1921356300535137531home /Library/Java/JavaVirtualMachines/jdk1.8.0_60.jdk/Contents/Home/bin/java -Duser.language=en -jar ./jenkins.war --ajp13Port=-1 --httpPort=64119
master64119|Running from: /Users/abduljewel/Documents/c/spiderqa/sample-test-projects/acceptance-test-harness/jenkins.war
master64119|webroot: EnvVars.masterEnvVars.get("JENKINS_HOME")
master64119|Oct 16, 2015 8:16:39 PM winstone.Logger logInternal
master64119|INFO: Beginning extraction from war file
master64119|Oct 16, 2015 8:16:40 PM org.eclipse.jetty.util.log.JavaUtilLog info
master64119|INFO: jetty-winstone-2.8
master64119|Oct 16, 2015 8:16:41 PM org.eclipse.jetty.util.log.JavaUtilLog info
master64119|INFO: NO JSP Support for , did not find org.apache.jasper.servlet.JspServlet
master64119|Jenkins home directory: /Users/abduljewel/Documents/c/spiderqa/sample-test-projects/acceptance-test-harness/target/jenkins1921356300535137531home found at: EnvVars.masterEnvVars.get("JENKINS_HOME")
master64119|Oct 16, 2015 8:16:42 PM org.eclipse.jetty.util.log.JavaUtilLog info
master64119|INFO: Started SelectChannelConnector@0.0.0.0:64119
master64119|Oct 16, 2015 8:16:42 PM winstone.Logger logInternal
master64119|INFO: Winstone Servlet Engine v2.0 running: controlPort=disabled
master64119|Oct 16, 2015 8:16:43 PM jenkins.InitReactorRunner$1 onAttained
master64119|INFO: Started initialization
master64119|Oct 16, 2015 8:16:52 PM jenkins.InitReactorRunner$1 onAttained
master64119|INFO: Listed all plugins
master64119|Oct 16, 2015 8:16:52 PM jenkins.InitReactorRunner$1 onAttained
master64119|INFO: Prepared all plugins
master64119|Oct 16, 2015 8:16:52 PM jenkins.InitReactorRunner$1 onAttained
master64119|INFO: Started all plugins
master64119|Oct 16, 2015 8:16:52 PM jenkins.InitReactorRunner$1 onAttained
master64119|INFO: Augmented all extensions
master64119|Oct 16, 2015 8:16:53 PM jenkins.InitReactorRunner$1 onAttained
master64119|INFO: Loaded all jobs
master64119|Oct 16, 2015 8:16:54 PM hudson.model.AsyncPeriodicWork$1 run
master64119|INFO: Started Download metadata
master64119|Oct 16, 2015 8:16:55 PM org.jenkinsci.main.modules.sshd.SSHD start
master64119|INFO: Started SSHD at port 60031
master64119|Oct 16, 2015 8:16:55 PM jenkins.InitReactorRunner$1 onAttained
master64119|INFO: Completed initialization
master64119|Oct 16, 2015 8:16:55 PM hudson.UDPBroadcastThread run
master64119|WARNING: UDP handling problem
master64119|java.net.SocketException: Can't assign requested address
master64119|	at java.net.PlainDatagramSocketImpl.join(Native Method)
master64119|	at java.net.AbstractPlainDatagramSocketImpl.join(AbstractPlainDatagramSocketImpl.java:179)
master64119|	at java.net.MulticastSocket.joinGroup(MulticastSocket.java:323)
master64119|	at hudson.UDPBroadcastThread.run(UDPBroadcastThread.java:77)
master64119|
master64119|Oct 16, 2015 8:16:55 PM hudson.WebAppMain$3 run
master64119|INFO: Jenkins is fully up and running
master64119|Oct 16, 2015 8:16:56 PM hudson.model.UpdateSite updateData
master64119|INFO: Obtained the latest update center data file for UpdateSource default
master64119|Oct 16, 2015 8:16:56 PM hudson.model.DownloadService$Downloadable load
master64119|INFO: Obtained the updated data file for hudson.tasks.Maven.MavenInstaller
master64119|Oct 16, 2015 8:16:56 PM hudson.model.DownloadService$Downloadable load
master64119|INFO: Obtained the updated data file for hudson.tasks.Ant.AntInstaller
master64119|Oct 16, 2015 8:16:57 PM hudson.model.DownloadService$Downloadable load
master64119|INFO: Obtained the updated data file for hudson.tools.JDKInstaller
master64119|Oct 16, 2015 8:16:57 PM hudson.model.AsyncPeriodicWork$1 run
master64119|INFO: Finished Download metadata. 2,675 ms
Jenkins is stopped
]]></system-out>
    <system-err><![CDATA[Oct 16, 2015 8:16:39 PM org.jenkinsci.test.acceptance.controller.LocalController startNow
INFO: Waiting for Jenkins to become running in http://127.0.0.1:64119/
Oct 16, 2015 8:16:55 PM org.jenkinsci.test.acceptance.controller.LocalController startNow
INFO: Jenkins is running in http://127.0.0.1:64119/
Oct 16, 2015 8:16:55 PM org.openqa.selenium.phantomjs.PhantomJSDriverService <init>
INFO: executable: /usr/local/bin/phantomjs
Oct 16, 2015 8:16:55 PM org.openqa.selenium.phantomjs.PhantomJSDriverService <init>
INFO: port: 38312
Oct 16, 2015 8:16:55 PM org.openqa.selenium.phantomjs.PhantomJSDriverService <init>
INFO: arguments: [--webdriver=38312, --webdriver-logfile=/Users/abduljewel/Documents/c/spiderqa/sample-test-projects/acceptance-test-harness/phantomjsdriver.log]
Oct 16, 2015 8:16:55 PM org.openqa.selenium.phantomjs.PhantomJSDriverService <init>
INFO: environment: {}
[INFO  - 2015-10-17T00:16:55.445Z] GhostDriver - Main - running on port 38312
[INFO  - 2015-10-17T00:16:55.708Z] Session [5fc5d360-7464-11e5-a93a-ed216610311f] - page.settings - {"XSSAuditingEnabled":false,"javascriptCanCloseWindows":true,"javascriptCanOpenWindows":true,"javascriptEnabled":true,"loadImages":true,"localToRemoteUrlAccessEnabled":false,"userAgent":"Mozilla/5.0 (Macintosh; Intel Mac OS X) AppleWebKit/538.1 (KHTML, like Gecko) PhantomJS/2.0.0 Safari/538.1","webSecurityEnabled":true}
[INFO  - 2015-10-17T00:16:55.708Z] Session [5fc5d360-7464-11e5-a93a-ed216610311f] - page.customHeaders:  - {"Accept-Language":"en"}
[INFO  - 2015-10-17T00:16:55.708Z] Session [5fc5d360-7464-11e5-a93a-ed216610311f] - Session.negotiatedCapabilities - {"browserName":"phantomjs","version":"2.0.0","driverName":"ghostdriver","driverVersion":"1.2.0","platform":"mac-10.9 (Mavericks)-64bit","javascriptEnabled":true,"takesScreenshot":true,"handlesAlerts":false,"databaseEnabled":false,"locationContextEnabled":false,"applicationCacheEnabled":false,"browserConnectionEnabled":false,"cssSelectorsEnabled":true,"webStorageEnabled":false,"rotatable":false,"acceptSslCerts":false,"nativeEvents":true,"proxy":{"proxyType":"direct"},"phantomjs.page.customHeaders.Accept-Language":"en"}
[INFO  - 2015-10-17T00:16:55.708Z] SessionManagerReqHand - _postNewSessionCommand - New Session Created: 5fc5d360-7464-11e5-a93a-ed216610311f
Oct 16, 2015 8:16:56 PM org.jenkinsci.test.acceptance.po.PluginManager installationStatus
INFO: scriptler is not installed
Oct 16, 2015 8:16:56 PM org.jenkinsci.test.acceptance.po.PluginManager installationStatus
INFO: scriptler is not installed
Oct 16, 2015 8:16:57 PM org.jenkinsci.test.acceptance.po.PluginManager installationStatus
INFO: credentials has version 1.18 but 1.24 was requested
[INFO  - 2015-10-17T00:16:57.461Z] ShutdownReqHand - _handle - About to shutdown
]]></system-err>
  </testcase>
  <testcase name="create_and_run_parameterized_script" classname="plugins.ScriptlerPluginTest" time="17.475">
    <error message="org.apache.http.entity.ContentType.create(Ljava/lang/String;[Lorg/apache/http/NameValuePair;)Lorg/apache/http/entity/ContentType;" type="java.lang.NoSuchMethodError">java.lang.NoSuchMethodError: org.apache.http.entity.ContentType.create(Ljava/lang/String;[Lorg/apache/http/NameValuePair;)Lorg/apache/http/entity/ContentType;
	at org.apache.http.entity.mime.MultipartEntityBuilder.buildEntity(MultipartEntityBuilder.java:209)
	at org.apache.http.entity.mime.MultipartEntityBuilder.build(MultipartEntityBuilder.java:230)
	at org.jenkinsci.test.acceptance.update_center.PluginMetadata.uploadTo(PluginMetadata.java:65)
	at org.jenkinsci.test.acceptance.po.PluginManager.installPlugins(PluginManager.java:173)
	at org.jenkinsci.test.acceptance.junit.WithPlugins$RuleImpl$1.doInstall(WithPlugins.java:139)
	at org.jenkinsci.test.acceptance.junit.WithPlugins$RuleImpl$1.installPlugins(WithPlugins.java:119)
	at org.jenkinsci.test.acceptance.junit.WithPlugins$RuleImpl$1.evaluate(WithPlugins.java:92)
	at org.jenkinsci.test.acceptance.junit.JenkinsAcceptanceTestRule$1$2$1.evaluate(JenkinsAcceptanceTestRule.java:129)
	at org.jenkinsci.test.acceptance.junit.FilterRule$1.evaluate(FilterRule.java:62)
	at org.jenkinsci.test.acceptance.junit.JenkinsAcceptanceTestRule$1.evaluate(JenkinsAcceptanceTestRule.java:55)
	at org.junit.runners.ParentRunner.runLeaf(ParentRunner.java:271)
	at org.junit.runners.BlockJUnit4ClassRunner.runChild(BlockJUnit4ClassRunner.java:70)
	at org.junit.runners.BlockJUnit4ClassRunner.runChild(BlockJUnit4ClassRunner.java:50)
	at org.junit.runners.ParentRunner$3.run(ParentRunner.java:238)
	at org.junit.runners.ParentRunner$1.schedule(ParentRunner.java:63)
	at org.junit.runners.ParentRunner.runChildren(ParentRunner.java:236)
	at org.junit.runners.ParentRunner.access$000(ParentRunner.java:53)
	at org.junit.runners.ParentRunner$2.evaluate(ParentRunner.java:229)
	at org.junit.runners.ParentRunner.run(ParentRunner.java:309)
	at org.apache.maven.surefire.junit4.JUnit4Provider.execute(JUnit4Provider.java:264)
	at org.apache.maven.surefire.junit4.JUnit4Provider.executeTestSet(JUnit4Provider.java:153)
	at org.apache.maven.surefire.junit4.JUnit4Provider.invoke(JUnit4Provider.java:124)
	at org.apache.maven.surefire.booter.ForkedBooter.invokeProviderInSameClassLoader(ForkedBooter.java:200)
	at org.apache.maven.surefire.booter.ForkedBooter.runSuitesInProcess(ForkedBooter.java:153)
	at org.apache.maven.surefire.booter.ForkedBooter.main(ForkedBooter.java:103)
</error>
    <system-out><![CDATA[testCaseResult=ru.yandex.qatools.allure.model.TestCaseResult@2acad7a3[
  name=override_default_parameters
  title=<null>
  description=<null>
  failure=ru.yandex.qatools.allure.model.Failure@92b9f93
  start=1445040999592
  stop=1445041018130
  status=BROKEN
  severity=<null>
  steps=[]
  attachments=[]
  labels=[ru.yandex.qatools.allure.model.Label@477f9740, ru.yandex.qatools.allure.model.Label@4391a43d]
  parameters=<null>
]
testCaseResult={
   "start" : 1445040999592,
   "stop" : 1445041018130,
   "status" : "broken",
   "name" : "override_default_parameters",
   "failure" : {
      "message" : "NoSuchMethodError: org.apache.http.entity.ContentType.create(Ljava/lang/String;[Lorg/apache/http/NameValuePair;)Lorg/apache/http/entity/ContentType;",
      "stack-trace" : "java.lang.NoSuchMethodError: org.apache.http.entity.ContentType.create(Ljava/lang/String;[Lorg/apache/http/NameValuePair;)Lorg/apache/http/entity/ContentType;\n\tat org.apache.http.entity.mime.MultipartEntityBuilder.buildEntity(MultipartEntityBuilder.java:209)\n\tat org.apache.http.entity.mime.MultipartEntityBuilder.build(MultipartEntityBuilder.java:230)\n\tat org.jenkinsci.test.acceptance.update_center.PluginMetadata.uploadTo(PluginMetadata.java:65)\n\tat org.jenkinsci.test.acceptance.po.PluginManager.installPlugins(PluginManager.java:173)\n\tat org.jenkinsci.test.acceptance.junit.WithPlugins$RuleImpl$1.doInstall(WithPlugins.java:139)\n\tat org.jenkinsci.test.acceptance.junit.WithPlugins$RuleImpl$1.installPlugins(WithPlugins.java:119)\n\tat org.jenkinsci.test.acceptance.junit.WithPlugins$RuleImpl$1.evaluate(WithPlugins.java:92)\n\tat org.jenkinsci.test.acceptance.junit.JenkinsAcceptanceTestRule$1$2$1.evaluate(JenkinsAcceptanceTestRule.java:129)\n\tat org.jenkinsci.test.acceptance.junit.FilterRule$1.evaluate(FilterRule.java:62)\n\tat org.jenkinsci.test.acceptance.junit.JenkinsAcceptanceTestRule$1.evaluate(JenkinsAcceptanceTestRule.java:55)\n\tat org.junit.runners.ParentRunner.runLeaf(ParentRunner.java:271)\n\tat org.junit.runners.BlockJUnit4ClassRunner.runChild(BlockJUnit4ClassRunner.java:70)\n\tat org.junit.runners.BlockJUnit4ClassRunner.runChild(BlockJUnit4ClassRunner.java:50)\n\tat org.junit.runners.ParentRunner$3.run(ParentRunner.java:238)\n\tat org.junit.runners.ParentRunner$1.schedule(ParentRunner.java:63)\n\tat org.junit.runners.ParentRunner.runChildren(ParentRunner.java:236)\n\tat org.junit.runners.ParentRunner.access$000(ParentRunner.java:53)\n\tat org.junit.runners.ParentRunner$2.evaluate(ParentRunner.java:229)\n\tat org.junit.runners.ParentRunner.run(ParentRunner.java:309)\n\tat org.apache.maven.surefire.junit4.JUnit4Provider.execute(JUnit4Provider.java:264)\n\tat org.apache.maven.surefire.junit4.JUnit4Provider.executeTestSet(JUnit4Provider.java:153)\n\tat org.apache.maven.surefire.junit4.JUnit4Provider.invoke(JUnit4Provider.java:124)\n\tat org.apache.maven.surefire.booter.ForkedBooter.invokeProviderInSameClassLoader(ForkedBooter.java:200)\n\tat org.apache.maven.surefire.booter.ForkedBooter.runSuitesInProcess(ForkedBooter.java:153)\n\tat org.apache.maven.surefire.booter.ForkedBooter.main(ForkedBooter.java:103)\n"
   },
   "steps" : {
      "step" : [ ]
   },
   "attachments" : {
      "attachment" : [ ]
   },
   "labels" : {
      "label" : [ {
         "name" : "host",
         "value" : "MacBook-Pro-2.home"
      }, {
         "name" : "thread",
         "value" : "1771@MacBook-Pro-2.home.main(1)"
      } ]
   }
}
testCase=ru.yandex.qatools.allure.model.TestCase@3f9a0423[
  _id=776c0b26-38f8-40d7-9c2a-7c8eb577e70c
  executionId=7a8626ac-7b8d-4761-8bff-776519219d78
  threadName=thread_15005794375463
  name=override_default_parameters
  title=<null>
  description=<null>
  failure=ru.yandex.qatools.allure.model.Failure@92b9f93
  start=1445040999592
  stop=1445041018130
  status=BROKEN
  severity=<null>
  steps=[]
  attachments=[]
  labels=[ru.yandex.qatools.allure.model.Label@477f9740, ru.yandex.qatools.allure.model.Label@4391a43d]
  parameters=<null>
]
testCase={
   "start" : 1445040999592,
   "stop" : 1445041018130,
   "status" : "broken",
   "_id" : "776c0b26-38f8-40d7-9c2a-7c8eb577e70c",
   "executionId" : "7a8626ac-7b8d-4761-8bff-776519219d78",
   "threadName" : "thread_15005794375463",
   "name" : "override_default_parameters",
   "failure" : {
      "message" : "NoSuchMethodError: org.apache.http.entity.ContentType.create(Ljava/lang/String;[Lorg/apache/http/NameValuePair;)Lorg/apache/http/entity/ContentType;",
      "stack-trace" : "java.lang.NoSuchMethodError: org.apache.http.entity.ContentType.create(Ljava/lang/String;[Lorg/apache/http/NameValuePair;)Lorg/apache/http/entity/ContentType;\n\tat org.apache.http.entity.mime.MultipartEntityBuilder.buildEntity(MultipartEntityBuilder.java:209)\n\tat org.apache.http.entity.mime.MultipartEntityBuilder.build(MultipartEntityBuilder.java:230)\n\tat org.jenkinsci.test.acceptance.update_center.PluginMetadata.uploadTo(PluginMetadata.java:65)\n\tat org.jenkinsci.test.acceptance.po.PluginManager.installPlugins(PluginManager.java:173)\n\tat org.jenkinsci.test.acceptance.junit.WithPlugins$RuleImpl$1.doInstall(WithPlugins.java:139)\n\tat org.jenkinsci.test.acceptance.junit.WithPlugins$RuleImpl$1.installPlugins(WithPlugins.java:119)\n\tat org.jenkinsci.test.acceptance.junit.WithPlugins$RuleImpl$1.evaluate(WithPlugins.java:92)\n\tat org.jenkinsci.test.acceptance.junit.JenkinsAcceptanceTestRule$1$2$1.evaluate(JenkinsAcceptanceTestRule.java:129)\n\tat org.jenkinsci.test.acceptance.junit.FilterRule$1.evaluate(FilterRule.java:62)\n\tat org.jenkinsci.test.acceptance.junit.JenkinsAcceptanceTestRule$1.evaluate(JenkinsAcceptanceTestRule.java:55)\n\tat org.junit.runners.ParentRunner.runLeaf(ParentRunner.java:271)\n\tat org.junit.runners.BlockJUnit4ClassRunner.runChild(BlockJUnit4ClassRunner.java:70)\n\tat org.junit.runners.BlockJUnit4ClassRunner.runChild(BlockJUnit4ClassRunner.java:50)\n\tat org.junit.runners.ParentRunner$3.run(ParentRunner.java:238)\n\tat org.junit.runners.ParentRunner$1.schedule(ParentRunner.java:63)\n\tat org.junit.runners.ParentRunner.runChildren(ParentRunner.java:236)\n\tat org.junit.runners.ParentRunner.access$000(ParentRunner.java:53)\n\tat org.junit.runners.ParentRunner$2.evaluate(ParentRunner.java:229)\n\tat org.junit.runners.ParentRunner.run(ParentRunner.java:309)\n\tat org.apache.maven.surefire.junit4.JUnit4Provider.execute(JUnit4Provider.java:264)\n\tat org.apache.maven.surefire.junit4.JUnit4Provider.executeTestSet(JUnit4Provider.java:153)\n\tat org.apache.maven.surefire.junit4.JUnit4Provider.invoke(JUnit4Provider.java:124)\n\tat org.apache.maven.surefire.booter.ForkedBooter.invokeProviderInSameClassLoader(ForkedBooter.java:200)\n\tat org.apache.maven.surefire.booter.ForkedBooter.runSuitesInProcess(ForkedBooter.java:153)\n\tat org.apache.maven.surefire.booter.ForkedBooter.main(ForkedBooter.java:103)\n"
   },
   "steps" : {
      "step" : [ ]
   },
   "attachments" : {
      "attachment" : [ ]
   },
   "labels" : {
      "label" : [ {
         "name" : "host",
         "value" : "MacBook-Pro-2.home"
      }, {
         "name" : "thread",
         "value" : "1771@MacBook-Pro-2.home.main(1)"
      } ]
   }
}
>>>REQUEST: /testaspect/TestCase/776c0b26-38f8-40d7-9c2a-7c8eb577e70c
running with given plugins: []
<<<RESPONSE (201 Created): /testaspect/TestCase/776c0b26-38f8-40d7-9c2a-7c8eb577e70c
=== Starting create_and_run_parameterized_script(plugins.ScriptlerPluginTest)
Starting Jenkins: JAVA_HOME=/Library/Java/JavaVirtualMachines/jdk1.8.0_60.jdk/Contents/Home JENKINS_HOME=/Users/abduljewel/Documents/c/spiderqa/sample-test-projects/acceptance-test-harness/target/jenkins3295383842257758127home /Library/Java/JavaVirtualMachines/jdk1.8.0_60.jdk/Contents/Home/bin/java -Duser.language=en -jar ./jenkins.war --ajp13Port=-1 --httpPort=64291
master64291|Running from: /Users/abduljewel/Documents/c/spiderqa/sample-test-projects/acceptance-test-harness/jenkins.war
master64291|webroot: EnvVars.masterEnvVars.get("JENKINS_HOME")
master64291|Oct 16, 2015 8:16:58 PM winstone.Logger logInternal
master64291|INFO: Beginning extraction from war file
master64291|Oct 16, 2015 8:16:59 PM org.eclipse.jetty.util.log.JavaUtilLog info
master64291|INFO: jetty-winstone-2.8
master64291|Oct 16, 2015 8:17:00 PM org.eclipse.jetty.util.log.JavaUtilLog info
master64291|INFO: NO JSP Support for , did not find org.apache.jasper.servlet.JspServlet
master64291|Jenkins home directory: /Users/abduljewel/Documents/c/spiderqa/sample-test-projects/acceptance-test-harness/target/jenkins3295383842257758127home found at: EnvVars.masterEnvVars.get("JENKINS_HOME")
master64291|Oct 16, 2015 8:17:01 PM org.eclipse.jetty.util.log.JavaUtilLog info
master64291|INFO: Started SelectChannelConnector@0.0.0.0:64291
master64291|Oct 16, 2015 8:17:01 PM winstone.Logger logInternal
master64291|INFO: Winstone Servlet Engine v2.0 running: controlPort=disabled
master64291|Oct 16, 2015 8:17:01 PM jenkins.InitReactorRunner$1 onAttained
master64291|INFO: Started initialization
master64291|Oct 16, 2015 8:17:10 PM jenkins.InitReactorRunner$1 onAttained
master64291|INFO: Listed all plugins
master64291|Oct 16, 2015 8:17:10 PM jenkins.InitReactorRunner$1 onAttained
master64291|INFO: Prepared all plugins
master64291|Oct 16, 2015 8:17:10 PM jenkins.InitReactorRunner$1 onAttained
master64291|INFO: Started all plugins
master64291|Oct 16, 2015 8:17:10 PM jenkins.InitReactorRunner$1 onAttained
master64291|INFO: Augmented all extensions
master64291|Oct 16, 2015 8:17:12 PM jenkins.InitReactorRunner$1 onAttained
master64291|INFO: Loaded all jobs
master64291|Oct 16, 2015 8:17:13 PM hudson.model.AsyncPeriodicWork$1 run
master64291|INFO: Started Download metadata
master64291|Oct 16, 2015 8:17:13 PM org.jenkinsci.main.modules.sshd.SSHD start
master64291|INFO: Started SSHD at port 60054
master64291|Oct 16, 2015 8:17:13 PM jenkins.InitReactorRunner$1 onAttained
master64291|INFO: Completed initialization
master64291|Oct 16, 2015 8:17:13 PM hudson.UDPBroadcastThread run
master64291|WARNING: UDP handling problem
master64291|java.net.SocketException: Can't assign requested address
master64291|	at java.net.PlainDatagramSocketImpl.join(Native Method)
master64291|	at java.net.AbstractPlainDatagramSocketImpl.join(AbstractPlainDatagramSocketImpl.java:179)
master64291|	at java.net.MulticastSocket.joinGroup(MulticastSocket.java:323)
master64291|	at hudson.UDPBroadcastThread.run(UDPBroadcastThread.java:77)
master64291|
master64291|Oct 16, 2015 8:17:13 PM hudson.WebAppMain$3 run
master64291|INFO: Jenkins is fully up and running
master64291|Oct 16, 2015 8:17:15 PM hudson.model.UpdateSite updateData
master64291|INFO: Obtained the latest update center data file for UpdateSource default
master64291|Oct 16, 2015 8:17:15 PM hudson.model.DownloadService$Downloadable load
master64291|INFO: Obtained the updated data file for hudson.tasks.Maven.MavenInstaller
Jenkins is stopped
]]></system-out>
    <system-err><![CDATA[Oct 16, 2015 8:16:58 PM org.jenkinsci.test.acceptance.controller.LocalController startNow
INFO: Waiting for Jenkins to become running in http://127.0.0.1:64291/
Oct 16, 2015 8:17:13 PM org.jenkinsci.test.acceptance.controller.LocalController startNow
INFO: Jenkins is running in http://127.0.0.1:64291/
Oct 16, 2015 8:17:13 PM org.openqa.selenium.phantomjs.PhantomJSDriverService <init>
INFO: executable: /usr/local/bin/phantomjs
Oct 16, 2015 8:17:13 PM org.openqa.selenium.phantomjs.PhantomJSDriverService <init>
INFO: port: 27854
Oct 16, 2015 8:17:13 PM org.openqa.selenium.phantomjs.PhantomJSDriverService <init>
INFO: arguments: [--webdriver=27854, --webdriver-logfile=/Users/abduljewel/Documents/c/spiderqa/sample-test-projects/acceptance-test-harness/phantomjsdriver.log]
Oct 16, 2015 8:17:13 PM org.openqa.selenium.phantomjs.PhantomJSDriverService <init>
INFO: environment: {}
[INFO  - 2015-10-17T00:17:13.484Z] GhostDriver - Main - running on port 27854
[INFO  - 2015-10-17T00:17:13.760Z] Session [6a88a5c0-7464-11e5-8bd4-19d8a23fae1c] - page.settings - {"XSSAuditingEnabled":false,"javascriptCanCloseWindows":true,"javascriptCanOpenWindows":true,"javascriptEnabled":true,"loadImages":true,"localToRemoteUrlAccessEnabled":false,"userAgent":"Mozilla/5.0 (Macintosh; Intel Mac OS X) AppleWebKit/538.1 (KHTML, like Gecko) PhantomJS/2.0.0 Safari/538.1","webSecurityEnabled":true}
[INFO  - 2015-10-17T00:17:13.760Z] Session [6a88a5c0-7464-11e5-8bd4-19d8a23fae1c] - page.customHeaders:  - {"Accept-Language":"en"}
[INFO  - 2015-10-17T00:17:13.760Z] Session [6a88a5c0-7464-11e5-8bd4-19d8a23fae1c] - Session.negotiatedCapabilities - {"browserName":"phantomjs","version":"2.0.0","driverName":"ghostdriver","driverVersion":"1.2.0","platform":"mac-10.9 (Mavericks)-64bit","javascriptEnabled":true,"takesScreenshot":true,"handlesAlerts":false,"databaseEnabled":false,"locationContextEnabled":false,"applicationCacheEnabled":false,"browserConnectionEnabled":false,"cssSelectorsEnabled":true,"webStorageEnabled":false,"rotatable":false,"acceptSslCerts":false,"nativeEvents":true,"proxy":{"proxyType":"direct"},"phantomjs.page.customHeaders.Accept-Language":"en"}
[INFO  - 2015-10-17T00:17:13.760Z] SessionManagerReqHand - _postNewSessionCommand - New Session Created: 6a88a5c0-7464-11e5-8bd4-19d8a23fae1c
Oct 16, 2015 8:17:14 PM org.jenkinsci.test.acceptance.po.PluginManager installationStatus
INFO: scriptler is not installed
Oct 16, 2015 8:17:14 PM org.jenkinsci.test.acceptance.po.PluginManager installationStatus
INFO: scriptler is not installed
Oct 16, 2015 8:17:14 PM org.jenkinsci.test.acceptance.po.PluginManager installationStatus
INFO: credentials has version 1.18 but 1.24 was requested
[INFO  - 2015-10-17T00:17:14.924Z] ShutdownReqHand - _handle - About to shutdown
]]></system-err>
  </testcase>
  <testcase name="run_new_script" classname="plugins.ScriptlerPluginTest" time="18.041">
    <error message="org.apache.http.entity.ContentType.create(Ljava/lang/String;[Lorg/apache/http/NameValuePair;)Lorg/apache/http/entity/ContentType;" type="java.lang.NoSuchMethodError">java.lang.NoSuchMethodError: org.apache.http.entity.ContentType.create(Ljava/lang/String;[Lorg/apache/http/NameValuePair;)Lorg/apache/http/entity/ContentType;
	at org.apache.http.entity.mime.MultipartEntityBuilder.buildEntity(MultipartEntityBuilder.java:209)
	at org.apache.http.entity.mime.MultipartEntityBuilder.build(MultipartEntityBuilder.java:230)
	at org.jenkinsci.test.acceptance.update_center.PluginMetadata.uploadTo(PluginMetadata.java:65)
	at org.jenkinsci.test.acceptance.po.PluginManager.installPlugins(PluginManager.java:173)
	at org.jenkinsci.test.acceptance.junit.WithPlugins$RuleImpl$1.doInstall(WithPlugins.java:139)
	at org.jenkinsci.test.acceptance.junit.WithPlugins$RuleImpl$1.installPlugins(WithPlugins.java:119)
	at org.jenkinsci.test.acceptance.junit.WithPlugins$RuleImpl$1.evaluate(WithPlugins.java:92)
	at org.jenkinsci.test.acceptance.junit.JenkinsAcceptanceTestRule$1$2$1.evaluate(JenkinsAcceptanceTestRule.java:129)
	at org.jenkinsci.test.acceptance.junit.FilterRule$1.evaluate(FilterRule.java:62)
	at org.jenkinsci.test.acceptance.junit.JenkinsAcceptanceTestRule$1.evaluate(JenkinsAcceptanceTestRule.java:55)
	at org.junit.runners.ParentRunner.runLeaf(ParentRunner.java:271)
	at org.junit.runners.BlockJUnit4ClassRunner.runChild(BlockJUnit4ClassRunner.java:70)
	at org.junit.runners.BlockJUnit4ClassRunner.runChild(BlockJUnit4ClassRunner.java:50)
	at org.junit.runners.ParentRunner$3.run(ParentRunner.java:238)
	at org.junit.runners.ParentRunner$1.schedule(ParentRunner.java:63)
	at org.junit.runners.ParentRunner.runChildren(ParentRunner.java:236)
	at org.junit.runners.ParentRunner.access$000(ParentRunner.java:53)
	at org.junit.runners.ParentRunner$2.evaluate(ParentRunner.java:229)
	at org.junit.runners.ParentRunner.run(ParentRunner.java:309)
	at org.apache.maven.surefire.junit4.JUnit4Provider.execute(JUnit4Provider.java:264)
	at org.apache.maven.surefire.junit4.JUnit4Provider.executeTestSet(JUnit4Provider.java:153)
	at org.apache.maven.surefire.junit4.JUnit4Provider.invoke(JUnit4Provider.java:124)
	at org.apache.maven.surefire.booter.ForkedBooter.invokeProviderInSameClassLoader(ForkedBooter.java:200)
	at org.apache.maven.surefire.booter.ForkedBooter.runSuitesInProcess(ForkedBooter.java:153)
	at org.apache.maven.surefire.booter.ForkedBooter.main(ForkedBooter.java:103)
</error>
    <system-out><![CDATA[testCaseResult=ru.yandex.qatools.allure.model.TestCaseResult@7a7c499a[
  name=create_and_run_parameterized_script
  title=<null>
  description=<null>
  failure=ru.yandex.qatools.allure.model.Failure@1dcd4ce0
  start=1445041018132
  stop=1445041035606
  status=BROKEN
  severity=<null>
  steps=[]
  attachments=[]
  labels=[ru.yandex.qatools.allure.model.Label@2114a233, ru.yandex.qatools.allure.model.Label@314ba103]
  parameters=<null>
]
testCaseResult={
   "start" : 1445041018132,
   "stop" : 1445041035606,
   "status" : "broken",
   "name" : "create_and_run_parameterized_script",
   "failure" : {
      "message" : "NoSuchMethodError: org.apache.http.entity.ContentType.create(Ljava/lang/String;[Lorg/apache/http/NameValuePair;)Lorg/apache/http/entity/ContentType;",
      "stack-trace" : "java.lang.NoSuchMethodError: org.apache.http.entity.ContentType.create(Ljava/lang/String;[Lorg/apache/http/NameValuePair;)Lorg/apache/http/entity/ContentType;\n\tat org.apache.http.entity.mime.MultipartEntityBuilder.buildEntity(MultipartEntityBuilder.java:209)\n\tat org.apache.http.entity.mime.MultipartEntityBuilder.build(MultipartEntityBuilder.java:230)\n\tat org.jenkinsci.test.acceptance.update_center.PluginMetadata.uploadTo(PluginMetadata.java:65)\n\tat org.jenkinsci.test.acceptance.po.PluginManager.installPlugins(PluginManager.java:173)\n\tat org.jenkinsci.test.acceptance.junit.WithPlugins$RuleImpl$1.doInstall(WithPlugins.java:139)\n\tat org.jenkinsci.test.acceptance.junit.WithPlugins$RuleImpl$1.installPlugins(WithPlugins.java:119)\n\tat org.jenkinsci.test.acceptance.junit.WithPlugins$RuleImpl$1.evaluate(WithPlugins.java:92)\n\tat org.jenkinsci.test.acceptance.junit.JenkinsAcceptanceTestRule$1$2$1.evaluate(JenkinsAcceptanceTestRule.java:129)\n\tat org.jenkinsci.test.acceptance.junit.FilterRule$1.evaluate(FilterRule.java:62)\n\tat org.jenkinsci.test.acceptance.junit.JenkinsAcceptanceTestRule$1.evaluate(JenkinsAcceptanceTestRule.java:55)\n\tat org.junit.runners.ParentRunner.runLeaf(ParentRunner.java:271)\n\tat org.junit.runners.BlockJUnit4ClassRunner.runChild(BlockJUnit4ClassRunner.java:70)\n\tat org.junit.runners.BlockJUnit4ClassRunner.runChild(BlockJUnit4ClassRunner.java:50)\n\tat org.junit.runners.ParentRunner$3.run(ParentRunner.java:238)\n\tat org.junit.runners.ParentRunner$1.schedule(ParentRunner.java:63)\n\tat org.junit.runners.ParentRunner.runChildren(ParentRunner.java:236)\n\tat org.junit.runners.ParentRunner.access$000(ParentRunner.java:53)\n\tat org.junit.runners.ParentRunner$2.evaluate(ParentRunner.java:229)\n\tat org.junit.runners.ParentRunner.run(ParentRunner.java:309)\n\tat org.apache.maven.surefire.junit4.JUnit4Provider.execute(JUnit4Provider.java:264)\n\tat org.apache.maven.surefire.junit4.JUnit4Provider.executeTestSet(JUnit4Provider.java:153)\n\tat org.apache.maven.surefire.junit4.JUnit4Provider.invoke(JUnit4Provider.java:124)\n\tat org.apache.maven.surefire.booter.ForkedBooter.invokeProviderInSameClassLoader(ForkedBooter.java:200)\n\tat org.apache.maven.surefire.booter.ForkedBooter.runSuitesInProcess(ForkedBooter.java:153)\n\tat org.apache.maven.surefire.booter.ForkedBooter.main(ForkedBooter.java:103)\n"
   },
   "steps" : {
      "step" : [ ]
   },
   "attachments" : {
      "attachment" : [ ]
   },
   "labels" : {
      "label" : [ {
         "name" : "host",
         "value" : "MacBook-Pro-2.home"
      }, {
         "name" : "thread",
         "value" : "1771@MacBook-Pro-2.home.main(1)"
      } ]
   }
}
testCase=ru.yandex.qatools.allure.model.TestCase@29e31e29[
  _id=dddb5eff-5f48-4110-b36e-0cb41b4c129b
  executionId=7a8626ac-7b8d-4761-8bff-776519219d78
  threadName=thread_15005794375463
  name=create_and_run_parameterized_script
  title=<null>
  description=<null>
  failure=ru.yandex.qatools.allure.model.Failure@1dcd4ce0
  start=1445041018132
  stop=1445041035606
  status=BROKEN
  severity=<null>
  steps=[]
  attachments=[]
  labels=[ru.yandex.qatools.allure.model.Label@2114a233, ru.yandex.qatools.allure.model.Label@314ba103]
  parameters=<null>
]
testCase={
   "start" : 1445041018132,
   "stop" : 1445041035606,
   "status" : "broken",
   "_id" : "dddb5eff-5f48-4110-b36e-0cb41b4c129b",
   "executionId" : "7a8626ac-7b8d-4761-8bff-776519219d78",
   "threadName" : "thread_15005794375463",
   "name" : "create_and_run_parameterized_script",
   "failure" : {
      "message" : "NoSuchMethodError: org.apache.http.entity.ContentType.create(Ljava/lang/String;[Lorg/apache/http/NameValuePair;)Lorg/apache/http/entity/ContentType;",
      "stack-trace" : "java.lang.NoSuchMethodError: org.apache.http.entity.ContentType.create(Ljava/lang/String;[Lorg/apache/http/NameValuePair;)Lorg/apache/http/entity/ContentType;\n\tat org.apache.http.entity.mime.MultipartEntityBuilder.buildEntity(MultipartEntityBuilder.java:209)\n\tat org.apache.http.entity.mime.MultipartEntityBuilder.build(MultipartEntityBuilder.java:230)\n\tat org.jenkinsci.test.acceptance.update_center.PluginMetadata.uploadTo(PluginMetadata.java:65)\n\tat org.jenkinsci.test.acceptance.po.PluginManager.installPlugins(PluginManager.java:173)\n\tat org.jenkinsci.test.acceptance.junit.WithPlugins$RuleImpl$1.doInstall(WithPlugins.java:139)\n\tat org.jenkinsci.test.acceptance.junit.WithPlugins$RuleImpl$1.installPlugins(WithPlugins.java:119)\n\tat org.jenkinsci.test.acceptance.junit.WithPlugins$RuleImpl$1.evaluate(WithPlugins.java:92)\n\tat org.jenkinsci.test.acceptance.junit.JenkinsAcceptanceTestRule$1$2$1.evaluate(JenkinsAcceptanceTestRule.java:129)\n\tat org.jenkinsci.test.acceptance.junit.FilterRule$1.evaluate(FilterRule.java:62)\n\tat org.jenkinsci.test.acceptance.junit.JenkinsAcceptanceTestRule$1.evaluate(JenkinsAcceptanceTestRule.java:55)\n\tat org.junit.runners.ParentRunner.runLeaf(ParentRunner.java:271)\n\tat org.junit.runners.BlockJUnit4ClassRunner.runChild(BlockJUnit4ClassRunner.java:70)\n\tat org.junit.runners.BlockJUnit4ClassRunner.runChild(BlockJUnit4ClassRunner.java:50)\n\tat org.junit.runners.ParentRunner$3.run(ParentRunner.java:238)\n\tat org.junit.runners.ParentRunner$1.schedule(ParentRunner.java:63)\n\tat org.junit.runners.ParentRunner.runChildren(ParentRunner.java:236)\n\tat org.junit.runners.ParentRunner.access$000(ParentRunner.java:53)\n\tat org.junit.runners.ParentRunner$2.evaluate(ParentRunner.java:229)\n\tat org.junit.runners.ParentRunner.run(ParentRunner.java:309)\n\tat org.apache.maven.surefire.junit4.JUnit4Provider.execute(JUnit4Provider.java:264)\n\tat org.apache.maven.surefire.junit4.JUnit4Provider.executeTestSet(JUnit4Provider.java:153)\n\tat org.apache.maven.surefire.junit4.JUnit4Provider.invoke(JUnit4Provider.java:124)\n\tat org.apache.maven.surefire.booter.ForkedBooter.invokeProviderInSameClassLoader(ForkedBooter.java:200)\n\tat org.apache.maven.surefire.booter.ForkedBooter.runSuitesInProcess(ForkedBooter.java:153)\n\tat org.apache.maven.surefire.booter.ForkedBooter.main(ForkedBooter.java:103)\n"
   },
   "steps" : {
      "step" : [ ]
   },
   "attachments" : {
      "attachment" : [ ]
   },
   "labels" : {
      "label" : [ {
         "name" : "host",
         "value" : "MacBook-Pro-2.home"
      }, {
         "name" : "thread",
         "value" : "1771@MacBook-Pro-2.home.main(1)"
      } ]
   }
}
>>>REQUEST: /testaspect/TestCase/dddb5eff-5f48-4110-b36e-0cb41b4c129b
running with given plugins: []
=== Starting run_new_script(plugins.ScriptlerPluginTest)
<<<RESPONSE (201 Created): /testaspect/TestCase/dddb5eff-5f48-4110-b36e-0cb41b4c129b
Starting Jenkins: JAVA_HOME=/Library/Java/JavaVirtualMachines/jdk1.8.0_60.jdk/Contents/Home JENKINS_HOME=/Users/abduljewel/Documents/c/spiderqa/sample-test-projects/acceptance-test-harness/target/jenkins6242940833413591528home /Library/Java/JavaVirtualMachines/jdk1.8.0_60.jdk/Contents/Home/bin/java -Duser.language=en -jar ./jenkins.war --ajp13Port=-1 --httpPort=63208
master63208|Running from: /Users/abduljewel/Documents/c/spiderqa/sample-test-projects/acceptance-test-harness/jenkins.war
master63208|webroot: EnvVars.masterEnvVars.get("JENKINS_HOME")
master63208|Oct 16, 2015 8:17:15 PM winstone.Logger logInternal
master63208|INFO: Beginning extraction from war file
master63208|Oct 16, 2015 8:17:16 PM org.eclipse.jetty.util.log.JavaUtilLog info
master63208|INFO: jetty-winstone-2.8
master63208|Oct 16, 2015 8:17:18 PM org.eclipse.jetty.util.log.JavaUtilLog info
master63208|INFO: NO JSP Support for , did not find org.apache.jasper.servlet.JspServlet
master63208|Jenkins home directory: /Users/abduljewel/Documents/c/spiderqa/sample-test-projects/acceptance-test-harness/target/jenkins6242940833413591528home found at: EnvVars.masterEnvVars.get("JENKINS_HOME")
master63208|Oct 16, 2015 8:17:19 PM org.eclipse.jetty.util.log.JavaUtilLog info
master63208|INFO: Started SelectChannelConnector@0.0.0.0:63208
master63208|Oct 16, 2015 8:17:19 PM winstone.Logger logInternal
master63208|INFO: Winstone Servlet Engine v2.0 running: controlPort=disabled
master63208|Oct 16, 2015 8:17:19 PM jenkins.InitReactorRunner$1 onAttained
master63208|INFO: Started initialization
master63208|Oct 16, 2015 8:17:28 PM jenkins.InitReactorRunner$1 onAttained
master63208|INFO: Listed all plugins
master63208|Oct 16, 2015 8:17:28 PM jenkins.InitReactorRunner$1 onAttained
master63208|INFO: Prepared all plugins
master63208|Oct 16, 2015 8:17:28 PM jenkins.InitReactorRunner$1 onAttained
master63208|INFO: Started all plugins
master63208|Oct 16, 2015 8:17:28 PM jenkins.InitReactorRunner$1 onAttained
master63208|INFO: Augmented all extensions
master63208|Oct 16, 2015 8:17:29 PM jenkins.InitReactorRunner$1 onAttained
master63208|INFO: Loaded all jobs
master63208|Oct 16, 2015 8:17:30 PM hudson.model.AsyncPeriodicWork$1 run
master63208|INFO: Started Download metadata
master63208|Oct 16, 2015 8:17:30 PM org.jenkinsci.main.modules.sshd.SSHD start
master63208|INFO: Started SSHD at port 60075
master63208|Oct 16, 2015 8:17:30 PM jenkins.InitReactorRunner$1 onAttained
master63208|INFO: Completed initialization
master63208|Oct 16, 2015 8:17:30 PM hudson.UDPBroadcastThread run
master63208|WARNING: UDP handling problem
master63208|java.net.SocketException: Can't assign requested address
master63208|	at java.net.PlainDatagramSocketImpl.join(Native Method)
master63208|	at java.net.AbstractPlainDatagramSocketImpl.join(AbstractPlainDatagramSocketImpl.java:179)
master63208|	at java.net.MulticastSocket.joinGroup(MulticastSocket.java:323)
master63208|	at hudson.UDPBroadcastThread.run(UDPBroadcastThread.java:77)
master63208|
master63208|Oct 16, 2015 8:17:30 PM hudson.WebAppMain$3 run
master63208|INFO: Jenkins is fully up and running
master63208|Oct 16, 2015 8:17:31 PM hudson.model.UpdateSite updateData
master63208|INFO: Obtained the latest update center data file for UpdateSource default
master63208|Oct 16, 2015 8:17:32 PM hudson.model.DownloadService$Downloadable load
master63208|INFO: Obtained the updated data file for hudson.tasks.Maven.MavenInstaller
master63208|Oct 16, 2015 8:17:32 PM hudson.model.DownloadService$Downloadable load
master63208|INFO: Obtained the updated data file for hudson.tasks.Ant.AntInstaller
master63208|Oct 16, 2015 8:17:33 PM hudson.model.DownloadService$Downloadable load
master63208|INFO: Obtained the updated data file for hudson.tools.JDKInstaller
master63208|Oct 16, 2015 8:17:33 PM hudson.model.AsyncPeriodicWork$1 run
master63208|INFO: Finished Download metadata. 2,743 ms
Jenkins is stopped
]]></system-out>
    <system-err><![CDATA[Oct 16, 2015 8:17:15 PM org.jenkinsci.test.acceptance.controller.LocalController startNow
INFO: Waiting for Jenkins to become running in http://127.0.0.1:63208/
Oct 16, 2015 8:17:30 PM org.jenkinsci.test.acceptance.controller.LocalController startNow
INFO: Jenkins is running in http://127.0.0.1:63208/
Oct 16, 2015 8:17:30 PM org.openqa.selenium.phantomjs.PhantomJSDriverService <init>
INFO: executable: /usr/local/bin/phantomjs
Oct 16, 2015 8:17:30 PM org.openqa.selenium.phantomjs.PhantomJSDriverService <init>
INFO: port: 30609
Oct 16, 2015 8:17:30 PM org.openqa.selenium.phantomjs.PhantomJSDriverService <init>
INFO: arguments: [--webdriver=30609, --webdriver-logfile=/Users/abduljewel/Documents/c/spiderqa/sample-test-projects/acceptance-test-harness/phantomjsdriver.log]
Oct 16, 2015 8:17:30 PM org.openqa.selenium.phantomjs.PhantomJSDriverService <init>
INFO: environment: {}
[INFO  - 2015-10-17T00:17:30.998Z] GhostDriver - Main - running on port 30609
[INFO  - 2015-10-17T00:17:31.291Z] Session [74fb8360-7464-11e5-a28f-b3ddfc6d48ba] - page.settings - {"XSSAuditingEnabled":false,"javascriptCanCloseWindows":true,"javascriptCanOpenWindows":true,"javascriptEnabled":true,"loadImages":true,"localToRemoteUrlAccessEnabled":false,"userAgent":"Mozilla/5.0 (Macintosh; Intel Mac OS X) AppleWebKit/538.1 (KHTML, like Gecko) PhantomJS/2.0.0 Safari/538.1","webSecurityEnabled":true}
[INFO  - 2015-10-17T00:17:31.291Z] Session [74fb8360-7464-11e5-a28f-b3ddfc6d48ba] - page.customHeaders:  - {"Accept-Language":"en"}
[INFO  - 2015-10-17T00:17:31.291Z] Session [74fb8360-7464-11e5-a28f-b3ddfc6d48ba] - Session.negotiatedCapabilities - {"browserName":"phantomjs","version":"2.0.0","driverName":"ghostdriver","driverVersion":"1.2.0","platform":"mac-10.9 (Mavericks)-64bit","javascriptEnabled":true,"takesScreenshot":true,"handlesAlerts":false,"databaseEnabled":false,"locationContextEnabled":false,"applicationCacheEnabled":false,"browserConnectionEnabled":false,"cssSelectorsEnabled":true,"webStorageEnabled":false,"rotatable":false,"acceptSslCerts":false,"nativeEvents":true,"proxy":{"proxyType":"direct"},"phantomjs.page.customHeaders.Accept-Language":"en"}
[INFO  - 2015-10-17T00:17:31.292Z] SessionManagerReqHand - _postNewSessionCommand - New Session Created: 74fb8360-7464-11e5-a28f-b3ddfc6d48ba
Oct 16, 2015 8:17:32 PM org.jenkinsci.test.acceptance.po.PluginManager installationStatus
INFO: scriptler is not installed
Oct 16, 2015 8:17:32 PM org.jenkinsci.test.acceptance.po.PluginManager installationStatus
INFO: scriptler is not installed
Oct 16, 2015 8:17:32 PM org.jenkinsci.test.acceptance.po.PluginManager installationStatus
INFO: credentials has version 1.18 but 1.24 was requested
[INFO  - 2015-10-17T00:17:32.971Z] ShutdownReqHand - _handle - About to shutdown
]]></system-err>
  </testcase>
</testsuite>