<?xml version="1.0" encoding="UTF-8"?>
<testsuite name="plugins.NodeLabelParameterPluginTest" time="183.726" tests="12" errors="10" skipped="2" failures="0">
  <properties>
    <property name="java.runtime.name" value="Java(TM) SE Runtime Environment"/>
    <property name="sun.boot.library.path" value="/Library/Java/JavaVirtualMachines/jdk1.8.0_60.jdk/Contents/Home/jre/lib"/>
    <property name="java.vm.version" value="25.60-b23"/>
    <property name="gopherProxySet" value="false"/>
    <property name="java.vm.vendor" value="Oracle Corporation"/>
    <property name="maven.multiModuleProjectDirectory" value="/Users/abduljewel/Documents/c/spiderqa/sample-test-projects/acceptance-test-harness"/>
    <property name="java.vendor.url" value="http://java.oracle.com/"/>
    <property name="path.separator" value=":"/>
    <property name="guice.disable.misplaced.annotation.check" value="true"/>
    <property name="java.vm.name" value="Java HotSpot(TM) 64-Bit Server VM"/>
    <property name="file.encoding.pkg" value="sun.io"/>
    <property name="user.country" value="US"/>
    <property name="sun.java.launcher" value="SUN_STANDARD"/>
    <property name="sun.os.patch.level" value="unknown"/>
    <property name="java.vm.specification.name" value="Java Virtual Machine Specification"/>
    <property name="user.dir" value="/Users/abduljewel/Documents/c/spiderqa/sample-test-projects/acceptance-test-harness"/>
    <property name="java.runtime.version" value="1.8.0_60-b27"/>
    <property name="java.awt.graphicsenv" value="sun.awt.CGraphicsEnvironment"/>
    <property name="java.endorsed.dirs" value="/Library/Java/JavaVirtualMachines/jdk1.8.0_60.jdk/Contents/Home/jre/lib/endorsed"/>
    <property name="os.arch" value="x86_64"/>
    <property name="java.io.tmpdir" value="/var/folders/lk/l859yg616c9cbtgfnt9szgjc0000gn/T/"/>
    <property name="line.separator" value="&#10;"/>
    <property name="java.vm.specification.vendor" value="Oracle Corporation"/>
    <property name="os.name" value="Mac OS X"/>
    <property name="classworlds.conf" value="/usr/local/Cellar/maven/3.3.3/libexec/bin/m2.conf"/>
    <property name="sun.jnu.encoding" value="UTF-8"/>
    <property name="java.library.path" value="/Users/abduljewel/Library/Java/Extensions:/Library/Java/Extensions:/Network/Library/Java/Extensions:/System/Library/Java/Extensions:/usr/lib/java:."/>
    <property name="java.specification.name" value="Java Platform API Specification"/>
    <property name="java.class.version" value="52.0"/>
    <property name="sun.management.compiler" value="HotSpot 64-Bit Tiered Compilers"/>
    <property name="os.version" value="10.10.5"/>
    <property name="http.nonProxyHosts" value="local|*.local|169.254/16|*.169.254/16"/>
    <property name="user.home" value="/Users/abduljewel"/>
    <property name="user.timezone" value="America/New_York"/>
    <property name="java.awt.printerjob" value="sun.lwawt.macosx.CPrinterJob"/>
    <property name="java.specification.version" value="1.8"/>
    <property name="file.encoding" value="UTF-8"/>
    <property name="user.name" value="abduljewel"/>
    <property name="java.class.path" value="/usr/local/Cellar/maven/3.3.3/libexec/boot/plexus-classworlds-2.5.2.jar"/>
    <property name="java.vm.specification.version" value="1.8"/>
    <property name="sun.arch.data.model" value="64"/>
    <property name="java.home" value="/Library/Java/JavaVirtualMachines/jdk1.8.0_60.jdk/Contents/Home/jre"/>
    <property name="sun.java.command" value="org.codehaus.plexus.classworlds.launcher.Launcher clean test"/>
    <property name="java.specification.vendor" value="Oracle Corporation"/>
    <property name="user.language" value="en"/>
    <property name="awt.toolkit" value="sun.lwawt.macosx.LWCToolkit"/>
    <property name="java.vm.info" value="mixed mode"/>
    <property name="java.version" value="1.8.0_60"/>
    <property name="java.ext.dirs" value="/Users/abduljewel/Library/Java/Extensions:/Library/Java/JavaVirtualMachines/jdk1.8.0_60.jdk/Contents/Home/jre/lib/ext:/Library/Java/Extensions:/Network/Library/Java/Extensions:/System/Library/Java/Extensions:/usr/lib/java"/>
    <property name="sun.boot.class.path" value="/Library/Java/JavaVirtualMachines/jdk1.8.0_60.jdk/Contents/Home/jre/lib/resources.jar:/Library/Java/JavaVirtualMachines/jdk1.8.0_60.jdk/Contents/Home/jre/lib/rt.jar:/Library/Java/JavaVirtualMachines/jdk1.8.0_60.jdk/Contents/Home/jre/lib/sunrsasign.jar:/Library/Java/JavaVirtualMachines/jdk1.8.0_60.jdk/Contents/Home/jre/lib/jsse.jar:/Library/Java/JavaVirtualMachines/jdk1.8.0_60.jdk/Contents/Home/jre/lib/jce.jar:/Library/Java/JavaVirtualMachines/jdk1.8.0_60.jdk/Contents/Home/jre/lib/charsets.jar:/Library/Java/JavaVirtualMachines/jdk1.8.0_60.jdk/Contents/Home/jre/lib/jfr.jar:/Library/Java/JavaVirtualMachines/jdk1.8.0_60.jdk/Contents/Home/jre/classes"/>
    <property name="java.vendor" value="Oracle Corporation"/>
    <property name="maven.home" value="/usr/local/Cellar/maven/3.3.3/libexec"/>
    <property name="file.separator" value="/"/>
    <property name="java.vendor.url.bug" value="http://bugreport.sun.com/bugreport/"/>
    <property name="sun.cpu.endian" value="little"/>
    <property name="sun.io.unicode.encoding" value="UnicodeBig"/>
    <property name="socksNonProxyHosts" value="local|*.local|169.254/16|*.169.254/16"/>
    <property name="ftp.nonProxyHosts" value="local|*.local|169.254/16|*.169.254/16"/>
    <property name="sun.cpu.isalist" value=""/>
  </properties>
  <testcase name="run_on_online_slave_and_master_with_node_restriction" classname="plugins.NodeLabelParameterPluginTest" time="17.679">
    <error message="org.apache.http.entity.ContentType.create(Ljava/lang/String;[Lorg/apache/http/NameValuePair;)Lorg/apache/http/entity/ContentType;" type="java.lang.NoSuchMethodError">java.lang.NoSuchMethodError: org.apache.http.entity.ContentType.create(Ljava/lang/String;[Lorg/apache/http/NameValuePair;)Lorg/apache/http/entity/ContentType;
	at org.apache.http.entity.mime.MultipartEntityBuilder.buildEntity(MultipartEntityBuilder.java:209)
	at org.apache.http.entity.mime.MultipartEntityBuilder.build(MultipartEntityBuilder.java:230)
	at org.jenkinsci.test.acceptance.update_center.PluginMetadata.uploadTo(PluginMetadata.java:65)
	at org.jenkinsci.test.acceptance.po.PluginManager.installPlugins(PluginManager.java:173)
	at org.jenkinsci.test.acceptance.junit.WithPlugins$RuleImpl$1.doInstall(WithPlugins.java:139)
	at org.jenkinsci.test.acceptance.junit.WithPlugins$RuleImpl$1.installPlugins(WithPlugins.java:119)
	at org.jenkinsci.test.acceptance.junit.WithPlugins$RuleImpl$1.evaluate(WithPlugins.java:92)
	at org.jenkinsci.test.acceptance.junit.JenkinsAcceptanceTestRule$1$2$1.evaluate(JenkinsAcceptanceTestRule.java:129)
	at org.jenkinsci.test.acceptance.junit.FilterRule$1.evaluate(FilterRule.java:62)
	at org.jenkinsci.test.acceptance.junit.JenkinsAcceptanceTestRule$1.evaluate(JenkinsAcceptanceTestRule.java:55)
	at org.junit.runners.ParentRunner.runLeaf(ParentRunner.java:271)
	at org.junit.runners.BlockJUnit4ClassRunner.runChild(BlockJUnit4ClassRunner.java:70)
	at org.junit.runners.BlockJUnit4ClassRunner.runChild(BlockJUnit4ClassRunner.java:50)
	at org.junit.runners.ParentRunner$3.run(ParentRunner.java:238)
	at org.junit.runners.ParentRunner$1.schedule(ParentRunner.java:63)
	at org.junit.runners.ParentRunner.runChildren(ParentRunner.java:236)
	at org.junit.runners.ParentRunner.access$000(ParentRunner.java:53)
	at org.junit.runners.ParentRunner$2.evaluate(ParentRunner.java:229)
	at org.junit.runners.ParentRunner.run(ParentRunner.java:309)
	at org.apache.maven.surefire.junit4.JUnit4Provider.execute(JUnit4Provider.java:264)
	at org.apache.maven.surefire.junit4.JUnit4Provider.executeTestSet(JUnit4Provider.java:153)
	at org.apache.maven.surefire.junit4.JUnit4Provider.invoke(JUnit4Provider.java:124)
	at org.apache.maven.surefire.booter.ForkedBooter.invokeProviderInSameClassLoader(ForkedBooter.java:200)
	at org.apache.maven.surefire.booter.ForkedBooter.runSuitesInProcess(ForkedBooter.java:153)
	at org.apache.maven.surefire.booter.ForkedBooter.main(ForkedBooter.java:103)
</error>
    <system-out><![CDATA[testCaseResult=ru.yandex.qatools.allure.model.TestCaseResult@b189b4b[
  name=always_checkout_fresh_copy
  title=<null>
  description=<null>
  failure=<null>
  start=1445040079534
  stop=1445040119646
  status=PASSED
  severity=<null>
  steps=[]
  attachments=[]
  labels=[ru.yandex.qatools.allure.model.Label@1f114246, ru.yandex.qatools.allure.model.Label@4cb7a26c]
  parameters=<null>
]
testCaseResult={
   "start" : 1445040079534,
   "stop" : 1445040119646,
   "status" : "passed",
   "name" : "always_checkout_fresh_copy",
   "steps" : {
      "step" : [ ]
   },
   "attachments" : {
      "attachment" : [ ]
   },
   "labels" : {
      "label" : [ {
         "name" : "host",
         "value" : "MacBook-Pro-2.home"
      }, {
         "name" : "thread",
         "value" : "1771@MacBook-Pro-2.home.main(1)"
      } ]
   }
}
testCase=ru.yandex.qatools.allure.model.TestCase@4f69677a[
  _id=f2a6de12-9558-46c3-927e-abde4275bba2
  executionId=7a8626ac-7b8d-4761-8bff-776519219d78
  threadName=thread_15005794375463
  name=always_checkout_fresh_copy
  title=<null>
  description=<null>
  failure=<null>
  start=1445040079534
  stop=1445040119646
  status=PASSED
  severity=<null>
  steps=[]
  attachments=[]
  labels=[ru.yandex.qatools.allure.model.Label@1f114246, ru.yandex.qatools.allure.model.Label@4cb7a26c]
  parameters=<null>
]
testCase={
   "start" : 1445040079534,
   "stop" : 1445040119646,
   "status" : "passed",
   "_id" : "f2a6de12-9558-46c3-927e-abde4275bba2",
   "executionId" : "7a8626ac-7b8d-4761-8bff-776519219d78",
   "threadName" : "thread_15005794375463",
   "name" : "always_checkout_fresh_copy",
   "steps" : {
      "step" : [ ]
   },
   "attachments" : {
      "attachment" : [ ]
   },
   "labels" : {
      "label" : [ {
         "name" : "host",
         "value" : "MacBook-Pro-2.home"
      }, {
         "name" : "thread",
         "value" : "1771@MacBook-Pro-2.home.main(1)"
      } ]
   }
}
>>>REQUEST: /testaspect/TestCase/f2a6de12-9558-46c3-927e-abde4275bba2
<<<RESPONSE (201 Created): /testaspect/TestCase/f2a6de12-9558-46c3-927e-abde4275bba2
running with given plugins: []
=== Starting run_on_online_slave_and_master_with_node_restriction(plugins.NodeLabelParameterPluginTest)
Starting Jenkins: JAVA_HOME=/Library/Java/JavaVirtualMachines/jdk1.8.0_60.jdk/Contents/Home JENKINS_HOME=/Users/abduljewel/Documents/c/spiderqa/sample-test-projects/acceptance-test-harness/target/jenkins6394787880625814476home /Library/Java/JavaVirtualMachines/jdk1.8.0_60.jdk/Contents/Home/bin/java -Duser.language=en -jar ./jenkins.war --ajp13Port=-1 --httpPort=65257
master65257|Running from: /Users/abduljewel/Documents/c/spiderqa/sample-test-projects/acceptance-test-harness/jenkins.war
master65257|webroot: EnvVars.masterEnvVars.get("JENKINS_HOME")
master65257|Oct 16, 2015 8:01:59 PM winstone.Logger logInternal
master65257|INFO: Beginning extraction from war file
master65257|Oct 16, 2015 8:02:00 PM org.eclipse.jetty.util.log.JavaUtilLog info
master65257|INFO: jetty-winstone-2.8
master65257|Oct 16, 2015 8:02:02 PM org.eclipse.jetty.util.log.JavaUtilLog info
master65257|INFO: NO JSP Support for , did not find org.apache.jasper.servlet.JspServlet
master65257|Jenkins home directory: /Users/abduljewel/Documents/c/spiderqa/sample-test-projects/acceptance-test-harness/target/jenkins6394787880625814476home found at: EnvVars.masterEnvVars.get("JENKINS_HOME")
master65257|Oct 16, 2015 8:02:02 PM org.eclipse.jetty.util.log.JavaUtilLog info
master65257|INFO: Started SelectChannelConnector@0.0.0.0:65257
master65257|Oct 16, 2015 8:02:02 PM winstone.Logger logInternal
master65257|INFO: Winstone Servlet Engine v2.0 running: controlPort=disabled
master65257|Oct 16, 2015 8:02:03 PM jenkins.InitReactorRunner$1 onAttained
master65257|INFO: Started initialization
master65257|Oct 16, 2015 8:02:12 PM jenkins.InitReactorRunner$1 onAttained
master65257|INFO: Listed all plugins
master65257|Oct 16, 2015 8:02:12 PM jenkins.InitReactorRunner$1 onAttained
master65257|INFO: Prepared all plugins
master65257|Oct 16, 2015 8:02:12 PM jenkins.InitReactorRunner$1 onAttained
master65257|INFO: Started all plugins
master65257|Oct 16, 2015 8:02:12 PM jenkins.InitReactorRunner$1 onAttained
master65257|INFO: Augmented all extensions
master65257|Oct 16, 2015 8:02:13 PM jenkins.InitReactorRunner$1 onAttained
master65257|INFO: Loaded all jobs
master65257|Oct 16, 2015 8:02:14 PM hudson.model.AsyncPeriodicWork$1 run
master65257|INFO: Started Download metadata
master65257|Oct 16, 2015 8:02:15 PM org.jenkinsci.main.modules.sshd.SSHD start
master65257|INFO: Started SSHD at port 58939
master65257|Oct 16, 2015 8:02:15 PM jenkins.InitReactorRunner$1 onAttained
master65257|INFO: Completed initialization
master65257|Oct 16, 2015 8:02:15 PM hudson.UDPBroadcastThread run
master65257|WARNING: UDP handling problem
master65257|java.net.SocketException: Can't assign requested address
master65257|	at java.net.PlainDatagramSocketImpl.join(Native Method)
master65257|	at java.net.AbstractPlainDatagramSocketImpl.join(AbstractPlainDatagramSocketImpl.java:179)
master65257|	at java.net.MulticastSocket.joinGroup(MulticastSocket.java:323)
master65257|	at hudson.UDPBroadcastThread.run(UDPBroadcastThread.java:77)
master65257|
master65257|Oct 16, 2015 8:02:15 PM hudson.WebAppMain$3 run
master65257|INFO: Jenkins is fully up and running
master65257|Oct 16, 2015 8:02:16 PM hudson.model.UpdateSite updateData
master65257|INFO: Obtained the latest update center data file for UpdateSource default
master65257|Oct 16, 2015 8:02:16 PM hudson.model.DownloadService$Downloadable load
master65257|INFO: Obtained the updated data file for hudson.tasks.Maven.MavenInstaller
master65257|Oct 16, 2015 8:02:16 PM hudson.model.DownloadService$Downloadable load
master65257|INFO: Obtained the updated data file for hudson.tasks.Ant.AntInstaller
Jenkins is stopped
]]></system-out>
    <system-err><![CDATA[Oct 16, 2015 8:01:59 PM org.jenkinsci.test.acceptance.controller.LocalController startNow
INFO: Waiting for Jenkins to become running in http://127.0.0.1:65257/
Oct 16, 2015 8:02:15 PM org.jenkinsci.test.acceptance.controller.LocalController startNow
INFO: Jenkins is running in http://127.0.0.1:65257/
Oct 16, 2015 8:02:15 PM org.openqa.selenium.phantomjs.PhantomJSDriverService <init>
INFO: executable: /usr/local/bin/phantomjs
Oct 16, 2015 8:02:15 PM org.openqa.selenium.phantomjs.PhantomJSDriverService <init>
INFO: port: 35194
Oct 16, 2015 8:02:15 PM org.openqa.selenium.phantomjs.PhantomJSDriverService <init>
INFO: arguments: [--webdriver=35194, --webdriver-logfile=/Users/abduljewel/Documents/c/spiderqa/sample-test-projects/acceptance-test-harness/phantomjsdriver.log]
Oct 16, 2015 8:02:15 PM org.openqa.selenium.phantomjs.PhantomJSDriverService <init>
INFO: environment: {}
[INFO  - 2015-10-17T00:02:15.321Z] GhostDriver - Main - running on port 35194
[INFO  - 2015-10-17T00:02:15.579Z] Session [532cf360-7462-11e5-9538-395893891bb1] - page.settings - {"XSSAuditingEnabled":false,"javascriptCanCloseWindows":true,"javascriptCanOpenWindows":true,"javascriptEnabled":true,"loadImages":true,"localToRemoteUrlAccessEnabled":false,"userAgent":"Mozilla/5.0 (Macintosh; Intel Mac OS X) AppleWebKit/538.1 (KHTML, like Gecko) PhantomJS/2.0.0 Safari/538.1","webSecurityEnabled":true}
[INFO  - 2015-10-17T00:02:15.579Z] Session [532cf360-7462-11e5-9538-395893891bb1] - page.customHeaders:  - {"Accept-Language":"en"}
[INFO  - 2015-10-17T00:02:15.579Z] Session [532cf360-7462-11e5-9538-395893891bb1] - Session.negotiatedCapabilities - {"browserName":"phantomjs","version":"2.0.0","driverName":"ghostdriver","driverVersion":"1.2.0","platform":"mac-10.9 (Mavericks)-64bit","javascriptEnabled":true,"takesScreenshot":true,"handlesAlerts":false,"databaseEnabled":false,"locationContextEnabled":false,"applicationCacheEnabled":false,"browserConnectionEnabled":false,"cssSelectorsEnabled":true,"webStorageEnabled":false,"rotatable":false,"acceptSslCerts":false,"nativeEvents":true,"proxy":{"proxyType":"direct"},"phantomjs.page.customHeaders.Accept-Language":"en"}
[INFO  - 2015-10-17T00:02:15.579Z] SessionManagerReqHand - _postNewSessionCommand - New Session Created: 532cf360-7462-11e5-9538-395893891bb1
Oct 16, 2015 8:02:16 PM org.jenkinsci.test.acceptance.po.PluginManager installationStatus
INFO: nodelabelparameter is not installed
Oct 16, 2015 8:02:16 PM org.jenkinsci.test.acceptance.po.PluginManager installationStatus
INFO: nodelabelparameter is not installed
Oct 16, 2015 8:02:16 PM org.jenkinsci.test.acceptance.po.PluginManager installationStatus
INFO: token-macro@1.10 is not installed
[INFO  - 2015-10-17T00:02:16.654Z] ShutdownReqHand - _handle - About to shutdown
]]></system-err>
  </testcase>
  <testcase name="run_on_several_online_and_offline_slaves" classname="plugins.NodeLabelParameterPluginTest" time="18.032">
    <error message="org.apache.http.entity.ContentType.create(Ljava/lang/String;[Lorg/apache/http/NameValuePair;)Lorg/apache/http/entity/ContentType;" type="java.lang.NoSuchMethodError">java.lang.NoSuchMethodError: org.apache.http.entity.ContentType.create(Ljava/lang/String;[Lorg/apache/http/NameValuePair;)Lorg/apache/http/entity/ContentType;
	at org.apache.http.entity.mime.MultipartEntityBuilder.buildEntity(MultipartEntityBuilder.java:209)
	at org.apache.http.entity.mime.MultipartEntityBuilder.build(MultipartEntityBuilder.java:230)
	at org.jenkinsci.test.acceptance.update_center.PluginMetadata.uploadTo(PluginMetadata.java:65)
	at org.jenkinsci.test.acceptance.po.PluginManager.installPlugins(PluginManager.java:173)
	at org.jenkinsci.test.acceptance.junit.WithPlugins$RuleImpl$1.doInstall(WithPlugins.java:139)
	at org.jenkinsci.test.acceptance.junit.WithPlugins$RuleImpl$1.installPlugins(WithPlugins.java:119)
	at org.jenkinsci.test.acceptance.junit.WithPlugins$RuleImpl$1.evaluate(WithPlugins.java:92)
	at org.jenkinsci.test.acceptance.junit.JenkinsAcceptanceTestRule$1$2$1.evaluate(JenkinsAcceptanceTestRule.java:129)
	at org.jenkinsci.test.acceptance.junit.FilterRule$1.evaluate(FilterRule.java:62)
	at org.jenkinsci.test.acceptance.junit.JenkinsAcceptanceTestRule$1.evaluate(JenkinsAcceptanceTestRule.java:55)
	at org.junit.runners.ParentRunner.runLeaf(ParentRunner.java:271)
	at org.junit.runners.BlockJUnit4ClassRunner.runChild(BlockJUnit4ClassRunner.java:70)
	at org.junit.runners.BlockJUnit4ClassRunner.runChild(BlockJUnit4ClassRunner.java:50)
	at org.junit.runners.ParentRunner$3.run(ParentRunner.java:238)
	at org.junit.runners.ParentRunner$1.schedule(ParentRunner.java:63)
	at org.junit.runners.ParentRunner.runChildren(ParentRunner.java:236)
	at org.junit.runners.ParentRunner.access$000(ParentRunner.java:53)
	at org.junit.runners.ParentRunner$2.evaluate(ParentRunner.java:229)
	at org.junit.runners.ParentRunner.run(ParentRunner.java:309)
	at org.apache.maven.surefire.junit4.JUnit4Provider.execute(JUnit4Provider.java:264)
	at org.apache.maven.surefire.junit4.JUnit4Provider.executeTestSet(JUnit4Provider.java:153)
	at org.apache.maven.surefire.junit4.JUnit4Provider.invoke(JUnit4Provider.java:124)
	at org.apache.maven.surefire.booter.ForkedBooter.invokeProviderInSameClassLoader(ForkedBooter.java:200)
	at org.apache.maven.surefire.booter.ForkedBooter.runSuitesInProcess(ForkedBooter.java:153)
	at org.apache.maven.surefire.booter.ForkedBooter.main(ForkedBooter.java:103)
</error>
    <system-out><![CDATA[testCaseResult=ru.yandex.qatools.allure.model.TestCaseResult@6ae97107[
  name=run_on_online_slave_and_master_with_node_restriction
  title=<null>
  description=<null>
  failure=ru.yandex.qatools.allure.model.Failure@79bcbc37
  start=1445040119649
  stop=1445040137328
  status=BROKEN
  severity=<null>
  steps=[]
  attachments=[]
  labels=[ru.yandex.qatools.allure.model.Label@51f73460, ru.yandex.qatools.allure.model.Label@6bdb7ab2]
  parameters=<null>
]
testCaseResult={
   "start" : 1445040119649,
   "stop" : 1445040137328,
   "status" : "broken",
   "name" : "run_on_online_slave_and_master_with_node_restriction",
   "failure" : {
      "message" : "NoSuchMethodError: org.apache.http.entity.ContentType.create(Ljava/lang/String;[Lorg/apache/http/NameValuePair;)Lorg/apache/http/entity/ContentType;",
      "stack-trace" : "java.lang.NoSuchMethodError: org.apache.http.entity.ContentType.create(Ljava/lang/String;[Lorg/apache/http/NameValuePair;)Lorg/apache/http/entity/ContentType;\n\tat org.apache.http.entity.mime.MultipartEntityBuilder.buildEntity(MultipartEntityBuilder.java:209)\n\tat org.apache.http.entity.mime.MultipartEntityBuilder.build(MultipartEntityBuilder.java:230)\n\tat org.jenkinsci.test.acceptance.update_center.PluginMetadata.uploadTo(PluginMetadata.java:65)\n\tat org.jenkinsci.test.acceptance.po.PluginManager.installPlugins(PluginManager.java:173)\n\tat org.jenkinsci.test.acceptance.junit.WithPlugins$RuleImpl$1.doInstall(WithPlugins.java:139)\n\tat org.jenkinsci.test.acceptance.junit.WithPlugins$RuleImpl$1.installPlugins(WithPlugins.java:119)\n\tat org.jenkinsci.test.acceptance.junit.WithPlugins$RuleImpl$1.evaluate(WithPlugins.java:92)\n\tat org.jenkinsci.test.acceptance.junit.JenkinsAcceptanceTestRule$1$2$1.evaluate(JenkinsAcceptanceTestRule.java:129)\n\tat org.jenkinsci.test.acceptance.junit.FilterRule$1.evaluate(FilterRule.java:62)\n\tat org.jenkinsci.test.acceptance.junit.JenkinsAcceptanceTestRule$1.evaluate(JenkinsAcceptanceTestRule.java:55)\n\tat org.junit.runners.ParentRunner.runLeaf(ParentRunner.java:271)\n\tat org.junit.runners.BlockJUnit4ClassRunner.runChild(BlockJUnit4ClassRunner.java:70)\n\tat org.junit.runners.BlockJUnit4ClassRunner.runChild(BlockJUnit4ClassRunner.java:50)\n\tat org.junit.runners.ParentRunner$3.run(ParentRunner.java:238)\n\tat org.junit.runners.ParentRunner$1.schedule(ParentRunner.java:63)\n\tat org.junit.runners.ParentRunner.runChildren(ParentRunner.java:236)\n\tat org.junit.runners.ParentRunner.access$000(ParentRunner.java:53)\n\tat org.junit.runners.ParentRunner$2.evaluate(ParentRunner.java:229)\n\tat org.junit.runners.ParentRunner.run(ParentRunner.java:309)\n\tat org.apache.maven.surefire.junit4.JUnit4Provider.execute(JUnit4Provider.java:264)\n\tat org.apache.maven.surefire.junit4.JUnit4Provider.executeTestSet(JUnit4Provider.java:153)\n\tat org.apache.maven.surefire.junit4.JUnit4Provider.invoke(JUnit4Provider.java:124)\n\tat org.apache.maven.surefire.booter.ForkedBooter.invokeProviderInSameClassLoader(ForkedBooter.java:200)\n\tat org.apache.maven.surefire.booter.ForkedBooter.runSuitesInProcess(ForkedBooter.java:153)\n\tat org.apache.maven.surefire.booter.ForkedBooter.main(ForkedBooter.java:103)\n"
   },
   "steps" : {
      "step" : [ ]
   },
   "attachments" : {
      "attachment" : [ ]
   },
   "labels" : {
      "label" : [ {
         "name" : "host",
         "value" : "MacBook-Pro-2.home"
      }, {
         "name" : "thread",
         "value" : "1771@MacBook-Pro-2.home.main(1)"
      } ]
   }
}
testCase=ru.yandex.qatools.allure.model.TestCase@4a1b4f87[
  _id=41990631-6ed2-43bd-9501-81d9edc855c8
  executionId=7a8626ac-7b8d-4761-8bff-776519219d78
  threadName=thread_15005794375463
  name=run_on_online_slave_and_master_with_node_restriction
  title=<null>
  description=<null>
  failure=ru.yandex.qatools.allure.model.Failure@79bcbc37
  start=1445040119649
  stop=1445040137328
  status=BROKEN
  severity=<null>
  steps=[]
  attachments=[]
  labels=[ru.yandex.qatools.allure.model.Label@51f73460, ru.yandex.qatools.allure.model.Label@6bdb7ab2]
  parameters=<null>
]
testCase={
   "start" : 1445040119649,
   "stop" : 1445040137328,
   "status" : "broken",
   "_id" : "41990631-6ed2-43bd-9501-81d9edc855c8",
   "executionId" : "7a8626ac-7b8d-4761-8bff-776519219d78",
   "threadName" : "thread_15005794375463",
   "name" : "run_on_online_slave_and_master_with_node_restriction",
   "failure" : {
      "message" : "NoSuchMethodError: org.apache.http.entity.ContentType.create(Ljava/lang/String;[Lorg/apache/http/NameValuePair;)Lorg/apache/http/entity/ContentType;",
      "stack-trace" : "java.lang.NoSuchMethodError: org.apache.http.entity.ContentType.create(Ljava/lang/String;[Lorg/apache/http/NameValuePair;)Lorg/apache/http/entity/ContentType;\n\tat org.apache.http.entity.mime.MultipartEntityBuilder.buildEntity(MultipartEntityBuilder.java:209)\n\tat org.apache.http.entity.mime.MultipartEntityBuilder.build(MultipartEntityBuilder.java:230)\n\tat org.jenkinsci.test.acceptance.update_center.PluginMetadata.uploadTo(PluginMetadata.java:65)\n\tat org.jenkinsci.test.acceptance.po.PluginManager.installPlugins(PluginManager.java:173)\n\tat org.jenkinsci.test.acceptance.junit.WithPlugins$RuleImpl$1.doInstall(WithPlugins.java:139)\n\tat org.jenkinsci.test.acceptance.junit.WithPlugins$RuleImpl$1.installPlugins(WithPlugins.java:119)\n\tat org.jenkinsci.test.acceptance.junit.WithPlugins$RuleImpl$1.evaluate(WithPlugins.java:92)\n\tat org.jenkinsci.test.acceptance.junit.JenkinsAcceptanceTestRule$1$2$1.evaluate(JenkinsAcceptanceTestRule.java:129)\n\tat org.jenkinsci.test.acceptance.junit.FilterRule$1.evaluate(FilterRule.java:62)\n\tat org.jenkinsci.test.acceptance.junit.JenkinsAcceptanceTestRule$1.evaluate(JenkinsAcceptanceTestRule.java:55)\n\tat org.junit.runners.ParentRunner.runLeaf(ParentRunner.java:271)\n\tat org.junit.runners.BlockJUnit4ClassRunner.runChild(BlockJUnit4ClassRunner.java:70)\n\tat org.junit.runners.BlockJUnit4ClassRunner.runChild(BlockJUnit4ClassRunner.java:50)\n\tat org.junit.runners.ParentRunner$3.run(ParentRunner.java:238)\n\tat org.junit.runners.ParentRunner$1.schedule(ParentRunner.java:63)\n\tat org.junit.runners.ParentRunner.runChildren(ParentRunner.java:236)\n\tat org.junit.runners.ParentRunner.access$000(ParentRunner.java:53)\n\tat org.junit.runners.ParentRunner$2.evaluate(ParentRunner.java:229)\n\tat org.junit.runners.ParentRunner.run(ParentRunner.java:309)\n\tat org.apache.maven.surefire.junit4.JUnit4Provider.execute(JUnit4Provider.java:264)\n\tat org.apache.maven.surefire.junit4.JUnit4Provider.executeTestSet(JUnit4Provider.java:153)\n\tat org.apache.maven.surefire.junit4.JUnit4Provider.invoke(JUnit4Provider.java:124)\n\tat org.apache.maven.surefire.booter.ForkedBooter.invokeProviderInSameClassLoader(ForkedBooter.java:200)\n\tat org.apache.maven.surefire.booter.ForkedBooter.runSuitesInProcess(ForkedBooter.java:153)\n\tat org.apache.maven.surefire.booter.ForkedBooter.main(ForkedBooter.java:103)\n"
   },
   "steps" : {
      "step" : [ ]
   },
   "attachments" : {
      "attachment" : [ ]
   },
   "labels" : {
      "label" : [ {
         "name" : "host",
         "value" : "MacBook-Pro-2.home"
      }, {
         "name" : "thread",
         "value" : "1771@MacBook-Pro-2.home.main(1)"
      } ]
   }
}
>>>REQUEST: /testaspect/TestCase/41990631-6ed2-43bd-9501-81d9edc855c8
running with given plugins: []
<<<RESPONSE (201 Created): /testaspect/TestCase/41990631-6ed2-43bd-9501-81d9edc855c8
=== Starting run_on_several_online_and_offline_slaves(plugins.NodeLabelParameterPluginTest)
Starting Jenkins: JAVA_HOME=/Library/Java/JavaVirtualMachines/jdk1.8.0_60.jdk/Contents/Home JENKINS_HOME=/Users/abduljewel/Documents/c/spiderqa/sample-test-projects/acceptance-test-harness/target/jenkins2172868343591867152home /Library/Java/JavaVirtualMachines/jdk1.8.0_60.jdk/Contents/Home/bin/java -Duser.language=en -jar ./jenkins.war --ajp13Port=-1 --httpPort=62530
master62530|Running from: /Users/abduljewel/Documents/c/spiderqa/sample-test-projects/acceptance-test-harness/jenkins.war
master62530|webroot: EnvVars.masterEnvVars.get("JENKINS_HOME")
master62530|Oct 16, 2015 8:02:17 PM winstone.Logger logInternal
master62530|INFO: Beginning extraction from war file
master62530|Oct 16, 2015 8:02:18 PM org.eclipse.jetty.util.log.JavaUtilLog info
master62530|INFO: jetty-winstone-2.8
master62530|Oct 16, 2015 8:02:19 PM org.eclipse.jetty.util.log.JavaUtilLog info
master62530|INFO: NO JSP Support for , did not find org.apache.jasper.servlet.JspServlet
master62530|Jenkins home directory: /Users/abduljewel/Documents/c/spiderqa/sample-test-projects/acceptance-test-harness/target/jenkins2172868343591867152home found at: EnvVars.masterEnvVars.get("JENKINS_HOME")
master62530|Oct 16, 2015 8:02:20 PM org.eclipse.jetty.util.log.JavaUtilLog info
master62530|INFO: Started SelectChannelConnector@0.0.0.0:62530
master62530|Oct 16, 2015 8:02:20 PM winstone.Logger logInternal
master62530|INFO: Winstone Servlet Engine v2.0 running: controlPort=disabled
master62530|Oct 16, 2015 8:02:20 PM jenkins.InitReactorRunner$1 onAttained
master62530|INFO: Started initialization
master62530|Oct 16, 2015 8:02:30 PM jenkins.InitReactorRunner$1 onAttained
master62530|INFO: Listed all plugins
master62530|Oct 16, 2015 8:02:30 PM jenkins.InitReactorRunner$1 onAttained
master62530|INFO: Prepared all plugins
master62530|Oct 16, 2015 8:02:30 PM jenkins.InitReactorRunner$1 onAttained
master62530|INFO: Started all plugins
master62530|Oct 16, 2015 8:02:30 PM jenkins.InitReactorRunner$1 onAttained
master62530|INFO: Augmented all extensions
master62530|Oct 16, 2015 8:02:31 PM jenkins.InitReactorRunner$1 onAttained
master62530|INFO: Loaded all jobs
master62530|Oct 16, 2015 8:02:32 PM hudson.model.AsyncPeriodicWork$1 run
master62530|INFO: Started Download metadata
master62530|Oct 16, 2015 8:02:33 PM org.jenkinsci.main.modules.sshd.SSHD start
master62530|INFO: Started SSHD at port 58960
master62530|Oct 16, 2015 8:02:33 PM jenkins.InitReactorRunner$1 onAttained
master62530|INFO: Completed initialization
master62530|Oct 16, 2015 8:02:33 PM hudson.UDPBroadcastThread run
master62530|WARNING: UDP handling problem
master62530|java.net.SocketException: Can't assign requested address
master62530|	at java.net.PlainDatagramSocketImpl.join(Native Method)
master62530|	at java.net.AbstractPlainDatagramSocketImpl.join(AbstractPlainDatagramSocketImpl.java:179)
master62530|	at java.net.MulticastSocket.joinGroup(MulticastSocket.java:323)
master62530|	at hudson.UDPBroadcastThread.run(UDPBroadcastThread.java:77)
master62530|
master62530|Oct 16, 2015 8:02:33 PM hudson.WebAppMain$3 run
master62530|INFO: Jenkins is fully up and running
master62530|Oct 16, 2015 8:02:35 PM hudson.model.UpdateSite updateData
master62530|INFO: Obtained the latest update center data file for UpdateSource default
Jenkins is stopped
]]></system-out>
    <system-err><![CDATA[Oct 16, 2015 8:02:17 PM org.jenkinsci.test.acceptance.controller.LocalController startNow
INFO: Waiting for Jenkins to become running in http://127.0.0.1:62530/
Oct 16, 2015 8:02:33 PM org.jenkinsci.test.acceptance.controller.LocalController startNow
INFO: Jenkins is running in http://127.0.0.1:62530/
Oct 16, 2015 8:02:33 PM org.openqa.selenium.phantomjs.PhantomJSDriverService <init>
INFO: executable: /usr/local/bin/phantomjs
Oct 16, 2015 8:02:33 PM org.openqa.selenium.phantomjs.PhantomJSDriverService <init>
INFO: port: 26827
Oct 16, 2015 8:02:33 PM org.openqa.selenium.phantomjs.PhantomJSDriverService <init>
INFO: arguments: [--webdriver=26827, --webdriver-logfile=/Users/abduljewel/Documents/c/spiderqa/sample-test-projects/acceptance-test-harness/phantomjsdriver.log]
Oct 16, 2015 8:02:33 PM org.openqa.selenium.phantomjs.PhantomJSDriverService <init>
INFO: environment: {}
[INFO  - 2015-10-17T00:02:33.394Z] GhostDriver - Main - running on port 26827
[INFO  - 2015-10-17T00:02:33.678Z] Session [5df6caa0-7462-11e5-9eea-55847a50b342] - page.settings - {"XSSAuditingEnabled":false,"javascriptCanCloseWindows":true,"javascriptCanOpenWindows":true,"javascriptEnabled":true,"loadImages":true,"localToRemoteUrlAccessEnabled":false,"userAgent":"Mozilla/5.0 (Macintosh; Intel Mac OS X) AppleWebKit/538.1 (KHTML, like Gecko) PhantomJS/2.0.0 Safari/538.1","webSecurityEnabled":true}
[INFO  - 2015-10-17T00:02:33.678Z] Session [5df6caa0-7462-11e5-9eea-55847a50b342] - page.customHeaders:  - {"Accept-Language":"en"}
[INFO  - 2015-10-17T00:02:33.678Z] Session [5df6caa0-7462-11e5-9eea-55847a50b342] - Session.negotiatedCapabilities - {"browserName":"phantomjs","version":"2.0.0","driverName":"ghostdriver","driverVersion":"1.2.0","platform":"mac-10.9 (Mavericks)-64bit","javascriptEnabled":true,"takesScreenshot":true,"handlesAlerts":false,"databaseEnabled":false,"locationContextEnabled":false,"applicationCacheEnabled":false,"browserConnectionEnabled":false,"cssSelectorsEnabled":true,"webStorageEnabled":false,"rotatable":false,"acceptSslCerts":false,"nativeEvents":true,"proxy":{"proxyType":"direct"},"phantomjs.page.customHeaders.Accept-Language":"en"}
[INFO  - 2015-10-17T00:02:33.678Z] SessionManagerReqHand - _postNewSessionCommand - New Session Created: 5df6caa0-7462-11e5-9eea-55847a50b342
Oct 16, 2015 8:02:34 PM org.jenkinsci.test.acceptance.po.PluginManager installationStatus
INFO: nodelabelparameter is not installed
Oct 16, 2015 8:02:34 PM org.jenkinsci.test.acceptance.po.PluginManager installationStatus
INFO: nodelabelparameter is not installed
Oct 16, 2015 8:02:34 PM org.jenkinsci.test.acceptance.po.PluginManager installationStatus
INFO: token-macro@1.10 is not installed
[INFO  - 2015-10-17T00:02:34.707Z] ShutdownReqHand - _handle - About to shutdown
]]></system-err>
  </testcase>
  <testcase name="build_on_a_particular_slave" classname="plugins.NodeLabelParameterPluginTest" time="17.78">
    <error message="org.apache.http.entity.ContentType.create(Ljava/lang/String;[Lorg/apache/http/NameValuePair;)Lorg/apache/http/entity/ContentType;" type="java.lang.NoSuchMethodError">java.lang.NoSuchMethodError: org.apache.http.entity.ContentType.create(Ljava/lang/String;[Lorg/apache/http/NameValuePair;)Lorg/apache/http/entity/ContentType;
	at org.apache.http.entity.mime.MultipartEntityBuilder.buildEntity(MultipartEntityBuilder.java:209)
	at org.apache.http.entity.mime.MultipartEntityBuilder.build(MultipartEntityBuilder.java:230)
	at org.jenkinsci.test.acceptance.update_center.PluginMetadata.uploadTo(PluginMetadata.java:65)
	at org.jenkinsci.test.acceptance.po.PluginManager.installPlugins(PluginManager.java:173)
	at org.jenkinsci.test.acceptance.junit.WithPlugins$RuleImpl$1.doInstall(WithPlugins.java:139)
	at org.jenkinsci.test.acceptance.junit.WithPlugins$RuleImpl$1.installPlugins(WithPlugins.java:119)
	at org.jenkinsci.test.acceptance.junit.WithPlugins$RuleImpl$1.evaluate(WithPlugins.java:92)
	at org.jenkinsci.test.acceptance.junit.JenkinsAcceptanceTestRule$1$2$1.evaluate(JenkinsAcceptanceTestRule.java:129)
	at org.jenkinsci.test.acceptance.junit.FilterRule$1.evaluate(FilterRule.java:62)
	at org.jenkinsci.test.acceptance.junit.JenkinsAcceptanceTestRule$1.evaluate(JenkinsAcceptanceTestRule.java:55)
	at org.junit.runners.ParentRunner.runLeaf(ParentRunner.java:271)
	at org.junit.runners.BlockJUnit4ClassRunner.runChild(BlockJUnit4ClassRunner.java:70)
	at org.junit.runners.BlockJUnit4ClassRunner.runChild(BlockJUnit4ClassRunner.java:50)
	at org.junit.runners.ParentRunner$3.run(ParentRunner.java:238)
	at org.junit.runners.ParentRunner$1.schedule(ParentRunner.java:63)
	at org.junit.runners.ParentRunner.runChildren(ParentRunner.java:236)
	at org.junit.runners.ParentRunner.access$000(ParentRunner.java:53)
	at org.junit.runners.ParentRunner$2.evaluate(ParentRunner.java:229)
	at org.junit.runners.ParentRunner.run(ParentRunner.java:309)
	at org.apache.maven.surefire.junit4.JUnit4Provider.execute(JUnit4Provider.java:264)
	at org.apache.maven.surefire.junit4.JUnit4Provider.executeTestSet(JUnit4Provider.java:153)
	at org.apache.maven.surefire.junit4.JUnit4Provider.invoke(JUnit4Provider.java:124)
	at org.apache.maven.surefire.booter.ForkedBooter.invokeProviderInSameClassLoader(ForkedBooter.java:200)
	at org.apache.maven.surefire.booter.ForkedBooter.runSuitesInProcess(ForkedBooter.java:153)
	at org.apache.maven.surefire.booter.ForkedBooter.main(ForkedBooter.java:103)
</error>
    <system-out><![CDATA[testCaseResult=ru.yandex.qatools.allure.model.TestCaseResult@3c0a188a[
  name=run_on_several_online_and_offline_slaves
  title=<null>
  description=<null>
  failure=ru.yandex.qatools.allure.model.Failure@77f350
  start=1445040137330
  stop=1445040155378
  status=BROKEN
  severity=<null>
  steps=[]
  attachments=[]
  labels=[ru.yandex.qatools.allure.model.Label@5b4b6a98, ru.yandex.qatools.allure.model.Label@61fc1b7e]
  parameters=<null>
]
testCaseResult={
   "start" : 1445040137330,
   "stop" : 1445040155378,
   "status" : "broken",
   "name" : "run_on_several_online_and_offline_slaves",
   "failure" : {
      "message" : "NoSuchMethodError: org.apache.http.entity.ContentType.create(Ljava/lang/String;[Lorg/apache/http/NameValuePair;)Lorg/apache/http/entity/ContentType;",
      "stack-trace" : "java.lang.NoSuchMethodError: org.apache.http.entity.ContentType.create(Ljava/lang/String;[Lorg/apache/http/NameValuePair;)Lorg/apache/http/entity/ContentType;\n\tat org.apache.http.entity.mime.MultipartEntityBuilder.buildEntity(MultipartEntityBuilder.java:209)\n\tat org.apache.http.entity.mime.MultipartEntityBuilder.build(MultipartEntityBuilder.java:230)\n\tat org.jenkinsci.test.acceptance.update_center.PluginMetadata.uploadTo(PluginMetadata.java:65)\n\tat org.jenkinsci.test.acceptance.po.PluginManager.installPlugins(PluginManager.java:173)\n\tat org.jenkinsci.test.acceptance.junit.WithPlugins$RuleImpl$1.doInstall(WithPlugins.java:139)\n\tat org.jenkinsci.test.acceptance.junit.WithPlugins$RuleImpl$1.installPlugins(WithPlugins.java:119)\n\tat org.jenkinsci.test.acceptance.junit.WithPlugins$RuleImpl$1.evaluate(WithPlugins.java:92)\n\tat org.jenkinsci.test.acceptance.junit.JenkinsAcceptanceTestRule$1$2$1.evaluate(JenkinsAcceptanceTestRule.java:129)\n\tat org.jenkinsci.test.acceptance.junit.FilterRule$1.evaluate(FilterRule.java:62)\n\tat org.jenkinsci.test.acceptance.junit.JenkinsAcceptanceTestRule$1.evaluate(JenkinsAcceptanceTestRule.java:55)\n\tat org.junit.runners.ParentRunner.runLeaf(ParentRunner.java:271)\n\tat org.junit.runners.BlockJUnit4ClassRunner.runChild(BlockJUnit4ClassRunner.java:70)\n\tat org.junit.runners.BlockJUnit4ClassRunner.runChild(BlockJUnit4ClassRunner.java:50)\n\tat org.junit.runners.ParentRunner$3.run(ParentRunner.java:238)\n\tat org.junit.runners.ParentRunner$1.schedule(ParentRunner.java:63)\n\tat org.junit.runners.ParentRunner.runChildren(ParentRunner.java:236)\n\tat org.junit.runners.ParentRunner.access$000(ParentRunner.java:53)\n\tat org.junit.runners.ParentRunner$2.evaluate(ParentRunner.java:229)\n\tat org.junit.runners.ParentRunner.run(ParentRunner.java:309)\n\tat org.apache.maven.surefire.junit4.JUnit4Provider.execute(JUnit4Provider.java:264)\n\tat org.apache.maven.surefire.junit4.JUnit4Provider.executeTestSet(JUnit4Provider.java:153)\n\tat org.apache.maven.surefire.junit4.JUnit4Provider.invoke(JUnit4Provider.java:124)\n\tat org.apache.maven.surefire.booter.ForkedBooter.invokeProviderInSameClassLoader(ForkedBooter.java:200)\n\tat org.apache.maven.surefire.booter.ForkedBooter.runSuitesInProcess(ForkedBooter.java:153)\n\tat org.apache.maven.surefire.booter.ForkedBooter.main(ForkedBooter.java:103)\n"
   },
   "steps" : {
      "step" : [ ]
   },
   "attachments" : {
      "attachment" : [ ]
   },
   "labels" : {
      "label" : [ {
         "name" : "host",
         "value" : "MacBook-Pro-2.home"
      }, {
         "name" : "thread",
         "value" : "1771@MacBook-Pro-2.home.main(1)"
      } ]
   }
}
testCase=ru.yandex.qatools.allure.model.TestCase@d5e8183[
  _id=cd94060b-309d-4c81-ab02-efdcd25e0238
  executionId=7a8626ac-7b8d-4761-8bff-776519219d78
  threadName=thread_15005794375463
  name=run_on_several_online_and_offline_slaves
  title=<null>
  description=<null>
  failure=ru.yandex.qatools.allure.model.Failure@77f350
  start=1445040137330
  stop=1445040155378
  status=BROKEN
  severity=<null>
  steps=[]
  attachments=[]
  labels=[ru.yandex.qatools.allure.model.Label@5b4b6a98, ru.yandex.qatools.allure.model.Label@61fc1b7e]
  parameters=<null>
]
testCase={
   "start" : 1445040137330,
   "stop" : 1445040155378,
   "status" : "broken",
   "_id" : "cd94060b-309d-4c81-ab02-efdcd25e0238",
   "executionId" : "7a8626ac-7b8d-4761-8bff-776519219d78",
   "threadName" : "thread_15005794375463",
   "name" : "run_on_several_online_and_offline_slaves",
   "failure" : {
      "message" : "NoSuchMethodError: org.apache.http.entity.ContentType.create(Ljava/lang/String;[Lorg/apache/http/NameValuePair;)Lorg/apache/http/entity/ContentType;",
      "stack-trace" : "java.lang.NoSuchMethodError: org.apache.http.entity.ContentType.create(Ljava/lang/String;[Lorg/apache/http/NameValuePair;)Lorg/apache/http/entity/ContentType;\n\tat org.apache.http.entity.mime.MultipartEntityBuilder.buildEntity(MultipartEntityBuilder.java:209)\n\tat org.apache.http.entity.mime.MultipartEntityBuilder.build(MultipartEntityBuilder.java:230)\n\tat org.jenkinsci.test.acceptance.update_center.PluginMetadata.uploadTo(PluginMetadata.java:65)\n\tat org.jenkinsci.test.acceptance.po.PluginManager.installPlugins(PluginManager.java:173)\n\tat org.jenkinsci.test.acceptance.junit.WithPlugins$RuleImpl$1.doInstall(WithPlugins.java:139)\n\tat org.jenkinsci.test.acceptance.junit.WithPlugins$RuleImpl$1.installPlugins(WithPlugins.java:119)\n\tat org.jenkinsci.test.acceptance.junit.WithPlugins$RuleImpl$1.evaluate(WithPlugins.java:92)\n\tat org.jenkinsci.test.acceptance.junit.JenkinsAcceptanceTestRule$1$2$1.evaluate(JenkinsAcceptanceTestRule.java:129)\n\tat org.jenkinsci.test.acceptance.junit.FilterRule$1.evaluate(FilterRule.java:62)\n\tat org.jenkinsci.test.acceptance.junit.JenkinsAcceptanceTestRule$1.evaluate(JenkinsAcceptanceTestRule.java:55)\n\tat org.junit.runners.ParentRunner.runLeaf(ParentRunner.java:271)\n\tat org.junit.runners.BlockJUnit4ClassRunner.runChild(BlockJUnit4ClassRunner.java:70)\n\tat org.junit.runners.BlockJUnit4ClassRunner.runChild(BlockJUnit4ClassRunner.java:50)\n\tat org.junit.runners.ParentRunner$3.run(ParentRunner.java:238)\n\tat org.junit.runners.ParentRunner$1.schedule(ParentRunner.java:63)\n\tat org.junit.runners.ParentRunner.runChildren(ParentRunner.java:236)\n\tat org.junit.runners.ParentRunner.access$000(ParentRunner.java:53)\n\tat org.junit.runners.ParentRunner$2.evaluate(ParentRunner.java:229)\n\tat org.junit.runners.ParentRunner.run(ParentRunner.java:309)\n\tat org.apache.maven.surefire.junit4.JUnit4Provider.execute(JUnit4Provider.java:264)\n\tat org.apache.maven.surefire.junit4.JUnit4Provider.executeTestSet(JUnit4Provider.java:153)\n\tat org.apache.maven.surefire.junit4.JUnit4Provider.invoke(JUnit4Provider.java:124)\n\tat org.apache.maven.surefire.booter.ForkedBooter.invokeProviderInSameClassLoader(ForkedBooter.java:200)\n\tat org.apache.maven.surefire.booter.ForkedBooter.runSuitesInProcess(ForkedBooter.java:153)\n\tat org.apache.maven.surefire.booter.ForkedBooter.main(ForkedBooter.java:103)\n"
   },
   "steps" : {
      "step" : [ ]
   },
   "attachments" : {
      "attachment" : [ ]
   },
   "labels" : {
      "label" : [ {
         "name" : "host",
         "value" : "MacBook-Pro-2.home"
      }, {
         "name" : "thread",
         "value" : "1771@MacBook-Pro-2.home.main(1)"
      } ]
   }
}
>>>REQUEST: /testaspect/TestCase/cd94060b-309d-4c81-ab02-efdcd25e0238
<<<RESPONSE (201 Created): /testaspect/TestCase/cd94060b-309d-4c81-ab02-efdcd25e0238
running with given plugins: []
=== Starting build_on_a_particular_slave(plugins.NodeLabelParameterPluginTest)
Starting Jenkins: JAVA_HOME=/Library/Java/JavaVirtualMachines/jdk1.8.0_60.jdk/Contents/Home JENKINS_HOME=/Users/abduljewel/Documents/c/spiderqa/sample-test-projects/acceptance-test-harness/target/jenkins4766691437977438922home /Library/Java/JavaVirtualMachines/jdk1.8.0_60.jdk/Contents/Home/bin/java -Duser.language=en -jar ./jenkins.war --ajp13Port=-1 --httpPort=59170
master59170|Running from: /Users/abduljewel/Documents/c/spiderqa/sample-test-projects/acceptance-test-harness/jenkins.war
master59170|webroot: EnvVars.masterEnvVars.get("JENKINS_HOME")
master59170|Oct 16, 2015 8:02:35 PM winstone.Logger logInternal
master59170|INFO: Beginning extraction from war file
master59170|Oct 16, 2015 8:02:36 PM org.eclipse.jetty.util.log.JavaUtilLog info
master59170|INFO: jetty-winstone-2.8
master59170|Oct 16, 2015 8:02:37 PM org.eclipse.jetty.util.log.JavaUtilLog info
master59170|INFO: NO JSP Support for , did not find org.apache.jasper.servlet.JspServlet
master59170|Jenkins home directory: /Users/abduljewel/Documents/c/spiderqa/sample-test-projects/acceptance-test-harness/target/jenkins4766691437977438922home found at: EnvVars.masterEnvVars.get("JENKINS_HOME")
master59170|Oct 16, 2015 8:02:38 PM org.eclipse.jetty.util.log.JavaUtilLog info
master59170|INFO: Started SelectChannelConnector@0.0.0.0:59170
master59170|Oct 16, 2015 8:02:38 PM winstone.Logger logInternal
master59170|INFO: Winstone Servlet Engine v2.0 running: controlPort=disabled
master59170|Oct 16, 2015 8:02:38 PM jenkins.InitReactorRunner$1 onAttained
master59170|INFO: Started initialization
master59170|Oct 16, 2015 8:02:47 PM jenkins.InitReactorRunner$1 onAttained
master59170|INFO: Listed all plugins
master59170|Oct 16, 2015 8:02:47 PM jenkins.InitReactorRunner$1 onAttained
master59170|INFO: Prepared all plugins
master59170|Oct 16, 2015 8:02:47 PM jenkins.InitReactorRunner$1 onAttained
master59170|INFO: Started all plugins
master59170|Oct 16, 2015 8:02:47 PM jenkins.InitReactorRunner$1 onAttained
master59170|INFO: Augmented all extensions
master59170|Oct 16, 2015 8:02:49 PM jenkins.InitReactorRunner$1 onAttained
master59170|INFO: Loaded all jobs
master59170|Oct 16, 2015 8:02:50 PM hudson.model.AsyncPeriodicWork$1 run
master59170|INFO: Started Download metadata
master59170|Oct 16, 2015 8:02:50 PM org.jenkinsci.main.modules.sshd.SSHD start
master59170|INFO: Started SSHD at port 58979
master59170|Oct 16, 2015 8:02:50 PM jenkins.InitReactorRunner$1 onAttained
master59170|INFO: Completed initialization
master59170|Oct 16, 2015 8:02:50 PM hudson.UDPBroadcastThread run
master59170|WARNING: UDP handling problem
master59170|java.net.SocketException: Can't assign requested address
master59170|	at java.net.PlainDatagramSocketImpl.join(Native Method)
master59170|	at java.net.AbstractPlainDatagramSocketImpl.join(AbstractPlainDatagramSocketImpl.java:179)
master59170|	at java.net.MulticastSocket.joinGroup(MulticastSocket.java:323)
master59170|	at hudson.UDPBroadcastThread.run(UDPBroadcastThread.java:77)
master59170|
master59170|Oct 16, 2015 8:02:50 PM hudson.WebAppMain$3 run
master59170|INFO: Jenkins is fully up and running
master59170|Oct 16, 2015 8:02:52 PM hudson.model.UpdateSite updateData
master59170|INFO: Obtained the latest update center data file for UpdateSource default
master59170|Oct 16, 2015 8:02:52 PM hudson.model.DownloadService$Downloadable load
master59170|INFO: Obtained the updated data file for hudson.tasks.Maven.MavenInstaller
master59170|Oct 16, 2015 8:02:52 PM hudson.model.DownloadService$Downloadable load
master59170|INFO: Obtained the updated data file for hudson.tasks.Ant.AntInstaller
Jenkins is stopped
]]></system-out>
    <system-err><![CDATA[Oct 16, 2015 8:02:35 PM org.jenkinsci.test.acceptance.controller.LocalController startNow
INFO: Waiting for Jenkins to become running in http://127.0.0.1:59170/
Oct 16, 2015 8:02:50 PM org.jenkinsci.test.acceptance.controller.LocalController startNow
INFO: Jenkins is running in http://127.0.0.1:59170/
Oct 16, 2015 8:02:50 PM org.openqa.selenium.phantomjs.PhantomJSDriverService <init>
INFO: executable: /usr/local/bin/phantomjs
Oct 16, 2015 8:02:50 PM org.openqa.selenium.phantomjs.PhantomJSDriverService <init>
INFO: port: 27459
Oct 16, 2015 8:02:50 PM org.openqa.selenium.phantomjs.PhantomJSDriverService <init>
INFO: arguments: [--webdriver=27459, --webdriver-logfile=/Users/abduljewel/Documents/c/spiderqa/sample-test-projects/acceptance-test-harness/phantomjsdriver.log]
Oct 16, 2015 8:02:50 PM org.openqa.selenium.phantomjs.PhantomJSDriverService <init>
INFO: environment: {}
[INFO  - 2015-10-17T00:02:51.185Z] GhostDriver - Main - running on port 27459
[INFO  - 2015-10-17T00:02:51.441Z] Session [688d35d0-7462-11e5-90bc-65d3c4c34ef3] - page.settings - {"XSSAuditingEnabled":false,"javascriptCanCloseWindows":true,"javascriptCanOpenWindows":true,"javascriptEnabled":true,"loadImages":true,"localToRemoteUrlAccessEnabled":false,"userAgent":"Mozilla/5.0 (Macintosh; Intel Mac OS X) AppleWebKit/538.1 (KHTML, like Gecko) PhantomJS/2.0.0 Safari/538.1","webSecurityEnabled":true}
[INFO  - 2015-10-17T00:02:51.442Z] Session [688d35d0-7462-11e5-90bc-65d3c4c34ef3] - page.customHeaders:  - {"Accept-Language":"en"}
[INFO  - 2015-10-17T00:02:51.442Z] Session [688d35d0-7462-11e5-90bc-65d3c4c34ef3] - Session.negotiatedCapabilities - {"browserName":"phantomjs","version":"2.0.0","driverName":"ghostdriver","driverVersion":"1.2.0","platform":"mac-10.9 (Mavericks)-64bit","javascriptEnabled":true,"takesScreenshot":true,"handlesAlerts":false,"databaseEnabled":false,"locationContextEnabled":false,"applicationCacheEnabled":false,"browserConnectionEnabled":false,"cssSelectorsEnabled":true,"webStorageEnabled":false,"rotatable":false,"acceptSslCerts":false,"nativeEvents":true,"proxy":{"proxyType":"direct"},"phantomjs.page.customHeaders.Accept-Language":"en"}
[INFO  - 2015-10-17T00:02:51.442Z] SessionManagerReqHand - _postNewSessionCommand - New Session Created: 688d35d0-7462-11e5-90bc-65d3c4c34ef3
Oct 16, 2015 8:02:52 PM org.jenkinsci.test.acceptance.po.PluginManager installationStatus
INFO: nodelabelparameter is not installed
Oct 16, 2015 8:02:52 PM org.jenkinsci.test.acceptance.po.PluginManager installationStatus
INFO: nodelabelparameter is not installed
Oct 16, 2015 8:02:52 PM org.jenkinsci.test.acceptance.po.PluginManager installationStatus
INFO: token-macro@1.10 is not installed
[INFO  - 2015-10-17T00:02:52.507Z] ShutdownReqHand - _handle - About to shutdown
]]></system-err>
  </testcase>
  <testcase name="run_on_label" classname="plugins.NodeLabelParameterPluginTest" time="19.901">
    <error message="org.apache.http.entity.ContentType.create(Ljava/lang/String;[Lorg/apache/http/NameValuePair;)Lorg/apache/http/entity/ContentType;" type="java.lang.NoSuchMethodError">java.lang.NoSuchMethodError: org.apache.http.entity.ContentType.create(Ljava/lang/String;[Lorg/apache/http/NameValuePair;)Lorg/apache/http/entity/ContentType;
	at org.apache.http.entity.mime.MultipartEntityBuilder.buildEntity(MultipartEntityBuilder.java:209)
	at org.apache.http.entity.mime.MultipartEntityBuilder.build(MultipartEntityBuilder.java:230)
	at org.jenkinsci.test.acceptance.update_center.PluginMetadata.uploadTo(PluginMetadata.java:65)
	at org.jenkinsci.test.acceptance.po.PluginManager.installPlugins(PluginManager.java:173)
	at org.jenkinsci.test.acceptance.junit.WithPlugins$RuleImpl$1.doInstall(WithPlugins.java:139)
	at org.jenkinsci.test.acceptance.junit.WithPlugins$RuleImpl$1.installPlugins(WithPlugins.java:119)
	at org.jenkinsci.test.acceptance.junit.WithPlugins$RuleImpl$1.evaluate(WithPlugins.java:92)
	at org.jenkinsci.test.acceptance.junit.JenkinsAcceptanceTestRule$1$2$1.evaluate(JenkinsAcceptanceTestRule.java:129)
	at org.jenkinsci.test.acceptance.junit.FilterRule$1.evaluate(FilterRule.java:62)
	at org.jenkinsci.test.acceptance.junit.JenkinsAcceptanceTestRule$1.evaluate(JenkinsAcceptanceTestRule.java:55)
	at org.junit.runners.ParentRunner.runLeaf(ParentRunner.java:271)
	at org.junit.runners.BlockJUnit4ClassRunner.runChild(BlockJUnit4ClassRunner.java:70)
	at org.junit.runners.BlockJUnit4ClassRunner.runChild(BlockJUnit4ClassRunner.java:50)
	at org.junit.runners.ParentRunner$3.run(ParentRunner.java:238)
	at org.junit.runners.ParentRunner$1.schedule(ParentRunner.java:63)
	at org.junit.runners.ParentRunner.runChildren(ParentRunner.java:236)
	at org.junit.runners.ParentRunner.access$000(ParentRunner.java:53)
	at org.junit.runners.ParentRunner$2.evaluate(ParentRunner.java:229)
	at org.junit.runners.ParentRunner.run(ParentRunner.java:309)
	at org.apache.maven.surefire.junit4.JUnit4Provider.execute(JUnit4Provider.java:264)
	at org.apache.maven.surefire.junit4.JUnit4Provider.executeTestSet(JUnit4Provider.java:153)
	at org.apache.maven.surefire.junit4.JUnit4Provider.invoke(JUnit4Provider.java:124)
	at org.apache.maven.surefire.booter.ForkedBooter.invokeProviderInSameClassLoader(ForkedBooter.java:200)
	at org.apache.maven.surefire.booter.ForkedBooter.runSuitesInProcess(ForkedBooter.java:153)
	at org.apache.maven.surefire.booter.ForkedBooter.main(ForkedBooter.java:103)
</error>
    <system-out><![CDATA[testCaseResult=ru.yandex.qatools.allure.model.TestCaseResult@2b0f2042[
  name=build_on_a_particular_slave
  title=<null>
  description=<null>
  failure=ru.yandex.qatools.allure.model.Failure@7424f074
  start=1445040155380
  stop=1445040173176
  status=BROKEN
  severity=<null>
  steps=[]
  attachments=[]
  labels=[ru.yandex.qatools.allure.model.Label@77d2093e, ru.yandex.qatools.allure.model.Label@2951c0f9]
  parameters=<null>
]
testCaseResult={
   "start" : 1445040155380,
   "stop" : 1445040173176,
   "status" : "broken",
   "name" : "build_on_a_particular_slave",
   "failure" : {
      "message" : "NoSuchMethodError: org.apache.http.entity.ContentType.create(Ljava/lang/String;[Lorg/apache/http/NameValuePair;)Lorg/apache/http/entity/ContentType;",
      "stack-trace" : "java.lang.NoSuchMethodError: org.apache.http.entity.ContentType.create(Ljava/lang/String;[Lorg/apache/http/NameValuePair;)Lorg/apache/http/entity/ContentType;\n\tat org.apache.http.entity.mime.MultipartEntityBuilder.buildEntity(MultipartEntityBuilder.java:209)\n\tat org.apache.http.entity.mime.MultipartEntityBuilder.build(MultipartEntityBuilder.java:230)\n\tat org.jenkinsci.test.acceptance.update_center.PluginMetadata.uploadTo(PluginMetadata.java:65)\n\tat org.jenkinsci.test.acceptance.po.PluginManager.installPlugins(PluginManager.java:173)\n\tat org.jenkinsci.test.acceptance.junit.WithPlugins$RuleImpl$1.doInstall(WithPlugins.java:139)\n\tat org.jenkinsci.test.acceptance.junit.WithPlugins$RuleImpl$1.installPlugins(WithPlugins.java:119)\n\tat org.jenkinsci.test.acceptance.junit.WithPlugins$RuleImpl$1.evaluate(WithPlugins.java:92)\n\tat org.jenkinsci.test.acceptance.junit.JenkinsAcceptanceTestRule$1$2$1.evaluate(JenkinsAcceptanceTestRule.java:129)\n\tat org.jenkinsci.test.acceptance.junit.FilterRule$1.evaluate(FilterRule.java:62)\n\tat org.jenkinsci.test.acceptance.junit.JenkinsAcceptanceTestRule$1.evaluate(JenkinsAcceptanceTestRule.java:55)\n\tat org.junit.runners.ParentRunner.runLeaf(ParentRunner.java:271)\n\tat org.junit.runners.BlockJUnit4ClassRunner.runChild(BlockJUnit4ClassRunner.java:70)\n\tat org.junit.runners.BlockJUnit4ClassRunner.runChild(BlockJUnit4ClassRunner.java:50)\n\tat org.junit.runners.ParentRunner$3.run(ParentRunner.java:238)\n\tat org.junit.runners.ParentRunner$1.schedule(ParentRunner.java:63)\n\tat org.junit.runners.ParentRunner.runChildren(ParentRunner.java:236)\n\tat org.junit.runners.ParentRunner.access$000(ParentRunner.java:53)\n\tat org.junit.runners.ParentRunner$2.evaluate(ParentRunner.java:229)\n\tat org.junit.runners.ParentRunner.run(ParentRunner.java:309)\n\tat org.apache.maven.surefire.junit4.JUnit4Provider.execute(JUnit4Provider.java:264)\n\tat org.apache.maven.surefire.junit4.JUnit4Provider.executeTestSet(JUnit4Provider.java:153)\n\tat org.apache.maven.surefire.junit4.JUnit4Provider.invoke(JUnit4Provider.java:124)\n\tat org.apache.maven.surefire.booter.ForkedBooter.invokeProviderInSameClassLoader(ForkedBooter.java:200)\n\tat org.apache.maven.surefire.booter.ForkedBooter.runSuitesInProcess(ForkedBooter.java:153)\n\tat org.apache.maven.surefire.booter.ForkedBooter.main(ForkedBooter.java:103)\n"
   },
   "steps" : {
      "step" : [ ]
   },
   "attachments" : {
      "attachment" : [ ]
   },
   "labels" : {
      "label" : [ {
         "name" : "host",
         "value" : "MacBook-Pro-2.home"
      }, {
         "name" : "thread",
         "value" : "1771@MacBook-Pro-2.home.main(1)"
      } ]
   }
}
testCase=ru.yandex.qatools.allure.model.TestCase@7b8ef8a1[
  _id=fb7861d8-4c50-45b6-9831-4ce0bef54779
  executionId=7a8626ac-7b8d-4761-8bff-776519219d78
  threadName=thread_15005794375463
  name=build_on_a_particular_slave
  title=<null>
  description=<null>
  failure=ru.yandex.qatools.allure.model.Failure@7424f074
  start=1445040155380
  stop=1445040173176
  status=BROKEN
  severity=<null>
  steps=[]
  attachments=[]
  labels=[ru.yandex.qatools.allure.model.Label@77d2093e, ru.yandex.qatools.allure.model.Label@2951c0f9]
  parameters=<null>
]
testCase={
   "start" : 1445040155380,
   "stop" : 1445040173176,
   "status" : "broken",
   "_id" : "fb7861d8-4c50-45b6-9831-4ce0bef54779",
   "executionId" : "7a8626ac-7b8d-4761-8bff-776519219d78",
   "threadName" : "thread_15005794375463",
   "name" : "build_on_a_particular_slave",
   "failure" : {
      "message" : "NoSuchMethodError: org.apache.http.entity.ContentType.create(Ljava/lang/String;[Lorg/apache/http/NameValuePair;)Lorg/apache/http/entity/ContentType;",
      "stack-trace" : "java.lang.NoSuchMethodError: org.apache.http.entity.ContentType.create(Ljava/lang/String;[Lorg/apache/http/NameValuePair;)Lorg/apache/http/entity/ContentType;\n\tat org.apache.http.entity.mime.MultipartEntityBuilder.buildEntity(MultipartEntityBuilder.java:209)\n\tat org.apache.http.entity.mime.MultipartEntityBuilder.build(MultipartEntityBuilder.java:230)\n\tat org.jenkinsci.test.acceptance.update_center.PluginMetadata.uploadTo(PluginMetadata.java:65)\n\tat org.jenkinsci.test.acceptance.po.PluginManager.installPlugins(PluginManager.java:173)\n\tat org.jenkinsci.test.acceptance.junit.WithPlugins$RuleImpl$1.doInstall(WithPlugins.java:139)\n\tat org.jenkinsci.test.acceptance.junit.WithPlugins$RuleImpl$1.installPlugins(WithPlugins.java:119)\n\tat org.jenkinsci.test.acceptance.junit.WithPlugins$RuleImpl$1.evaluate(WithPlugins.java:92)\n\tat org.jenkinsci.test.acceptance.junit.JenkinsAcceptanceTestRule$1$2$1.evaluate(JenkinsAcceptanceTestRule.java:129)\n\tat org.jenkinsci.test.acceptance.junit.FilterRule$1.evaluate(FilterRule.java:62)\n\tat org.jenkinsci.test.acceptance.junit.JenkinsAcceptanceTestRule$1.evaluate(JenkinsAcceptanceTestRule.java:55)\n\tat org.junit.runners.ParentRunner.runLeaf(ParentRunner.java:271)\n\tat org.junit.runners.BlockJUnit4ClassRunner.runChild(BlockJUnit4ClassRunner.java:70)\n\tat org.junit.runners.BlockJUnit4ClassRunner.runChild(BlockJUnit4ClassRunner.java:50)\n\tat org.junit.runners.ParentRunner$3.run(ParentRunner.java:238)\n\tat org.junit.runners.ParentRunner$1.schedule(ParentRunner.java:63)\n\tat org.junit.runners.ParentRunner.runChildren(ParentRunner.java:236)\n\tat org.junit.runners.ParentRunner.access$000(ParentRunner.java:53)\n\tat org.junit.runners.ParentRunner$2.evaluate(ParentRunner.java:229)\n\tat org.junit.runners.ParentRunner.run(ParentRunner.java:309)\n\tat org.apache.maven.surefire.junit4.JUnit4Provider.execute(JUnit4Provider.java:264)\n\tat org.apache.maven.surefire.junit4.JUnit4Provider.executeTestSet(JUnit4Provider.java:153)\n\tat org.apache.maven.surefire.junit4.JUnit4Provider.invoke(JUnit4Provider.java:124)\n\tat org.apache.maven.surefire.booter.ForkedBooter.invokeProviderInSameClassLoader(ForkedBooter.java:200)\n\tat org.apache.maven.surefire.booter.ForkedBooter.runSuitesInProcess(ForkedBooter.java:153)\n\tat org.apache.maven.surefire.booter.ForkedBooter.main(ForkedBooter.java:103)\n"
   },
   "steps" : {
      "step" : [ ]
   },
   "attachments" : {
      "attachment" : [ ]
   },
   "labels" : {
      "label" : [ {
         "name" : "host",
         "value" : "MacBook-Pro-2.home"
      }, {
         "name" : "thread",
         "value" : "1771@MacBook-Pro-2.home.main(1)"
      } ]
   }
}
>>>REQUEST: /testaspect/TestCase/fb7861d8-4c50-45b6-9831-4ce0bef54779
running with given plugins: []
<<<RESPONSE (201 Created): /testaspect/TestCase/fb7861d8-4c50-45b6-9831-4ce0bef54779
=== Starting run_on_label(plugins.NodeLabelParameterPluginTest)
Starting Jenkins: JAVA_HOME=/Library/Java/JavaVirtualMachines/jdk1.8.0_60.jdk/Contents/Home JENKINS_HOME=/Users/abduljewel/Documents/c/spiderqa/sample-test-projects/acceptance-test-harness/target/jenkins1509797579898179790home /Library/Java/JavaVirtualMachines/jdk1.8.0_60.jdk/Contents/Home/bin/java -Duser.language=en -jar ./jenkins.war --ajp13Port=-1 --httpPort=58376
master58376|Running from: /Users/abduljewel/Documents/c/spiderqa/sample-test-projects/acceptance-test-harness/jenkins.war
master58376|webroot: EnvVars.masterEnvVars.get("JENKINS_HOME")
master58376|Oct 16, 2015 8:02:53 PM winstone.Logger logInternal
master58376|INFO: Beginning extraction from war file
master58376|Oct 16, 2015 8:02:54 PM org.eclipse.jetty.util.log.JavaUtilLog info
master58376|INFO: jetty-winstone-2.8
master58376|Oct 16, 2015 8:02:55 PM org.eclipse.jetty.util.log.JavaUtilLog info
master58376|INFO: NO JSP Support for , did not find org.apache.jasper.servlet.JspServlet
master58376|Jenkins home directory: /Users/abduljewel/Documents/c/spiderqa/sample-test-projects/acceptance-test-harness/target/jenkins1509797579898179790home found at: EnvVars.masterEnvVars.get("JENKINS_HOME")
master58376|Oct 16, 2015 8:02:56 PM org.eclipse.jetty.util.log.JavaUtilLog info
master58376|INFO: Started SelectChannelConnector@0.0.0.0:58376
master58376|Oct 16, 2015 8:02:56 PM winstone.Logger logInternal
master58376|INFO: Winstone Servlet Engine v2.0 running: controlPort=disabled
master58376|Oct 16, 2015 8:02:56 PM jenkins.InitReactorRunner$1 onAttained
master58376|INFO: Started initialization
master58376|Oct 16, 2015 8:03:06 PM jenkins.InitReactorRunner$1 onAttained
master58376|INFO: Listed all plugins
master58376|Oct 16, 2015 8:03:06 PM jenkins.InitReactorRunner$1 onAttained
master58376|INFO: Prepared all plugins
master58376|Oct 16, 2015 8:03:06 PM jenkins.InitReactorRunner$1 onAttained
master58376|INFO: Started all plugins
master58376|Oct 16, 2015 8:03:06 PM jenkins.InitReactorRunner$1 onAttained
master58376|INFO: Augmented all extensions
master58376|Oct 16, 2015 8:03:07 PM jenkins.InitReactorRunner$1 onAttained
master58376|INFO: Loaded all jobs
master58376|Oct 16, 2015 8:03:09 PM hudson.model.AsyncPeriodicWork$1 run
master58376|INFO: Started Download metadata
master58376|Oct 16, 2015 8:03:09 PM org.jenkinsci.main.modules.sshd.SSHD start
master58376|INFO: Started SSHD at port 59014
master58376|Oct 16, 2015 8:03:09 PM jenkins.InitReactorRunner$1 onAttained
master58376|INFO: Completed initialization
master58376|Oct 16, 2015 8:03:09 PM hudson.UDPBroadcastThread run
master58376|WARNING: UDP handling problem
master58376|java.net.SocketException: Can't assign requested address
master58376|	at java.net.PlainDatagramSocketImpl.join(Native Method)
master58376|	at java.net.AbstractPlainDatagramSocketImpl.join(AbstractPlainDatagramSocketImpl.java:179)
master58376|	at java.net.MulticastSocket.joinGroup(MulticastSocket.java:323)
master58376|	at hudson.UDPBroadcastThread.run(UDPBroadcastThread.java:77)
master58376|
master58376|Oct 16, 2015 8:03:09 PM hudson.WebAppMain$3 run
master58376|INFO: Jenkins is fully up and running
master58376|Oct 16, 2015 8:03:11 PM hudson.model.UpdateSite updateData
master58376|INFO: Obtained the latest update center data file for UpdateSource default
master58376|Oct 16, 2015 8:03:11 PM hudson.model.DownloadService$Downloadable load
master58376|INFO: Obtained the updated data file for hudson.tasks.Maven.MavenInstaller
Jenkins is stopped
]]></system-out>
    <system-err><![CDATA[Oct 16, 2015 8:02:53 PM org.jenkinsci.test.acceptance.controller.LocalController startNow
INFO: Waiting for Jenkins to become running in http://127.0.0.1:58376/
Oct 16, 2015 8:03:09 PM org.jenkinsci.test.acceptance.controller.LocalController startNow
INFO: Jenkins is running in http://127.0.0.1:58376/
Oct 16, 2015 8:03:09 PM org.openqa.selenium.phantomjs.PhantomJSDriverService <init>
INFO: executable: /usr/local/bin/phantomjs
Oct 16, 2015 8:03:09 PM org.openqa.selenium.phantomjs.PhantomJSDriverService <init>
INFO: port: 23386
Oct 16, 2015 8:03:09 PM org.openqa.selenium.phantomjs.PhantomJSDriverService <init>
INFO: arguments: [--webdriver=23386, --webdriver-logfile=/Users/abduljewel/Documents/c/spiderqa/sample-test-projects/acceptance-test-harness/phantomjsdriver.log]
Oct 16, 2015 8:03:09 PM org.openqa.selenium.phantomjs.PhantomJSDriverService <init>
INFO: environment: {}
[INFO  - 2015-10-17T00:03:09.800Z] GhostDriver - Main - running on port 23386
[INFO  - 2015-10-17T00:03:10.077Z] Session [73a8af80-7462-11e5-9ccd-eb30f420ae01] - page.settings - {"XSSAuditingEnabled":false,"javascriptCanCloseWindows":true,"javascriptCanOpenWindows":true,"javascriptEnabled":true,"loadImages":true,"localToRemoteUrlAccessEnabled":false,"userAgent":"Mozilla/5.0 (Macintosh; Intel Mac OS X) AppleWebKit/538.1 (KHTML, like Gecko) PhantomJS/2.0.0 Safari/538.1","webSecurityEnabled":true}
[INFO  - 2015-10-17T00:03:10.077Z] Session [73a8af80-7462-11e5-9ccd-eb30f420ae01] - page.customHeaders:  - {"Accept-Language":"en"}
[INFO  - 2015-10-17T00:03:10.077Z] Session [73a8af80-7462-11e5-9ccd-eb30f420ae01] - Session.negotiatedCapabilities - {"browserName":"phantomjs","version":"2.0.0","driverName":"ghostdriver","driverVersion":"1.2.0","platform":"mac-10.9 (Mavericks)-64bit","javascriptEnabled":true,"takesScreenshot":true,"handlesAlerts":false,"databaseEnabled":false,"locationContextEnabled":false,"applicationCacheEnabled":false,"browserConnectionEnabled":false,"cssSelectorsEnabled":true,"webStorageEnabled":false,"rotatable":false,"acceptSslCerts":false,"nativeEvents":true,"proxy":{"proxyType":"direct"},"phantomjs.page.customHeaders.Accept-Language":"en"}
[INFO  - 2015-10-17T00:03:10.077Z] SessionManagerReqHand - _postNewSessionCommand - New Session Created: 73a8af80-7462-11e5-9ccd-eb30f420ae01
Oct 16, 2015 8:03:11 PM org.jenkinsci.test.acceptance.po.PluginManager installationStatus
INFO: nodelabelparameter is not installed
Oct 16, 2015 8:03:11 PM org.jenkinsci.test.acceptance.po.PluginManager installationStatus
INFO: nodelabelparameter is not installed
Oct 16, 2015 8:03:11 PM org.jenkinsci.test.acceptance.po.PluginManager installationStatus
INFO: token-macro@1.10 is not installed
[INFO  - 2015-10-17T00:03:11.410Z] ShutdownReqHand - _handle - About to shutdown
]]></system-err>
  </testcase>
  <testcase name="run_on_a_particular_offline_slave_with_ignore" classname="plugins.NodeLabelParameterPluginTest" time="18.072">
    <error message="org.apache.http.entity.ContentType.create(Ljava/lang/String;[Lorg/apache/http/NameValuePair;)Lorg/apache/http/entity/ContentType;" type="java.lang.NoSuchMethodError">java.lang.NoSuchMethodError: org.apache.http.entity.ContentType.create(Ljava/lang/String;[Lorg/apache/http/NameValuePair;)Lorg/apache/http/entity/ContentType;
	at org.apache.http.entity.mime.MultipartEntityBuilder.buildEntity(MultipartEntityBuilder.java:209)
	at org.apache.http.entity.mime.MultipartEntityBuilder.build(MultipartEntityBuilder.java:230)
	at org.jenkinsci.test.acceptance.update_center.PluginMetadata.uploadTo(PluginMetadata.java:65)
	at org.jenkinsci.test.acceptance.po.PluginManager.installPlugins(PluginManager.java:173)
	at org.jenkinsci.test.acceptance.junit.WithPlugins$RuleImpl$1.doInstall(WithPlugins.java:139)
	at org.jenkinsci.test.acceptance.junit.WithPlugins$RuleImpl$1.installPlugins(WithPlugins.java:119)
	at org.jenkinsci.test.acceptance.junit.WithPlugins$RuleImpl$1.evaluate(WithPlugins.java:92)
	at org.jenkinsci.test.acceptance.junit.JenkinsAcceptanceTestRule$1$2$1.evaluate(JenkinsAcceptanceTestRule.java:129)
	at org.jenkinsci.test.acceptance.junit.FilterRule$1.evaluate(FilterRule.java:62)
	at org.jenkinsci.test.acceptance.junit.JenkinsAcceptanceTestRule$1.evaluate(JenkinsAcceptanceTestRule.java:55)
	at org.junit.runners.ParentRunner.runLeaf(ParentRunner.java:271)
	at org.junit.runners.BlockJUnit4ClassRunner.runChild(BlockJUnit4ClassRunner.java:70)
	at org.junit.runners.BlockJUnit4ClassRunner.runChild(BlockJUnit4ClassRunner.java:50)
	at org.junit.runners.ParentRunner$3.run(ParentRunner.java:238)
	at org.junit.runners.ParentRunner$1.schedule(ParentRunner.java:63)
	at org.junit.runners.ParentRunner.runChildren(ParentRunner.java:236)
	at org.junit.runners.ParentRunner.access$000(ParentRunner.java:53)
	at org.junit.runners.ParentRunner$2.evaluate(ParentRunner.java:229)
	at org.junit.runners.ParentRunner.run(ParentRunner.java:309)
	at org.apache.maven.surefire.junit4.JUnit4Provider.execute(JUnit4Provider.java:264)
	at org.apache.maven.surefire.junit4.JUnit4Provider.executeTestSet(JUnit4Provider.java:153)
	at org.apache.maven.surefire.junit4.JUnit4Provider.invoke(JUnit4Provider.java:124)
	at org.apache.maven.surefire.booter.ForkedBooter.invokeProviderInSameClassLoader(ForkedBooter.java:200)
	at org.apache.maven.surefire.booter.ForkedBooter.runSuitesInProcess(ForkedBooter.java:153)
	at org.apache.maven.surefire.booter.ForkedBooter.main(ForkedBooter.java:103)
</error>
    <system-out><![CDATA[testCaseResult=ru.yandex.qatools.allure.model.TestCaseResult@3a9c3dbc[
  name=run_on_label
  title=<null>
  description=<null>
  failure=ru.yandex.qatools.allure.model.Failure@12a24f53
  start=1445040173178
  stop=1445040193097
  status=BROKEN
  severity=<null>
  steps=[]
  attachments=[]
  labels=[ru.yandex.qatools.allure.model.Label@7d827389, ru.yandex.qatools.allure.model.Label@61a3225a]
  parameters=<null>
]
testCaseResult={
   "start" : 1445040173178,
   "stop" : 1445040193097,
   "status" : "broken",
   "name" : "run_on_label",
   "failure" : {
      "message" : "NoSuchMethodError: org.apache.http.entity.ContentType.create(Ljava/lang/String;[Lorg/apache/http/NameValuePair;)Lorg/apache/http/entity/ContentType;",
      "stack-trace" : "java.lang.NoSuchMethodError: org.apache.http.entity.ContentType.create(Ljava/lang/String;[Lorg/apache/http/NameValuePair;)Lorg/apache/http/entity/ContentType;\n\tat org.apache.http.entity.mime.MultipartEntityBuilder.buildEntity(MultipartEntityBuilder.java:209)\n\tat org.apache.http.entity.mime.MultipartEntityBuilder.build(MultipartEntityBuilder.java:230)\n\tat org.jenkinsci.test.acceptance.update_center.PluginMetadata.uploadTo(PluginMetadata.java:65)\n\tat org.jenkinsci.test.acceptance.po.PluginManager.installPlugins(PluginManager.java:173)\n\tat org.jenkinsci.test.acceptance.junit.WithPlugins$RuleImpl$1.doInstall(WithPlugins.java:139)\n\tat org.jenkinsci.test.acceptance.junit.WithPlugins$RuleImpl$1.installPlugins(WithPlugins.java:119)\n\tat org.jenkinsci.test.acceptance.junit.WithPlugins$RuleImpl$1.evaluate(WithPlugins.java:92)\n\tat org.jenkinsci.test.acceptance.junit.JenkinsAcceptanceTestRule$1$2$1.evaluate(JenkinsAcceptanceTestRule.java:129)\n\tat org.jenkinsci.test.acceptance.junit.FilterRule$1.evaluate(FilterRule.java:62)\n\tat org.jenkinsci.test.acceptance.junit.JenkinsAcceptanceTestRule$1.evaluate(JenkinsAcceptanceTestRule.java:55)\n\tat org.junit.runners.ParentRunner.runLeaf(ParentRunner.java:271)\n\tat org.junit.runners.BlockJUnit4ClassRunner.runChild(BlockJUnit4ClassRunner.java:70)\n\tat org.junit.runners.BlockJUnit4ClassRunner.runChild(BlockJUnit4ClassRunner.java:50)\n\tat org.junit.runners.ParentRunner$3.run(ParentRunner.java:238)\n\tat org.junit.runners.ParentRunner$1.schedule(ParentRunner.java:63)\n\tat org.junit.runners.ParentRunner.runChildren(ParentRunner.java:236)\n\tat org.junit.runners.ParentRunner.access$000(ParentRunner.java:53)\n\tat org.junit.runners.ParentRunner$2.evaluate(ParentRunner.java:229)\n\tat org.junit.runners.ParentRunner.run(ParentRunner.java:309)\n\tat org.apache.maven.surefire.junit4.JUnit4Provider.execute(JUnit4Provider.java:264)\n\tat org.apache.maven.surefire.junit4.JUnit4Provider.executeTestSet(JUnit4Provider.java:153)\n\tat org.apache.maven.surefire.junit4.JUnit4Provider.invoke(JUnit4Provider.java:124)\n\tat org.apache.maven.surefire.booter.ForkedBooter.invokeProviderInSameClassLoader(ForkedBooter.java:200)\n\tat org.apache.maven.surefire.booter.ForkedBooter.runSuitesInProcess(ForkedBooter.java:153)\n\tat org.apache.maven.surefire.booter.ForkedBooter.main(ForkedBooter.java:103)\n"
   },
   "steps" : {
      "step" : [ ]
   },
   "attachments" : {
      "attachment" : [ ]
   },
   "labels" : {
      "label" : [ {
         "name" : "host",
         "value" : "MacBook-Pro-2.home"
      }, {
         "name" : "thread",
         "value" : "1771@MacBook-Pro-2.home.main(1)"
      } ]
   }
}
testCase=ru.yandex.qatools.allure.model.TestCase@3a09920f[
  _id=660fd8e7-dc58-4a40-8aa5-0df553b6a6a1
  executionId=7a8626ac-7b8d-4761-8bff-776519219d78
  threadName=thread_15005794375463
  name=run_on_label
  title=<null>
  description=<null>
  failure=ru.yandex.qatools.allure.model.Failure@12a24f53
  start=1445040173178
  stop=1445040193097
  status=BROKEN
  severity=<null>
  steps=[]
  attachments=[]
  labels=[ru.yandex.qatools.allure.model.Label@7d827389, ru.yandex.qatools.allure.model.Label@61a3225a]
  parameters=<null>
]
testCase={
   "start" : 1445040173178,
   "stop" : 1445040193097,
   "status" : "broken",
   "_id" : "660fd8e7-dc58-4a40-8aa5-0df553b6a6a1",
   "executionId" : "7a8626ac-7b8d-4761-8bff-776519219d78",
   "threadName" : "thread_15005794375463",
   "name" : "run_on_label",
   "failure" : {
      "message" : "NoSuchMethodError: org.apache.http.entity.ContentType.create(Ljava/lang/String;[Lorg/apache/http/NameValuePair;)Lorg/apache/http/entity/ContentType;",
      "stack-trace" : "java.lang.NoSuchMethodError: org.apache.http.entity.ContentType.create(Ljava/lang/String;[Lorg/apache/http/NameValuePair;)Lorg/apache/http/entity/ContentType;\n\tat org.apache.http.entity.mime.MultipartEntityBuilder.buildEntity(MultipartEntityBuilder.java:209)\n\tat org.apache.http.entity.mime.MultipartEntityBuilder.build(MultipartEntityBuilder.java:230)\n\tat org.jenkinsci.test.acceptance.update_center.PluginMetadata.uploadTo(PluginMetadata.java:65)\n\tat org.jenkinsci.test.acceptance.po.PluginManager.installPlugins(PluginManager.java:173)\n\tat org.jenkinsci.test.acceptance.junit.WithPlugins$RuleImpl$1.doInstall(WithPlugins.java:139)\n\tat org.jenkinsci.test.acceptance.junit.WithPlugins$RuleImpl$1.installPlugins(WithPlugins.java:119)\n\tat org.jenkinsci.test.acceptance.junit.WithPlugins$RuleImpl$1.evaluate(WithPlugins.java:92)\n\tat org.jenkinsci.test.acceptance.junit.JenkinsAcceptanceTestRule$1$2$1.evaluate(JenkinsAcceptanceTestRule.java:129)\n\tat org.jenkinsci.test.acceptance.junit.FilterRule$1.evaluate(FilterRule.java:62)\n\tat org.jenkinsci.test.acceptance.junit.JenkinsAcceptanceTestRule$1.evaluate(JenkinsAcceptanceTestRule.java:55)\n\tat org.junit.runners.ParentRunner.runLeaf(ParentRunner.java:271)\n\tat org.junit.runners.BlockJUnit4ClassRunner.runChild(BlockJUnit4ClassRunner.java:70)\n\tat org.junit.runners.BlockJUnit4ClassRunner.runChild(BlockJUnit4ClassRunner.java:50)\n\tat org.junit.runners.ParentRunner$3.run(ParentRunner.java:238)\n\tat org.junit.runners.ParentRunner$1.schedule(ParentRunner.java:63)\n\tat org.junit.runners.ParentRunner.runChildren(ParentRunner.java:236)\n\tat org.junit.runners.ParentRunner.access$000(ParentRunner.java:53)\n\tat org.junit.runners.ParentRunner$2.evaluate(ParentRunner.java:229)\n\tat org.junit.runners.ParentRunner.run(ParentRunner.java:309)\n\tat org.apache.maven.surefire.junit4.JUnit4Provider.execute(JUnit4Provider.java:264)\n\tat org.apache.maven.surefire.junit4.JUnit4Provider.executeTestSet(JUnit4Provider.java:153)\n\tat org.apache.maven.surefire.junit4.JUnit4Provider.invoke(JUnit4Provider.java:124)\n\tat org.apache.maven.surefire.booter.ForkedBooter.invokeProviderInSameClassLoader(ForkedBooter.java:200)\n\tat org.apache.maven.surefire.booter.ForkedBooter.runSuitesInProcess(ForkedBooter.java:153)\n\tat org.apache.maven.surefire.booter.ForkedBooter.main(ForkedBooter.java:103)\n"
   },
   "steps" : {
      "step" : [ ]
   },
   "attachments" : {
      "attachment" : [ ]
   },
   "labels" : {
      "label" : [ {
         "name" : "host",
         "value" : "MacBook-Pro-2.home"
      }, {
         "name" : "thread",
         "value" : "1771@MacBook-Pro-2.home.main(1)"
      } ]
   }
}
>>>REQUEST: /testaspect/TestCase/660fd8e7-dc58-4a40-8aa5-0df553b6a6a1
running with given plugins: []
<<<RESPONSE (201 Created): /testaspect/TestCase/660fd8e7-dc58-4a40-8aa5-0df553b6a6a1
=== Starting run_on_a_particular_offline_slave_with_ignore(plugins.NodeLabelParameterPluginTest)
Starting Jenkins: JAVA_HOME=/Library/Java/JavaVirtualMachines/jdk1.8.0_60.jdk/Contents/Home JENKINS_HOME=/Users/abduljewel/Documents/c/spiderqa/sample-test-projects/acceptance-test-harness/target/jenkins3268068013025993157home /Library/Java/JavaVirtualMachines/jdk1.8.0_60.jdk/Contents/Home/bin/java -Duser.language=en -jar ./jenkins.war --ajp13Port=-1 --httpPort=57098
master57098|Running from: /Users/abduljewel/Documents/c/spiderqa/sample-test-projects/acceptance-test-harness/jenkins.war
master57098|webroot: EnvVars.masterEnvVars.get("JENKINS_HOME")
master57098|Oct 16, 2015 8:03:13 PM winstone.Logger logInternal
master57098|INFO: Beginning extraction from war file
master57098|Oct 16, 2015 8:03:14 PM org.eclipse.jetty.util.log.JavaUtilLog info
master57098|INFO: jetty-winstone-2.8
master57098|Oct 16, 2015 8:03:15 PM org.eclipse.jetty.util.log.JavaUtilLog info
master57098|INFO: NO JSP Support for , did not find org.apache.jasper.servlet.JspServlet
master57098|Jenkins home directory: /Users/abduljewel/Documents/c/spiderqa/sample-test-projects/acceptance-test-harness/target/jenkins3268068013025993157home found at: EnvVars.masterEnvVars.get("JENKINS_HOME")
master57098|Oct 16, 2015 8:03:16 PM org.eclipse.jetty.util.log.JavaUtilLog info
master57098|INFO: Started SelectChannelConnector@0.0.0.0:57098
master57098|Oct 16, 2015 8:03:16 PM winstone.Logger logInternal
master57098|INFO: Winstone Servlet Engine v2.0 running: controlPort=disabled
master57098|Oct 16, 2015 8:03:16 PM jenkins.InitReactorRunner$1 onAttained
master57098|INFO: Started initialization
master57098|Oct 16, 2015 8:03:26 PM jenkins.InitReactorRunner$1 onAttained
master57098|INFO: Listed all plugins
master57098|Oct 16, 2015 8:03:26 PM jenkins.InitReactorRunner$1 onAttained
master57098|INFO: Prepared all plugins
master57098|Oct 16, 2015 8:03:26 PM jenkins.InitReactorRunner$1 onAttained
master57098|INFO: Started all plugins
master57098|Oct 16, 2015 8:03:26 PM jenkins.InitReactorRunner$1 onAttained
master57098|INFO: Augmented all extensions
master57098|Oct 16, 2015 8:03:27 PM jenkins.InitReactorRunner$1 onAttained
master57098|INFO: Loaded all jobs
master57098|Oct 16, 2015 8:03:28 PM hudson.model.AsyncPeriodicWork$1 run
master57098|INFO: Started Download metadata
master57098|Oct 16, 2015 8:03:28 PM org.jenkinsci.main.modules.sshd.SSHD start
master57098|INFO: Started SSHD at port 59037
master57098|Oct 16, 2015 8:03:28 PM jenkins.InitReactorRunner$1 onAttained
master57098|INFO: Completed initialization
master57098|Oct 16, 2015 8:03:28 PM hudson.UDPBroadcastThread run
master57098|WARNING: UDP handling problem
master57098|java.net.SocketException: Can't assign requested address
master57098|	at java.net.PlainDatagramSocketImpl.join(Native Method)
master57098|	at java.net.AbstractPlainDatagramSocketImpl.join(AbstractPlainDatagramSocketImpl.java:179)
master57098|	at java.net.MulticastSocket.joinGroup(MulticastSocket.java:323)
master57098|	at hudson.UDPBroadcastThread.run(UDPBroadcastThread.java:77)
master57098|
master57098|Oct 16, 2015 8:03:28 PM hudson.WebAppMain$3 run
master57098|INFO: Jenkins is fully up and running
master57098|Oct 16, 2015 8:03:30 PM hudson.model.UpdateSite updateData
master57098|INFO: Obtained the latest update center data file for UpdateSource default
master57098|Oct 16, 2015 8:03:30 PM hudson.model.DownloadService$Downloadable load
master57098|INFO: Obtained the updated data file for hudson.tasks.Maven.MavenInstaller
master57098|Oct 16, 2015 8:03:30 PM hudson.model.DownloadService$Downloadable load
master57098|INFO: Obtained the updated data file for hudson.tasks.Ant.AntInstaller
Jenkins is stopped
]]></system-out>
    <system-err><![CDATA[Oct 16, 2015 8:03:13 PM org.jenkinsci.test.acceptance.controller.LocalController startNow
INFO: Waiting for Jenkins to become running in http://127.0.0.1:57098/
Oct 16, 2015 8:03:28 PM org.jenkinsci.test.acceptance.controller.LocalController startNow
INFO: Jenkins is running in http://127.0.0.1:57098/
Oct 16, 2015 8:03:28 PM org.openqa.selenium.phantomjs.PhantomJSDriverService <init>
INFO: executable: /usr/local/bin/phantomjs
Oct 16, 2015 8:03:28 PM org.openqa.selenium.phantomjs.PhantomJSDriverService <init>
INFO: port: 13145
Oct 16, 2015 8:03:28 PM org.openqa.selenium.phantomjs.PhantomJSDriverService <init>
INFO: arguments: [--webdriver=13145, --webdriver-logfile=/Users/abduljewel/Documents/c/spiderqa/sample-test-projects/acceptance-test-harness/phantomjsdriver.log]
Oct 16, 2015 8:03:28 PM org.openqa.selenium.phantomjs.PhantomJSDriverService <init>
INFO: environment: {}
[INFO  - 2015-10-17T00:03:29.089Z] GhostDriver - Main - running on port 13145
[INFO  - 2015-10-17T00:03:29.356Z] Session [7f266d70-7462-11e5-9356-d71aa915898f] - page.settings - {"XSSAuditingEnabled":false,"javascriptCanCloseWindows":true,"javascriptCanOpenWindows":true,"javascriptEnabled":true,"loadImages":true,"localToRemoteUrlAccessEnabled":false,"userAgent":"Mozilla/5.0 (Macintosh; Intel Mac OS X) AppleWebKit/538.1 (KHTML, like Gecko) PhantomJS/2.0.0 Safari/538.1","webSecurityEnabled":true}
[INFO  - 2015-10-17T00:03:29.356Z] Session [7f266d70-7462-11e5-9356-d71aa915898f] - page.customHeaders:  - {"Accept-Language":"en"}
[INFO  - 2015-10-17T00:03:29.356Z] Session [7f266d70-7462-11e5-9356-d71aa915898f] - Session.negotiatedCapabilities - {"browserName":"phantomjs","version":"2.0.0","driverName":"ghostdriver","driverVersion":"1.2.0","platform":"mac-10.9 (Mavericks)-64bit","javascriptEnabled":true,"takesScreenshot":true,"handlesAlerts":false,"databaseEnabled":false,"locationContextEnabled":false,"applicationCacheEnabled":false,"browserConnectionEnabled":false,"cssSelectorsEnabled":true,"webStorageEnabled":false,"rotatable":false,"acceptSslCerts":false,"nativeEvents":true,"proxy":{"proxyType":"direct"},"phantomjs.page.customHeaders.Accept-Language":"en"}
[INFO  - 2015-10-17T00:03:29.356Z] SessionManagerReqHand - _postNewSessionCommand - New Session Created: 7f266d70-7462-11e5-9356-d71aa915898f
Oct 16, 2015 8:03:30 PM org.jenkinsci.test.acceptance.po.PluginManager installationStatus
INFO: nodelabelparameter is not installed
Oct 16, 2015 8:03:30 PM org.jenkinsci.test.acceptance.po.PluginManager installationStatus
INFO: nodelabelparameter is not installed
Oct 16, 2015 8:03:30 PM org.jenkinsci.test.acceptance.po.PluginManager installationStatus
INFO: token-macro@1.10 is not installed
[INFO  - 2015-10-17T00:03:30.495Z] ShutdownReqHand - _handle - About to shutdown
]]></system-err>
  </testcase>
  <testcase name="run_on_several_slaves" classname="plugins.NodeLabelParameterPluginTest" time="18.457">
    <error message="org.apache.http.entity.ContentType.create(Ljava/lang/String;[Lorg/apache/http/NameValuePair;)Lorg/apache/http/entity/ContentType;" type="java.lang.NoSuchMethodError">java.lang.NoSuchMethodError: org.apache.http.entity.ContentType.create(Ljava/lang/String;[Lorg/apache/http/NameValuePair;)Lorg/apache/http/entity/ContentType;
	at org.apache.http.entity.mime.MultipartEntityBuilder.buildEntity(MultipartEntityBuilder.java:209)
	at org.apache.http.entity.mime.MultipartEntityBuilder.build(MultipartEntityBuilder.java:230)
	at org.jenkinsci.test.acceptance.update_center.PluginMetadata.uploadTo(PluginMetadata.java:65)
	at org.jenkinsci.test.acceptance.po.PluginManager.installPlugins(PluginManager.java:173)
	at org.jenkinsci.test.acceptance.junit.WithPlugins$RuleImpl$1.doInstall(WithPlugins.java:139)
	at org.jenkinsci.test.acceptance.junit.WithPlugins$RuleImpl$1.installPlugins(WithPlugins.java:119)
	at org.jenkinsci.test.acceptance.junit.WithPlugins$RuleImpl$1.evaluate(WithPlugins.java:92)
	at org.jenkinsci.test.acceptance.junit.JenkinsAcceptanceTestRule$1$2$1.evaluate(JenkinsAcceptanceTestRule.java:129)
	at org.jenkinsci.test.acceptance.junit.FilterRule$1.evaluate(FilterRule.java:62)
	at org.jenkinsci.test.acceptance.junit.JenkinsAcceptanceTestRule$1.evaluate(JenkinsAcceptanceTestRule.java:55)
	at org.junit.runners.ParentRunner.runLeaf(ParentRunner.java:271)
	at org.junit.runners.BlockJUnit4ClassRunner.runChild(BlockJUnit4ClassRunner.java:70)
	at org.junit.runners.BlockJUnit4ClassRunner.runChild(BlockJUnit4ClassRunner.java:50)
	at org.junit.runners.ParentRunner$3.run(ParentRunner.java:238)
	at org.junit.runners.ParentRunner$1.schedule(ParentRunner.java:63)
	at org.junit.runners.ParentRunner.runChildren(ParentRunner.java:236)
	at org.junit.runners.ParentRunner.access$000(ParentRunner.java:53)
	at org.junit.runners.ParentRunner$2.evaluate(ParentRunner.java:229)
	at org.junit.runners.ParentRunner.run(ParentRunner.java:309)
	at org.apache.maven.surefire.junit4.JUnit4Provider.execute(JUnit4Provider.java:264)
	at org.apache.maven.surefire.junit4.JUnit4Provider.executeTestSet(JUnit4Provider.java:153)
	at org.apache.maven.surefire.junit4.JUnit4Provider.invoke(JUnit4Provider.java:124)
	at org.apache.maven.surefire.booter.ForkedBooter.invokeProviderInSameClassLoader(ForkedBooter.java:200)
	at org.apache.maven.surefire.booter.ForkedBooter.runSuitesInProcess(ForkedBooter.java:153)
	at org.apache.maven.surefire.booter.ForkedBooter.main(ForkedBooter.java:103)
</error>
    <system-out><![CDATA[testCaseResult=ru.yandex.qatools.allure.model.TestCaseResult@55a10ee0[
  name=run_on_a_particular_offline_slave_with_ignore
  title=<null>
  description=<null>
  failure=ru.yandex.qatools.allure.model.Failure@6ca287a8
  start=1445040193099
  stop=1445040211170
  status=BROKEN
  severity=<null>
  steps=[]
  attachments=[]
  labels=[ru.yandex.qatools.allure.model.Label@7e18ebad, ru.yandex.qatools.allure.model.Label@33b4bbec]
  parameters=<null>
]
testCaseResult={
   "start" : 1445040193099,
   "stop" : 1445040211170,
   "status" : "broken",
   "name" : "run_on_a_particular_offline_slave_with_ignore",
   "failure" : {
      "message" : "NoSuchMethodError: org.apache.http.entity.ContentType.create(Ljava/lang/String;[Lorg/apache/http/NameValuePair;)Lorg/apache/http/entity/ContentType;",
      "stack-trace" : "java.lang.NoSuchMethodError: org.apache.http.entity.ContentType.create(Ljava/lang/String;[Lorg/apache/http/NameValuePair;)Lorg/apache/http/entity/ContentType;\n\tat org.apache.http.entity.mime.MultipartEntityBuilder.buildEntity(MultipartEntityBuilder.java:209)\n\tat org.apache.http.entity.mime.MultipartEntityBuilder.build(MultipartEntityBuilder.java:230)\n\tat org.jenkinsci.test.acceptance.update_center.PluginMetadata.uploadTo(PluginMetadata.java:65)\n\tat org.jenkinsci.test.acceptance.po.PluginManager.installPlugins(PluginManager.java:173)\n\tat org.jenkinsci.test.acceptance.junit.WithPlugins$RuleImpl$1.doInstall(WithPlugins.java:139)\n\tat org.jenkinsci.test.acceptance.junit.WithPlugins$RuleImpl$1.installPlugins(WithPlugins.java:119)\n\tat org.jenkinsci.test.acceptance.junit.WithPlugins$RuleImpl$1.evaluate(WithPlugins.java:92)\n\tat org.jenkinsci.test.acceptance.junit.JenkinsAcceptanceTestRule$1$2$1.evaluate(JenkinsAcceptanceTestRule.java:129)\n\tat org.jenkinsci.test.acceptance.junit.FilterRule$1.evaluate(FilterRule.java:62)\n\tat org.jenkinsci.test.acceptance.junit.JenkinsAcceptanceTestRule$1.evaluate(JenkinsAcceptanceTestRule.java:55)\n\tat org.junit.runners.ParentRunner.runLeaf(ParentRunner.java:271)\n\tat org.junit.runners.BlockJUnit4ClassRunner.runChild(BlockJUnit4ClassRunner.java:70)\n\tat org.junit.runners.BlockJUnit4ClassRunner.runChild(BlockJUnit4ClassRunner.java:50)\n\tat org.junit.runners.ParentRunner$3.run(ParentRunner.java:238)\n\tat org.junit.runners.ParentRunner$1.schedule(ParentRunner.java:63)\n\tat org.junit.runners.ParentRunner.runChildren(ParentRunner.java:236)\n\tat org.junit.runners.ParentRunner.access$000(ParentRunner.java:53)\n\tat org.junit.runners.ParentRunner$2.evaluate(ParentRunner.java:229)\n\tat org.junit.runners.ParentRunner.run(ParentRunner.java:309)\n\tat org.apache.maven.surefire.junit4.JUnit4Provider.execute(JUnit4Provider.java:264)\n\tat org.apache.maven.surefire.junit4.JUnit4Provider.executeTestSet(JUnit4Provider.java:153)\n\tat org.apache.maven.surefire.junit4.JUnit4Provider.invoke(JUnit4Provider.java:124)\n\tat org.apache.maven.surefire.booter.ForkedBooter.invokeProviderInSameClassLoader(ForkedBooter.java:200)\n\tat org.apache.maven.surefire.booter.ForkedBooter.runSuitesInProcess(ForkedBooter.java:153)\n\tat org.apache.maven.surefire.booter.ForkedBooter.main(ForkedBooter.java:103)\n"
   },
   "steps" : {
      "step" : [ ]
   },
   "attachments" : {
      "attachment" : [ ]
   },
   "labels" : {
      "label" : [ {
         "name" : "host",
         "value" : "MacBook-Pro-2.home"
      }, {
         "name" : "thread",
         "value" : "1771@MacBook-Pro-2.home.main(1)"
      } ]
   }
}
testCase=ru.yandex.qatools.allure.model.TestCase@6e3f6574[
  _id=b673c351-ef96-48e5-8d09-5181e460d9a8
  executionId=7a8626ac-7b8d-4761-8bff-776519219d78
  threadName=thread_15005794375463
  name=run_on_a_particular_offline_slave_with_ignore
  title=<null>
  description=<null>
  failure=ru.yandex.qatools.allure.model.Failure@6ca287a8
  start=1445040193099
  stop=1445040211170
  status=BROKEN
  severity=<null>
  steps=[]
  attachments=[]
  labels=[ru.yandex.qatools.allure.model.Label@7e18ebad, ru.yandex.qatools.allure.model.Label@33b4bbec]
  parameters=<null>
]
testCase={
   "start" : 1445040193099,
   "stop" : 1445040211170,
   "status" : "broken",
   "_id" : "b673c351-ef96-48e5-8d09-5181e460d9a8",
   "executionId" : "7a8626ac-7b8d-4761-8bff-776519219d78",
   "threadName" : "thread_15005794375463",
   "name" : "run_on_a_particular_offline_slave_with_ignore",
   "failure" : {
      "message" : "NoSuchMethodError: org.apache.http.entity.ContentType.create(Ljava/lang/String;[Lorg/apache/http/NameValuePair;)Lorg/apache/http/entity/ContentType;",
      "stack-trace" : "java.lang.NoSuchMethodError: org.apache.http.entity.ContentType.create(Ljava/lang/String;[Lorg/apache/http/NameValuePair;)Lorg/apache/http/entity/ContentType;\n\tat org.apache.http.entity.mime.MultipartEntityBuilder.buildEntity(MultipartEntityBuilder.java:209)\n\tat org.apache.http.entity.mime.MultipartEntityBuilder.build(MultipartEntityBuilder.java:230)\n\tat org.jenkinsci.test.acceptance.update_center.PluginMetadata.uploadTo(PluginMetadata.java:65)\n\tat org.jenkinsci.test.acceptance.po.PluginManager.installPlugins(PluginManager.java:173)\n\tat org.jenkinsci.test.acceptance.junit.WithPlugins$RuleImpl$1.doInstall(WithPlugins.java:139)\n\tat org.jenkinsci.test.acceptance.junit.WithPlugins$RuleImpl$1.installPlugins(WithPlugins.java:119)\n\tat org.jenkinsci.test.acceptance.junit.WithPlugins$RuleImpl$1.evaluate(WithPlugins.java:92)\n\tat org.jenkinsci.test.acceptance.junit.JenkinsAcceptanceTestRule$1$2$1.evaluate(JenkinsAcceptanceTestRule.java:129)\n\tat org.jenkinsci.test.acceptance.junit.FilterRule$1.evaluate(FilterRule.java:62)\n\tat org.jenkinsci.test.acceptance.junit.JenkinsAcceptanceTestRule$1.evaluate(JenkinsAcceptanceTestRule.java:55)\n\tat org.junit.runners.ParentRunner.runLeaf(ParentRunner.java:271)\n\tat org.junit.runners.BlockJUnit4ClassRunner.runChild(BlockJUnit4ClassRunner.java:70)\n\tat org.junit.runners.BlockJUnit4ClassRunner.runChild(BlockJUnit4ClassRunner.java:50)\n\tat org.junit.runners.ParentRunner$3.run(ParentRunner.java:238)\n\tat org.junit.runners.ParentRunner$1.schedule(ParentRunner.java:63)\n\tat org.junit.runners.ParentRunner.runChildren(ParentRunner.java:236)\n\tat org.junit.runners.ParentRunner.access$000(ParentRunner.java:53)\n\tat org.junit.runners.ParentRunner$2.evaluate(ParentRunner.java:229)\n\tat org.junit.runners.ParentRunner.run(ParentRunner.java:309)\n\tat org.apache.maven.surefire.junit4.JUnit4Provider.execute(JUnit4Provider.java:264)\n\tat org.apache.maven.surefire.junit4.JUnit4Provider.executeTestSet(JUnit4Provider.java:153)\n\tat org.apache.maven.surefire.junit4.JUnit4Provider.invoke(JUnit4Provider.java:124)\n\tat org.apache.maven.surefire.booter.ForkedBooter.invokeProviderInSameClassLoader(ForkedBooter.java:200)\n\tat org.apache.maven.surefire.booter.ForkedBooter.runSuitesInProcess(ForkedBooter.java:153)\n\tat org.apache.maven.surefire.booter.ForkedBooter.main(ForkedBooter.java:103)\n"
   },
   "steps" : {
      "step" : [ ]
   },
   "attachments" : {
      "attachment" : [ ]
   },
   "labels" : {
      "label" : [ {
         "name" : "host",
         "value" : "MacBook-Pro-2.home"
      }, {
         "name" : "thread",
         "value" : "1771@MacBook-Pro-2.home.main(1)"
      } ]
   }
}
>>>REQUEST: /testaspect/TestCase/b673c351-ef96-48e5-8d09-5181e460d9a8
<<<RESPONSE (201 Created): /testaspect/TestCase/b673c351-ef96-48e5-8d09-5181e460d9a8
running with given plugins: []
=== Starting run_on_several_slaves(plugins.NodeLabelParameterPluginTest)
Starting Jenkins: JAVA_HOME=/Library/Java/JavaVirtualMachines/jdk1.8.0_60.jdk/Contents/Home JENKINS_HOME=/Users/abduljewel/Documents/c/spiderqa/sample-test-projects/acceptance-test-harness/target/jenkins2022152557733343941home /Library/Java/JavaVirtualMachines/jdk1.8.0_60.jdk/Contents/Home/bin/java -Duser.language=en -jar ./jenkins.war --ajp13Port=-1 --httpPort=57630
master57630|Running from: /Users/abduljewel/Documents/c/spiderqa/sample-test-projects/acceptance-test-harness/jenkins.war
master57630|webroot: EnvVars.masterEnvVars.get("JENKINS_HOME")
master57630|Oct 16, 2015 8:03:31 PM winstone.Logger logInternal
master57630|INFO: Beginning extraction from war file
master57630|Oct 16, 2015 8:03:32 PM org.eclipse.jetty.util.log.JavaUtilLog info
master57630|INFO: jetty-winstone-2.8
master57630|Oct 16, 2015 8:03:33 PM org.eclipse.jetty.util.log.JavaUtilLog info
master57630|INFO: NO JSP Support for , did not find org.apache.jasper.servlet.JspServlet
master57630|Jenkins home directory: /Users/abduljewel/Documents/c/spiderqa/sample-test-projects/acceptance-test-harness/target/jenkins2022152557733343941home found at: EnvVars.masterEnvVars.get("JENKINS_HOME")
master57630|Oct 16, 2015 8:03:34 PM org.eclipse.jetty.util.log.JavaUtilLog info
master57630|INFO: Started SelectChannelConnector@0.0.0.0:57630
master57630|Oct 16, 2015 8:03:34 PM winstone.Logger logInternal
master57630|INFO: Winstone Servlet Engine v2.0 running: controlPort=disabled
master57630|Oct 16, 2015 8:03:34 PM jenkins.InitReactorRunner$1 onAttained
master57630|INFO: Started initialization
master57630|Oct 16, 2015 8:03:44 PM jenkins.InitReactorRunner$1 onAttained
master57630|INFO: Listed all plugins
master57630|Oct 16, 2015 8:03:44 PM jenkins.InitReactorRunner$1 onAttained
master57630|INFO: Prepared all plugins
master57630|Oct 16, 2015 8:03:44 PM jenkins.InitReactorRunner$1 onAttained
master57630|INFO: Started all plugins
master57630|Oct 16, 2015 8:03:44 PM jenkins.InitReactorRunner$1 onAttained
master57630|INFO: Augmented all extensions
master57630|Oct 16, 2015 8:03:45 PM jenkins.InitReactorRunner$1 onAttained
master57630|INFO: Loaded all jobs
master57630|Oct 16, 2015 8:03:47 PM hudson.model.AsyncPeriodicWork$1 run
master57630|INFO: Started Download metadata
master57630|Oct 16, 2015 8:03:47 PM org.jenkinsci.main.modules.sshd.SSHD start
master57630|INFO: Started SSHD at port 59059
master57630|Oct 16, 2015 8:03:47 PM jenkins.InitReactorRunner$1 onAttained
master57630|INFO: Completed initialization
master57630|Oct 16, 2015 8:03:47 PM hudson.UDPBroadcastThread run
master57630|WARNING: UDP handling problem
master57630|java.net.SocketException: Can't assign requested address
master57630|	at java.net.PlainDatagramSocketImpl.join(Native Method)
master57630|	at java.net.AbstractPlainDatagramSocketImpl.join(AbstractPlainDatagramSocketImpl.java:179)
master57630|	at java.net.MulticastSocket.joinGroup(MulticastSocket.java:323)
master57630|	at hudson.UDPBroadcastThread.run(UDPBroadcastThread.java:77)
master57630|
master57630|Oct 16, 2015 8:03:47 PM hudson.WebAppMain$3 run
master57630|INFO: Jenkins is fully up and running
master57630|Oct 16, 2015 8:03:49 PM hudson.model.UpdateSite updateData
master57630|INFO: Obtained the latest update center data file for UpdateSource default
master57630|Oct 16, 2015 8:03:49 PM hudson.model.DownloadService$Downloadable load
master57630|INFO: Obtained the updated data file for hudson.tasks.Maven.MavenInstaller
Jenkins is stopped
]]></system-out>
    <system-err><![CDATA[Oct 16, 2015 8:03:31 PM org.jenkinsci.test.acceptance.controller.LocalController startNow
INFO: Waiting for Jenkins to become running in http://127.0.0.1:57630/
Oct 16, 2015 8:03:47 PM org.jenkinsci.test.acceptance.controller.LocalController startNow
INFO: Jenkins is running in http://127.0.0.1:57630/
Oct 16, 2015 8:03:47 PM org.openqa.selenium.phantomjs.PhantomJSDriverService <init>
INFO: executable: /usr/local/bin/phantomjs
Oct 16, 2015 8:03:47 PM org.openqa.selenium.phantomjs.PhantomJSDriverService <init>
INFO: port: 32660
Oct 16, 2015 8:03:47 PM org.openqa.selenium.phantomjs.PhantomJSDriverService <init>
INFO: arguments: [--webdriver=32660, --webdriver-logfile=/Users/abduljewel/Documents/c/spiderqa/sample-test-projects/acceptance-test-harness/phantomjsdriver.log]
Oct 16, 2015 8:03:47 PM org.openqa.selenium.phantomjs.PhantomJSDriverService <init>
INFO: environment: {}
[INFO  - 2015-10-17T00:03:47.576Z] GhostDriver - Main - running on port 32660
[INFO  - 2015-10-17T00:03:47.846Z] Session [8a2bee20-7462-11e5-9722-0fbeaefdf743] - page.settings - {"XSSAuditingEnabled":false,"javascriptCanCloseWindows":true,"javascriptCanOpenWindows":true,"javascriptEnabled":true,"loadImages":true,"localToRemoteUrlAccessEnabled":false,"userAgent":"Mozilla/5.0 (Macintosh; Intel Mac OS X) AppleWebKit/538.1 (KHTML, like Gecko) PhantomJS/2.0.0 Safari/538.1","webSecurityEnabled":true}
[INFO  - 2015-10-17T00:03:47.846Z] Session [8a2bee20-7462-11e5-9722-0fbeaefdf743] - page.customHeaders:  - {"Accept-Language":"en"}
[INFO  - 2015-10-17T00:03:47.846Z] Session [8a2bee20-7462-11e5-9722-0fbeaefdf743] - Session.negotiatedCapabilities - {"browserName":"phantomjs","version":"2.0.0","driverName":"ghostdriver","driverVersion":"1.2.0","platform":"mac-10.9 (Mavericks)-64bit","javascriptEnabled":true,"takesScreenshot":true,"handlesAlerts":false,"databaseEnabled":false,"locationContextEnabled":false,"applicationCacheEnabled":false,"browserConnectionEnabled":false,"cssSelectorsEnabled":true,"webStorageEnabled":false,"rotatable":false,"acceptSslCerts":false,"nativeEvents":true,"proxy":{"proxyType":"direct"},"phantomjs.page.customHeaders.Accept-Language":"en"}
[INFO  - 2015-10-17T00:03:47.846Z] SessionManagerReqHand - _postNewSessionCommand - New Session Created: 8a2bee20-7462-11e5-9722-0fbeaefdf743
Oct 16, 2015 8:03:48 PM org.jenkinsci.test.acceptance.po.PluginManager installationStatus
INFO: nodelabelparameter is not installed
Oct 16, 2015 8:03:48 PM org.jenkinsci.test.acceptance.po.PluginManager installationStatus
INFO: nodelabelparameter is not installed
Oct 16, 2015 8:03:48 PM org.jenkinsci.test.acceptance.po.PluginManager installationStatus
INFO: token-macro@1.10 is not installed
[INFO  - 2015-10-17T00:03:48.959Z] ShutdownReqHand - _handle - About to shutdown
]]></system-err>
  </testcase>
  <testcase name="trigger_if_succeeds_with_failed_post_build_step" classname="plugins.NodeLabelParameterPluginTest" time="0">
    <skipped message="Until JENKINS-23129 is fixed"/>
    <system-out><![CDATA[testCaseResult=ru.yandex.qatools.allure.model.TestCaseResult@4ecc0e6[
  name=run_on_several_slaves
  title=<null>
  description=<null>
  failure=ru.yandex.qatools.allure.model.Failure@2db75a13
  start=1445040211172
  stop=1445040229653
  status=BROKEN
  severity=<null>
  steps=[]
  attachments=[]
  labels=[ru.yandex.qatools.allure.model.Label@f1e758f, ru.yandex.qatools.allure.model.Label@7d502ba4]
  parameters=<null>
]
testCaseResult={
   "start" : 1445040211172,
   "stop" : 1445040229653,
   "status" : "broken",
   "name" : "run_on_several_slaves",
   "failure" : {
      "message" : "NoSuchMethodError: org.apache.http.entity.ContentType.create(Ljava/lang/String;[Lorg/apache/http/NameValuePair;)Lorg/apache/http/entity/ContentType;",
      "stack-trace" : "java.lang.NoSuchMethodError: org.apache.http.entity.ContentType.create(Ljava/lang/String;[Lorg/apache/http/NameValuePair;)Lorg/apache/http/entity/ContentType;\n\tat org.apache.http.entity.mime.MultipartEntityBuilder.buildEntity(MultipartEntityBuilder.java:209)\n\tat org.apache.http.entity.mime.MultipartEntityBuilder.build(MultipartEntityBuilder.java:230)\n\tat org.jenkinsci.test.acceptance.update_center.PluginMetadata.uploadTo(PluginMetadata.java:65)\n\tat org.jenkinsci.test.acceptance.po.PluginManager.installPlugins(PluginManager.java:173)\n\tat org.jenkinsci.test.acceptance.junit.WithPlugins$RuleImpl$1.doInstall(WithPlugins.java:139)\n\tat org.jenkinsci.test.acceptance.junit.WithPlugins$RuleImpl$1.installPlugins(WithPlugins.java:119)\n\tat org.jenkinsci.test.acceptance.junit.WithPlugins$RuleImpl$1.evaluate(WithPlugins.java:92)\n\tat org.jenkinsci.test.acceptance.junit.JenkinsAcceptanceTestRule$1$2$1.evaluate(JenkinsAcceptanceTestRule.java:129)\n\tat org.jenkinsci.test.acceptance.junit.FilterRule$1.evaluate(FilterRule.java:62)\n\tat org.jenkinsci.test.acceptance.junit.JenkinsAcceptanceTestRule$1.evaluate(JenkinsAcceptanceTestRule.java:55)\n\tat org.junit.runners.ParentRunner.runLeaf(ParentRunner.java:271)\n\tat org.junit.runners.BlockJUnit4ClassRunner.runChild(BlockJUnit4ClassRunner.java:70)\n\tat org.junit.runners.BlockJUnit4ClassRunner.runChild(BlockJUnit4ClassRunner.java:50)\n\tat org.junit.runners.ParentRunner$3.run(ParentRunner.java:238)\n\tat org.junit.runners.ParentRunner$1.schedule(ParentRunner.java:63)\n\tat org.junit.runners.ParentRunner.runChildren(ParentRunner.java:236)\n\tat org.junit.runners.ParentRunner.access$000(ParentRunner.java:53)\n\tat org.junit.runners.ParentRunner$2.evaluate(ParentRunner.java:229)\n\tat org.junit.runners.ParentRunner.run(ParentRunner.java:309)\n\tat org.apache.maven.surefire.junit4.JUnit4Provider.execute(JUnit4Provider.java:264)\n\tat org.apache.maven.surefire.junit4.JUnit4Provider.executeTestSet(JUnit4Provider.java:153)\n\tat org.apache.maven.surefire.junit4.JUnit4Provider.invoke(JUnit4Provider.java:124)\n\tat org.apache.maven.surefire.booter.ForkedBooter.invokeProviderInSameClassLoader(ForkedBooter.java:200)\n\tat org.apache.maven.surefire.booter.ForkedBooter.runSuitesInProcess(ForkedBooter.java:153)\n\tat org.apache.maven.surefire.booter.ForkedBooter.main(ForkedBooter.java:103)\n"
   },
   "steps" : {
      "step" : [ ]
   },
   "attachments" : {
      "attachment" : [ ]
   },
   "labels" : {
      "label" : [ {
         "name" : "host",
         "value" : "MacBook-Pro-2.home"
      }, {
         "name" : "thread",
         "value" : "1771@MacBook-Pro-2.home.main(1)"
      } ]
   }
}
testCase=ru.yandex.qatools.allure.model.TestCase@1fd93f18[
  _id=4a0d14fe-07d9-4134-8752-f49ed403a08f
  executionId=7a8626ac-7b8d-4761-8bff-776519219d78
  threadName=thread_15005794375463
  name=run_on_several_slaves
  title=<null>
  description=<null>
  failure=ru.yandex.qatools.allure.model.Failure@2db75a13
  start=1445040211172
  stop=1445040229653
  status=BROKEN
  severity=<null>
  steps=[]
  attachments=[]
  labels=[ru.yandex.qatools.allure.model.Label@f1e758f, ru.yandex.qatools.allure.model.Label@7d502ba4]
  parameters=<null>
]
testCase={
   "start" : 1445040211172,
   "stop" : 1445040229653,
   "status" : "broken",
   "_id" : "4a0d14fe-07d9-4134-8752-f49ed403a08f",
   "executionId" : "7a8626ac-7b8d-4761-8bff-776519219d78",
   "threadName" : "thread_15005794375463",
   "name" : "run_on_several_slaves",
   "failure" : {
      "message" : "NoSuchMethodError: org.apache.http.entity.ContentType.create(Ljava/lang/String;[Lorg/apache/http/NameValuePair;)Lorg/apache/http/entity/ContentType;",
      "stack-trace" : "java.lang.NoSuchMethodError: org.apache.http.entity.ContentType.create(Ljava/lang/String;[Lorg/apache/http/NameValuePair;)Lorg/apache/http/entity/ContentType;\n\tat org.apache.http.entity.mime.MultipartEntityBuilder.buildEntity(MultipartEntityBuilder.java:209)\n\tat org.apache.http.entity.mime.MultipartEntityBuilder.build(MultipartEntityBuilder.java:230)\n\tat org.jenkinsci.test.acceptance.update_center.PluginMetadata.uploadTo(PluginMetadata.java:65)\n\tat org.jenkinsci.test.acceptance.po.PluginManager.installPlugins(PluginManager.java:173)\n\tat org.jenkinsci.test.acceptance.junit.WithPlugins$RuleImpl$1.doInstall(WithPlugins.java:139)\n\tat org.jenkinsci.test.acceptance.junit.WithPlugins$RuleImpl$1.installPlugins(WithPlugins.java:119)\n\tat org.jenkinsci.test.acceptance.junit.WithPlugins$RuleImpl$1.evaluate(WithPlugins.java:92)\n\tat org.jenkinsci.test.acceptance.junit.JenkinsAcceptanceTestRule$1$2$1.evaluate(JenkinsAcceptanceTestRule.java:129)\n\tat org.jenkinsci.test.acceptance.junit.FilterRule$1.evaluate(FilterRule.java:62)\n\tat org.jenkinsci.test.acceptance.junit.JenkinsAcceptanceTestRule$1.evaluate(JenkinsAcceptanceTestRule.java:55)\n\tat org.junit.runners.ParentRunner.runLeaf(ParentRunner.java:271)\n\tat org.junit.runners.BlockJUnit4ClassRunner.runChild(BlockJUnit4ClassRunner.java:70)\n\tat org.junit.runners.BlockJUnit4ClassRunner.runChild(BlockJUnit4ClassRunner.java:50)\n\tat org.junit.runners.ParentRunner$3.run(ParentRunner.java:238)\n\tat org.junit.runners.ParentRunner$1.schedule(ParentRunner.java:63)\n\tat org.junit.runners.ParentRunner.runChildren(ParentRunner.java:236)\n\tat org.junit.runners.ParentRunner.access$000(ParentRunner.java:53)\n\tat org.junit.runners.ParentRunner$2.evaluate(ParentRunner.java:229)\n\tat org.junit.runners.ParentRunner.run(ParentRunner.java:309)\n\tat org.apache.maven.surefire.junit4.JUnit4Provider.execute(JUnit4Provider.java:264)\n\tat org.apache.maven.surefire.junit4.JUnit4Provider.executeTestSet(JUnit4Provider.java:153)\n\tat org.apache.maven.surefire.junit4.JUnit4Provider.invoke(JUnit4Provider.java:124)\n\tat org.apache.maven.surefire.booter.ForkedBooter.invokeProviderInSameClassLoader(ForkedBooter.java:200)\n\tat org.apache.maven.surefire.booter.ForkedBooter.runSuitesInProcess(ForkedBooter.java:153)\n\tat org.apache.maven.surefire.booter.ForkedBooter.main(ForkedBooter.java:103)\n"
   },
   "steps" : {
      "step" : [ ]
   },
   "attachments" : {
      "attachment" : [ ]
   },
   "labels" : {
      "label" : [ {
         "name" : "host",
         "value" : "MacBook-Pro-2.home"
      }, {
         "name" : "thread",
         "value" : "1771@MacBook-Pro-2.home.main(1)"
      } ]
   }
}
>>>REQUEST: /testaspect/TestCase/4a0d14fe-07d9-4134-8752-f49ed403a08f
]]></system-out>
  </testcase>
  <testcase name="trigger_if_succeeds_with_failed_main_build" classname="plugins.NodeLabelParameterPluginTest" time="18.67">
    <error message="org.apache.http.entity.ContentType.create(Ljava/lang/String;[Lorg/apache/http/NameValuePair;)Lorg/apache/http/entity/ContentType;" type="java.lang.NoSuchMethodError">java.lang.NoSuchMethodError: org.apache.http.entity.ContentType.create(Ljava/lang/String;[Lorg/apache/http/NameValuePair;)Lorg/apache/http/entity/ContentType;
	at org.apache.http.entity.mime.MultipartEntityBuilder.buildEntity(MultipartEntityBuilder.java:209)
	at org.apache.http.entity.mime.MultipartEntityBuilder.build(MultipartEntityBuilder.java:230)
	at org.jenkinsci.test.acceptance.update_center.PluginMetadata.uploadTo(PluginMetadata.java:65)
	at org.jenkinsci.test.acceptance.po.PluginManager.installPlugins(PluginManager.java:173)
	at org.jenkinsci.test.acceptance.junit.WithPlugins$RuleImpl$1.doInstall(WithPlugins.java:139)
	at org.jenkinsci.test.acceptance.junit.WithPlugins$RuleImpl$1.installPlugins(WithPlugins.java:119)
	at org.jenkinsci.test.acceptance.junit.WithPlugins$RuleImpl$1.evaluate(WithPlugins.java:92)
	at org.jenkinsci.test.acceptance.junit.JenkinsAcceptanceTestRule$1$2$1.evaluate(JenkinsAcceptanceTestRule.java:129)
	at org.jenkinsci.test.acceptance.junit.FilterRule$1.evaluate(FilterRule.java:62)
	at org.jenkinsci.test.acceptance.junit.JenkinsAcceptanceTestRule$1.evaluate(JenkinsAcceptanceTestRule.java:55)
	at org.junit.runners.ParentRunner.runLeaf(ParentRunner.java:271)
	at org.junit.runners.BlockJUnit4ClassRunner.runChild(BlockJUnit4ClassRunner.java:70)
	at org.junit.runners.BlockJUnit4ClassRunner.runChild(BlockJUnit4ClassRunner.java:50)
	at org.junit.runners.ParentRunner$3.run(ParentRunner.java:238)
	at org.junit.runners.ParentRunner$1.schedule(ParentRunner.java:63)
	at org.junit.runners.ParentRunner.runChildren(ParentRunner.java:236)
	at org.junit.runners.ParentRunner.access$000(ParentRunner.java:53)
	at org.junit.runners.ParentRunner$2.evaluate(ParentRunner.java:229)
	at org.junit.runners.ParentRunner.run(ParentRunner.java:309)
	at org.apache.maven.surefire.junit4.JUnit4Provider.execute(JUnit4Provider.java:264)
	at org.apache.maven.surefire.junit4.JUnit4Provider.executeTestSet(JUnit4Provider.java:153)
	at org.apache.maven.surefire.junit4.JUnit4Provider.invoke(JUnit4Provider.java:124)
	at org.apache.maven.surefire.booter.ForkedBooter.invokeProviderInSameClassLoader(ForkedBooter.java:200)
	at org.apache.maven.surefire.booter.ForkedBooter.runSuitesInProcess(ForkedBooter.java:153)
	at org.apache.maven.surefire.booter.ForkedBooter.main(ForkedBooter.java:103)
</error>
    <system-out><![CDATA[testCaseResult=ru.yandex.qatools.allure.model.TestCaseResult@3fb2bc5e[
  name=trigger_if_succeeds_with_failed_post_build_step
  title=<null>
  description=<null>
  failure=ru.yandex.qatools.allure.model.Failure@955d80e
  start=1445040229655
  stop=1445040229655
  status=PENDING
  severity=<null>
  steps=[]
  attachments=[]
  labels=[ru.yandex.qatools.allure.model.Label@4ce1dc26, ru.yandex.qatools.allure.model.Label@2b5b9b2c]
  parameters=<null>
]
testCaseResult={
   "start" : 1445040229655,
   "stop" : 1445040229655,
   "status" : "pending",
   "name" : "trigger_if_succeeds_with_failed_post_build_step",
   "failure" : {
      "message" : "Until JENKINS-23129 is fixed",
      "stack-trace" : "There are no stack trace"
   },
   "steps" : {
      "step" : [ ]
   },
   "attachments" : {
      "attachment" : [ ]
   },
   "labels" : {
      "label" : [ {
         "name" : "host",
         "value" : "MacBook-Pro-2.home"
      }, {
         "name" : "thread",
         "value" : "1771@MacBook-Pro-2.home.main(1)"
      } ]
   }
}
testCase=ru.yandex.qatools.allure.model.TestCase@1a19255[
  _id=575cf447-8ffa-4b70-b573-df74450363a3
  executionId=7a8626ac-7b8d-4761-8bff-776519219d78
  threadName=thread_15005794375463
  name=trigger_if_succeeds_with_failed_post_build_step
  title=<null>
  description=<null>
  failure=ru.yandex.qatools.allure.model.Failure@955d80e
  start=1445040229655
  stop=1445040229655
  status=PENDING
  severity=<null>
  steps=[]
  attachments=[]
  labels=[ru.yandex.qatools.allure.model.Label@4ce1dc26, ru.yandex.qatools.allure.model.Label@2b5b9b2c]
  parameters=<null>
]
testCase={
   "start" : 1445040229655,
   "stop" : 1445040229655,
   "status" : "pending",
   "_id" : "575cf447-8ffa-4b70-b573-df74450363a3",
   "executionId" : "7a8626ac-7b8d-4761-8bff-776519219d78",
   "threadName" : "thread_15005794375463",
   "name" : "trigger_if_succeeds_with_failed_post_build_step",
   "failure" : {
      "message" : "Until JENKINS-23129 is fixed",
      "stack-trace" : "There are no stack trace"
   },
   "steps" : {
      "step" : [ ]
   },
   "attachments" : {
      "attachment" : [ ]
   },
   "labels" : {
      "label" : [ {
         "name" : "host",
         "value" : "MacBook-Pro-2.home"
      }, {
         "name" : "thread",
         "value" : "1771@MacBook-Pro-2.home.main(1)"
      } ]
   }
}
>>>REQUEST: /testaspect/TestCase/575cf447-8ffa-4b70-b573-df74450363a3
<<<RESPONSE (201 Created): /testaspect/TestCase/4a0d14fe-07d9-4134-8752-f49ed403a08f
<<<RESPONSE (201 Created): /testaspect/TestCase/575cf447-8ffa-4b70-b573-df74450363a3
running with given plugins: []
=== Starting trigger_if_succeeds_with_failed_main_build(plugins.NodeLabelParameterPluginTest)
Starting Jenkins: JAVA_HOME=/Library/Java/JavaVirtualMachines/jdk1.8.0_60.jdk/Contents/Home JENKINS_HOME=/Users/abduljewel/Documents/c/spiderqa/sample-test-projects/acceptance-test-harness/target/jenkins3350907138155013545home /Library/Java/JavaVirtualMachines/jdk1.8.0_60.jdk/Contents/Home/bin/java -Duser.language=en -jar ./jenkins.war --ajp13Port=-1 --httpPort=51790
master51790|Running from: /Users/abduljewel/Documents/c/spiderqa/sample-test-projects/acceptance-test-harness/jenkins.war
master51790|webroot: EnvVars.masterEnvVars.get("JENKINS_HOME")
master51790|Oct 16, 2015 8:03:49 PM winstone.Logger logInternal
master51790|INFO: Beginning extraction from war file
master51790|Oct 16, 2015 8:03:51 PM org.eclipse.jetty.util.log.JavaUtilLog info
master51790|INFO: jetty-winstone-2.8
master51790|Oct 16, 2015 8:03:52 PM org.eclipse.jetty.util.log.JavaUtilLog info
master51790|INFO: NO JSP Support for , did not find org.apache.jasper.servlet.JspServlet
master51790|Jenkins home directory: /Users/abduljewel/Documents/c/spiderqa/sample-test-projects/acceptance-test-harness/target/jenkins3350907138155013545home found at: EnvVars.masterEnvVars.get("JENKINS_HOME")
master51790|Oct 16, 2015 8:03:53 PM org.eclipse.jetty.util.log.JavaUtilLog info
master51790|INFO: Started SelectChannelConnector@0.0.0.0:51790
master51790|Oct 16, 2015 8:03:53 PM winstone.Logger logInternal
master51790|INFO: Winstone Servlet Engine v2.0 running: controlPort=disabled
master51790|Oct 16, 2015 8:03:53 PM jenkins.InitReactorRunner$1 onAttained
master51790|INFO: Started initialization
master51790|Oct 16, 2015 8:04:03 PM jenkins.InitReactorRunner$1 onAttained
master51790|INFO: Listed all plugins
master51790|Oct 16, 2015 8:04:03 PM jenkins.InitReactorRunner$1 onAttained
master51790|INFO: Prepared all plugins
master51790|Oct 16, 2015 8:04:03 PM jenkins.InitReactorRunner$1 onAttained
master51790|INFO: Started all plugins
master51790|Oct 16, 2015 8:04:03 PM jenkins.InitReactorRunner$1 onAttained
master51790|INFO: Augmented all extensions
master51790|Oct 16, 2015 8:04:04 PM jenkins.InitReactorRunner$1 onAttained
master51790|INFO: Loaded all jobs
master51790|Oct 16, 2015 8:04:05 PM hudson.model.AsyncPeriodicWork$1 run
master51790|INFO: Started Download metadata
master51790|Oct 16, 2015 8:04:06 PM org.jenkinsci.main.modules.sshd.SSHD start
master51790|INFO: Started SSHD at port 59090
master51790|Oct 16, 2015 8:04:06 PM jenkins.InitReactorRunner$1 onAttained
master51790|INFO: Completed initialization
master51790|Oct 16, 2015 8:04:06 PM hudson.UDPBroadcastThread run
master51790|WARNING: UDP handling problem
master51790|java.net.SocketException: Can't assign requested address
master51790|	at java.net.PlainDatagramSocketImpl.join(Native Method)
master51790|	at java.net.AbstractPlainDatagramSocketImpl.join(AbstractPlainDatagramSocketImpl.java:179)
master51790|	at java.net.MulticastSocket.joinGroup(MulticastSocket.java:323)
master51790|	at hudson.UDPBroadcastThread.run(UDPBroadcastThread.java:77)
master51790|
master51790|Oct 16, 2015 8:04:06 PM hudson.WebAppMain$3 run
master51790|INFO: Jenkins is fully up and running
master51790|Oct 16, 2015 8:04:07 PM hudson.model.UpdateSite updateData
master51790|INFO: Obtained the latest update center data file for UpdateSource default
master51790|Oct 16, 2015 8:04:08 PM hudson.model.DownloadService$Downloadable load
master51790|INFO: Obtained the updated data file for hudson.tasks.Maven.MavenInstaller
Jenkins is stopped
]]></system-out>
    <system-err><![CDATA[Oct 16, 2015 8:03:49 PM org.jenkinsci.test.acceptance.controller.LocalController startNow
INFO: Waiting for Jenkins to become running in http://127.0.0.1:51790/
Oct 16, 2015 8:04:06 PM org.jenkinsci.test.acceptance.controller.LocalController startNow
INFO: Jenkins is running in http://127.0.0.1:51790/
Oct 16, 2015 8:04:06 PM org.openqa.selenium.phantomjs.PhantomJSDriverService <init>
INFO: executable: /usr/local/bin/phantomjs
Oct 16, 2015 8:04:06 PM org.openqa.selenium.phantomjs.PhantomJSDriverService <init>
INFO: port: 40958
Oct 16, 2015 8:04:06 PM org.openqa.selenium.phantomjs.PhantomJSDriverService <init>
INFO: arguments: [--webdriver=40958, --webdriver-logfile=/Users/abduljewel/Documents/c/spiderqa/sample-test-projects/acceptance-test-harness/phantomjsdriver.log]
Oct 16, 2015 8:04:06 PM org.openqa.selenium.phantomjs.PhantomJSDriverService <init>
INFO: environment: {}
[INFO  - 2015-10-17T00:04:06.321Z] GhostDriver - Main - running on port 40958
[INFO  - 2015-10-17T00:04:06.592Z] Session [955857c0-7462-11e5-b79c-b96b4f055810] - page.settings - {"XSSAuditingEnabled":false,"javascriptCanCloseWindows":true,"javascriptCanOpenWindows":true,"javascriptEnabled":true,"loadImages":true,"localToRemoteUrlAccessEnabled":false,"userAgent":"Mozilla/5.0 (Macintosh; Intel Mac OS X) AppleWebKit/538.1 (KHTML, like Gecko) PhantomJS/2.0.0 Safari/538.1","webSecurityEnabled":true}
[INFO  - 2015-10-17T00:04:06.592Z] Session [955857c0-7462-11e5-b79c-b96b4f055810] - page.customHeaders:  - {"Accept-Language":"en"}
[INFO  - 2015-10-17T00:04:06.592Z] Session [955857c0-7462-11e5-b79c-b96b4f055810] - Session.negotiatedCapabilities - {"browserName":"phantomjs","version":"2.0.0","driverName":"ghostdriver","driverVersion":"1.2.0","platform":"mac-10.9 (Mavericks)-64bit","javascriptEnabled":true,"takesScreenshot":true,"handlesAlerts":false,"databaseEnabled":false,"locationContextEnabled":false,"applicationCacheEnabled":false,"browserConnectionEnabled":false,"cssSelectorsEnabled":true,"webStorageEnabled":false,"rotatable":false,"acceptSslCerts":false,"nativeEvents":true,"proxy":{"proxyType":"direct"},"phantomjs.page.customHeaders.Accept-Language":"en"}
[INFO  - 2015-10-17T00:04:06.592Z] SessionManagerReqHand - _postNewSessionCommand - New Session Created: 955857c0-7462-11e5-b79c-b96b4f055810
Oct 16, 2015 8:04:07 PM org.jenkinsci.test.acceptance.po.PluginManager installationStatus
INFO: nodelabelparameter is not installed
Oct 16, 2015 8:04:07 PM org.jenkinsci.test.acceptance.po.PluginManager installationStatus
INFO: nodelabelparameter is not installed
Oct 16, 2015 8:04:07 PM org.jenkinsci.test.acceptance.po.PluginManager installationStatus
INFO: token-macro@1.10 is not installed
[INFO  - 2015-10-17T00:04:07.655Z] ShutdownReqHand - _handle - About to shutdown
]]></system-err>
  </testcase>
  <testcase name="pending_build_with_no_valid_node" classname="plugins.NodeLabelParameterPluginTest" time="18.637">
    <error message="org.apache.http.entity.ContentType.create(Ljava/lang/String;[Lorg/apache/http/NameValuePair;)Lorg/apache/http/entity/ContentType;" type="java.lang.NoSuchMethodError">java.lang.NoSuchMethodError: org.apache.http.entity.ContentType.create(Ljava/lang/String;[Lorg/apache/http/NameValuePair;)Lorg/apache/http/entity/ContentType;
	at org.apache.http.entity.mime.MultipartEntityBuilder.buildEntity(MultipartEntityBuilder.java:209)
	at org.apache.http.entity.mime.MultipartEntityBuilder.build(MultipartEntityBuilder.java:230)
	at org.jenkinsci.test.acceptance.update_center.PluginMetadata.uploadTo(PluginMetadata.java:65)
	at org.jenkinsci.test.acceptance.po.PluginManager.installPlugins(PluginManager.java:173)
	at org.jenkinsci.test.acceptance.junit.WithPlugins$RuleImpl$1.doInstall(WithPlugins.java:139)
	at org.jenkinsci.test.acceptance.junit.WithPlugins$RuleImpl$1.installPlugins(WithPlugins.java:119)
	at org.jenkinsci.test.acceptance.junit.WithPlugins$RuleImpl$1.evaluate(WithPlugins.java:92)
	at org.jenkinsci.test.acceptance.junit.JenkinsAcceptanceTestRule$1$2$1.evaluate(JenkinsAcceptanceTestRule.java:129)
	at org.jenkinsci.test.acceptance.junit.FilterRule$1.evaluate(FilterRule.java:62)
	at org.jenkinsci.test.acceptance.junit.JenkinsAcceptanceTestRule$1.evaluate(JenkinsAcceptanceTestRule.java:55)
	at org.junit.runners.ParentRunner.runLeaf(ParentRunner.java:271)
	at org.junit.runners.BlockJUnit4ClassRunner.runChild(BlockJUnit4ClassRunner.java:70)
	at org.junit.runners.BlockJUnit4ClassRunner.runChild(BlockJUnit4ClassRunner.java:50)
	at org.junit.runners.ParentRunner$3.run(ParentRunner.java:238)
	at org.junit.runners.ParentRunner$1.schedule(ParentRunner.java:63)
	at org.junit.runners.ParentRunner.runChildren(ParentRunner.java:236)
	at org.junit.runners.ParentRunner.access$000(ParentRunner.java:53)
	at org.junit.runners.ParentRunner$2.evaluate(ParentRunner.java:229)
	at org.junit.runners.ParentRunner.run(ParentRunner.java:309)
	at org.apache.maven.surefire.junit4.JUnit4Provider.execute(JUnit4Provider.java:264)
	at org.apache.maven.surefire.junit4.JUnit4Provider.executeTestSet(JUnit4Provider.java:153)
	at org.apache.maven.surefire.junit4.JUnit4Provider.invoke(JUnit4Provider.java:124)
	at org.apache.maven.surefire.booter.ForkedBooter.invokeProviderInSameClassLoader(ForkedBooter.java:200)
	at org.apache.maven.surefire.booter.ForkedBooter.runSuitesInProcess(ForkedBooter.java:153)
	at org.apache.maven.surefire.booter.ForkedBooter.main(ForkedBooter.java:103)
</error>
    <system-out><![CDATA[testCaseResult=ru.yandex.qatools.allure.model.TestCaseResult@5853968b[
  name=trigger_if_succeeds_with_failed_main_build
  title=<null>
  description=<null>
  failure=ru.yandex.qatools.allure.model.Failure@4b759706
  start=1445040229656
  stop=1445040248326
  status=BROKEN
  severity=<null>
  steps=[]
  attachments=[]
  labels=[ru.yandex.qatools.allure.model.Label@1ecfec7a, ru.yandex.qatools.allure.model.Label@569a7071]
  parameters=<null>
]
testCaseResult={
   "start" : 1445040229656,
   "stop" : 1445040248326,
   "status" : "broken",
   "name" : "trigger_if_succeeds_with_failed_main_build",
   "failure" : {
      "message" : "NoSuchMethodError: org.apache.http.entity.ContentType.create(Ljava/lang/String;[Lorg/apache/http/NameValuePair;)Lorg/apache/http/entity/ContentType;",
      "stack-trace" : "java.lang.NoSuchMethodError: org.apache.http.entity.ContentType.create(Ljava/lang/String;[Lorg/apache/http/NameValuePair;)Lorg/apache/http/entity/ContentType;\n\tat org.apache.http.entity.mime.MultipartEntityBuilder.buildEntity(MultipartEntityBuilder.java:209)\n\tat org.apache.http.entity.mime.MultipartEntityBuilder.build(MultipartEntityBuilder.java:230)\n\tat org.jenkinsci.test.acceptance.update_center.PluginMetadata.uploadTo(PluginMetadata.java:65)\n\tat org.jenkinsci.test.acceptance.po.PluginManager.installPlugins(PluginManager.java:173)\n\tat org.jenkinsci.test.acceptance.junit.WithPlugins$RuleImpl$1.doInstall(WithPlugins.java:139)\n\tat org.jenkinsci.test.acceptance.junit.WithPlugins$RuleImpl$1.installPlugins(WithPlugins.java:119)\n\tat org.jenkinsci.test.acceptance.junit.WithPlugins$RuleImpl$1.evaluate(WithPlugins.java:92)\n\tat org.jenkinsci.test.acceptance.junit.JenkinsAcceptanceTestRule$1$2$1.evaluate(JenkinsAcceptanceTestRule.java:129)\n\tat org.jenkinsci.test.acceptance.junit.FilterRule$1.evaluate(FilterRule.java:62)\n\tat org.jenkinsci.test.acceptance.junit.JenkinsAcceptanceTestRule$1.evaluate(JenkinsAcceptanceTestRule.java:55)\n\tat org.junit.runners.ParentRunner.runLeaf(ParentRunner.java:271)\n\tat org.junit.runners.BlockJUnit4ClassRunner.runChild(BlockJUnit4ClassRunner.java:70)\n\tat org.junit.runners.BlockJUnit4ClassRunner.runChild(BlockJUnit4ClassRunner.java:50)\n\tat org.junit.runners.ParentRunner$3.run(ParentRunner.java:238)\n\tat org.junit.runners.ParentRunner$1.schedule(ParentRunner.java:63)\n\tat org.junit.runners.ParentRunner.runChildren(ParentRunner.java:236)\n\tat org.junit.runners.ParentRunner.access$000(ParentRunner.java:53)\n\tat org.junit.runners.ParentRunner$2.evaluate(ParentRunner.java:229)\n\tat org.junit.runners.ParentRunner.run(ParentRunner.java:309)\n\tat org.apache.maven.surefire.junit4.JUnit4Provider.execute(JUnit4Provider.java:264)\n\tat org.apache.maven.surefire.junit4.JUnit4Provider.executeTestSet(JUnit4Provider.java:153)\n\tat org.apache.maven.surefire.junit4.JUnit4Provider.invoke(JUnit4Provider.java:124)\n\tat org.apache.maven.surefire.booter.ForkedBooter.invokeProviderInSameClassLoader(ForkedBooter.java:200)\n\tat org.apache.maven.surefire.booter.ForkedBooter.runSuitesInProcess(ForkedBooter.java:153)\n\tat org.apache.maven.surefire.booter.ForkedBooter.main(ForkedBooter.java:103)\n"
   },
   "steps" : {
      "step" : [ ]
   },
   "attachments" : {
      "attachment" : [ ]
   },
   "labels" : {
      "label" : [ {
         "name" : "host",
         "value" : "MacBook-Pro-2.home"
      }, {
         "name" : "thread",
         "value" : "1771@MacBook-Pro-2.home.main(1)"
      } ]
   }
}
testCase=ru.yandex.qatools.allure.model.TestCase@12b943e7[
  _id=528754a5-82d4-45ab-8bcc-ee2063b49f38
  executionId=7a8626ac-7b8d-4761-8bff-776519219d78
  threadName=thread_15005794375463
  name=trigger_if_succeeds_with_failed_main_build
  title=<null>
  description=<null>
  failure=ru.yandex.qatools.allure.model.Failure@4b759706
  start=1445040229656
  stop=1445040248326
  status=BROKEN
  severity=<null>
  steps=[]
  attachments=[]
  labels=[ru.yandex.qatools.allure.model.Label@1ecfec7a, ru.yandex.qatools.allure.model.Label@569a7071]
  parameters=<null>
]
testCase={
   "start" : 1445040229656,
   "stop" : 1445040248326,
   "status" : "broken",
   "_id" : "528754a5-82d4-45ab-8bcc-ee2063b49f38",
   "executionId" : "7a8626ac-7b8d-4761-8bff-776519219d78",
   "threadName" : "thread_15005794375463",
   "name" : "trigger_if_succeeds_with_failed_main_build",
   "failure" : {
      "message" : "NoSuchMethodError: org.apache.http.entity.ContentType.create(Ljava/lang/String;[Lorg/apache/http/NameValuePair;)Lorg/apache/http/entity/ContentType;",
      "stack-trace" : "java.lang.NoSuchMethodError: org.apache.http.entity.ContentType.create(Ljava/lang/String;[Lorg/apache/http/NameValuePair;)Lorg/apache/http/entity/ContentType;\n\tat org.apache.http.entity.mime.MultipartEntityBuilder.buildEntity(MultipartEntityBuilder.java:209)\n\tat org.apache.http.entity.mime.MultipartEntityBuilder.build(MultipartEntityBuilder.java:230)\n\tat org.jenkinsci.test.acceptance.update_center.PluginMetadata.uploadTo(PluginMetadata.java:65)\n\tat org.jenkinsci.test.acceptance.po.PluginManager.installPlugins(PluginManager.java:173)\n\tat org.jenkinsci.test.acceptance.junit.WithPlugins$RuleImpl$1.doInstall(WithPlugins.java:139)\n\tat org.jenkinsci.test.acceptance.junit.WithPlugins$RuleImpl$1.installPlugins(WithPlugins.java:119)\n\tat org.jenkinsci.test.acceptance.junit.WithPlugins$RuleImpl$1.evaluate(WithPlugins.java:92)\n\tat org.jenkinsci.test.acceptance.junit.JenkinsAcceptanceTestRule$1$2$1.evaluate(JenkinsAcceptanceTestRule.java:129)\n\tat org.jenkinsci.test.acceptance.junit.FilterRule$1.evaluate(FilterRule.java:62)\n\tat org.jenkinsci.test.acceptance.junit.JenkinsAcceptanceTestRule$1.evaluate(JenkinsAcceptanceTestRule.java:55)\n\tat org.junit.runners.ParentRunner.runLeaf(ParentRunner.java:271)\n\tat org.junit.runners.BlockJUnit4ClassRunner.runChild(BlockJUnit4ClassRunner.java:70)\n\tat org.junit.runners.BlockJUnit4ClassRunner.runChild(BlockJUnit4ClassRunner.java:50)\n\tat org.junit.runners.ParentRunner$3.run(ParentRunner.java:238)\n\tat org.junit.runners.ParentRunner$1.schedule(ParentRunner.java:63)\n\tat org.junit.runners.ParentRunner.runChildren(ParentRunner.java:236)\n\tat org.junit.runners.ParentRunner.access$000(ParentRunner.java:53)\n\tat org.junit.runners.ParentRunner$2.evaluate(ParentRunner.java:229)\n\tat org.junit.runners.ParentRunner.run(ParentRunner.java:309)\n\tat org.apache.maven.surefire.junit4.JUnit4Provider.execute(JUnit4Provider.java:264)\n\tat org.apache.maven.surefire.junit4.JUnit4Provider.executeTestSet(JUnit4Provider.java:153)\n\tat org.apache.maven.surefire.junit4.JUnit4Provider.invoke(JUnit4Provider.java:124)\n\tat org.apache.maven.surefire.booter.ForkedBooter.invokeProviderInSameClassLoader(ForkedBooter.java:200)\n\tat org.apache.maven.surefire.booter.ForkedBooter.runSuitesInProcess(ForkedBooter.java:153)\n\tat org.apache.maven.surefire.booter.ForkedBooter.main(ForkedBooter.java:103)\n"
   },
   "steps" : {
      "step" : [ ]
   },
   "attachments" : {
      "attachment" : [ ]
   },
   "labels" : {
      "label" : [ {
         "name" : "host",
         "value" : "MacBook-Pro-2.home"
      }, {
         "name" : "thread",
         "value" : "1771@MacBook-Pro-2.home.main(1)"
      } ]
   }
}
>>>REQUEST: /testaspect/TestCase/528754a5-82d4-45ab-8bcc-ee2063b49f38
<<<RESPONSE (201 Created): /testaspect/TestCase/528754a5-82d4-45ab-8bcc-ee2063b49f38
running with given plugins: []
=== Starting pending_build_with_no_valid_node(plugins.NodeLabelParameterPluginTest)
Starting Jenkins: JAVA_HOME=/Library/Java/JavaVirtualMachines/jdk1.8.0_60.jdk/Contents/Home JENKINS_HOME=/Users/abduljewel/Documents/c/spiderqa/sample-test-projects/acceptance-test-harness/target/jenkins867909661577391769home /Library/Java/JavaVirtualMachines/jdk1.8.0_60.jdk/Contents/Home/bin/java -Duser.language=en -jar ./jenkins.war --ajp13Port=-1 --httpPort=61004
master61004|Running from: /Users/abduljewel/Documents/c/spiderqa/sample-test-projects/acceptance-test-harness/jenkins.war
master61004|webroot: EnvVars.masterEnvVars.get("JENKINS_HOME")
master61004|Oct 16, 2015 8:04:08 PM winstone.Logger logInternal
master61004|INFO: Beginning extraction from war file
master61004|Oct 16, 2015 8:04:09 PM org.eclipse.jetty.util.log.JavaUtilLog info
master61004|INFO: jetty-winstone-2.8
master61004|Oct 16, 2015 8:04:10 PM org.eclipse.jetty.util.log.JavaUtilLog info
master61004|INFO: NO JSP Support for , did not find org.apache.jasper.servlet.JspServlet
master61004|Jenkins home directory: /Users/abduljewel/Documents/c/spiderqa/sample-test-projects/acceptance-test-harness/target/jenkins867909661577391769home found at: EnvVars.masterEnvVars.get("JENKINS_HOME")
master61004|Oct 16, 2015 8:04:11 PM org.eclipse.jetty.util.log.JavaUtilLog info
master61004|INFO: Started SelectChannelConnector@0.0.0.0:61004
master61004|Oct 16, 2015 8:04:11 PM winstone.Logger logInternal
master61004|INFO: Winstone Servlet Engine v2.0 running: controlPort=disabled
master61004|Oct 16, 2015 8:04:11 PM jenkins.InitReactorRunner$1 onAttained
master61004|INFO: Started initialization
master61004|Oct 16, 2015 8:04:20 PM jenkins.InitReactorRunner$1 onAttained
master61004|INFO: Listed all plugins
master61004|Oct 16, 2015 8:04:20 PM jenkins.InitReactorRunner$1 onAttained
master61004|INFO: Prepared all plugins
master61004|Oct 16, 2015 8:04:21 PM jenkins.InitReactorRunner$1 onAttained
master61004|INFO: Started all plugins
master61004|Oct 16, 2015 8:04:21 PM jenkins.InitReactorRunner$1 onAttained
master61004|INFO: Augmented all extensions
master61004|Oct 16, 2015 8:04:22 PM jenkins.InitReactorRunner$1 onAttained
master61004|INFO: Loaded all jobs
master61004|Oct 16, 2015 8:04:23 PM hudson.model.AsyncPeriodicWork$1 run
master61004|INFO: Started Download metadata
master61004|Oct 16, 2015 8:04:23 PM org.jenkinsci.main.modules.sshd.SSHD start
master61004|INFO: Started SSHD at port 59109
master61004|Oct 16, 2015 8:04:23 PM jenkins.InitReactorRunner$1 onAttained
master61004|INFO: Completed initialization
master61004|Oct 16, 2015 8:04:23 PM hudson.UDPBroadcastThread run
master61004|WARNING: UDP handling problem
master61004|java.net.SocketException: Can't assign requested address
master61004|	at java.net.PlainDatagramSocketImpl.join(Native Method)
master61004|	at java.net.AbstractPlainDatagramSocketImpl.join(AbstractPlainDatagramSocketImpl.java:179)
master61004|	at java.net.MulticastSocket.joinGroup(MulticastSocket.java:323)
master61004|	at hudson.UDPBroadcastThread.run(UDPBroadcastThread.java:77)
master61004|
master61004|Oct 16, 2015 8:04:23 PM hudson.WebAppMain$3 run
master61004|INFO: Jenkins is fully up and running
master61004|Oct 16, 2015 8:04:25 PM hudson.model.UpdateSite updateData
master61004|INFO: Obtained the latest update center data file for UpdateSource default
Jenkins is stopped
]]></system-out>
    <system-err><![CDATA[Oct 16, 2015 8:04:08 PM org.jenkinsci.test.acceptance.controller.LocalController startNow
INFO: Waiting for Jenkins to become running in http://127.0.0.1:61004/
Oct 16, 2015 8:04:23 PM org.jenkinsci.test.acceptance.controller.LocalController startNow
INFO: Jenkins is running in http://127.0.0.1:61004/
Oct 16, 2015 8:04:23 PM org.openqa.selenium.phantomjs.PhantomJSDriverService <init>
INFO: executable: /usr/local/bin/phantomjs
Oct 16, 2015 8:04:23 PM org.openqa.selenium.phantomjs.PhantomJSDriverService <init>
INFO: port: 31885
Oct 16, 2015 8:04:23 PM org.openqa.selenium.phantomjs.PhantomJSDriverService <init>
INFO: arguments: [--webdriver=31885, --webdriver-logfile=/Users/abduljewel/Documents/c/spiderqa/sample-test-projects/acceptance-test-harness/phantomjsdriver.log]
Oct 16, 2015 8:04:23 PM org.openqa.selenium.phantomjs.PhantomJSDriverService <init>
INFO: environment: {}
[INFO  - 2015-10-17T00:04:23.956Z] GhostDriver - Main - running on port 31885
[INFO  - 2015-10-17T00:04:24.234Z] Session [9fdc4c60-7462-11e5-bff2-03e461ed4068] - page.settings - {"XSSAuditingEnabled":false,"javascriptCanCloseWindows":true,"javascriptCanOpenWindows":true,"javascriptEnabled":true,"loadImages":true,"localToRemoteUrlAccessEnabled":false,"userAgent":"Mozilla/5.0 (Macintosh; Intel Mac OS X) AppleWebKit/538.1 (KHTML, like Gecko) PhantomJS/2.0.0 Safari/538.1","webSecurityEnabled":true}
[INFO  - 2015-10-17T00:04:24.234Z] Session [9fdc4c60-7462-11e5-bff2-03e461ed4068] - page.customHeaders:  - {"Accept-Language":"en"}
[INFO  - 2015-10-17T00:04:24.234Z] Session [9fdc4c60-7462-11e5-bff2-03e461ed4068] - Session.negotiatedCapabilities - {"browserName":"phantomjs","version":"2.0.0","driverName":"ghostdriver","driverVersion":"1.2.0","platform":"mac-10.9 (Mavericks)-64bit","javascriptEnabled":true,"takesScreenshot":true,"handlesAlerts":false,"databaseEnabled":false,"locationContextEnabled":false,"applicationCacheEnabled":false,"browserConnectionEnabled":false,"cssSelectorsEnabled":true,"webStorageEnabled":false,"rotatable":false,"acceptSslCerts":false,"nativeEvents":true,"proxy":{"proxyType":"direct"},"phantomjs.page.customHeaders.Accept-Language":"en"}
[INFO  - 2015-10-17T00:04:24.234Z] SessionManagerReqHand - _postNewSessionCommand - New Session Created: 9fdc4c60-7462-11e5-bff2-03e461ed4068
Oct 16, 2015 8:04:25 PM org.jenkinsci.test.acceptance.po.PluginManager installationStatus
INFO: nodelabelparameter is not installed
Oct 16, 2015 8:04:25 PM org.jenkinsci.test.acceptance.po.PluginManager installationStatus
INFO: nodelabelparameter is not installed
Oct 16, 2015 8:04:25 PM org.jenkinsci.test.acceptance.po.PluginManager installationStatus
INFO: token-macro@1.10 is not installed
[INFO  - 2015-10-17T00:04:25.301Z] ShutdownReqHand - _handle - About to shutdown
]]></system-err>
  </testcase>
  <testcase name="build_with_preselected_node" classname="plugins.NodeLabelParameterPluginTest" time="17.542">
    <error message="org.apache.http.entity.ContentType.create(Ljava/lang/String;[Lorg/apache/http/NameValuePair;)Lorg/apache/http/entity/ContentType;" type="java.lang.NoSuchMethodError">java.lang.NoSuchMethodError: org.apache.http.entity.ContentType.create(Ljava/lang/String;[Lorg/apache/http/NameValuePair;)Lorg/apache/http/entity/ContentType;
	at org.apache.http.entity.mime.MultipartEntityBuilder.buildEntity(MultipartEntityBuilder.java:209)
	at org.apache.http.entity.mime.MultipartEntityBuilder.build(MultipartEntityBuilder.java:230)
	at org.jenkinsci.test.acceptance.update_center.PluginMetadata.uploadTo(PluginMetadata.java:65)
	at org.jenkinsci.test.acceptance.po.PluginManager.installPlugins(PluginManager.java:173)
	at org.jenkinsci.test.acceptance.junit.WithPlugins$RuleImpl$1.doInstall(WithPlugins.java:139)
	at org.jenkinsci.test.acceptance.junit.WithPlugins$RuleImpl$1.installPlugins(WithPlugins.java:119)
	at org.jenkinsci.test.acceptance.junit.WithPlugins$RuleImpl$1.evaluate(WithPlugins.java:92)
	at org.jenkinsci.test.acceptance.junit.JenkinsAcceptanceTestRule$1$2$1.evaluate(JenkinsAcceptanceTestRule.java:129)
	at org.jenkinsci.test.acceptance.junit.FilterRule$1.evaluate(FilterRule.java:62)
	at org.jenkinsci.test.acceptance.junit.JenkinsAcceptanceTestRule$1.evaluate(JenkinsAcceptanceTestRule.java:55)
	at org.junit.runners.ParentRunner.runLeaf(ParentRunner.java:271)
	at org.junit.runners.BlockJUnit4ClassRunner.runChild(BlockJUnit4ClassRunner.java:70)
	at org.junit.runners.BlockJUnit4ClassRunner.runChild(BlockJUnit4ClassRunner.java:50)
	at org.junit.runners.ParentRunner$3.run(ParentRunner.java:238)
	at org.junit.runners.ParentRunner$1.schedule(ParentRunner.java:63)
	at org.junit.runners.ParentRunner.runChildren(ParentRunner.java:236)
	at org.junit.runners.ParentRunner.access$000(ParentRunner.java:53)
	at org.junit.runners.ParentRunner$2.evaluate(ParentRunner.java:229)
	at org.junit.runners.ParentRunner.run(ParentRunner.java:309)
	at org.apache.maven.surefire.junit4.JUnit4Provider.execute(JUnit4Provider.java:264)
	at org.apache.maven.surefire.junit4.JUnit4Provider.executeTestSet(JUnit4Provider.java:153)
	at org.apache.maven.surefire.junit4.JUnit4Provider.invoke(JUnit4Provider.java:124)
	at org.apache.maven.surefire.booter.ForkedBooter.invokeProviderInSameClassLoader(ForkedBooter.java:200)
	at org.apache.maven.surefire.booter.ForkedBooter.runSuitesInProcess(ForkedBooter.java:153)
	at org.apache.maven.surefire.booter.ForkedBooter.main(ForkedBooter.java:103)
</error>
    <system-out><![CDATA[testCaseResult=ru.yandex.qatools.allure.model.TestCaseResult@7d59639f[
  name=pending_build_with_no_valid_node
  title=<null>
  description=<null>
  failure=ru.yandex.qatools.allure.model.Failure@1c114319
  start=1445040248328
  stop=1445040266982
  status=BROKEN
  severity=<null>
  steps=[]
  attachments=[]
  labels=[ru.yandex.qatools.allure.model.Label@73b6995e, ru.yandex.qatools.allure.model.Label@4d17a41e]
  parameters=<null>
]
testCaseResult={
   "start" : 1445040248328,
   "stop" : 1445040266982,
   "status" : "broken",
   "name" : "pending_build_with_no_valid_node",
   "failure" : {
      "message" : "NoSuchMethodError: org.apache.http.entity.ContentType.create(Ljava/lang/String;[Lorg/apache/http/NameValuePair;)Lorg/apache/http/entity/ContentType;",
      "stack-trace" : "java.lang.NoSuchMethodError: org.apache.http.entity.ContentType.create(Ljava/lang/String;[Lorg/apache/http/NameValuePair;)Lorg/apache/http/entity/ContentType;\n\tat org.apache.http.entity.mime.MultipartEntityBuilder.buildEntity(MultipartEntityBuilder.java:209)\n\tat org.apache.http.entity.mime.MultipartEntityBuilder.build(MultipartEntityBuilder.java:230)\n\tat org.jenkinsci.test.acceptance.update_center.PluginMetadata.uploadTo(PluginMetadata.java:65)\n\tat org.jenkinsci.test.acceptance.po.PluginManager.installPlugins(PluginManager.java:173)\n\tat org.jenkinsci.test.acceptance.junit.WithPlugins$RuleImpl$1.doInstall(WithPlugins.java:139)\n\tat org.jenkinsci.test.acceptance.junit.WithPlugins$RuleImpl$1.installPlugins(WithPlugins.java:119)\n\tat org.jenkinsci.test.acceptance.junit.WithPlugins$RuleImpl$1.evaluate(WithPlugins.java:92)\n\tat org.jenkinsci.test.acceptance.junit.JenkinsAcceptanceTestRule$1$2$1.evaluate(JenkinsAcceptanceTestRule.java:129)\n\tat org.jenkinsci.test.acceptance.junit.FilterRule$1.evaluate(FilterRule.java:62)\n\tat org.jenkinsci.test.acceptance.junit.JenkinsAcceptanceTestRule$1.evaluate(JenkinsAcceptanceTestRule.java:55)\n\tat org.junit.runners.ParentRunner.runLeaf(ParentRunner.java:271)\n\tat org.junit.runners.BlockJUnit4ClassRunner.runChild(BlockJUnit4ClassRunner.java:70)\n\tat org.junit.runners.BlockJUnit4ClassRunner.runChild(BlockJUnit4ClassRunner.java:50)\n\tat org.junit.runners.ParentRunner$3.run(ParentRunner.java:238)\n\tat org.junit.runners.ParentRunner$1.schedule(ParentRunner.java:63)\n\tat org.junit.runners.ParentRunner.runChildren(ParentRunner.java:236)\n\tat org.junit.runners.ParentRunner.access$000(ParentRunner.java:53)\n\tat org.junit.runners.ParentRunner$2.evaluate(ParentRunner.java:229)\n\tat org.junit.runners.ParentRunner.run(ParentRunner.java:309)\n\tat org.apache.maven.surefire.junit4.JUnit4Provider.execute(JUnit4Provider.java:264)\n\tat org.apache.maven.surefire.junit4.JUnit4Provider.executeTestSet(JUnit4Provider.java:153)\n\tat org.apache.maven.surefire.junit4.JUnit4Provider.invoke(JUnit4Provider.java:124)\n\tat org.apache.maven.surefire.booter.ForkedBooter.invokeProviderInSameClassLoader(ForkedBooter.java:200)\n\tat org.apache.maven.surefire.booter.ForkedBooter.runSuitesInProcess(ForkedBooter.java:153)\n\tat org.apache.maven.surefire.booter.ForkedBooter.main(ForkedBooter.java:103)\n"
   },
   "steps" : {
      "step" : [ ]
   },
   "attachments" : {
      "attachment" : [ ]
   },
   "labels" : {
      "label" : [ {
         "name" : "host",
         "value" : "MacBook-Pro-2.home"
      }, {
         "name" : "thread",
         "value" : "1771@MacBook-Pro-2.home.main(1)"
      } ]
   }
}
testCase=ru.yandex.qatools.allure.model.TestCase@7be463b8[
  _id=c73dfabd-c511-4ec1-b229-52a2e5e5b59c
  executionId=7a8626ac-7b8d-4761-8bff-776519219d78
  threadName=thread_15005794375463
  name=pending_build_with_no_valid_node
  title=<null>
  description=<null>
  failure=ru.yandex.qatools.allure.model.Failure@1c114319
  start=1445040248328
  stop=1445040266982
  status=BROKEN
  severity=<null>
  steps=[]
  attachments=[]
  labels=[ru.yandex.qatools.allure.model.Label@73b6995e, ru.yandex.qatools.allure.model.Label@4d17a41e]
  parameters=<null>
]
testCase={
   "start" : 1445040248328,
   "stop" : 1445040266982,
   "status" : "broken",
   "_id" : "c73dfabd-c511-4ec1-b229-52a2e5e5b59c",
   "executionId" : "7a8626ac-7b8d-4761-8bff-776519219d78",
   "threadName" : "thread_15005794375463",
   "name" : "pending_build_with_no_valid_node",
   "failure" : {
      "message" : "NoSuchMethodError: org.apache.http.entity.ContentType.create(Ljava/lang/String;[Lorg/apache/http/NameValuePair;)Lorg/apache/http/entity/ContentType;",
      "stack-trace" : "java.lang.NoSuchMethodError: org.apache.http.entity.ContentType.create(Ljava/lang/String;[Lorg/apache/http/NameValuePair;)Lorg/apache/http/entity/ContentType;\n\tat org.apache.http.entity.mime.MultipartEntityBuilder.buildEntity(MultipartEntityBuilder.java:209)\n\tat org.apache.http.entity.mime.MultipartEntityBuilder.build(MultipartEntityBuilder.java:230)\n\tat org.jenkinsci.test.acceptance.update_center.PluginMetadata.uploadTo(PluginMetadata.java:65)\n\tat org.jenkinsci.test.acceptance.po.PluginManager.installPlugins(PluginManager.java:173)\n\tat org.jenkinsci.test.acceptance.junit.WithPlugins$RuleImpl$1.doInstall(WithPlugins.java:139)\n\tat org.jenkinsci.test.acceptance.junit.WithPlugins$RuleImpl$1.installPlugins(WithPlugins.java:119)\n\tat org.jenkinsci.test.acceptance.junit.WithPlugins$RuleImpl$1.evaluate(WithPlugins.java:92)\n\tat org.jenkinsci.test.acceptance.junit.JenkinsAcceptanceTestRule$1$2$1.evaluate(JenkinsAcceptanceTestRule.java:129)\n\tat org.jenkinsci.test.acceptance.junit.FilterRule$1.evaluate(FilterRule.java:62)\n\tat org.jenkinsci.test.acceptance.junit.JenkinsAcceptanceTestRule$1.evaluate(JenkinsAcceptanceTestRule.java:55)\n\tat org.junit.runners.ParentRunner.runLeaf(ParentRunner.java:271)\n\tat org.junit.runners.BlockJUnit4ClassRunner.runChild(BlockJUnit4ClassRunner.java:70)\n\tat org.junit.runners.BlockJUnit4ClassRunner.runChild(BlockJUnit4ClassRunner.java:50)\n\tat org.junit.runners.ParentRunner$3.run(ParentRunner.java:238)\n\tat org.junit.runners.ParentRunner$1.schedule(ParentRunner.java:63)\n\tat org.junit.runners.ParentRunner.runChildren(ParentRunner.java:236)\n\tat org.junit.runners.ParentRunner.access$000(ParentRunner.java:53)\n\tat org.junit.runners.ParentRunner$2.evaluate(ParentRunner.java:229)\n\tat org.junit.runners.ParentRunner.run(ParentRunner.java:309)\n\tat org.apache.maven.surefire.junit4.JUnit4Provider.execute(JUnit4Provider.java:264)\n\tat org.apache.maven.surefire.junit4.JUnit4Provider.executeTestSet(JUnit4Provider.java:153)\n\tat org.apache.maven.surefire.junit4.JUnit4Provider.invoke(JUnit4Provider.java:124)\n\tat org.apache.maven.surefire.booter.ForkedBooter.invokeProviderInSameClassLoader(ForkedBooter.java:200)\n\tat org.apache.maven.surefire.booter.ForkedBooter.runSuitesInProcess(ForkedBooter.java:153)\n\tat org.apache.maven.surefire.booter.ForkedBooter.main(ForkedBooter.java:103)\n"
   },
   "steps" : {
      "step" : [ ]
   },
   "attachments" : {
      "attachment" : [ ]
   },
   "labels" : {
      "label" : [ {
         "name" : "host",
         "value" : "MacBook-Pro-2.home"
      }, {
         "name" : "thread",
         "value" : "1771@MacBook-Pro-2.home.main(1)"
      } ]
   }
}
>>>REQUEST: /testaspect/TestCase/c73dfabd-c511-4ec1-b229-52a2e5e5b59c
running with given plugins: []
<<<RESPONSE (201 Created): /testaspect/TestCase/c73dfabd-c511-4ec1-b229-52a2e5e5b59c
=== Starting build_with_preselected_node(plugins.NodeLabelParameterPluginTest)
Starting Jenkins: JAVA_HOME=/Library/Java/JavaVirtualMachines/jdk1.8.0_60.jdk/Contents/Home JENKINS_HOME=/Users/abduljewel/Documents/c/spiderqa/sample-test-projects/acceptance-test-harness/target/jenkins5172315668522107818home /Library/Java/JavaVirtualMachines/jdk1.8.0_60.jdk/Contents/Home/bin/java -Duser.language=en -jar ./jenkins.war --ajp13Port=-1 --httpPort=52398
master52398|Running from: /Users/abduljewel/Documents/c/spiderqa/sample-test-projects/acceptance-test-harness/jenkins.war
master52398|webroot: EnvVars.masterEnvVars.get("JENKINS_HOME")
master52398|Oct 16, 2015 8:04:27 PM winstone.Logger logInternal
master52398|INFO: Beginning extraction from war file
master52398|Oct 16, 2015 8:04:28 PM org.eclipse.jetty.util.log.JavaUtilLog info
master52398|INFO: jetty-winstone-2.8
master52398|Oct 16, 2015 8:04:29 PM org.eclipse.jetty.util.log.JavaUtilLog info
master52398|INFO: NO JSP Support for , did not find org.apache.jasper.servlet.JspServlet
master52398|Jenkins home directory: /Users/abduljewel/Documents/c/spiderqa/sample-test-projects/acceptance-test-harness/target/jenkins5172315668522107818home found at: EnvVars.masterEnvVars.get("JENKINS_HOME")
master52398|Oct 16, 2015 8:04:30 PM org.eclipse.jetty.util.log.JavaUtilLog info
master52398|INFO: Started SelectChannelConnector@0.0.0.0:52398
master52398|Oct 16, 2015 8:04:30 PM winstone.Logger logInternal
master52398|INFO: Winstone Servlet Engine v2.0 running: controlPort=disabled
master52398|Oct 16, 2015 8:04:30 PM jenkins.InitReactorRunner$1 onAttained
master52398|INFO: Started initialization
master52398|Oct 16, 2015 8:04:39 PM jenkins.InitReactorRunner$1 onAttained
master52398|INFO: Listed all plugins
master52398|Oct 16, 2015 8:04:39 PM jenkins.InitReactorRunner$1 onAttained
master52398|INFO: Prepared all plugins
master52398|Oct 16, 2015 8:04:39 PM jenkins.InitReactorRunner$1 onAttained
master52398|INFO: Started all plugins
master52398|Oct 16, 2015 8:04:39 PM jenkins.InitReactorRunner$1 onAttained
master52398|INFO: Augmented all extensions
master52398|Oct 16, 2015 8:04:40 PM jenkins.InitReactorRunner$1 onAttained
master52398|INFO: Loaded all jobs
master52398|Oct 16, 2015 8:04:42 PM hudson.model.AsyncPeriodicWork$1 run
master52398|INFO: Started Download metadata
master52398|Oct 16, 2015 8:04:42 PM org.jenkinsci.main.modules.sshd.SSHD start
master52398|INFO: Started SSHD at port 59128
master52398|Oct 16, 2015 8:04:42 PM jenkins.InitReactorRunner$1 onAttained
master52398|INFO: Completed initialization
master52398|Oct 16, 2015 8:04:42 PM hudson.UDPBroadcastThread run
master52398|WARNING: UDP handling problem
master52398|java.net.SocketException: Can't assign requested address
master52398|	at java.net.PlainDatagramSocketImpl.join(Native Method)
master52398|	at java.net.AbstractPlainDatagramSocketImpl.join(AbstractPlainDatagramSocketImpl.java:179)
master52398|	at java.net.MulticastSocket.joinGroup(MulticastSocket.java:323)
master52398|	at hudson.UDPBroadcastThread.run(UDPBroadcastThread.java:77)
master52398|
master52398|Oct 16, 2015 8:04:42 PM hudson.WebAppMain$3 run
master52398|INFO: Jenkins is fully up and running
master52398|Oct 16, 2015 8:04:43 PM hudson.model.UpdateSite updateData
master52398|INFO: Obtained the latest update center data file for UpdateSource default
master52398|Oct 16, 2015 8:04:43 PM hudson.model.DownloadService$Downloadable load
master52398|INFO: Obtained the updated data file for hudson.tasks.Maven.MavenInstaller
master52398|Oct 16, 2015 8:04:44 PM hudson.model.DownloadService$Downloadable load
master52398|INFO: Obtained the updated data file for hudson.tasks.Ant.AntInstaller
Jenkins is stopped
]]></system-out>
    <system-err><![CDATA[Oct 16, 2015 8:04:26 PM org.jenkinsci.test.acceptance.controller.LocalController startNow
INFO: Waiting for Jenkins to become running in http://127.0.0.1:52398/
Oct 16, 2015 8:04:42 PM org.jenkinsci.test.acceptance.controller.LocalController startNow
INFO: Jenkins is running in http://127.0.0.1:52398/
Oct 16, 2015 8:04:42 PM org.openqa.selenium.phantomjs.PhantomJSDriverService <init>
INFO: executable: /usr/local/bin/phantomjs
Oct 16, 2015 8:04:42 PM org.openqa.selenium.phantomjs.PhantomJSDriverService <init>
INFO: port: 19809
Oct 16, 2015 8:04:42 PM org.openqa.selenium.phantomjs.PhantomJSDriverService <init>
INFO: arguments: [--webdriver=19809, --webdriver-logfile=/Users/abduljewel/Documents/c/spiderqa/sample-test-projects/acceptance-test-harness/phantomjsdriver.log]
Oct 16, 2015 8:04:42 PM org.openqa.selenium.phantomjs.PhantomJSDriverService <init>
INFO: environment: {}
[INFO  - 2015-10-17T00:04:42.504Z] GhostDriver - Main - running on port 19809
[INFO  - 2015-10-17T00:04:42.783Z] Session [aaeaa6b0-7462-11e5-91a5-6b68e511b6d9] - page.settings - {"XSSAuditingEnabled":false,"javascriptCanCloseWindows":true,"javascriptCanOpenWindows":true,"javascriptEnabled":true,"loadImages":true,"localToRemoteUrlAccessEnabled":false,"userAgent":"Mozilla/5.0 (Macintosh; Intel Mac OS X) AppleWebKit/538.1 (KHTML, like Gecko) PhantomJS/2.0.0 Safari/538.1","webSecurityEnabled":true}
[INFO  - 2015-10-17T00:04:42.783Z] Session [aaeaa6b0-7462-11e5-91a5-6b68e511b6d9] - page.customHeaders:  - {"Accept-Language":"en"}
[INFO  - 2015-10-17T00:04:42.783Z] Session [aaeaa6b0-7462-11e5-91a5-6b68e511b6d9] - Session.negotiatedCapabilities - {"browserName":"phantomjs","version":"2.0.0","driverName":"ghostdriver","driverVersion":"1.2.0","platform":"mac-10.9 (Mavericks)-64bit","javascriptEnabled":true,"takesScreenshot":true,"handlesAlerts":false,"databaseEnabled":false,"locationContextEnabled":false,"applicationCacheEnabled":false,"browserConnectionEnabled":false,"cssSelectorsEnabled":true,"webStorageEnabled":false,"rotatable":false,"acceptSslCerts":false,"nativeEvents":true,"proxy":{"proxyType":"direct"},"phantomjs.page.customHeaders.Accept-Language":"en"}
[INFO  - 2015-10-17T00:04:42.783Z] SessionManagerReqHand - _postNewSessionCommand - New Session Created: aaeaa6b0-7462-11e5-91a5-6b68e511b6d9
Oct 16, 2015 8:04:43 PM org.jenkinsci.test.acceptance.po.PluginManager installationStatus
INFO: nodelabelparameter is not installed
Oct 16, 2015 8:04:43 PM org.jenkinsci.test.acceptance.po.PluginManager installationStatus
INFO: nodelabelparameter is not installed
Oct 16, 2015 8:04:43 PM org.jenkinsci.test.acceptance.po.PluginManager installationStatus
INFO: token-macro@1.10 is not installed
[INFO  - 2015-10-17T00:04:43.866Z] ShutdownReqHand - _handle - About to shutdown
]]></system-err>
  </testcase>
  <testcase name="trigger_if_succeeds_with_unstable_post_build_step" classname="plugins.NodeLabelParameterPluginTest" time="0">
    <skipped message="Until JENKINS-23129 is fixed"/>
    <system-out><![CDATA[testCaseResult=ru.yandex.qatools.allure.model.TestCaseResult@4e940965[
  name=build_with_preselected_node
  title=<null>
  description=<null>
  failure=ru.yandex.qatools.allure.model.Failure@76e06e9e
  start=1445040266984
  stop=1445040284538
  status=BROKEN
  severity=<null>
  steps=[]
  attachments=[]
  labels=[ru.yandex.qatools.allure.model.Label@7491dfd8, ru.yandex.qatools.allure.model.Label@3fe44749]
  parameters=<null>
]
testCaseResult={
   "start" : 1445040266984,
   "stop" : 1445040284538,
   "status" : "broken",
   "name" : "build_with_preselected_node",
   "failure" : {
      "message" : "NoSuchMethodError: org.apache.http.entity.ContentType.create(Ljava/lang/String;[Lorg/apache/http/NameValuePair;)Lorg/apache/http/entity/ContentType;",
      "stack-trace" : "java.lang.NoSuchMethodError: org.apache.http.entity.ContentType.create(Ljava/lang/String;[Lorg/apache/http/NameValuePair;)Lorg/apache/http/entity/ContentType;\n\tat org.apache.http.entity.mime.MultipartEntityBuilder.buildEntity(MultipartEntityBuilder.java:209)\n\tat org.apache.http.entity.mime.MultipartEntityBuilder.build(MultipartEntityBuilder.java:230)\n\tat org.jenkinsci.test.acceptance.update_center.PluginMetadata.uploadTo(PluginMetadata.java:65)\n\tat org.jenkinsci.test.acceptance.po.PluginManager.installPlugins(PluginManager.java:173)\n\tat org.jenkinsci.test.acceptance.junit.WithPlugins$RuleImpl$1.doInstall(WithPlugins.java:139)\n\tat org.jenkinsci.test.acceptance.junit.WithPlugins$RuleImpl$1.installPlugins(WithPlugins.java:119)\n\tat org.jenkinsci.test.acceptance.junit.WithPlugins$RuleImpl$1.evaluate(WithPlugins.java:92)\n\tat org.jenkinsci.test.acceptance.junit.JenkinsAcceptanceTestRule$1$2$1.evaluate(JenkinsAcceptanceTestRule.java:129)\n\tat org.jenkinsci.test.acceptance.junit.FilterRule$1.evaluate(FilterRule.java:62)\n\tat org.jenkinsci.test.acceptance.junit.JenkinsAcceptanceTestRule$1.evaluate(JenkinsAcceptanceTestRule.java:55)\n\tat org.junit.runners.ParentRunner.runLeaf(ParentRunner.java:271)\n\tat org.junit.runners.BlockJUnit4ClassRunner.runChild(BlockJUnit4ClassRunner.java:70)\n\tat org.junit.runners.BlockJUnit4ClassRunner.runChild(BlockJUnit4ClassRunner.java:50)\n\tat org.junit.runners.ParentRunner$3.run(ParentRunner.java:238)\n\tat org.junit.runners.ParentRunner$1.schedule(ParentRunner.java:63)\n\tat org.junit.runners.ParentRunner.runChildren(ParentRunner.java:236)\n\tat org.junit.runners.ParentRunner.access$000(ParentRunner.java:53)\n\tat org.junit.runners.ParentRunner$2.evaluate(ParentRunner.java:229)\n\tat org.junit.runners.ParentRunner.run(ParentRunner.java:309)\n\tat org.apache.maven.surefire.junit4.JUnit4Provider.execute(JUnit4Provider.java:264)\n\tat org.apache.maven.surefire.junit4.JUnit4Provider.executeTestSet(JUnit4Provider.java:153)\n\tat org.apache.maven.surefire.junit4.JUnit4Provider.invoke(JUnit4Provider.java:124)\n\tat org.apache.maven.surefire.booter.ForkedBooter.invokeProviderInSameClassLoader(ForkedBooter.java:200)\n\tat org.apache.maven.surefire.booter.ForkedBooter.runSuitesInProcess(ForkedBooter.java:153)\n\tat org.apache.maven.surefire.booter.ForkedBooter.main(ForkedBooter.java:103)\n"
   },
   "steps" : {
      "step" : [ ]
   },
   "attachments" : {
      "attachment" : [ ]
   },
   "labels" : {
      "label" : [ {
         "name" : "host",
         "value" : "MacBook-Pro-2.home"
      }, {
         "name" : "thread",
         "value" : "1771@MacBook-Pro-2.home.main(1)"
      } ]
   }
}
testCase=ru.yandex.qatools.allure.model.TestCase@5155bef1[
  _id=8b71aa18-12e4-44ed-af7c-8cf36c0231c1
  executionId=7a8626ac-7b8d-4761-8bff-776519219d78
  threadName=thread_15005794375463
  name=build_with_preselected_node
  title=<null>
  description=<null>
  failure=ru.yandex.qatools.allure.model.Failure@76e06e9e
  start=1445040266984
  stop=1445040284538
  status=BROKEN
  severity=<null>
  steps=[]
  attachments=[]
  labels=[ru.yandex.qatools.allure.model.Label@7491dfd8, ru.yandex.qatools.allure.model.Label@3fe44749]
  parameters=<null>
]
testCase={
   "start" : 1445040266984,
   "stop" : 1445040284538,
   "status" : "broken",
   "_id" : "8b71aa18-12e4-44ed-af7c-8cf36c0231c1",
   "executionId" : "7a8626ac-7b8d-4761-8bff-776519219d78",
   "threadName" : "thread_15005794375463",
   "name" : "build_with_preselected_node",
   "failure" : {
      "message" : "NoSuchMethodError: org.apache.http.entity.ContentType.create(Ljava/lang/String;[Lorg/apache/http/NameValuePair;)Lorg/apache/http/entity/ContentType;",
      "stack-trace" : "java.lang.NoSuchMethodError: org.apache.http.entity.ContentType.create(Ljava/lang/String;[Lorg/apache/http/NameValuePair;)Lorg/apache/http/entity/ContentType;\n\tat org.apache.http.entity.mime.MultipartEntityBuilder.buildEntity(MultipartEntityBuilder.java:209)\n\tat org.apache.http.entity.mime.MultipartEntityBuilder.build(MultipartEntityBuilder.java:230)\n\tat org.jenkinsci.test.acceptance.update_center.PluginMetadata.uploadTo(PluginMetadata.java:65)\n\tat org.jenkinsci.test.acceptance.po.PluginManager.installPlugins(PluginManager.java:173)\n\tat org.jenkinsci.test.acceptance.junit.WithPlugins$RuleImpl$1.doInstall(WithPlugins.java:139)\n\tat org.jenkinsci.test.acceptance.junit.WithPlugins$RuleImpl$1.installPlugins(WithPlugins.java:119)\n\tat org.jenkinsci.test.acceptance.junit.WithPlugins$RuleImpl$1.evaluate(WithPlugins.java:92)\n\tat org.jenkinsci.test.acceptance.junit.JenkinsAcceptanceTestRule$1$2$1.evaluate(JenkinsAcceptanceTestRule.java:129)\n\tat org.jenkinsci.test.acceptance.junit.FilterRule$1.evaluate(FilterRule.java:62)\n\tat org.jenkinsci.test.acceptance.junit.JenkinsAcceptanceTestRule$1.evaluate(JenkinsAcceptanceTestRule.java:55)\n\tat org.junit.runners.ParentRunner.runLeaf(ParentRunner.java:271)\n\tat org.junit.runners.BlockJUnit4ClassRunner.runChild(BlockJUnit4ClassRunner.java:70)\n\tat org.junit.runners.BlockJUnit4ClassRunner.runChild(BlockJUnit4ClassRunner.java:50)\n\tat org.junit.runners.ParentRunner$3.run(ParentRunner.java:238)\n\tat org.junit.runners.ParentRunner$1.schedule(ParentRunner.java:63)\n\tat org.junit.runners.ParentRunner.runChildren(ParentRunner.java:236)\n\tat org.junit.runners.ParentRunner.access$000(ParentRunner.java:53)\n\tat org.junit.runners.ParentRunner$2.evaluate(ParentRunner.java:229)\n\tat org.junit.runners.ParentRunner.run(ParentRunner.java:309)\n\tat org.apache.maven.surefire.junit4.JUnit4Provider.execute(JUnit4Provider.java:264)\n\tat org.apache.maven.surefire.junit4.JUnit4Provider.executeTestSet(JUnit4Provider.java:153)\n\tat org.apache.maven.surefire.junit4.JUnit4Provider.invoke(JUnit4Provider.java:124)\n\tat org.apache.maven.surefire.booter.ForkedBooter.invokeProviderInSameClassLoader(ForkedBooter.java:200)\n\tat org.apache.maven.surefire.booter.ForkedBooter.runSuitesInProcess(ForkedBooter.java:153)\n\tat org.apache.maven.surefire.booter.ForkedBooter.main(ForkedBooter.java:103)\n"
   },
   "steps" : {
      "step" : [ ]
   },
   "attachments" : {
      "attachment" : [ ]
   },
   "labels" : {
      "label" : [ {
         "name" : "host",
         "value" : "MacBook-Pro-2.home"
      }, {
         "name" : "thread",
         "value" : "1771@MacBook-Pro-2.home.main(1)"
      } ]
   }
}
>>>REQUEST: /testaspect/TestCase/8b71aa18-12e4-44ed-af7c-8cf36c0231c1
]]></system-out>
  </testcase>
  <testcase name="run_on_a_particular_offline_slave" classname="plugins.NodeLabelParameterPluginTest" time="18.956">
    <error message="org.apache.http.entity.ContentType.create(Ljava/lang/String;[Lorg/apache/http/NameValuePair;)Lorg/apache/http/entity/ContentType;" type="java.lang.NoSuchMethodError">java.lang.NoSuchMethodError: org.apache.http.entity.ContentType.create(Ljava/lang/String;[Lorg/apache/http/NameValuePair;)Lorg/apache/http/entity/ContentType;
	at org.apache.http.entity.mime.MultipartEntityBuilder.buildEntity(MultipartEntityBuilder.java:209)
	at org.apache.http.entity.mime.MultipartEntityBuilder.build(MultipartEntityBuilder.java:230)
	at org.jenkinsci.test.acceptance.update_center.PluginMetadata.uploadTo(PluginMetadata.java:65)
	at org.jenkinsci.test.acceptance.po.PluginManager.installPlugins(PluginManager.java:173)
	at org.jenkinsci.test.acceptance.junit.WithPlugins$RuleImpl$1.doInstall(WithPlugins.java:139)
	at org.jenkinsci.test.acceptance.junit.WithPlugins$RuleImpl$1.installPlugins(WithPlugins.java:119)
	at org.jenkinsci.test.acceptance.junit.WithPlugins$RuleImpl$1.evaluate(WithPlugins.java:92)
	at org.jenkinsci.test.acceptance.junit.JenkinsAcceptanceTestRule$1$2$1.evaluate(JenkinsAcceptanceTestRule.java:129)
	at org.jenkinsci.test.acceptance.junit.FilterRule$1.evaluate(FilterRule.java:62)
	at org.jenkinsci.test.acceptance.junit.JenkinsAcceptanceTestRule$1.evaluate(JenkinsAcceptanceTestRule.java:55)
	at org.junit.runners.ParentRunner.runLeaf(ParentRunner.java:271)
	at org.junit.runners.BlockJUnit4ClassRunner.runChild(BlockJUnit4ClassRunner.java:70)
	at org.junit.runners.BlockJUnit4ClassRunner.runChild(BlockJUnit4ClassRunner.java:50)
	at org.junit.runners.ParentRunner$3.run(ParentRunner.java:238)
	at org.junit.runners.ParentRunner$1.schedule(ParentRunner.java:63)
	at org.junit.runners.ParentRunner.runChildren(ParentRunner.java:236)
	at org.junit.runners.ParentRunner.access$000(ParentRunner.java:53)
	at org.junit.runners.ParentRunner$2.evaluate(ParentRunner.java:229)
	at org.junit.runners.ParentRunner.run(ParentRunner.java:309)
	at org.apache.maven.surefire.junit4.JUnit4Provider.execute(JUnit4Provider.java:264)
	at org.apache.maven.surefire.junit4.JUnit4Provider.executeTestSet(JUnit4Provider.java:153)
	at org.apache.maven.surefire.junit4.JUnit4Provider.invoke(JUnit4Provider.java:124)
	at org.apache.maven.surefire.booter.ForkedBooter.invokeProviderInSameClassLoader(ForkedBooter.java:200)
	at org.apache.maven.surefire.booter.ForkedBooter.runSuitesInProcess(ForkedBooter.java:153)
	at org.apache.maven.surefire.booter.ForkedBooter.main(ForkedBooter.java:103)
</error>
    <system-out><![CDATA[testCaseResult=ru.yandex.qatools.allure.model.TestCaseResult@66e9a23f[
  name=trigger_if_succeeds_with_unstable_post_build_step
  title=<null>
  description=<null>
  failure=ru.yandex.qatools.allure.model.Failure@252a59fc
  start=1445040284540
  stop=1445040284540
  status=PENDING
  severity=<null>
  steps=[]
  attachments=[]
  labels=[ru.yandex.qatools.allure.model.Label@1d714998, ru.yandex.qatools.allure.model.Label@7fb920d3]
  parameters=<null>
]
testCaseResult={
   "start" : 1445040284540,
   "stop" : 1445040284540,
   "status" : "pending",
   "name" : "trigger_if_succeeds_with_unstable_post_build_step",
   "failure" : {
      "message" : "Until JENKINS-23129 is fixed",
      "stack-trace" : "There are no stack trace"
   },
   "steps" : {
      "step" : [ ]
   },
   "attachments" : {
      "attachment" : [ ]
   },
   "labels" : {
      "label" : [ {
         "name" : "host",
         "value" : "MacBook-Pro-2.home"
      }, {
         "name" : "thread",
         "value" : "1771@MacBook-Pro-2.home.main(1)"
      } ]
   }
}
testCase=ru.yandex.qatools.allure.model.TestCase@546a8d41[
  _id=c77820ab-1bfe-428c-ac9b-bba567c20755
  executionId=7a8626ac-7b8d-4761-8bff-776519219d78
  threadName=thread_15005794375463
  name=trigger_if_succeeds_with_unstable_post_build_step
  title=<null>
  description=<null>
  failure=ru.yandex.qatools.allure.model.Failure@252a59fc
  start=1445040284540
  stop=1445040284540
  status=PENDING
  severity=<null>
  steps=[]
  attachments=[]
  labels=[ru.yandex.qatools.allure.model.Label@1d714998, ru.yandex.qatools.allure.model.Label@7fb920d3]
  parameters=<null>
]
testCase={
   "start" : 1445040284540,
   "stop" : 1445040284540,
   "status" : "pending",
   "_id" : "c77820ab-1bfe-428c-ac9b-bba567c20755",
   "executionId" : "7a8626ac-7b8d-4761-8bff-776519219d78",
   "threadName" : "thread_15005794375463",
   "name" : "trigger_if_succeeds_with_unstable_post_build_step",
   "failure" : {
      "message" : "Until JENKINS-23129 is fixed",
      "stack-trace" : "There are no stack trace"
   },
   "steps" : {
      "step" : [ ]
   },
   "attachments" : {
      "attachment" : [ ]
   },
   "labels" : {
      "label" : [ {
         "name" : "host",
         "value" : "MacBook-Pro-2.home"
      }, {
         "name" : "thread",
         "value" : "1771@MacBook-Pro-2.home.main(1)"
      } ]
   }
}
>>>REQUEST: /testaspect/TestCase/c77820ab-1bfe-428c-ac9b-bba567c20755
<<<RESPONSE (201 Created): /testaspect/TestCase/8b71aa18-12e4-44ed-af7c-8cf36c0231c1
running with given plugins: []
<<<RESPONSE (201 Created): /testaspect/TestCase/c77820ab-1bfe-428c-ac9b-bba567c20755
=== Starting run_on_a_particular_offline_slave(plugins.NodeLabelParameterPluginTest)
Starting Jenkins: JAVA_HOME=/Library/Java/JavaVirtualMachines/jdk1.8.0_60.jdk/Contents/Home JENKINS_HOME=/Users/abduljewel/Documents/c/spiderqa/sample-test-projects/acceptance-test-harness/target/jenkins4017394742472941648home /Library/Java/JavaVirtualMachines/jdk1.8.0_60.jdk/Contents/Home/bin/java -Duser.language=en -jar ./jenkins.war --ajp13Port=-1 --httpPort=64220
master64220|Running from: /Users/abduljewel/Documents/c/spiderqa/sample-test-projects/acceptance-test-harness/jenkins.war
master64220|webroot: EnvVars.masterEnvVars.get("JENKINS_HOME")
master64220|Oct 16, 2015 8:04:44 PM winstone.Logger logInternal
master64220|INFO: Beginning extraction from war file
master64220|Oct 16, 2015 8:04:45 PM org.eclipse.jetty.util.log.JavaUtilLog info
master64220|INFO: jetty-winstone-2.8
master64220|Oct 16, 2015 8:04:46 PM org.eclipse.jetty.util.log.JavaUtilLog info
master64220|INFO: NO JSP Support for , did not find org.apache.jasper.servlet.JspServlet
master64220|Jenkins home directory: /Users/abduljewel/Documents/c/spiderqa/sample-test-projects/acceptance-test-harness/target/jenkins4017394742472941648home found at: EnvVars.masterEnvVars.get("JENKINS_HOME")
master64220|Oct 16, 2015 8:04:47 PM org.eclipse.jetty.util.log.JavaUtilLog info
master64220|INFO: Started SelectChannelConnector@0.0.0.0:64220
master64220|Oct 16, 2015 8:04:47 PM winstone.Logger logInternal
master64220|INFO: Winstone Servlet Engine v2.0 running: controlPort=disabled
master64220|Oct 16, 2015 8:04:48 PM jenkins.InitReactorRunner$1 onAttained
master64220|INFO: Started initialization
master64220|Oct 16, 2015 8:04:57 PM jenkins.InitReactorRunner$1 onAttained
master64220|INFO: Listed all plugins
master64220|Oct 16, 2015 8:04:57 PM jenkins.InitReactorRunner$1 onAttained
master64220|INFO: Prepared all plugins
master64220|Oct 16, 2015 8:04:57 PM jenkins.InitReactorRunner$1 onAttained
master64220|INFO: Started all plugins
master64220|Oct 16, 2015 8:04:57 PM jenkins.InitReactorRunner$1 onAttained
master64220|INFO: Augmented all extensions
master64220|Oct 16, 2015 8:04:58 PM jenkins.InitReactorRunner$1 onAttained
master64220|INFO: Loaded all jobs
master64220|Oct 16, 2015 8:04:59 PM hudson.model.AsyncPeriodicWork$1 run
master64220|INFO: Started Download metadata
master64220|Oct 16, 2015 8:05:00 PM org.jenkinsci.main.modules.sshd.SSHD start
master64220|INFO: Started SSHD at port 59154
master64220|Oct 16, 2015 8:05:00 PM jenkins.InitReactorRunner$1 onAttained
master64220|INFO: Completed initialization
master64220|Oct 16, 2015 8:05:00 PM hudson.UDPBroadcastThread run
master64220|WARNING: UDP handling problem
master64220|java.net.SocketException: Can't assign requested address
master64220|	at java.net.PlainDatagramSocketImpl.join(Native Method)
master64220|	at java.net.AbstractPlainDatagramSocketImpl.join(AbstractPlainDatagramSocketImpl.java:179)
master64220|	at java.net.MulticastSocket.joinGroup(MulticastSocket.java:323)
master64220|	at hudson.UDPBroadcastThread.run(UDPBroadcastThread.java:77)
master64220|
master64220|Oct 16, 2015 8:05:00 PM hudson.WebAppMain$3 run
master64220|INFO: Jenkins is fully up and running
Jenkins is stopped
]]></system-out>
    <system-err><![CDATA[Oct 16, 2015 8:04:44 PM org.jenkinsci.test.acceptance.controller.LocalController startNow
INFO: Waiting for Jenkins to become running in http://127.0.0.1:64220/
Oct 16, 2015 8:05:00 PM org.jenkinsci.test.acceptance.controller.LocalController startNow
INFO: Jenkins is running in http://127.0.0.1:64220/
Oct 16, 2015 8:05:00 PM org.openqa.selenium.phantomjs.PhantomJSDriverService <init>
INFO: executable: /usr/local/bin/phantomjs
Oct 16, 2015 8:05:00 PM org.openqa.selenium.phantomjs.PhantomJSDriverService <init>
INFO: port: 14871
Oct 16, 2015 8:05:00 PM org.openqa.selenium.phantomjs.PhantomJSDriverService <init>
INFO: arguments: [--webdriver=14871, --webdriver-logfile=/Users/abduljewel/Documents/c/spiderqa/sample-test-projects/acceptance-test-harness/phantomjsdriver.log]
Oct 16, 2015 8:05:00 PM org.openqa.selenium.phantomjs.PhantomJSDriverService <init>
INFO: environment: {}
[INFO  - 2015-10-17T00:05:00.391Z] GhostDriver - Main - running on port 14871
[INFO  - 2015-10-17T00:05:00.676Z] Session [b594e800-7462-11e5-b35d-cda1da9fc5ab] - page.settings - {"XSSAuditingEnabled":false,"javascriptCanCloseWindows":true,"javascriptCanOpenWindows":true,"javascriptEnabled":true,"loadImages":true,"localToRemoteUrlAccessEnabled":false,"userAgent":"Mozilla/5.0 (Macintosh; Intel Mac OS X) AppleWebKit/538.1 (KHTML, like Gecko) PhantomJS/2.0.0 Safari/538.1","webSecurityEnabled":true}
[INFO  - 2015-10-17T00:05:00.676Z] Session [b594e800-7462-11e5-b35d-cda1da9fc5ab] - page.customHeaders:  - {"Accept-Language":"en"}
[INFO  - 2015-10-17T00:05:00.676Z] Session [b594e800-7462-11e5-b35d-cda1da9fc5ab] - Session.negotiatedCapabilities - {"browserName":"phantomjs","version":"2.0.0","driverName":"ghostdriver","driverVersion":"1.2.0","platform":"mac-10.9 (Mavericks)-64bit","javascriptEnabled":true,"takesScreenshot":true,"handlesAlerts":false,"databaseEnabled":false,"locationContextEnabled":false,"applicationCacheEnabled":false,"browserConnectionEnabled":false,"cssSelectorsEnabled":true,"webStorageEnabled":false,"rotatable":false,"acceptSslCerts":false,"nativeEvents":true,"proxy":{"proxyType":"direct"},"phantomjs.page.customHeaders.Accept-Language":"en"}
[INFO  - 2015-10-17T00:05:00.676Z] SessionManagerReqHand - _postNewSessionCommand - New Session Created: b594e800-7462-11e5-b35d-cda1da9fc5ab
Oct 16, 2015 8:05:01 PM org.jenkinsci.test.acceptance.po.PluginManager installationStatus
INFO: nodelabelparameter is not installed
Oct 16, 2015 8:05:01 PM org.jenkinsci.test.acceptance.po.PluginManager installationStatus
INFO: nodelabelparameter is not installed
Oct 16, 2015 8:05:01 PM org.jenkinsci.test.acceptance.po.PluginManager installationStatus
INFO: token-macro@1.10 is not installed
[INFO  - 2015-10-17T00:05:01.798Z] ShutdownReqHand - _handle - About to shutdown
]]></system-err>
  </testcase>
</testsuite>