<?xml version="1.0" encoding="UTF-8"?>
<testsuite name="plugins.no_docker.LdapPluginNoDockerTest" time="0" tests="3" errors="0" skipped="3" failures="0">
  <properties>
    <property name="java.runtime.name" value="Java(TM) SE Runtime Environment"/>
    <property name="sun.boot.library.path" value="/Library/Java/JavaVirtualMachines/jdk1.8.0_60.jdk/Contents/Home/jre/lib"/>
    <property name="java.vm.version" value="25.60-b23"/>
    <property name="gopherProxySet" value="false"/>
    <property name="java.vm.vendor" value="Oracle Corporation"/>
    <property name="maven.multiModuleProjectDirectory" value="/Users/abduljewel/Documents/c/spiderqa/sample-test-projects/acceptance-test-harness"/>
    <property name="java.vendor.url" value="http://java.oracle.com/"/>
    <property name="path.separator" value=":"/>
    <property name="guice.disable.misplaced.annotation.check" value="true"/>
    <property name="java.vm.name" value="Java HotSpot(TM) 64-Bit Server VM"/>
    <property name="file.encoding.pkg" value="sun.io"/>
    <property name="user.country" value="US"/>
    <property name="sun.java.launcher" value="SUN_STANDARD"/>
    <property name="sun.os.patch.level" value="unknown"/>
    <property name="java.vm.specification.name" value="Java Virtual Machine Specification"/>
    <property name="user.dir" value="/Users/abduljewel/Documents/c/spiderqa/sample-test-projects/acceptance-test-harness"/>
    <property name="java.runtime.version" value="1.8.0_60-b27"/>
    <property name="java.awt.graphicsenv" value="sun.awt.CGraphicsEnvironment"/>
    <property name="java.endorsed.dirs" value="/Library/Java/JavaVirtualMachines/jdk1.8.0_60.jdk/Contents/Home/jre/lib/endorsed"/>
    <property name="os.arch" value="x86_64"/>
    <property name="java.io.tmpdir" value="/var/folders/lk/l859yg616c9cbtgfnt9szgjc0000gn/T/"/>
    <property name="line.separator" value="&#10;"/>
    <property name="java.vm.specification.vendor" value="Oracle Corporation"/>
    <property name="os.name" value="Mac OS X"/>
    <property name="classworlds.conf" value="/usr/local/Cellar/maven/3.3.3/libexec/bin/m2.conf"/>
    <property name="sun.jnu.encoding" value="UTF-8"/>
    <property name="java.library.path" value="/Users/abduljewel/Library/Java/Extensions:/Library/Java/Extensions:/Network/Library/Java/Extensions:/System/Library/Java/Extensions:/usr/lib/java:."/>
    <property name="java.specification.name" value="Java Platform API Specification"/>
    <property name="java.class.version" value="52.0"/>
    <property name="sun.management.compiler" value="HotSpot 64-Bit Tiered Compilers"/>
    <property name="os.version" value="10.10.5"/>
    <property name="http.nonProxyHosts" value="local|*.local|169.254/16|*.169.254/16"/>
    <property name="user.home" value="/Users/abduljewel"/>
    <property name="user.timezone" value="America/New_York"/>
    <property name="java.awt.printerjob" value="sun.lwawt.macosx.CPrinterJob"/>
    <property name="java.specification.version" value="1.8"/>
    <property name="file.encoding" value="UTF-8"/>
    <property name="user.name" value="abduljewel"/>
    <property name="java.class.path" value="/usr/local/Cellar/maven/3.3.3/libexec/boot/plexus-classworlds-2.5.2.jar"/>
    <property name="java.vm.specification.version" value="1.8"/>
    <property name="sun.arch.data.model" value="64"/>
    <property name="java.home" value="/Library/Java/JavaVirtualMachines/jdk1.8.0_60.jdk/Contents/Home/jre"/>
    <property name="sun.java.command" value="org.codehaus.plexus.classworlds.launcher.Launcher clean test"/>
    <property name="java.specification.vendor" value="Oracle Corporation"/>
    <property name="user.language" value="en"/>
    <property name="awt.toolkit" value="sun.lwawt.macosx.LWCToolkit"/>
    <property name="java.vm.info" value="mixed mode"/>
    <property name="java.version" value="1.8.0_60"/>
    <property name="java.ext.dirs" value="/Users/abduljewel/Library/Java/Extensions:/Library/Java/JavaVirtualMachines/jdk1.8.0_60.jdk/Contents/Home/jre/lib/ext:/Library/Java/Extensions:/Network/Library/Java/Extensions:/System/Library/Java/Extensions:/usr/lib/java"/>
    <property name="sun.boot.class.path" value="/Library/Java/JavaVirtualMachines/jdk1.8.0_60.jdk/Contents/Home/jre/lib/resources.jar:/Library/Java/JavaVirtualMachines/jdk1.8.0_60.jdk/Contents/Home/jre/lib/rt.jar:/Library/Java/JavaVirtualMachines/jdk1.8.0_60.jdk/Contents/Home/jre/lib/sunrsasign.jar:/Library/Java/JavaVirtualMachines/jdk1.8.0_60.jdk/Contents/Home/jre/lib/jsse.jar:/Library/Java/JavaVirtualMachines/jdk1.8.0_60.jdk/Contents/Home/jre/lib/jce.jar:/Library/Java/JavaVirtualMachines/jdk1.8.0_60.jdk/Contents/Home/jre/lib/charsets.jar:/Library/Java/JavaVirtualMachines/jdk1.8.0_60.jdk/Contents/Home/jre/lib/jfr.jar:/Library/Java/JavaVirtualMachines/jdk1.8.0_60.jdk/Contents/Home/jre/classes"/>
    <property name="java.vendor" value="Oracle Corporation"/>
    <property name="maven.home" value="/usr/local/Cellar/maven/3.3.3/libexec"/>
    <property name="file.separator" value="/"/>
    <property name="java.vendor.url.bug" value="http://bugreport.sun.com/bugreport/"/>
    <property name="sun.cpu.endian" value="little"/>
    <property name="sun.io.unicode.encoding" value="UnicodeBig"/>
    <property name="socksNonProxyHosts" value="local|*.local|169.254/16|*.169.254/16"/>
    <property name="ftp.nonProxyHosts" value="local|*.local|169.254/16|*.169.254/16"/>
    <property name="sun.cpu.isalist" value=""/>
  </properties>
  <testcase name="wannabe_cannot_login_to_Jenkins_after_LDAP_security_configured" classname="plugins.no_docker.LdapPluginNoDockerTest" time="0">
    <skipped/>
    <system-out><![CDATA[testCaseResult=ru.yandex.qatools.allure.model.TestCaseResult@6cd8e270[
  name=simple_checkout
  title=<null>
  description=<null>
  failure=ru.yandex.qatools.allure.model.Failure@1536789b
  start=1445039941972
  stop=1445039960949
  status=BROKEN
  severity=<null>
  steps=[]
  attachments=[]
  labels=[ru.yandex.qatools.allure.model.Label@46cd9c4f, ru.yandex.qatools.allure.model.Label@30282ecc]
  parameters=<null>
]
testCaseResult={
   "start" : 1445039941972,
   "stop" : 1445039960949,
   "status" : "broken",
   "name" : "simple_checkout",
   "failure" : {
      "message" : "NoSuchMethodError: org.apache.http.entity.ContentType.create(Ljava/lang/String;[Lorg/apache/http/NameValuePair;)Lorg/apache/http/entity/ContentType;",
      "stack-trace" : "java.lang.NoSuchMethodError: org.apache.http.entity.ContentType.create(Ljava/lang/String;[Lorg/apache/http/NameValuePair;)Lorg/apache/http/entity/ContentType;\n\tat org.apache.http.entity.mime.MultipartEntityBuilder.buildEntity(MultipartEntityBuilder.java:209)\n\tat org.apache.http.entity.mime.MultipartEntityBuilder.build(MultipartEntityBuilder.java:230)\n\tat org.jenkinsci.test.acceptance.update_center.PluginMetadata.uploadTo(PluginMetadata.java:65)\n\tat org.jenkinsci.test.acceptance.po.PluginManager.installPlugins(PluginManager.java:173)\n\tat org.jenkinsci.test.acceptance.junit.WithPlugins$RuleImpl$1.doInstall(WithPlugins.java:139)\n\tat org.jenkinsci.test.acceptance.junit.WithPlugins$RuleImpl$1.installPlugins(WithPlugins.java:119)\n\tat org.jenkinsci.test.acceptance.junit.WithPlugins$RuleImpl$1.evaluate(WithPlugins.java:92)\n\tat org.jenkinsci.test.acceptance.junit.JenkinsAcceptanceTestRule$1$2$1.evaluate(JenkinsAcceptanceTestRule.java:129)\n\tat org.jenkinsci.test.acceptance.junit.FilterRule$1.evaluate(FilterRule.java:62)\n\tat org.jenkinsci.test.acceptance.junit.JenkinsAcceptanceTestRule$1.evaluate(JenkinsAcceptanceTestRule.java:55)\n\tat org.junit.runners.ParentRunner.runLeaf(ParentRunner.java:271)\n\tat org.junit.runners.BlockJUnit4ClassRunner.runChild(BlockJUnit4ClassRunner.java:70)\n\tat org.junit.runners.BlockJUnit4ClassRunner.runChild(BlockJUnit4ClassRunner.java:50)\n\tat org.junit.runners.ParentRunner$3.run(ParentRunner.java:238)\n\tat org.junit.runners.ParentRunner$1.schedule(ParentRunner.java:63)\n\tat org.junit.runners.ParentRunner.runChildren(ParentRunner.java:236)\n\tat org.junit.runners.ParentRunner.access$000(ParentRunner.java:53)\n\tat org.junit.runners.ParentRunner$2.evaluate(ParentRunner.java:229)\n\tat org.junit.runners.ParentRunner.run(ParentRunner.java:309)\n\tat org.apache.maven.surefire.junit4.JUnit4Provider.execute(JUnit4Provider.java:264)\n\tat org.apache.maven.surefire.junit4.JUnit4Provider.executeTestSet(JUnit4Provider.java:153)\n\tat org.apache.maven.surefire.junit4.JUnit4Provider.invoke(JUnit4Provider.java:124)\n\tat org.apache.maven.surefire.booter.ForkedBooter.invokeProviderInSameClassLoader(ForkedBooter.java:200)\n\tat org.apache.maven.surefire.booter.ForkedBooter.runSuitesInProcess(ForkedBooter.java:153)\n\tat org.apache.maven.surefire.booter.ForkedBooter.main(ForkedBooter.java:103)\n"
   },
   "steps" : {
      "step" : [ ]
   },
   "attachments" : {
      "attachment" : [ ]
   },
   "labels" : {
      "label" : [ {
         "name" : "host",
         "value" : "MacBook-Pro-2.home"
      }, {
         "name" : "thread",
         "value" : "1771@MacBook-Pro-2.home.main(1)"
      } ]
   }
}
testCase=ru.yandex.qatools.allure.model.TestCase@1b4891db[
  _id=d3e630ec-4cee-495d-baaf-9fcbaa7b6fa2
  executionId=7a8626ac-7b8d-4761-8bff-776519219d78
  threadName=thread_15005794375463
  name=simple_checkout
  title=<null>
  description=<null>
  failure=ru.yandex.qatools.allure.model.Failure@1536789b
  start=1445039941972
  stop=1445039960949
  status=BROKEN
  severity=<null>
  steps=[]
  attachments=[]
  labels=[ru.yandex.qatools.allure.model.Label@46cd9c4f, ru.yandex.qatools.allure.model.Label@30282ecc]
  parameters=<null>
]
testCase={
   "start" : 1445039941972,
   "stop" : 1445039960949,
   "status" : "broken",
   "_id" : "d3e630ec-4cee-495d-baaf-9fcbaa7b6fa2",
   "executionId" : "7a8626ac-7b8d-4761-8bff-776519219d78",
   "threadName" : "thread_15005794375463",
   "name" : "simple_checkout",
   "failure" : {
      "message" : "NoSuchMethodError: org.apache.http.entity.ContentType.create(Ljava/lang/String;[Lorg/apache/http/NameValuePair;)Lorg/apache/http/entity/ContentType;",
      "stack-trace" : "java.lang.NoSuchMethodError: org.apache.http.entity.ContentType.create(Ljava/lang/String;[Lorg/apache/http/NameValuePair;)Lorg/apache/http/entity/ContentType;\n\tat org.apache.http.entity.mime.MultipartEntityBuilder.buildEntity(MultipartEntityBuilder.java:209)\n\tat org.apache.http.entity.mime.MultipartEntityBuilder.build(MultipartEntityBuilder.java:230)\n\tat org.jenkinsci.test.acceptance.update_center.PluginMetadata.uploadTo(PluginMetadata.java:65)\n\tat org.jenkinsci.test.acceptance.po.PluginManager.installPlugins(PluginManager.java:173)\n\tat org.jenkinsci.test.acceptance.junit.WithPlugins$RuleImpl$1.doInstall(WithPlugins.java:139)\n\tat org.jenkinsci.test.acceptance.junit.WithPlugins$RuleImpl$1.installPlugins(WithPlugins.java:119)\n\tat org.jenkinsci.test.acceptance.junit.WithPlugins$RuleImpl$1.evaluate(WithPlugins.java:92)\n\tat org.jenkinsci.test.acceptance.junit.JenkinsAcceptanceTestRule$1$2$1.evaluate(JenkinsAcceptanceTestRule.java:129)\n\tat org.jenkinsci.test.acceptance.junit.FilterRule$1.evaluate(FilterRule.java:62)\n\tat org.jenkinsci.test.acceptance.junit.JenkinsAcceptanceTestRule$1.evaluate(JenkinsAcceptanceTestRule.java:55)\n\tat org.junit.runners.ParentRunner.runLeaf(ParentRunner.java:271)\n\tat org.junit.runners.BlockJUnit4ClassRunner.runChild(BlockJUnit4ClassRunner.java:70)\n\tat org.junit.runners.BlockJUnit4ClassRunner.runChild(BlockJUnit4ClassRunner.java:50)\n\tat org.junit.runners.ParentRunner$3.run(ParentRunner.java:238)\n\tat org.junit.runners.ParentRunner$1.schedule(ParentRunner.java:63)\n\tat org.junit.runners.ParentRunner.runChildren(ParentRunner.java:236)\n\tat org.junit.runners.ParentRunner.access$000(ParentRunner.java:53)\n\tat org.junit.runners.ParentRunner$2.evaluate(ParentRunner.java:229)\n\tat org.junit.runners.ParentRunner.run(ParentRunner.java:309)\n\tat org.apache.maven.surefire.junit4.JUnit4Provider.execute(JUnit4Provider.java:264)\n\tat org.apache.maven.surefire.junit4.JUnit4Provider.executeTestSet(JUnit4Provider.java:153)\n\tat org.apache.maven.surefire.junit4.JUnit4Provider.invoke(JUnit4Provider.java:124)\n\tat org.apache.maven.surefire.booter.ForkedBooter.invokeProviderInSameClassLoader(ForkedBooter.java:200)\n\tat org.apache.maven.surefire.booter.ForkedBooter.runSuitesInProcess(ForkedBooter.java:153)\n\tat org.apache.maven.surefire.booter.ForkedBooter.main(ForkedBooter.java:103)\n"
   },
   "steps" : {
      "step" : [ ]
   },
   "attachments" : {
      "attachment" : [ ]
   },
   "labels" : {
      "label" : [ {
         "name" : "host",
         "value" : "MacBook-Pro-2.home"
      }, {
         "name" : "thread",
         "value" : "1771@MacBook-Pro-2.home.main(1)"
      } ]
   }
}
>>>REQUEST: /testaspect/TestCase/d3e630ec-4cee-495d-baaf-9fcbaa7b6fa2
<<<RESPONSE (201 Created): /testaspect/TestCase/d3e630ec-4cee-495d-baaf-9fcbaa7b6fa2
running with given plugins: []
=== Starting wannabe_cannot_login_to_Jenkins_after_LDAP_security_configured(plugins.no_docker.LdapPluginNoDockerTest)
Starting Jenkins: JAVA_HOME=/Library/Java/JavaVirtualMachines/jdk1.8.0_60.jdk/Contents/Home JENKINS_HOME=/Users/abduljewel/Documents/c/spiderqa/sample-test-projects/acceptance-test-harness/target/jenkins3696760250242912178home /Library/Java/JavaVirtualMachines/jdk1.8.0_60.jdk/Contents/Home/bin/java -Duser.language=en -jar ./jenkins.war --ajp13Port=-1 --httpPort=57466
master57466|Running from: /Users/abduljewel/Documents/c/spiderqa/sample-test-projects/acceptance-test-harness/jenkins.war
master57466|webroot: EnvVars.masterEnvVars.get("JENKINS_HOME")
master57466|Oct 16, 2015 7:59:21 PM winstone.Logger logInternal
master57466|INFO: Beginning extraction from war file
master57466|Oct 16, 2015 7:59:22 PM org.eclipse.jetty.util.log.JavaUtilLog info
master57466|INFO: jetty-winstone-2.8
master57466|Oct 16, 2015 7:59:23 PM org.eclipse.jetty.util.log.JavaUtilLog info
master57466|INFO: NO JSP Support for , did not find org.apache.jasper.servlet.JspServlet
master57466|Jenkins home directory: /Users/abduljewel/Documents/c/spiderqa/sample-test-projects/acceptance-test-harness/target/jenkins3696760250242912178home found at: EnvVars.masterEnvVars.get("JENKINS_HOME")
master57466|Oct 16, 2015 7:59:24 PM org.eclipse.jetty.util.log.JavaUtilLog info
master57466|INFO: Started SelectChannelConnector@0.0.0.0:57466
master57466|Oct 16, 2015 7:59:24 PM winstone.Logger logInternal
master57466|INFO: Winstone Servlet Engine v2.0 running: controlPort=disabled
master57466|Oct 16, 2015 7:59:24 PM jenkins.InitReactorRunner$1 onAttained
master57466|INFO: Started initialization
master57466|Oct 16, 2015 7:59:33 PM jenkins.InitReactorRunner$1 onAttained
master57466|INFO: Listed all plugins
master57466|Oct 16, 2015 7:59:34 PM jenkins.InitReactorRunner$1 onAttained
master57466|INFO: Prepared all plugins
master57466|Oct 16, 2015 7:59:34 PM jenkins.InitReactorRunner$1 onAttained
master57466|INFO: Started all plugins
master57466|Oct 16, 2015 7:59:34 PM jenkins.InitReactorRunner$1 onAttained
master57466|INFO: Augmented all extensions
master57466|Oct 16, 2015 7:59:35 PM jenkins.InitReactorRunner$1 onAttained
master57466|INFO: Loaded all jobs
master57466|Oct 16, 2015 7:59:36 PM hudson.model.AsyncPeriodicWork$1 run
master57466|INFO: Started Download metadata
master57466|Oct 16, 2015 7:59:36 PM org.jenkinsci.main.modules.sshd.SSHD start
master57466|INFO: Started SSHD at port 58721
master57466|Oct 16, 2015 7:59:36 PM jenkins.InitReactorRunner$1 onAttained
master57466|INFO: Completed initialization
master57466|Oct 16, 2015 7:59:36 PM hudson.UDPBroadcastThread run
master57466|WARNING: UDP handling problem
master57466|java.net.SocketException: Can't assign requested address
master57466|	at java.net.PlainDatagramSocketImpl.join(Native Method)
master57466|	at java.net.AbstractPlainDatagramSocketImpl.join(AbstractPlainDatagramSocketImpl.java:179)
master57466|	at java.net.MulticastSocket.joinGroup(MulticastSocket.java:323)
master57466|	at hudson.UDPBroadcastThread.run(UDPBroadcastThread.java:77)
master57466|
master57466|Oct 16, 2015 7:59:36 PM hudson.WebAppMain$3 run
master57466|INFO: Jenkins is fully up and running
master57466|Oct 16, 2015 7:59:38 PM hudson.model.UpdateSite updateData
master57466|INFO: Obtained the latest update center data file for UpdateSource default
master57466|Oct 16, 2015 7:59:38 PM hudson.model.DownloadService$Downloadable load
master57466|INFO: Obtained the updated data file for hudson.tasks.Maven.MavenInstaller
master57466|Oct 16, 2015 7:59:38 PM hudson.model.DownloadService$Downloadable load
master57466|INFO: Obtained the updated data file for hudson.tasks.Ant.AntInstaller
Plugin ldap/1.11 is installed
master57466|Oct 16, 2015 7:59:39 PM hudson.model.DownloadService$Downloadable load
master57466|INFO: Obtained the updated data file for hudson.tools.JDKInstaller
master57466|Oct 16, 2015 7:59:39 PM hudson.model.AsyncPeriodicWork$1 run
master57466|INFO: Finished Download metadata. 2,723 ms
Skipping wannabe_cannot_login_to_Jenkins_after_LDAP_security_configured(plugins.no_docker.LdapPluginNoDockerTest): got: <[null]>, expected: every item is not null
Jenkins is stopped
]]></system-out>
    <system-err><![CDATA[Oct 16, 2015 7:59:20 PM org.jenkinsci.test.acceptance.controller.LocalController startNow
INFO: Waiting for Jenkins to become running in http://127.0.0.1:57466/
Oct 16, 2015 7:59:36 PM org.jenkinsci.test.acceptance.controller.LocalController startNow
INFO: Jenkins is running in http://127.0.0.1:57466/
Oct 16, 2015 7:59:36 PM org.openqa.selenium.phantomjs.PhantomJSDriverService <init>
INFO: executable: /usr/local/bin/phantomjs
Oct 16, 2015 7:59:36 PM org.openqa.selenium.phantomjs.PhantomJSDriverService <init>
INFO: port: 8244
Oct 16, 2015 7:59:36 PM org.openqa.selenium.phantomjs.PhantomJSDriverService <init>
INFO: arguments: [--webdriver=8244, --webdriver-logfile=/Users/abduljewel/Documents/c/spiderqa/sample-test-projects/acceptance-test-harness/phantomjsdriver.log]
Oct 16, 2015 7:59:36 PM org.openqa.selenium.phantomjs.PhantomJSDriverService <init>
INFO: environment: {}
[INFO  - 2015-10-16T23:59:37.080Z] GhostDriver - Main - running on port 8244
[INFO  - 2015-10-16T23:59:37.350Z] Session [f4dd4620-7461-11e5-a4d9-7b91dfc42b2d] - page.settings - {"XSSAuditingEnabled":false,"javascriptCanCloseWindows":true,"javascriptCanOpenWindows":true,"javascriptEnabled":true,"loadImages":true,"localToRemoteUrlAccessEnabled":false,"userAgent":"Mozilla/5.0 (Macintosh; Intel Mac OS X) AppleWebKit/538.1 (KHTML, like Gecko) PhantomJS/2.0.0 Safari/538.1","webSecurityEnabled":true}
[INFO  - 2015-10-16T23:59:37.350Z] Session [f4dd4620-7461-11e5-a4d9-7b91dfc42b2d] - page.customHeaders:  - {"Accept-Language":"en"}
[INFO  - 2015-10-16T23:59:37.350Z] Session [f4dd4620-7461-11e5-a4d9-7b91dfc42b2d] - Session.negotiatedCapabilities - {"browserName":"phantomjs","version":"2.0.0","driverName":"ghostdriver","driverVersion":"1.2.0","platform":"mac-10.9 (Mavericks)-64bit","javascriptEnabled":true,"takesScreenshot":true,"handlesAlerts":false,"databaseEnabled":false,"locationContextEnabled":false,"applicationCacheEnabled":false,"browserConnectionEnabled":false,"cssSelectorsEnabled":true,"webStorageEnabled":false,"rotatable":false,"acceptSslCerts":false,"nativeEvents":true,"proxy":{"proxyType":"direct"},"phantomjs.page.customHeaders.Accept-Language":"en"}
[INFO  - 2015-10-16T23:59:37.350Z] SessionManagerReqHand - _postNewSessionCommand - New Session Created: f4dd4620-7461-11e5-a4d9-7b91dfc42b2d
Oct 16, 2015 7:59:38 PM org.jenkinsci.test.acceptance.po.PluginManager installationStatus
INFO: ldap@1.10 is up to date
Oct 16, 2015 7:59:38 PM org.jenkinsci.test.acceptance.junit.WithPlugins$RuleImpl$1 evaluate
INFO: for wannabe_cannot_login_to_Jenkins_after_LDAP_security_configured(plugins.no_docker.LdapPluginNoDockerTest) asked to install [ldap]; restartRequired? false
[INFO  - 2015-10-16T23:59:40.138Z] ShutdownReqHand - _handle - About to shutdown
]]></system-err>
  </testcase>
  <testcase name="user_can_login_to_Jenkins_as_admin_group_member_after_AD_security_configured" classname="plugins.no_docker.LdapPluginNoDockerTest" time="0">
    <skipped/>
    <system-out><![CDATA[testCaseResult=ru.yandex.qatools.allure.model.TestCaseResult@3e696365[
  name=wannabe_cannot_login_to_Jenkins_after_LDAP_security_configured
  title=<null>
  description=<null>
  failure=ru.yandex.qatools.allure.model.Failure@6bd47193
  start=1445039960954
  stop=1445039980805
  status=CANCELED
  severity=<null>
  steps=[]
  attachments=[]
  labels=[ru.yandex.qatools.allure.model.Label@1c73f543, ru.yandex.qatools.allure.model.Label@19b1110c]
  parameters=<null>
]
testCaseResult={
   "start" : 1445039960954,
   "stop" : 1445039980805,
   "status" : "canceled",
   "name" : "wannabe_cannot_login_to_Jenkins_after_LDAP_security_configured",
   "failure" : {
      "message" : "AssumptionViolatedException: got: <[null]>, expected: every item is not null",
      "stack-trace" : "org.junit.internal.AssumptionViolatedException: got: <[null]>, expected: every item is not null\n\tat org.junit.Assume.assumeThat(Assume.java:95)\n\tat org.junit.Assume.assumeNotNull(Assume.java:73)\n\tat org.jenkinsci.test.acceptance.plugins.ldap.LdapEnv.getUser(LdapEnv.java:78)\n\tat plugins.no_docker.LdapPluginNoDockerTest.wannabe_cannot_login_to_Jenkins_after_LDAP_security_configured(LdapPluginNoDockerTest.java:122)\n\tat sun.reflect.NativeMethodAccessorImpl.invoke0(Native Method)\n\tat sun.reflect.NativeMethodAccessorImpl.invoke(NativeMethodAccessorImpl.java:62)\n\tat sun.reflect.DelegatingMethodAccessorImpl.invoke(DelegatingMethodAccessorImpl.java:43)\n\tat java.lang.reflect.Method.invoke(Method.java:497)\n\tat org.junit.runners.model.FrameworkMethod$1.runReflectiveCall(FrameworkMethod.java:47)\n\tat org.junit.internal.runners.model.ReflectiveCallable.run(ReflectiveCallable.java:12)\n\tat org.junit.runners.model.FrameworkMethod.invokeExplosively(FrameworkMethod.java:44)\n\tat org.junit.internal.runners.statements.InvokeMethod.evaluate(InvokeMethod.java:17)\n\tat org.junit.internal.runners.statements.RunBefores.evaluate(RunBefores.java:26)\n\tat org.junit.internal.runners.statements.RunAfters.evaluate(RunAfters.java:27)\n\tat org.jenkinsci.test.acceptance.junit.WithPlugins$RuleImpl$1.evaluate(WithPlugins.java:103)\n\tat org.jenkinsci.test.acceptance.junit.JenkinsAcceptanceTestRule$1$2$1.evaluate(JenkinsAcceptanceTestRule.java:129)\n\tat org.jenkinsci.test.acceptance.junit.FilterRule$1.evaluate(FilterRule.java:62)\n\tat org.jenkinsci.test.acceptance.junit.JenkinsAcceptanceTestRule$1.evaluate(JenkinsAcceptanceTestRule.java:55)\n\tat org.junit.runners.ParentRunner.runLeaf(ParentRunner.java:271)\n\tat org.junit.runners.BlockJUnit4ClassRunner.runChild(BlockJUnit4ClassRunner.java:70)\n\tat org.junit.runners.BlockJUnit4ClassRunner.runChild(BlockJUnit4ClassRunner.java:50)\n\tat org.junit.runners.ParentRunner$3.run(ParentRunner.java:238)\n\tat org.junit.runners.ParentRunner$1.schedule(ParentRunner.java:63)\n\tat org.junit.runners.ParentRunner.runChildren(ParentRunner.java:236)\n\tat org.junit.runners.ParentRunner.access$000(ParentRunner.java:53)\n\tat org.junit.runners.ParentRunner$2.evaluate(ParentRunner.java:229)\n\tat org.junit.runners.ParentRunner.run(ParentRunner.java:309)\n\tat org.apache.maven.surefire.junit4.JUnit4Provider.execute(JUnit4Provider.java:264)\n\tat org.apache.maven.surefire.junit4.JUnit4Provider.executeTestSet(JUnit4Provider.java:153)\n\tat org.apache.maven.surefire.junit4.JUnit4Provider.invoke(JUnit4Provider.java:124)\n\tat org.apache.maven.surefire.booter.ForkedBooter.invokeProviderInSameClassLoader(ForkedBooter.java:200)\n\tat org.apache.maven.surefire.booter.ForkedBooter.runSuitesInProcess(ForkedBooter.java:153)\n\tat org.apache.maven.surefire.booter.ForkedBooter.main(ForkedBooter.java:103)\n"
   },
   "steps" : {
      "step" : [ ]
   },
   "attachments" : {
      "attachment" : [ ]
   },
   "labels" : {
      "label" : [ {
         "name" : "host",
         "value" : "MacBook-Pro-2.home"
      }, {
         "name" : "thread",
         "value" : "1771@MacBook-Pro-2.home.main(1)"
      } ]
   }
}
testCase=ru.yandex.qatools.allure.model.TestCase@6c362b14[
  _id=3ab7bb47-fd2a-453e-95a7-6904e39fab00
  executionId=7a8626ac-7b8d-4761-8bff-776519219d78
  threadName=thread_15005794375463
  name=wannabe_cannot_login_to_Jenkins_after_LDAP_security_configured
  title=<null>
  description=<null>
  failure=ru.yandex.qatools.allure.model.Failure@6bd47193
  start=1445039960954
  stop=1445039980805
  status=CANCELED
  severity=<null>
  steps=[]
  attachments=[]
  labels=[ru.yandex.qatools.allure.model.Label@1c73f543, ru.yandex.qatools.allure.model.Label@19b1110c]
  parameters=<null>
]
testCase={
   "start" : 1445039960954,
   "stop" : 1445039980805,
   "status" : "canceled",
   "_id" : "3ab7bb47-fd2a-453e-95a7-6904e39fab00",
   "executionId" : "7a8626ac-7b8d-4761-8bff-776519219d78",
   "threadName" : "thread_15005794375463",
   "name" : "wannabe_cannot_login_to_Jenkins_after_LDAP_security_configured",
   "failure" : {
      "message" : "AssumptionViolatedException: got: <[null]>, expected: every item is not null",
      "stack-trace" : "org.junit.internal.AssumptionViolatedException: got: <[null]>, expected: every item is not null\n\tat org.junit.Assume.assumeThat(Assume.java:95)\n\tat org.junit.Assume.assumeNotNull(Assume.java:73)\n\tat org.jenkinsci.test.acceptance.plugins.ldap.LdapEnv.getUser(LdapEnv.java:78)\n\tat plugins.no_docker.LdapPluginNoDockerTest.wannabe_cannot_login_to_Jenkins_after_LDAP_security_configured(LdapPluginNoDockerTest.java:122)\n\tat sun.reflect.NativeMethodAccessorImpl.invoke0(Native Method)\n\tat sun.reflect.NativeMethodAccessorImpl.invoke(NativeMethodAccessorImpl.java:62)\n\tat sun.reflect.DelegatingMethodAccessorImpl.invoke(DelegatingMethodAccessorImpl.java:43)\n\tat java.lang.reflect.Method.invoke(Method.java:497)\n\tat org.junit.runners.model.FrameworkMethod$1.runReflectiveCall(FrameworkMethod.java:47)\n\tat org.junit.internal.runners.model.ReflectiveCallable.run(ReflectiveCallable.java:12)\n\tat org.junit.runners.model.FrameworkMethod.invokeExplosively(FrameworkMethod.java:44)\n\tat org.junit.internal.runners.statements.InvokeMethod.evaluate(InvokeMethod.java:17)\n\tat org.junit.internal.runners.statements.RunBefores.evaluate(RunBefores.java:26)\n\tat org.junit.internal.runners.statements.RunAfters.evaluate(RunAfters.java:27)\n\tat org.jenkinsci.test.acceptance.junit.WithPlugins$RuleImpl$1.evaluate(WithPlugins.java:103)\n\tat org.jenkinsci.test.acceptance.junit.JenkinsAcceptanceTestRule$1$2$1.evaluate(JenkinsAcceptanceTestRule.java:129)\n\tat org.jenkinsci.test.acceptance.junit.FilterRule$1.evaluate(FilterRule.java:62)\n\tat org.jenkinsci.test.acceptance.junit.JenkinsAcceptanceTestRule$1.evaluate(JenkinsAcceptanceTestRule.java:55)\n\tat org.junit.runners.ParentRunner.runLeaf(ParentRunner.java:271)\n\tat org.junit.runners.BlockJUnit4ClassRunner.runChild(BlockJUnit4ClassRunner.java:70)\n\tat org.junit.runners.BlockJUnit4ClassRunner.runChild(BlockJUnit4ClassRunner.java:50)\n\tat org.junit.runners.ParentRunner$3.run(ParentRunner.java:238)\n\tat org.junit.runners.ParentRunner$1.schedule(ParentRunner.java:63)\n\tat org.junit.runners.ParentRunner.runChildren(ParentRunner.java:236)\n\tat org.junit.runners.ParentRunner.access$000(ParentRunner.java:53)\n\tat org.junit.runners.ParentRunner$2.evaluate(ParentRunner.java:229)\n\tat org.junit.runners.ParentRunner.run(ParentRunner.java:309)\n\tat org.apache.maven.surefire.junit4.JUnit4Provider.execute(JUnit4Provider.java:264)\n\tat org.apache.maven.surefire.junit4.JUnit4Provider.executeTestSet(JUnit4Provider.java:153)\n\tat org.apache.maven.surefire.junit4.JUnit4Provider.invoke(JUnit4Provider.java:124)\n\tat org.apache.maven.surefire.booter.ForkedBooter.invokeProviderInSameClassLoader(ForkedBooter.java:200)\n\tat org.apache.maven.surefire.booter.ForkedBooter.runSuitesInProcess(ForkedBooter.java:153)\n\tat org.apache.maven.surefire.booter.ForkedBooter.main(ForkedBooter.java:103)\n"
   },
   "steps" : {
      "step" : [ ]
   },
   "attachments" : {
      "attachment" : [ ]
   },
   "labels" : {
      "label" : [ {
         "name" : "host",
         "value" : "MacBook-Pro-2.home"
      }, {
         "name" : "thread",
         "value" : "1771@MacBook-Pro-2.home.main(1)"
      } ]
   }
}
>>>REQUEST: /testaspect/TestCase/3ab7bb47-fd2a-453e-95a7-6904e39fab00
running with given plugins: []
=== Starting user_can_login_to_Jenkins_as_admin_group_member_after_AD_security_configured(plugins.no_docker.LdapPluginNoDockerTest)
<<<RESPONSE (201 Created): /testaspect/TestCase/3ab7bb47-fd2a-453e-95a7-6904e39fab00
Starting Jenkins: JAVA_HOME=/Library/Java/JavaVirtualMachines/jdk1.8.0_60.jdk/Contents/Home JENKINS_HOME=/Users/abduljewel/Documents/c/spiderqa/sample-test-projects/acceptance-test-harness/target/jenkins190407987046813091home /Library/Java/JavaVirtualMachines/jdk1.8.0_60.jdk/Contents/Home/bin/java -Duser.language=en -jar ./jenkins.war --ajp13Port=-1 --httpPort=57647
master57647|Running from: /Users/abduljewel/Documents/c/spiderqa/sample-test-projects/acceptance-test-harness/jenkins.war
master57647|webroot: EnvVars.masterEnvVars.get("JENKINS_HOME")
master57647|Oct 16, 2015 7:59:41 PM winstone.Logger logInternal
master57647|INFO: Beginning extraction from war file
master57647|Oct 16, 2015 7:59:42 PM org.eclipse.jetty.util.log.JavaUtilLog info
master57647|INFO: jetty-winstone-2.8
master57647|Oct 16, 2015 7:59:43 PM org.eclipse.jetty.util.log.JavaUtilLog info
master57647|INFO: NO JSP Support for , did not find org.apache.jasper.servlet.JspServlet
master57647|Jenkins home directory: /Users/abduljewel/Documents/c/spiderqa/sample-test-projects/acceptance-test-harness/target/jenkins190407987046813091home found at: EnvVars.masterEnvVars.get("JENKINS_HOME")
master57647|Oct 16, 2015 7:59:44 PM org.eclipse.jetty.util.log.JavaUtilLog info
master57647|INFO: Started SelectChannelConnector@0.0.0.0:57647
master57647|Oct 16, 2015 7:59:44 PM winstone.Logger logInternal
master57647|INFO: Winstone Servlet Engine v2.0 running: controlPort=disabled
master57647|Oct 16, 2015 7:59:44 PM jenkins.InitReactorRunner$1 onAttained
master57647|INFO: Started initialization
master57647|Oct 16, 2015 7:59:53 PM jenkins.InitReactorRunner$1 onAttained
master57647|INFO: Listed all plugins
master57647|Oct 16, 2015 7:59:53 PM jenkins.InitReactorRunner$1 onAttained
master57647|INFO: Prepared all plugins
master57647|Oct 16, 2015 7:59:53 PM jenkins.InitReactorRunner$1 onAttained
master57647|INFO: Started all plugins
master57647|Oct 16, 2015 7:59:53 PM jenkins.InitReactorRunner$1 onAttained
master57647|INFO: Augmented all extensions
master57647|Oct 16, 2015 7:59:54 PM jenkins.InitReactorRunner$1 onAttained
master57647|INFO: Loaded all jobs
master57647|Oct 16, 2015 7:59:55 PM hudson.model.AsyncPeriodicWork$1 run
master57647|INFO: Started Download metadata
master57647|Oct 16, 2015 7:59:55 PM org.jenkinsci.main.modules.sshd.SSHD start
master57647|INFO: Started SSHD at port 58747
master57647|Oct 16, 2015 7:59:55 PM jenkins.InitReactorRunner$1 onAttained
master57647|INFO: Completed initialization
master57647|Oct 16, 2015 7:59:55 PM hudson.UDPBroadcastThread run
master57647|WARNING: UDP handling problem
master57647|java.net.SocketException: Can't assign requested address
master57647|	at java.net.PlainDatagramSocketImpl.join(Native Method)
master57647|	at java.net.AbstractPlainDatagramSocketImpl.join(AbstractPlainDatagramSocketImpl.java:179)
master57647|	at java.net.MulticastSocket.joinGroup(MulticastSocket.java:323)
master57647|	at hudson.UDPBroadcastThread.run(UDPBroadcastThread.java:77)
master57647|
master57647|Oct 16, 2015 7:59:55 PM hudson.WebAppMain$3 run
master57647|INFO: Jenkins is fully up and running
master57647|Oct 16, 2015 7:59:57 PM hudson.model.UpdateSite updateData
master57647|INFO: Obtained the latest update center data file for UpdateSource default
master57647|Oct 16, 2015 7:59:57 PM hudson.model.DownloadService$Downloadable load
master57647|INFO: Obtained the updated data file for hudson.tasks.Maven.MavenInstaller
master57647|Oct 16, 2015 7:59:57 PM hudson.model.DownloadService$Downloadable load
master57647|INFO: Obtained the updated data file for hudson.tasks.Ant.AntInstaller
Plugin ldap/1.11 is installed
master57647|Oct 16, 2015 7:59:58 PM hudson.model.DownloadService$Downloadable load
master57647|INFO: Obtained the updated data file for hudson.tools.JDKInstaller
master57647|Oct 16, 2015 7:59:58 PM hudson.model.AsyncPeriodicWork$1 run
master57647|INFO: Finished Download metadata. 2,809 ms
Skipping user_can_login_to_Jenkins_as_admin_group_member_after_AD_security_configured(plugins.no_docker.LdapPluginNoDockerTest): got: <[null]>, expected: every item is not null
Jenkins is stopped
]]></system-out>
    <system-err><![CDATA[Oct 16, 2015 7:59:40 PM org.jenkinsci.test.acceptance.controller.LocalController startNow
INFO: Waiting for Jenkins to become running in http://127.0.0.1:57647/
Oct 16, 2015 7:59:55 PM org.jenkinsci.test.acceptance.controller.LocalController startNow
INFO: Jenkins is running in http://127.0.0.1:57647/
Oct 16, 2015 7:59:55 PM org.openqa.selenium.phantomjs.PhantomJSDriverService <init>
INFO: executable: /usr/local/bin/phantomjs
Oct 16, 2015 7:59:55 PM org.openqa.selenium.phantomjs.PhantomJSDriverService <init>
INFO: port: 35936
Oct 16, 2015 7:59:55 PM org.openqa.selenium.phantomjs.PhantomJSDriverService <init>
INFO: arguments: [--webdriver=35936, --webdriver-logfile=/Users/abduljewel/Documents/c/spiderqa/sample-test-projects/acceptance-test-harness/phantomjsdriver.log]
Oct 16, 2015 7:59:55 PM org.openqa.selenium.phantomjs.PhantomJSDriverService <init>
INFO: environment: {}
[INFO  - 2015-10-16T23:59:56.120Z] GhostDriver - Main - running on port 35936
[INFO  - 2015-10-16T23:59:56.398Z] Session [00379d90-7462-11e5-a663-cb84cb4d85dc] - page.settings - {"XSSAuditingEnabled":false,"javascriptCanCloseWindows":true,"javascriptCanOpenWindows":true,"javascriptEnabled":true,"loadImages":true,"localToRemoteUrlAccessEnabled":false,"userAgent":"Mozilla/5.0 (Macintosh; Intel Mac OS X) AppleWebKit/538.1 (KHTML, like Gecko) PhantomJS/2.0.0 Safari/538.1","webSecurityEnabled":true}
[INFO  - 2015-10-16T23:59:56.398Z] Session [00379d90-7462-11e5-a663-cb84cb4d85dc] - page.customHeaders:  - {"Accept-Language":"en"}
[INFO  - 2015-10-16T23:59:56.398Z] Session [00379d90-7462-11e5-a663-cb84cb4d85dc] - Session.negotiatedCapabilities - {"browserName":"phantomjs","version":"2.0.0","driverName":"ghostdriver","driverVersion":"1.2.0","platform":"mac-10.9 (Mavericks)-64bit","javascriptEnabled":true,"takesScreenshot":true,"handlesAlerts":false,"databaseEnabled":false,"locationContextEnabled":false,"applicationCacheEnabled":false,"browserConnectionEnabled":false,"cssSelectorsEnabled":true,"webStorageEnabled":false,"rotatable":false,"acceptSslCerts":false,"nativeEvents":true,"proxy":{"proxyType":"direct"},"phantomjs.page.customHeaders.Accept-Language":"en"}
[INFO  - 2015-10-16T23:59:56.398Z] SessionManagerReqHand - _postNewSessionCommand - New Session Created: 00379d90-7462-11e5-a663-cb84cb4d85dc
Oct 16, 2015 7:59:58 PM org.jenkinsci.test.acceptance.po.PluginManager installationStatus
INFO: ldap@1.10 is up to date
Oct 16, 2015 7:59:58 PM org.jenkinsci.test.acceptance.junit.WithPlugins$RuleImpl$1 evaluate
INFO: for user_can_login_to_Jenkins_as_admin_group_member_after_AD_security_configured(plugins.no_docker.LdapPluginNoDockerTest) asked to install [ldap]; restartRequired? false
[INFO  - 2015-10-16T23:59:59.345Z] ShutdownReqHand - _handle - About to shutdown
]]></system-err>
  </testcase>
  <testcase name="user_can_login_to_Jenkins_as_admin_after_LDAP_security_configured" classname="plugins.no_docker.LdapPluginNoDockerTest" time="0">
    <skipped/>
    <system-out><![CDATA[testCaseResult=ru.yandex.qatools.allure.model.TestCaseResult@16dd4970[
  name=user_can_login_to_Jenkins_as_admin_group_member_after_AD_security_configured
  title=<null>
  description=<null>
  failure=ru.yandex.qatools.allure.model.Failure@6f8c9610
  start=1445039980807
  stop=1445040000012
  status=CANCELED
  severity=<null>
  steps=[]
  attachments=[]
  labels=[ru.yandex.qatools.allure.model.Label@1a193b10, ru.yandex.qatools.allure.model.Label@36bdf2a8]
  parameters=<null>
]
testCaseResult={
   "start" : 1445039980807,
   "stop" : 1445040000012,
   "status" : "canceled",
   "name" : "user_can_login_to_Jenkins_as_admin_group_member_after_AD_security_configured",
   "failure" : {
      "message" : "AssumptionViolatedException: got: <[null]>, expected: every item is not null",
      "stack-trace" : "org.junit.internal.AssumptionViolatedException: got: <[null]>, expected: every item is not null\n\tat org.junit.Assume.assumeThat(Assume.java:95)\n\tat org.junit.Assume.assumeNotNull(Assume.java:73)\n\tat org.jenkinsci.test.acceptance.plugins.ldap.LdapEnv.getGroup(LdapEnv.java:94)\n\tat plugins.no_docker.LdapPluginNoDockerTest.user_can_login_to_Jenkins_as_admin_group_member_after_AD_security_configured(LdapPluginNoDockerTest.java:108)\n\tat sun.reflect.NativeMethodAccessorImpl.invoke0(Native Method)\n\tat sun.reflect.NativeMethodAccessorImpl.invoke(NativeMethodAccessorImpl.java:62)\n\tat sun.reflect.DelegatingMethodAccessorImpl.invoke(DelegatingMethodAccessorImpl.java:43)\n\tat java.lang.reflect.Method.invoke(Method.java:497)\n\tat org.junit.runners.model.FrameworkMethod$1.runReflectiveCall(FrameworkMethod.java:47)\n\tat org.junit.internal.runners.model.ReflectiveCallable.run(ReflectiveCallable.java:12)\n\tat org.junit.runners.model.FrameworkMethod.invokeExplosively(FrameworkMethod.java:44)\n\tat org.junit.internal.runners.statements.InvokeMethod.evaluate(InvokeMethod.java:17)\n\tat org.junit.internal.runners.statements.RunBefores.evaluate(RunBefores.java:26)\n\tat org.junit.internal.runners.statements.RunAfters.evaluate(RunAfters.java:27)\n\tat org.jenkinsci.test.acceptance.junit.WithPlugins$RuleImpl$1.evaluate(WithPlugins.java:103)\n\tat org.jenkinsci.test.acceptance.junit.JenkinsAcceptanceTestRule$1$2$1.evaluate(JenkinsAcceptanceTestRule.java:129)\n\tat org.jenkinsci.test.acceptance.junit.FilterRule$1.evaluate(FilterRule.java:62)\n\tat org.jenkinsci.test.acceptance.junit.JenkinsAcceptanceTestRule$1.evaluate(JenkinsAcceptanceTestRule.java:55)\n\tat org.junit.runners.ParentRunner.runLeaf(ParentRunner.java:271)\n\tat org.junit.runners.BlockJUnit4ClassRunner.runChild(BlockJUnit4ClassRunner.java:70)\n\tat org.junit.runners.BlockJUnit4ClassRunner.runChild(BlockJUnit4ClassRunner.java:50)\n\tat org.junit.runners.ParentRunner$3.run(ParentRunner.java:238)\n\tat org.junit.runners.ParentRunner$1.schedule(ParentRunner.java:63)\n\tat org.junit.runners.ParentRunner.runChildren(ParentRunner.java:236)\n\tat org.junit.runners.ParentRunner.access$000(ParentRunner.java:53)\n\tat org.junit.runners.ParentRunner$2.evaluate(ParentRunner.java:229)\n\tat org.junit.runners.ParentRunner.run(ParentRunner.java:309)\n\tat org.apache.maven.surefire.junit4.JUnit4Provider.execute(JUnit4Provider.java:264)\n\tat org.apache.maven.surefire.junit4.JUnit4Provider.executeTestSet(JUnit4Provider.java:153)\n\tat org.apache.maven.surefire.junit4.JUnit4Provider.invoke(JUnit4Provider.java:124)\n\tat org.apache.maven.surefire.booter.ForkedBooter.invokeProviderInSameClassLoader(ForkedBooter.java:200)\n\tat org.apache.maven.surefire.booter.ForkedBooter.runSuitesInProcess(ForkedBooter.java:153)\n\tat org.apache.maven.surefire.booter.ForkedBooter.main(ForkedBooter.java:103)\n"
   },
   "steps" : {
      "step" : [ ]
   },
   "attachments" : {
      "attachment" : [ ]
   },
   "labels" : {
      "label" : [ {
         "name" : "host",
         "value" : "MacBook-Pro-2.home"
      }, {
         "name" : "thread",
         "value" : "1771@MacBook-Pro-2.home.main(1)"
      } ]
   }
}
testCase=ru.yandex.qatools.allure.model.TestCase@4ad7abc6[
  _id=eb5530eb-0c67-4b07-8840-fb5e207e5f63
  executionId=7a8626ac-7b8d-4761-8bff-776519219d78
  threadName=thread_15005794375463
  name=user_can_login_to_Jenkins_as_admin_group_member_after_AD_security_configured
  title=<null>
  description=<null>
  failure=ru.yandex.qatools.allure.model.Failure@6f8c9610
  start=1445039980807
  stop=1445040000012
  status=CANCELED
  severity=<null>
  steps=[]
  attachments=[]
  labels=[ru.yandex.qatools.allure.model.Label@1a193b10, ru.yandex.qatools.allure.model.Label@36bdf2a8]
  parameters=<null>
]
testCase={
   "start" : 1445039980807,
   "stop" : 1445040000012,
   "status" : "canceled",
   "_id" : "eb5530eb-0c67-4b07-8840-fb5e207e5f63",
   "executionId" : "7a8626ac-7b8d-4761-8bff-776519219d78",
   "threadName" : "thread_15005794375463",
   "name" : "user_can_login_to_Jenkins_as_admin_group_member_after_AD_security_configured",
   "failure" : {
      "message" : "AssumptionViolatedException: got: <[null]>, expected: every item is not null",
      "stack-trace" : "org.junit.internal.AssumptionViolatedException: got: <[null]>, expected: every item is not null\n\tat org.junit.Assume.assumeThat(Assume.java:95)\n\tat org.junit.Assume.assumeNotNull(Assume.java:73)\n\tat org.jenkinsci.test.acceptance.plugins.ldap.LdapEnv.getGroup(LdapEnv.java:94)\n\tat plugins.no_docker.LdapPluginNoDockerTest.user_can_login_to_Jenkins_as_admin_group_member_after_AD_security_configured(LdapPluginNoDockerTest.java:108)\n\tat sun.reflect.NativeMethodAccessorImpl.invoke0(Native Method)\n\tat sun.reflect.NativeMethodAccessorImpl.invoke(NativeMethodAccessorImpl.java:62)\n\tat sun.reflect.DelegatingMethodAccessorImpl.invoke(DelegatingMethodAccessorImpl.java:43)\n\tat java.lang.reflect.Method.invoke(Method.java:497)\n\tat org.junit.runners.model.FrameworkMethod$1.runReflectiveCall(FrameworkMethod.java:47)\n\tat org.junit.internal.runners.model.ReflectiveCallable.run(ReflectiveCallable.java:12)\n\tat org.junit.runners.model.FrameworkMethod.invokeExplosively(FrameworkMethod.java:44)\n\tat org.junit.internal.runners.statements.InvokeMethod.evaluate(InvokeMethod.java:17)\n\tat org.junit.internal.runners.statements.RunBefores.evaluate(RunBefores.java:26)\n\tat org.junit.internal.runners.statements.RunAfters.evaluate(RunAfters.java:27)\n\tat org.jenkinsci.test.acceptance.junit.WithPlugins$RuleImpl$1.evaluate(WithPlugins.java:103)\n\tat org.jenkinsci.test.acceptance.junit.JenkinsAcceptanceTestRule$1$2$1.evaluate(JenkinsAcceptanceTestRule.java:129)\n\tat org.jenkinsci.test.acceptance.junit.FilterRule$1.evaluate(FilterRule.java:62)\n\tat org.jenkinsci.test.acceptance.junit.JenkinsAcceptanceTestRule$1.evaluate(JenkinsAcceptanceTestRule.java:55)\n\tat org.junit.runners.ParentRunner.runLeaf(ParentRunner.java:271)\n\tat org.junit.runners.BlockJUnit4ClassRunner.runChild(BlockJUnit4ClassRunner.java:70)\n\tat org.junit.runners.BlockJUnit4ClassRunner.runChild(BlockJUnit4ClassRunner.java:50)\n\tat org.junit.runners.ParentRunner$3.run(ParentRunner.java:238)\n\tat org.junit.runners.ParentRunner$1.schedule(ParentRunner.java:63)\n\tat org.junit.runners.ParentRunner.runChildren(ParentRunner.java:236)\n\tat org.junit.runners.ParentRunner.access$000(ParentRunner.java:53)\n\tat org.junit.runners.ParentRunner$2.evaluate(ParentRunner.java:229)\n\tat org.junit.runners.ParentRunner.run(ParentRunner.java:309)\n\tat org.apache.maven.surefire.junit4.JUnit4Provider.execute(JUnit4Provider.java:264)\n\tat org.apache.maven.surefire.junit4.JUnit4Provider.executeTestSet(JUnit4Provider.java:153)\n\tat org.apache.maven.surefire.junit4.JUnit4Provider.invoke(JUnit4Provider.java:124)\n\tat org.apache.maven.surefire.booter.ForkedBooter.invokeProviderInSameClassLoader(ForkedBooter.java:200)\n\tat org.apache.maven.surefire.booter.ForkedBooter.runSuitesInProcess(ForkedBooter.java:153)\n\tat org.apache.maven.surefire.booter.ForkedBooter.main(ForkedBooter.java:103)\n"
   },
   "steps" : {
      "step" : [ ]
   },
   "attachments" : {
      "attachment" : [ ]
   },
   "labels" : {
      "label" : [ {
         "name" : "host",
         "value" : "MacBook-Pro-2.home"
      }, {
         "name" : "thread",
         "value" : "1771@MacBook-Pro-2.home.main(1)"
      } ]
   }
}
>>>REQUEST: /testaspect/TestCase/eb5530eb-0c67-4b07-8840-fb5e207e5f63
running with given plugins: []
<<<RESPONSE (201 Created): /testaspect/TestCase/eb5530eb-0c67-4b07-8840-fb5e207e5f63
=== Starting user_can_login_to_Jenkins_as_admin_after_LDAP_security_configured(plugins.no_docker.LdapPluginNoDockerTest)
Starting Jenkins: JAVA_HOME=/Library/Java/JavaVirtualMachines/jdk1.8.0_60.jdk/Contents/Home JENKINS_HOME=/Users/abduljewel/Documents/c/spiderqa/sample-test-projects/acceptance-test-harness/target/jenkins5998182885219307234home /Library/Java/JavaVirtualMachines/jdk1.8.0_60.jdk/Contents/Home/bin/java -Duser.language=en -jar ./jenkins.war --ajp13Port=-1 --httpPort=57392
master57392|Running from: /Users/abduljewel/Documents/c/spiderqa/sample-test-projects/acceptance-test-harness/jenkins.war
master57392|webroot: EnvVars.masterEnvVars.get("JENKINS_HOME")
master57392|Oct 16, 2015 8:00:00 PM winstone.Logger logInternal
master57392|INFO: Beginning extraction from war file
master57392|Oct 16, 2015 8:00:01 PM org.eclipse.jetty.util.log.JavaUtilLog info
master57392|INFO: jetty-winstone-2.8
master57392|Oct 16, 2015 8:00:02 PM org.eclipse.jetty.util.log.JavaUtilLog info
master57392|INFO: NO JSP Support for , did not find org.apache.jasper.servlet.JspServlet
master57392|Jenkins home directory: /Users/abduljewel/Documents/c/spiderqa/sample-test-projects/acceptance-test-harness/target/jenkins5998182885219307234home found at: EnvVars.masterEnvVars.get("JENKINS_HOME")
master57392|Oct 16, 2015 8:00:03 PM org.eclipse.jetty.util.log.JavaUtilLog info
master57392|INFO: Started SelectChannelConnector@0.0.0.0:57392
master57392|Oct 16, 2015 8:00:03 PM winstone.Logger logInternal
master57392|INFO: Winstone Servlet Engine v2.0 running: controlPort=disabled
master57392|Oct 16, 2015 8:00:03 PM jenkins.InitReactorRunner$1 onAttained
master57392|INFO: Started initialization
master57392|Oct 16, 2015 8:00:12 PM jenkins.InitReactorRunner$1 onAttained
master57392|INFO: Listed all plugins
master57392|Oct 16, 2015 8:00:12 PM jenkins.InitReactorRunner$1 onAttained
master57392|INFO: Prepared all plugins
master57392|Oct 16, 2015 8:00:12 PM jenkins.InitReactorRunner$1 onAttained
master57392|INFO: Started all plugins
master57392|Oct 16, 2015 8:00:12 PM jenkins.InitReactorRunner$1 onAttained
master57392|INFO: Augmented all extensions
master57392|Oct 16, 2015 8:00:13 PM jenkins.InitReactorRunner$1 onAttained
master57392|INFO: Loaded all jobs
master57392|Oct 16, 2015 8:00:15 PM hudson.model.AsyncPeriodicWork$1 run
master57392|INFO: Started Download metadata
master57392|Oct 16, 2015 8:00:15 PM org.jenkinsci.main.modules.sshd.SSHD start
master57392|INFO: Started SSHD at port 58774
master57392|Oct 16, 2015 8:00:15 PM jenkins.InitReactorRunner$1 onAttained
master57392|INFO: Completed initialization
master57392|Oct 16, 2015 8:00:15 PM hudson.UDPBroadcastThread run
master57392|WARNING: UDP handling problem
master57392|java.net.SocketException: Can't assign requested address
master57392|	at java.net.PlainDatagramSocketImpl.join(Native Method)
master57392|	at java.net.AbstractPlainDatagramSocketImpl.join(AbstractPlainDatagramSocketImpl.java:179)
master57392|	at java.net.MulticastSocket.joinGroup(MulticastSocket.java:323)
master57392|	at hudson.UDPBroadcastThread.run(UDPBroadcastThread.java:77)
master57392|
master57392|Oct 16, 2015 8:00:15 PM hudson.WebAppMain$3 run
master57392|INFO: Jenkins is fully up and running
Plugin ldap/1.11 is installed
master57392|Oct 16, 2015 8:00:17 PM hudson.model.UpdateSite updateData
master57392|INFO: Obtained the latest update center data file for UpdateSource default
master57392|Oct 16, 2015 8:00:17 PM hudson.model.DownloadService$Downloadable load
master57392|INFO: Obtained the updated data file for hudson.tasks.Maven.MavenInstaller
Skipping user_can_login_to_Jenkins_as_admin_after_LDAP_security_configured(plugins.no_docker.LdapPluginNoDockerTest): got: <[null]>, expected: every item is not null
master57392|Oct 16, 2015 8:00:18 PM hudson.model.DownloadService$Downloadable load
master57392|INFO: Obtained the updated data file for hudson.tasks.Ant.AntInstaller
Jenkins is stopped
]]></system-out>
    <system-err><![CDATA[Oct 16, 2015 8:00:00 PM org.jenkinsci.test.acceptance.controller.LocalController startNow
INFO: Waiting for Jenkins to become running in http://127.0.0.1:57392/
Oct 16, 2015 8:00:15 PM org.jenkinsci.test.acceptance.controller.LocalController startNow
INFO: Jenkins is running in http://127.0.0.1:57392/
Oct 16, 2015 8:00:15 PM org.openqa.selenium.phantomjs.PhantomJSDriverService <init>
INFO: executable: /usr/local/bin/phantomjs
Oct 16, 2015 8:00:15 PM org.openqa.selenium.phantomjs.PhantomJSDriverService <init>
INFO: port: 33609
Oct 16, 2015 8:00:15 PM org.openqa.selenium.phantomjs.PhantomJSDriverService <init>
INFO: arguments: [--webdriver=33609, --webdriver-logfile=/Users/abduljewel/Documents/c/spiderqa/sample-test-projects/acceptance-test-harness/phantomjsdriver.log]
Oct 16, 2015 8:00:15 PM org.openqa.selenium.phantomjs.PhantomJSDriverService <init>
INFO: environment: {}
[INFO  - 2015-10-17T00:00:15.561Z] GhostDriver - Main - running on port 33609
[INFO  - 2015-10-17T00:00:15.834Z] Session [0bcd7760-7462-11e5-b151-393359aeede1] - page.settings - {"XSSAuditingEnabled":false,"javascriptCanCloseWindows":true,"javascriptCanOpenWindows":true,"javascriptEnabled":true,"loadImages":true,"localToRemoteUrlAccessEnabled":false,"userAgent":"Mozilla/5.0 (Macintosh; Intel Mac OS X) AppleWebKit/538.1 (KHTML, like Gecko) PhantomJS/2.0.0 Safari/538.1","webSecurityEnabled":true}
[INFO  - 2015-10-17T00:00:15.834Z] Session [0bcd7760-7462-11e5-b151-393359aeede1] - page.customHeaders:  - {"Accept-Language":"en"}
[INFO  - 2015-10-17T00:00:15.834Z] Session [0bcd7760-7462-11e5-b151-393359aeede1] - Session.negotiatedCapabilities - {"browserName":"phantomjs","version":"2.0.0","driverName":"ghostdriver","driverVersion":"1.2.0","platform":"mac-10.9 (Mavericks)-64bit","javascriptEnabled":true,"takesScreenshot":true,"handlesAlerts":false,"databaseEnabled":false,"locationContextEnabled":false,"applicationCacheEnabled":false,"browserConnectionEnabled":false,"cssSelectorsEnabled":true,"webStorageEnabled":false,"rotatable":false,"acceptSslCerts":false,"nativeEvents":true,"proxy":{"proxyType":"direct"},"phantomjs.page.customHeaders.Accept-Language":"en"}
[INFO  - 2015-10-17T00:00:15.834Z] SessionManagerReqHand - _postNewSessionCommand - New Session Created: 0bcd7760-7462-11e5-b151-393359aeede1
Oct 16, 2015 8:00:16 PM org.jenkinsci.test.acceptance.po.PluginManager installationStatus
INFO: ldap@1.10 is up to date
Oct 16, 2015 8:00:16 PM org.jenkinsci.test.acceptance.junit.WithPlugins$RuleImpl$1 evaluate
INFO: for user_can_login_to_Jenkins_as_admin_after_LDAP_security_configured(plugins.no_docker.LdapPluginNoDockerTest) asked to install [ldap]; restartRequired? false
[INFO  - 2015-10-17T00:00:18.169Z] ShutdownReqHand - _handle - About to shutdown
]]></system-err>
  </testcase>
</testsuite>