<?xml version="1.0" encoding="UTF-8"?>
<testsuite name="core.BuildHistoryTest" time="180.554" tests="3" errors="1" skipped="0" failures="0">
  <properties>
    <property name="java.runtime.name" value="Java(TM) SE Runtime Environment"/>
    <property name="sun.boot.library.path" value="/Library/Java/JavaVirtualMachines/jdk1.8.0_60.jdk/Contents/Home/jre/lib"/>
    <property name="java.vm.version" value="25.60-b23"/>
    <property name="gopherProxySet" value="false"/>
    <property name="java.vm.vendor" value="Oracle Corporation"/>
    <property name="maven.multiModuleProjectDirectory" value="/Users/abduljewel/Documents/c/spiderqa/sample-test-projects/acceptance-test-harness"/>
    <property name="java.vendor.url" value="http://java.oracle.com/"/>
    <property name="path.separator" value=":"/>
    <property name="guice.disable.misplaced.annotation.check" value="true"/>
    <property name="java.vm.name" value="Java HotSpot(TM) 64-Bit Server VM"/>
    <property name="file.encoding.pkg" value="sun.io"/>
    <property name="user.country" value="US"/>
    <property name="sun.java.launcher" value="SUN_STANDARD"/>
    <property name="sun.os.patch.level" value="unknown"/>
    <property name="java.vm.specification.name" value="Java Virtual Machine Specification"/>
    <property name="user.dir" value="/Users/abduljewel/Documents/c/spiderqa/sample-test-projects/acceptance-test-harness"/>
    <property name="java.runtime.version" value="1.8.0_60-b27"/>
    <property name="java.awt.graphicsenv" value="sun.awt.CGraphicsEnvironment"/>
    <property name="java.endorsed.dirs" value="/Library/Java/JavaVirtualMachines/jdk1.8.0_60.jdk/Contents/Home/jre/lib/endorsed"/>
    <property name="os.arch" value="x86_64"/>
    <property name="java.io.tmpdir" value="/var/folders/lk/l859yg616c9cbtgfnt9szgjc0000gn/T/"/>
    <property name="line.separator" value="&#10;"/>
    <property name="java.vm.specification.vendor" value="Oracle Corporation"/>
    <property name="os.name" value="Mac OS X"/>
    <property name="classworlds.conf" value="/usr/local/Cellar/maven/3.3.3/libexec/bin/m2.conf"/>
    <property name="sun.jnu.encoding" value="UTF-8"/>
    <property name="java.library.path" value="/Users/abduljewel/Library/Java/Extensions:/Library/Java/Extensions:/Network/Library/Java/Extensions:/System/Library/Java/Extensions:/usr/lib/java:."/>
    <property name="java.specification.name" value="Java Platform API Specification"/>
    <property name="java.class.version" value="52.0"/>
    <property name="sun.management.compiler" value="HotSpot 64-Bit Tiered Compilers"/>
    <property name="os.version" value="10.10.5"/>
    <property name="http.nonProxyHosts" value="local|*.local|169.254/16|*.169.254/16"/>
    <property name="user.home" value="/Users/abduljewel"/>
    <property name="user.timezone" value="America/New_York"/>
    <property name="java.awt.printerjob" value="sun.lwawt.macosx.CPrinterJob"/>
    <property name="java.specification.version" value="1.8"/>
    <property name="file.encoding" value="UTF-8"/>
    <property name="user.name" value="abduljewel"/>
    <property name="java.class.path" value="/usr/local/Cellar/maven/3.3.3/libexec/boot/plexus-classworlds-2.5.2.jar"/>
    <property name="java.vm.specification.version" value="1.8"/>
    <property name="sun.arch.data.model" value="64"/>
    <property name="java.home" value="/Library/Java/JavaVirtualMachines/jdk1.8.0_60.jdk/Contents/Home/jre"/>
    <property name="sun.java.command" value="org.codehaus.plexus.classworlds.launcher.Launcher clean test"/>
    <property name="java.specification.vendor" value="Oracle Corporation"/>
    <property name="user.language" value="en"/>
    <property name="awt.toolkit" value="sun.lwawt.macosx.LWCToolkit"/>
    <property name="java.vm.info" value="mixed mode"/>
    <property name="java.version" value="1.8.0_60"/>
    <property name="java.ext.dirs" value="/Users/abduljewel/Library/Java/Extensions:/Library/Java/JavaVirtualMachines/jdk1.8.0_60.jdk/Contents/Home/jre/lib/ext:/Library/Java/Extensions:/Network/Library/Java/Extensions:/System/Library/Java/Extensions:/usr/lib/java"/>
    <property name="sun.boot.class.path" value="/Library/Java/JavaVirtualMachines/jdk1.8.0_60.jdk/Contents/Home/jre/lib/resources.jar:/Library/Java/JavaVirtualMachines/jdk1.8.0_60.jdk/Contents/Home/jre/lib/rt.jar:/Library/Java/JavaVirtualMachines/jdk1.8.0_60.jdk/Contents/Home/jre/lib/sunrsasign.jar:/Library/Java/JavaVirtualMachines/jdk1.8.0_60.jdk/Contents/Home/jre/lib/jsse.jar:/Library/Java/JavaVirtualMachines/jdk1.8.0_60.jdk/Contents/Home/jre/lib/jce.jar:/Library/Java/JavaVirtualMachines/jdk1.8.0_60.jdk/Contents/Home/jre/lib/charsets.jar:/Library/Java/JavaVirtualMachines/jdk1.8.0_60.jdk/Contents/Home/jre/lib/jfr.jar:/Library/Java/JavaVirtualMachines/jdk1.8.0_60.jdk/Contents/Home/jre/classes"/>
    <property name="java.vendor" value="Oracle Corporation"/>
    <property name="maven.home" value="/usr/local/Cellar/maven/3.3.3/libexec"/>
    <property name="file.separator" value="/"/>
    <property name="java.vendor.url.bug" value="http://bugreport.sun.com/bugreport/"/>
    <property name="sun.cpu.endian" value="little"/>
    <property name="sun.io.unicode.encoding" value="UnicodeBig"/>
    <property name="socksNonProxyHosts" value="local|*.local|169.254/16|*.169.254/16"/>
    <property name="ftp.nonProxyHosts" value="local|*.local|169.254/16|*.169.254/16"/>
    <property name="sun.cpu.isalist" value=""/>
  </properties>
  <testcase name="slave_build_history" classname="core.BuildHistoryTest" time="138.688">
    <error message="Timed out after 120 seconds: Next build of restricted_maid is started&#10;Build info: version: &apos;2.47.1&apos;, revision: &apos;unknown&apos;, time: &apos;2015-07-30 11:02:44&apos;&#10;System info: host: &apos;MacBook-Pro-2.home&apos;, ip: &apos;192.168.1.6&apos;, os.name: &apos;Mac OS X&apos;, os.arch: &apos;x86_64&apos;, os.version: &apos;10.10.5&apos;, java.version: &apos;1.8.0_60&apos;&#10;Driver info: driver.version: unknown" type="org.openqa.selenium.TimeoutException">org.openqa.selenium.TimeoutException: Timed out after 120 seconds: Next build of restricted_maid is started
Build info: version: '2.47.1', revision: 'unknown', time: '2015-07-30 11:02:44'
System info: host: 'MacBook-Pro-2.home', ip: '192.168.1.6', os.name: 'Mac OS X', os.arch: 'x86_64', os.version: '10.10.5', java.version: '1.8.0_60'
Driver info: driver.version: unknown
	at org.openqa.selenium.support.ui.FluentWait.timeoutException(FluentWait.java:260)
	at org.jenkinsci.test.acceptance.junit.Wait.timeoutException(Wait.java:127)
	at org.openqa.selenium.support.ui.FluentWait.until(FluentWait.java:229)
	at org.jenkinsci.test.acceptance.junit.Wait.until(Wait.java:72)
	at org.jenkinsci.test.acceptance.po.Build.waitUntilStarted(Build.java:73)
	at org.jenkinsci.test.acceptance.po.Build.waitUntilStarted(Build.java:66)
	at org.jenkinsci.test.acceptance.po.Job.startBuild(Job.java:245)
	at core.BuildHistoryTest.slave_build_history(BuildHistoryTest.java:29)
</error>
    <system-out><![CDATA[testCaseResult=ru.yandex.qatools.allure.model.TestCaseResult@3f0f886a[
  name=test_large_file
  title=<null>
  description=<null>
  failure=ru.yandex.qatools.allure.model.Failure@333f8ab7
  start=1444525833445
  stop=1444525864829
  status=FAILED
  severity=<null>
  steps=[]
  attachments=[]
  labels=[ru.yandex.qatools.allure.model.Label@2ee39a02, ru.yandex.qatools.allure.model.Label@7a68765f]
  parameters=<null>
]
testCaseResult={
   "start" : 1444525833445,
   "stop" : 1444525864829,
   "status" : "failed",
   "name" : "test_large_file",
   "failure" : {
      "message" : "AssertionError: \nExpected: is <200>\n     but: was <404>",
      "stack-trace" : "java.lang.AssertionError: \nExpected: is <200>\n     but: was <404>\n\tat org.hamcrest.MatcherAssert.assertThat(MatcherAssert.java:20)\n\tat org.hamcrest.MatcherAssert.assertThat(MatcherAssert.java:8)\n\tat org.jenkinsci.test.acceptance.po.Artifact.assertThatExists(Artifact.java:51)\n\tat core.ArtifactsTest.test_large_file(ArtifactsTest.java:53)\n\tat sun.reflect.NativeMethodAccessorImpl.invoke0(Native Method)\n\tat sun.reflect.NativeMethodAccessorImpl.invoke(NativeMethodAccessorImpl.java:62)\n\tat sun.reflect.DelegatingMethodAccessorImpl.invoke(DelegatingMethodAccessorImpl.java:43)\n\tat java.lang.reflect.Method.invoke(Method.java:497)\n\tat org.junit.runners.model.FrameworkMethod$1.runReflectiveCall(FrameworkMethod.java:47)\n\tat org.junit.internal.runners.model.ReflectiveCallable.run(ReflectiveCallable.java:12)\n\tat org.junit.runners.model.FrameworkMethod.invokeExplosively(FrameworkMethod.java:44)\n\tat org.junit.internal.runners.statements.InvokeMethod.evaluate(InvokeMethod.java:17)\n\tat org.junit.internal.runners.statements.RunBefores.evaluate(RunBefores.java:26)\n\tat org.jenkinsci.test.acceptance.junit.JenkinsAcceptanceTestRule$1$2$1.evaluate(JenkinsAcceptanceTestRule.java:129)\n\tat org.jenkinsci.test.acceptance.junit.FilterRule$1.evaluate(FilterRule.java:62)\n\tat org.jenkinsci.test.acceptance.junit.JenkinsAcceptanceTestRule$1.evaluate(JenkinsAcceptanceTestRule.java:55)\n\tat org.junit.runners.ParentRunner.runLeaf(ParentRunner.java:271)\n\tat org.junit.runners.BlockJUnit4ClassRunner.runChild(BlockJUnit4ClassRunner.java:70)\n\tat org.junit.runners.BlockJUnit4ClassRunner.runChild(BlockJUnit4ClassRunner.java:50)\n\tat org.junit.runners.ParentRunner$3.run(ParentRunner.java:238)\n\tat org.junit.runners.ParentRunner$1.schedule(ParentRunner.java:63)\n\tat org.junit.runners.ParentRunner.runChildren(ParentRunner.java:236)\n\tat org.junit.runners.ParentRunner.access$000(ParentRunner.java:53)\n\tat org.junit.runners.ParentRunner$2.evaluate(ParentRunner.java:229)\n\tat org.junit.runners.ParentRunner.run(ParentRunner.java:309)\n\tat org.apache.maven.surefire.junit4.JUnit4Provider.execute(JUnit4Provider.java:264)\n\tat org.apache.maven.surefire.junit4.JUnit4Provider.executeTestSet(JUnit4Provider.java:153)\n\tat org.apache.maven.surefire.junit4.JUnit4Provider.invoke(JUnit4Provider.java:124)\n\tat org.apache.maven.surefire.booter.ForkedBooter.invokeProviderInSameClassLoader(ForkedBooter.java:200)\n\tat org.apache.maven.surefire.booter.ForkedBooter.runSuitesInProcess(ForkedBooter.java:153)\n\tat org.apache.maven.surefire.booter.ForkedBooter.main(ForkedBooter.java:103)\n"
   },
   "steps" : {
      "step" : [ ]
   },
   "attachments" : {
      "attachment" : [ ]
   },
   "labels" : {
      "label" : [ {
         "name" : "host",
         "value" : "MacBook-Pro-2.home"
      }, {
         "name" : "thread",
         "value" : "3426@MacBook-Pro-2.home.main(1)"
      } ]
   }
}
testCase=ru.yandex.qatools.allure.model.TestCase@3967eda0[
  _id=12dd4bca-71d8-43cc-8e36-15e9b744fbc7
  executionId=8e6dd7ca-e27b-4013-bda8-bc2788640ddd
  threadName=dc7331de-b740-4ba3-9907-ee3762987799
  result=ru.yandex.qatools.allure.model.TestCaseResult@3f0f886a
]
testCase={
   "_id" : "12dd4bca-71d8-43cc-8e36-15e9b744fbc7",
   "executionId" : "8e6dd7ca-e27b-4013-bda8-bc2788640ddd",
   "threadName" : "dc7331de-b740-4ba3-9907-ee3762987799",
   "result" : {
      "start" : 1444525833445,
      "stop" : 1444525864829,
      "status" : "failed",
      "name" : "test_large_file",
      "failure" : {
         "message" : "AssertionError: \nExpected: is <200>\n     but: was <404>",
         "stack-trace" : "java.lang.AssertionError: \nExpected: is <200>\n     but: was <404>\n\tat org.hamcrest.MatcherAssert.assertThat(MatcherAssert.java:20)\n\tat org.hamcrest.MatcherAssert.assertThat(MatcherAssert.java:8)\n\tat org.jenkinsci.test.acceptance.po.Artifact.assertThatExists(Artifact.java:51)\n\tat core.ArtifactsTest.test_large_file(ArtifactsTest.java:53)\n\tat sun.reflect.NativeMethodAccessorImpl.invoke0(Native Method)\n\tat sun.reflect.NativeMethodAccessorImpl.invoke(NativeMethodAccessorImpl.java:62)\n\tat sun.reflect.DelegatingMethodAccessorImpl.invoke(DelegatingMethodAccessorImpl.java:43)\n\tat java.lang.reflect.Method.invoke(Method.java:497)\n\tat org.junit.runners.model.FrameworkMethod$1.runReflectiveCall(FrameworkMethod.java:47)\n\tat org.junit.internal.runners.model.ReflectiveCallable.run(ReflectiveCallable.java:12)\n\tat org.junit.runners.model.FrameworkMethod.invokeExplosively(FrameworkMethod.java:44)\n\tat org.junit.internal.runners.statements.InvokeMethod.evaluate(InvokeMethod.java:17)\n\tat org.junit.internal.runners.statements.RunBefores.evaluate(RunBefores.java:26)\n\tat org.jenkinsci.test.acceptance.junit.JenkinsAcceptanceTestRule$1$2$1.evaluate(JenkinsAcceptanceTestRule.java:129)\n\tat org.jenkinsci.test.acceptance.junit.FilterRule$1.evaluate(FilterRule.java:62)\n\tat org.jenkinsci.test.acceptance.junit.JenkinsAcceptanceTestRule$1.evaluate(JenkinsAcceptanceTestRule.java:55)\n\tat org.junit.runners.ParentRunner.runLeaf(ParentRunner.java:271)\n\tat org.junit.runners.BlockJUnit4ClassRunner.runChild(BlockJUnit4ClassRunner.java:70)\n\tat org.junit.runners.BlockJUnit4ClassRunner.runChild(BlockJUnit4ClassRunner.java:50)\n\tat org.junit.runners.ParentRunner$3.run(ParentRunner.java:238)\n\tat org.junit.runners.ParentRunner$1.schedule(ParentRunner.java:63)\n\tat org.junit.runners.ParentRunner.runChildren(ParentRunner.java:236)\n\tat org.junit.runners.ParentRunner.access$000(ParentRunner.java:53)\n\tat org.junit.runners.ParentRunner$2.evaluate(ParentRunner.java:229)\n\tat org.junit.runners.ParentRunner.run(ParentRunner.java:309)\n\tat org.apache.maven.surefire.junit4.JUnit4Provider.execute(JUnit4Provider.java:264)\n\tat org.apache.maven.surefire.junit4.JUnit4Provider.executeTestSet(JUnit4Provider.java:153)\n\tat org.apache.maven.surefire.junit4.JUnit4Provider.invoke(JUnit4Provider.java:124)\n\tat org.apache.maven.surefire.booter.ForkedBooter.invokeProviderInSameClassLoader(ForkedBooter.java:200)\n\tat org.apache.maven.surefire.booter.ForkedBooter.runSuitesInProcess(ForkedBooter.java:153)\n\tat org.apache.maven.surefire.booter.ForkedBooter.main(ForkedBooter.java:103)\n"
      },
      "steps" : {
         "step" : [ ]
      },
      "attachments" : {
         "attachment" : [ ]
      },
      "labels" : {
         "label" : [ {
            "name" : "host",
            "value" : "MacBook-Pro-2.home"
         }, {
            "name" : "thread",
            "value" : "3426@MacBook-Pro-2.home.main(1)"
         } ]
      }
   }
}
>>>REQUEST: /testaspect/TestCase/12dd4bca-71d8-43cc-8e36-15e9b744fbc7
<<<RESPONSE (201 Created): /testaspect/TestCase/12dd4bca-71d8-43cc-8e36-15e9b744fbc7
running with given plugins: []
=== Starting slave_build_history(core.BuildHistoryTest)
Starting Jenkins: JAVA_HOME=/Library/Java/JavaVirtualMachines/jdk1.8.0_60.jdk/Contents/Home JENKINS_HOME=/Users/abduljewel/Documents/c/spiderqa/sample-test-projects/acceptance-test-harness/target/jenkins6087231657792581889home /Library/Java/JavaVirtualMachines/jdk1.8.0_60.jdk/Contents/Home/bin/java -Duser.language=en -jar ./jenkins.war --ajp13Port=-1 --httpPort=54856
master54856|Running from: /Users/abduljewel/Documents/c/spiderqa/sample-test-projects/acceptance-test-harness/jenkins.war
master54856|webroot: EnvVars.masterEnvVars.get("JENKINS_HOME")
master54856|Oct 10, 2015 9:11:05 PM winstone.Logger logInternal
master54856|INFO: Beginning extraction from war file
master54856|Oct 10, 2015 9:11:06 PM org.eclipse.jetty.util.log.JavaUtilLog info
master54856|INFO: jetty-winstone-2.8
master54856|Oct 10, 2015 9:11:07 PM org.eclipse.jetty.util.log.JavaUtilLog info
master54856|INFO: NO JSP Support for , did not find org.apache.jasper.servlet.JspServlet
master54856|Jenkins home directory: /Users/abduljewel/Documents/c/spiderqa/sample-test-projects/acceptance-test-harness/target/jenkins6087231657792581889home found at: EnvVars.masterEnvVars.get("JENKINS_HOME")
master54856|Oct 10, 2015 9:11:08 PM org.eclipse.jetty.util.log.JavaUtilLog info
master54856|INFO: Started SelectChannelConnector@0.0.0.0:54856
master54856|Oct 10, 2015 9:11:08 PM winstone.Logger logInternal
master54856|INFO: Winstone Servlet Engine v2.0 running: controlPort=disabled
master54856|Oct 10, 2015 9:11:08 PM jenkins.InitReactorRunner$1 onAttained
master54856|INFO: Started initialization
master54856|Oct 10, 2015 9:11:16 PM jenkins.InitReactorRunner$1 onAttained
master54856|INFO: Listed all plugins
master54856|Oct 10, 2015 9:11:16 PM jenkins.InitReactorRunner$1 onAttained
master54856|INFO: Prepared all plugins
master54856|Oct 10, 2015 9:11:16 PM jenkins.InitReactorRunner$1 onAttained
master54856|INFO: Started all plugins
master54856|Oct 10, 2015 9:11:16 PM jenkins.InitReactorRunner$1 onAttained
master54856|INFO: Augmented all extensions
master54856|Oct 10, 2015 9:11:18 PM jenkins.InitReactorRunner$1 onAttained
master54856|INFO: Loaded all jobs
master54856|Oct 10, 2015 9:11:19 PM hudson.model.AsyncPeriodicWork$1 run
master54856|INFO: Started Download metadata
master54856|Oct 10, 2015 9:11:19 PM org.jenkinsci.main.modules.sshd.SSHD start
master54856|INFO: Started SSHD at port 60209
master54856|Oct 10, 2015 9:11:19 PM jenkins.InitReactorRunner$1 onAttained
master54856|INFO: Completed initialization
master54856|Oct 10, 2015 9:11:19 PM hudson.WebAppMain$3 run
master54856|INFO: Jenkins is fully up and running
master54856|Oct 10, 2015 9:11:20 PM hudson.model.UpdateSite updateData
master54856|INFO: Obtained the latest update center data file for UpdateSource default
master54856|Oct 10, 2015 9:11:21 PM hudson.model.DownloadService$Downloadable load
master54856|INFO: Obtained the updated data file for hudson.tasks.Maven.MavenInstaller
master54856|Oct 10, 2015 9:11:21 PM hudson.model.DownloadService$Downloadable load
master54856|INFO: Obtained the updated data file for hudson.tasks.Ant.AntInstaller
master54856|Oct 10, 2015 9:11:22 PM hudson.model.DownloadService$Downloadable load
master54856|INFO: Obtained the updated data file for hudson.tools.JDKInstaller
master54856|Oct 10, 2015 9:11:22 PM hudson.model.AsyncPeriodicWork$1 run
master54856|INFO: Finished Download metadata. 3,044 ms
org.openqa.selenium.TimeoutException: Timed out after 120 seconds: Next build of restricted_maid is started
Build info: version: '2.47.1', revision: 'unknown', time: '2015-07-30 11:02:44'
System info: host: 'MacBook-Pro-2.home', ip: '192.168.1.6', os.name: 'Mac OS X', os.arch: 'x86_64', os.version: '10.10.5', java.version: '1.8.0_60'
Driver info: driver.version: unknown
	at org.openqa.selenium.support.ui.FluentWait.timeoutException(FluentWait.java:260)
	at org.jenkinsci.test.acceptance.junit.Wait.timeoutException(Wait.java:127)
	at org.openqa.selenium.support.ui.FluentWait.until(FluentWait.java:229)
	at org.jenkinsci.test.acceptance.junit.Wait.until(Wait.java:72)
	at org.jenkinsci.test.acceptance.po.Build.waitUntilStarted(Build.java:73)
	at org.jenkinsci.test.acceptance.po.Build.waitUntilStarted(Build.java:66)
	at org.jenkinsci.test.acceptance.po.Job.startBuild(Job.java:245)
	at core.BuildHistoryTest.slave_build_history(BuildHistoryTest.java:29)
	at sun.reflect.NativeMethodAccessorImpl.invoke0(Native Method)
	at sun.reflect.NativeMethodAccessorImpl.invoke(NativeMethodAccessorImpl.java:62)
	at sun.reflect.DelegatingMethodAccessorImpl.invoke(DelegatingMethodAccessorImpl.java:43)
	at java.lang.reflect.Method.invoke(Method.java:497)
	at org.junit.runners.model.FrameworkMethod$1.runReflectiveCall(FrameworkMethod.java:47)
	at org.junit.internal.runners.model.ReflectiveCallable.run(ReflectiveCallable.java:12)
	at org.junit.runners.model.FrameworkMethod.invokeExplosively(FrameworkMethod.java:44)
	at org.junit.internal.runners.statements.InvokeMethod.evaluate(InvokeMethod.java:17)
	at org.jenkinsci.test.acceptance.junit.JenkinsAcceptanceTestRule$1$2$1.evaluate(JenkinsAcceptanceTestRule.java:129)
	at org.jenkinsci.test.acceptance.junit.FilterRule$1.evaluate(FilterRule.java:62)
	at org.jenkinsci.test.acceptance.junit.JenkinsAcceptanceTestRule$1.evaluate(JenkinsAcceptanceTestRule.java:55)
	at org.junit.runners.ParentRunner.runLeaf(ParentRunner.java:271)
	at org.junit.runners.BlockJUnit4ClassRunner.runChild(BlockJUnit4ClassRunner.java:70)
	at org.junit.runners.BlockJUnit4ClassRunner.runChild(BlockJUnit4ClassRunner.java:50)
	at org.junit.runners.ParentRunner$3.run(ParentRunner.java:238)
	at org.junit.runners.ParentRunner$1.schedule(ParentRunner.java:63)
	at org.junit.runners.ParentRunner.runChildren(ParentRunner.java:236)
	at org.junit.runners.ParentRunner.access$000(ParentRunner.java:53)
	at org.junit.runners.ParentRunner$2.evaluate(ParentRunner.java:229)
	at org.junit.runners.ParentRunner.run(ParentRunner.java:309)
	at org.apache.maven.surefire.junit4.JUnit4Provider.execute(JUnit4Provider.java:264)
	at org.apache.maven.surefire.junit4.JUnit4Provider.executeTestSet(JUnit4Provider.java:153)
	at org.apache.maven.surefire.junit4.JUnit4Provider.invoke(JUnit4Provider.java:124)
	at org.apache.maven.surefire.booter.ForkedBooter.invokeProviderInSameClassLoader(ForkedBooter.java:200)
	at org.apache.maven.surefire.booter.ForkedBooter.runSuitesInProcess(ForkedBooter.java:153)
	at org.apache.maven.surefire.booter.ForkedBooter.main(ForkedBooter.java:103)
It looks like the test failed/errored, so here's the console from Jenkins:
--------------------------------------------------------------------------

Jenkins is stopped
]]></system-out>
    <system-err><![CDATA[Oct 10, 2015 9:11:04 PM org.jenkinsci.test.acceptance.controller.LocalController startNow
INFO: Waiting for Jenkins to become running in http://127.0.0.1:54856/
Oct 10, 2015 9:11:19 PM org.jenkinsci.test.acceptance.controller.LocalController startNow
INFO: Jenkins is running in http://127.0.0.1:54856/
Oct 10, 2015 9:11:19 PM org.openqa.selenium.phantomjs.PhantomJSDriverService <init>
INFO: executable: /usr/local/bin/phantomjs
Oct 10, 2015 9:11:19 PM org.openqa.selenium.phantomjs.PhantomJSDriverService <init>
INFO: port: 11358
Oct 10, 2015 9:11:19 PM org.openqa.selenium.phantomjs.PhantomJSDriverService <init>
INFO: arguments: [--webdriver=11358, --webdriver-logfile=/Users/abduljewel/Documents/c/spiderqa/sample-test-projects/acceptance-test-harness/phantomjsdriver.log]
Oct 10, 2015 9:11:19 PM org.openqa.selenium.phantomjs.PhantomJSDriverService <init>
INFO: environment: {}
[INFO  - 2015-10-11T01:11:19.603Z] GhostDriver - Main - running on port 11358
[INFO  - 2015-10-11T01:11:19.858Z] Session [fae18bf0-6fb4-11e5-bbe7-81e6905cd639] - page.settings - {"XSSAuditingEnabled":false,"javascriptCanCloseWindows":true,"javascriptCanOpenWindows":true,"javascriptEnabled":true,"loadImages":true,"localToRemoteUrlAccessEnabled":false,"userAgent":"Mozilla/5.0 (Macintosh; Intel Mac OS X) AppleWebKit/538.1 (KHTML, like Gecko) PhantomJS/2.0.0 Safari/538.1","webSecurityEnabled":true}
[INFO  - 2015-10-11T01:11:19.858Z] Session [fae18bf0-6fb4-11e5-bbe7-81e6905cd639] - page.customHeaders:  - {"Accept-Language":"en"}
[INFO  - 2015-10-11T01:11:19.858Z] Session [fae18bf0-6fb4-11e5-bbe7-81e6905cd639] - Session.negotiatedCapabilities - {"browserName":"phantomjs","version":"2.0.0","driverName":"ghostdriver","driverVersion":"1.2.0","platform":"mac-10.9 (Mavericks)-64bit","javascriptEnabled":true,"takesScreenshot":true,"handlesAlerts":false,"databaseEnabled":false,"locationContextEnabled":false,"applicationCacheEnabled":false,"browserConnectionEnabled":false,"cssSelectorsEnabled":true,"webStorageEnabled":false,"rotatable":false,"acceptSslCerts":false,"nativeEvents":true,"proxy":{"proxyType":"direct"},"phantomjs.page.customHeaders.Accept-Language":"en"}
[INFO  - 2015-10-11T01:11:19.859Z] SessionManagerReqHand - _postNewSessionCommand - New Session Created: fae18bf0-6fb4-11e5-bbe7-81e6905cd639
[INFO  - 2015-10-11T01:13:22.859Z] ShutdownReqHand - _handle - About to shutdown
]]></system-err>
  </testcase>
  <testcase name="global_build_history" classname="core.BuildHistoryTest" time="20.269"/>
  <testcase name="view_build_history" classname="core.BuildHistoryTest" time="21.597"/>
</testsuite>