{
  "uid" : "298f38790d87b046",
  "name" : "searchTest",
  "title" : "Search test",
  "time" : {
    "start" : 1446409174592,
    "stop" : 1446409176975,
    "duration" : 2383
  },
  "summary" : {
    "attachments" : 2,
    "steps" : 3
  },
  "failure" : {
    "message" : "NullPointerException: null",
    "stackTrace" : "java.lang.NullPointerException\n\tat ru.yandex.qatools.allure.model.MyFailure.<init>(MyFailure.java:13)\n\tat ru.yandex.qatools.allure.model.TestCase.<init>(TestCase.java:69)\n\tat ru.yandex.qatools.allure.AllureEx.fire(AllureEx.java:50)\n\tat ru.yandex.qatools.allure.testng.AllureTestListener.fireFinishTest(AllureTestListener.java:352)\n\tat ru.yandex.qatools.allure.testng.AllureTestListener.onTestSuccess(AllureTestListener.java:148)\n\tat org.testng.internal.Invoker.runTestListeners(Invoker.java:1899)\n\tat org.testng.internal.Invoker.runTestListeners(Invoker.java:1879)\n\tat org.testng.internal.Invoker.invokeMethod(Invoker.java:778)\n\tat org.testng.internal.Invoker.invokeTestMethod(Invoker.java:901)\n\tat org.testng.internal.Invoker.invokeTestMethods(Invoker.java:1231)\n\tat org.testng.internal.TestMethodWorker.invokeTestMethods(TestMethodWorker.java:127)\n\tat org.testng.internal.TestMethodWorker.run(TestMethodWorker.java:111)\n\tat org.testng.TestRunner.privateRun(TestRunner.java:767)\n\tat org.testng.TestRunner.run(TestRunner.java:617)\n\tat org.testng.SuiteRunner.runTest(SuiteRunner.java:334)\n\tat org.testng.SuiteRunner.runSequentially(SuiteRunner.java:329)\n\tat org.testng.SuiteRunner.privateRun(SuiteRunner.java:291)\n\tat org.testng.SuiteRunner.run(SuiteRunner.java:240)\n\tat org.testng.SuiteRunnerWorker.runSuite(SuiteRunnerWorker.java:52)\n\tat org.testng.SuiteRunnerWorker.run(SuiteRunnerWorker.java:86)\n\tat org.testng.TestNG.runSuitesSequentially(TestNG.java:1198)\n\tat org.testng.TestNG.runSuitesLocally(TestNG.java:1123)\n\tat org.testng.TestNG.run(TestNG.java:1031)\n\tat org.apache.maven.surefire.testng.TestNGExecutor.run(TestNGExecutor.java:115)\n\tat org.apache.maven.surefire.testng.TestNGDirectoryTestSuite.executeMulti(TestNGDirectoryTestSuite.java:205)\n\tat org.apache.maven.surefire.testng.TestNGDirectoryTestSuite.execute(TestNGDirectoryTestSuite.java:108)\n\tat org.apache.maven.surefire.testng.TestNGProvider.invoke(TestNGProvider.java:111)\n\tat org.apache.maven.surefire.booter.ForkedBooter.invokeProviderInSameClassLoader(ForkedBooter.java:203)\n\tat org.apache.maven.surefire.booter.ForkedBooter.runSuitesInProcess(ForkedBooter.java:155)\n\tat org.apache.maven.surefire.booter.ForkedBooter.main(ForkedBooter.java:103)\n"
  },
  "description" : null,
  "severity" : "NORMAL",
  "status" : "BROKEN",
  "testId" : null,
  "suite" : {
    "uid" : "9546f2b748768ec7",
    "name" : "Surefire suite : Surefire test",
    "title" : "Surefire suite : Surefire test"
  },
  "steps" : [ {
    "name" : "openMainPage",
    "title" : "Open main page",
    "time" : {
      "start" : 1446409174679,
      "stop" : 1446409176119,
      "duration" : 1440
    },
    "summary" : {
      "attachments" : 0,
      "steps" : 0
    },
    "status" : "PASSED",
    "attachments" : [ ],
    "steps" : [ ]
  }, {
    "name" : "search[Yandex QATools]",
    "title" : "Search by \"Yandex QATools\"",
    "time" : {
      "start" : 1446409176121,
      "stop" : 1446409176215,
      "duration" : 94
    },
    "summary" : {
      "attachments" : 0,
      "steps" : 0
    },
    "status" : "PASSED",
    "attachments" : [ ],
    "steps" : [ ]
  }, {
    "name" : "onTestFailure[[TestResult name=searchTest status=FAILURE method=SearchTest.searchTest()[pri:0, instance:my.company.Searc...]",
    "title" : "Hi, Im step in your testng listener",
    "time" : {
      "start" : 1446409176963,
      "stop" : 1446409176967,
      "duration" : 4
    },
    "summary" : {
      "attachments" : 1,
      "steps" : 0
    },
    "status" : "PASSED",
    "attachments" : [ {
      "title" : "Hi, Im attachment in your testng listener",
      "source" : "029b5565-a8b6-4bda-93ef-58f2451faa65-attachment.txt",
      "type" : "text/plain",
      "size" : 23,
      "uid" : "a1ce8ddeb74b574b"
    } ],
    "steps" : [ ]
  } ],
  "attachments" : [ {
    "title" : "makeScreenshot",
    "source" : "eb64ac77-df7f-4c3e-a37f-cb89e238ee55-attachment.png",
    "type" : "image/png",
    "size" : 10189,
    "uid" : "22b8386ef69b9c06"
  } ],
  "issues" : [ ],
  "labels" : [ {
    "name" : "host",
    "value" : "MacBook-Pro-2.home"
  }, {
    "name" : "thread",
    "value" : "22145@MacBook-Pro-2.home.main(1)"
  }, {
    "name" : "suite-name",
    "value" : "Surefire suite : Surefire test"
  }, {
    "name" : "suite-title",
    "value" : "Surefire suite : Surefire test"
  }, {
    "name" : "framework",
    "value" : "TestNG"
  }, {
    "name" : "language",
    "value" : "JAVA"
  } ],
  "parameters" : [ ]
}