{
  "uid" : "3f9a79b630591e19",
  "name" : "BrokenTest",
  "title" : "Broken test",
  "time" : {
    "start" : 1446409177120,
    "stop" : 1446409177133,
    "duration" : 13
  },
  "summary" : {
    "attachments" : 1,
    "steps" : 1
  },
  "failure" : {
    "message" : "RuntimeException: This is broken test",
    "stackTrace" : "java.lang.RuntimeException: This is broken test\n\tat my.company.SimpleTest.BrokenTest(SimpleTest.java:62)\n\tat sun.reflect.NativeMethodAccessorImpl.invoke0(Native Method)\n\tat sun.reflect.NativeMethodAccessorImpl.invoke(NativeMethodAccessorImpl.java:62)\n\tat sun.reflect.DelegatingMethodAccessorImpl.invoke(DelegatingMethodAccessorImpl.java:43)\n\tat java.lang.reflect.Method.invoke(Method.java:497)\n\tat org.testng.internal.MethodInvocationHelper.invokeMethod(MethodInvocationHelper.java:80)\n\tat org.testng.internal.Invoker.invokeMethod(Invoker.java:714)\n\tat org.testng.internal.Invoker.invokeTestMethod(Invoker.java:901)\n\tat org.testng.internal.Invoker.invokeTestMethods(Invoker.java:1231)\n\tat org.testng.internal.TestMethodWorker.invokeTestMethods(TestMethodWorker.java:127)\n\tat org.testng.internal.TestMethodWorker.run(TestMethodWorker.java:111)\n\tat org.testng.TestRunner.privateRun(TestRunner.java:767)\n\tat org.testng.TestRunner.run(TestRunner.java:617)\n\tat org.testng.SuiteRunner.runTest(SuiteRunner.java:334)\n\tat org.testng.SuiteRunner.runSequentially(SuiteRunner.java:329)\n\tat org.testng.SuiteRunner.privateRun(SuiteRunner.java:291)\n\tat org.testng.SuiteRunner.run(SuiteRunner.java:240)\n\tat org.testng.SuiteRunnerWorker.runSuite(SuiteRunnerWorker.java:52)\n\tat org.testng.SuiteRunnerWorker.run(SuiteRunnerWorker.java:86)\n\tat org.testng.TestNG.runSuitesSequentially(TestNG.java:1198)\n\tat org.testng.TestNG.runSuitesLocally(TestNG.java:1123)\n\tat org.testng.TestNG.run(TestNG.java:1031)\n\tat org.apache.maven.surefire.testng.TestNGExecutor.run(TestNGExecutor.java:115)\n\tat org.apache.maven.surefire.testng.TestNGDirectoryTestSuite.executeMulti(TestNGDirectoryTestSuite.java:205)\n\tat org.apache.maven.surefire.testng.TestNGDirectoryTestSuite.execute(TestNGDirectoryTestSuite.java:108)\n\tat org.apache.maven.surefire.testng.TestNGProvider.invoke(TestNGProvider.java:111)\n\tat org.apache.maven.surefire.booter.ForkedBooter.invokeProviderInSameClassLoader(ForkedBooter.java:203)\n\tat org.apache.maven.surefire.booter.ForkedBooter.runSuitesInProcess(ForkedBooter.java:155)\n\tat org.apache.maven.surefire.booter.ForkedBooter.main(ForkedBooter.java:103)\n"
  },
  "description" : null,
  "severity" : "NORMAL",
  "status" : "BROKEN",
  "testId" : null,
  "suite" : {
    "uid" : "9546f2b748768ec7",
    "name" : "Surefire suite : Surefire test",
    "title" : "Surefire suite : Surefire test"
  },
  "steps" : [ {
    "name" : "onTestFailure[[TestResult name=BrokenTest status=FAILURE method=SimpleTest.BrokenTest()[pri:0, instance:my.company.Simpl...]",
    "title" : "Hi, Im step in your testng listener",
    "time" : {
      "start" : 1446409177122,
      "stop" : 1446409177125,
      "duration" : 3
    },
    "summary" : {
      "attachments" : 1,
      "steps" : 0
    },
    "status" : "PASSED",
    "attachments" : [ {
      "title" : "Hi, Im attachment in your testng listener",
      "source" : "61ffc9ac-a8ae-413c-980c-9ef2213d381d-attachment.txt",
      "type" : "text/plain",
      "size" : 23,
      "uid" : "53fa97a738e831e4"
    } ],
    "steps" : [ ]
  } ],
  "attachments" : [ ],
  "issues" : [ ],
  "labels" : [ {
    "name" : "host",
    "value" : "MacBook-Pro-2.home"
  }, {
    "name" : "thread",
    "value" : "22145@MacBook-Pro-2.home.main(1)"
  }, {
    "name" : "suite-name",
    "value" : "Surefire suite : Surefire test"
  }, {
    "name" : "suite-title",
    "value" : "Surefire suite : Surefire test"
  }, {
    "name" : "framework",
    "value" : "TestNG"
  }, {
    "name" : "language",
    "value" : "JAVA"
  } ],
  "parameters" : [ ]
}