{
  "uid" : "91ba6fe07391f9ee",
  "name" : "parametrizedTest[Even longer parameter value than long-long parameter value,2,3]",
  "title" : "Parametrized test [Even longer parameter value than long-long parameter value,2,3]",
  "time" : {
    "start" : 1446409177057,
    "stop" : 1446409177068,
    "duration" : 11
  },
  "summary" : {
    "attachments" : 1,
    "steps" : 1
  },
  "failure" : {
    "message" : "NullPointerException: null",
    "stackTrace" : "java.lang.NullPointerException\n\tat ru.yandex.qatools.allure.model.MyFailure.<init>(MyFailure.java:13)\n\tat ru.yandex.qatools.allure.model.TestCase.<init>(TestCase.java:69)\n\tat ru.yandex.qatools.allure.AllureEx.fire(AllureEx.java:50)\n\tat ru.yandex.qatools.allure.testng.AllureTestListener.fireFinishTest(AllureTestListener.java:352)\n\tat ru.yandex.qatools.allure.testng.AllureTestListener.onTestSuccess(AllureTestListener.java:148)\n\tat org.testng.internal.Invoker.runTestListeners(Invoker.java:1899)\n\tat org.testng.internal.Invoker.runTestListeners(Invoker.java:1879)\n\tat org.testng.internal.Invoker.invokeMethod(Invoker.java:778)\n\tat org.testng.internal.Invoker.invokeTestMethod(Invoker.java:901)\n\tat org.testng.internal.Invoker.invokeTestMethods(Invoker.java:1231)\n\tat org.testng.internal.TestMethodWorker.invokeTestMethods(TestMethodWorker.java:127)\n\tat org.testng.internal.TestMethodWorker.run(TestMethodWorker.java:111)\n\tat org.testng.TestRunner.privateRun(TestRunner.java:767)\n\tat org.testng.TestRunner.run(TestRunner.java:617)\n\tat org.testng.SuiteRunner.runTest(SuiteRunner.java:334)\n\tat org.testng.SuiteRunner.runSequentially(SuiteRunner.java:329)\n\tat org.testng.SuiteRunner.privateRun(SuiteRunner.java:291)\n\tat org.testng.SuiteRunner.run(SuiteRunner.java:240)\n\tat org.testng.SuiteRunnerWorker.runSuite(SuiteRunnerWorker.java:52)\n\tat org.testng.SuiteRunnerWorker.run(SuiteRunnerWorker.java:86)\n\tat org.testng.TestNG.runSuitesSequentially(TestNG.java:1198)\n\tat org.testng.TestNG.runSuitesLocally(TestNG.java:1123)\n\tat org.testng.TestNG.run(TestNG.java:1031)\n\tat org.apache.maven.surefire.testng.TestNGExecutor.run(TestNGExecutor.java:115)\n\tat org.apache.maven.surefire.testng.TestNGDirectoryTestSuite.executeMulti(TestNGDirectoryTestSuite.java:205)\n\tat org.apache.maven.surefire.testng.TestNGDirectoryTestSuite.execute(TestNGDirectoryTestSuite.java:108)\n\tat org.apache.maven.surefire.testng.TestNGProvider.invoke(TestNGProvider.java:111)\n\tat org.apache.maven.surefire.booter.ForkedBooter.invokeProviderInSameClassLoader(ForkedBooter.java:203)\n\tat org.apache.maven.surefire.booter.ForkedBooter.runSuitesInProcess(ForkedBooter.java:155)\n\tat org.apache.maven.surefire.booter.ForkedBooter.main(ForkedBooter.java:103)\n"
  },
  "description" : null,
  "severity" : "NORMAL",
  "status" : "BROKEN",
  "testId" : {
    "name" : "TMS-123",
    "url" : "TMS-123"
  },
  "suite" : {
    "uid" : "9546f2b748768ec7",
    "name" : "Surefire suite : Surefire test",
    "title" : "Surefire suite : Surefire test"
  },
  "steps" : [ {
    "name" : "onTestFailure[[TestResult name=parametrizedTest status=FAILURE method=SimpleTest.parametrizedTest(java.lang.String, int,...]",
    "title" : "Hi, Im step in your testng listener",
    "time" : {
      "start" : 1446409177059,
      "stop" : 1446409177061,
      "duration" : 2
    },
    "summary" : {
      "attachments" : 1,
      "steps" : 0
    },
    "status" : "PASSED",
    "attachments" : [ {
      "title" : "Hi, Im attachment in your testng listener",
      "source" : "24d85138-c9a3-43e5-a488-c67211396d4c-attachment.txt",
      "type" : "text/plain",
      "size" : 23,
      "uid" : "c46d94c9851031e2"
    } ],
    "steps" : [ ]
  } ],
  "attachments" : [ ],
  "issues" : [ {
    "name" : "ALR-123",
    "url" : "ALR-123"
  }, {
    "name" : "ALR-456",
    "url" : "ALR-456"
  }, {
    "name" : "ALR-789",
    "url" : "ALR-789"
  } ],
  "labels" : [ {
    "name" : "issue",
    "value" : "ALR-123"
  }, {
    "name" : "issue",
    "value" : "ALR-456"
  }, {
    "name" : "issue",
    "value" : "ALR-789"
  }, {
    "name" : "testId",
    "value" : "TMS-123"
  }, {
    "name" : "host",
    "value" : "MacBook-Pro-2.home"
  }, {
    "name" : "thread",
    "value" : "22145@MacBook-Pro-2.home.main(1)"
  }, {
    "name" : "suite-name",
    "value" : "Surefire suite : Surefire test"
  }, {
    "name" : "suite-title",
    "value" : "Surefire suite : Surefire test"
  }, {
    "name" : "framework",
    "value" : "TestNG"
  }, {
    "name" : "language",
    "value" : "JAVA"
  } ],
  "parameters" : [ {
    "name" : "arg0",
    "value" : "Even longer parameter value than long-long parameter value",
    "kind" : "ARGUMENT"
  }, {
    "name" : "Third Parameter Name",
    "value" : "2",
    "kind" : "ARGUMENT"
  } ]
}